1	5	1	1	0	2	3	256
256

7	7	1	1	3	3	256	164
164

3	3	1	1	1	1	164	194
194

1	1	1	1	0	0	194	64
64

2	2	0	max
5	5	1	1	2	2	64	128
128

3	3	1	1	1	1	128	162
162

1	1	1	1	0	0	162	128
128

5	5	1	1	2	2	128	512
512

3	3	1	1	1	1	512	256
256

7	7	1	1	3	3	256	512
512

5	3	1	1	2	1	512	128
128

7	7	1	1	3	3	128	256
256

1	1	1	1	0	0	256	77
77

7	3	1	2	3	1	77	466
466

5	5	1	1	2	2	466	512
512

2	2	0	max
1	1	1	1	0	0	512	256
256

2	2	0	avg
5	5	2	2	2	2	256	512
512

1	1	1	1	0	0	512	182
182

1	7	2	1	0	3	182	256
256

7	7	1	1	3	3	256	256
256

1	1	1	1	0	0	256	64
64

3	3	1	1	1	1	64	64
64

5	5	1	1	2	2	64	277
277

1	1	1	1	0	0	277	64
64

5	5	1	1	2	2	64	226
226

5	7	1	1	2	3	226	256
256

1	1	1	1	0	0	256	64
64

7	1	1	1	3	0	64	393
393

3	1	1	2	1	0	393	256
256

2	2	0	max
1536	2048

2048	1000
