5	5	1	1	2	2	3	113
113

5	5	1	1	2	2	113	256
256

7	7	1	1	3	3	256	64
64

7	7	1	1	3	3	64	256
256

1	1	1	1	0	0	256	258
258

1	1	1	1	0	0	258	96
96

2	2	0	max
1	1	1	1	0	0	96	256
256

5	5	2	2	2	2	256	256
256

3	3	1	1	1	1	256	512
512

1	3	1	1	0	1	512	512
512

3	3	1	1	1	1	512	471
471

7	7	1	1	3	3	471	512
512

3	7	1	2	1	3	512	512
512

2	2	0	max
7	7	1	1	3	3	512	136
136

5	3	1	1	2	1	136	64
64

2	2	0	avg
5	1	1	1	2	0	64	64
64

7	5	1	2	3	2	64	125
125

7000	4096

4096	2048

2048	2048

2048	4096

4096	2048

2048	1024

1024	1024

1024	4096

4096	1000
