1	5	1	1	0	2	3	64
64

5	5	1	1	2	2	64	144
144

3	3	1	1	1	1	144	256
256

1	3	1	1	0	1	256	256
256

5	5	1	1	2	2	256	128
128

3	3	1	1	1	1	128	512
512

1	1	1	1	0	0	512	512
512

3	3	1	1	1	1	512	128
128

2	2	0	avg
5	5	2	2	2	2	128	184
184

5	5	2	2	2	2	184	128
128

7	7	1	1	3	3	128	403
403

3	7	1	1	1	3	403	282
282

1	1	1	1	0	0	282	463
463

1	1	1	1	0	0	463	369
369

5	5	1	1	2	2	369	512
512

2	2	0	avg
5	5	1	1	2	2	512	256
256

1	1	2	2	0	0	256	370
370

5	5	1	1	2	2	370	386
386

5	5	2	2	2	2	386	102
102

1632	4096

4096	2048

2048	2048

2048	2048

2048	4096

4096	1024

1024	4096

4096	4096

4096	2048

2048	1000
