7	3	1	1	3	1	3	472

5	1	1	1	2	0	472	493

2	2	0	max
1	1	1	1	0	0	493	64

2	2	0	max
3	3	1	1	1	1	64	128

7	7	1	1	3	3	128	512

7	7	1	1	3	3	512	256

7	7	1	1	3	3	256	64

2	2	0	max
1	1	1	1	0	0	64	64

3	7	1	1	1	3	64	64

3	3	1	1	1	1	64	306

7	7	1	1	3	3	306	397

1	1	1	1	0	0	397	141

1	1	1	1	0	0	141	64

5	5	1	1	2	2	64	168

1	1	1	1	0	0	168	64

2	2	0	avg
7	7	1	1	3	3	64	173

5	5	1	1	2	2	173	256

1	1	2	2	0	0	256	256

3	5	1	1	1	2	256	136

7	7	1	1	3	3	136	64

1	7	2	2	0	3	64	188

3008	2048

2048	1024

1024	2048

2048	2048

2048	1000
