7	7	1	1	3	3	3	128
128

7	7	1	1	3	3	128	128
128

3	3	1	1	1	1	128	256
256

5	5	1	1	2	2	256	256
256

5	5	1	1	2	2	256	512
512

1	1	1	1	0	0	512	128
128

5	5	1	1	2	2	128	128
128

5	5	2	2	2	2	128	71
71

3	3	1	1	1	1	71	73
73

2	2	0	avg
7	7	1	1	3	3	73	512
512

2	2	0	avg
7	7	1	2	3	3	512	486
486

5	5	1	1	2	2	486	95
95

2	2	0	max
7	1	1	1	3	0	95	512
512

1	3	1	1	0	1	512	104
104

5	5	1	1	2	2	104	64
64

1	1	1	1	0	0	64	64
64

3	3	1	1	1	1	64	64
64

5	1	2	1	2	0	64	256
256

5	5	1	1	2	2	256	256
256

1	1	1	1	0	0	256	512
512

5	5	2	2	2	2	512	335
335

5360	4096

4096	2048

2048	1000
