3	7	1	1	1	3	3	512
512

2	2	0	max
7	7	1	1	3	3	512	79
79

1	5	1	1	0	2	79	191
191

7	7	1	1	3	3	191	256
256

7	7	1	1	3	3	256	128
128

3	3	1	1	1	1	128	154
154

5	5	1	1	2	2	154	256
256

7	7	1	1	3	3	256	512
512

2	2	0	avg
5	1	1	1	2	0	512	64
64

2	2	0	avg
7	7	2	2	3	3	64	454
454

5	3	1	1	2	1	454	256
256

7	7	1	1	3	3	256	319
319

1	1	1	1	0	0	319	256
256

2	2	0	avg
7	7	1	1	3	3	256	256
256

5	5	1	1	2	2	256	64
64

7	7	1	1	3	3	64	64
64

5	5	1	1	2	2	64	239
239

5	5	1	1	2	2	239	165
165

5	5	1	1	2	2	165	79
79

3	3	1	1	1	1	79	512
512

1	1	2	2	0	0	512	64
64

1024	2048

2048	1000
