3	3	1	1	1	1	3	146
146

2	2	0	max
1	1	1	1	0	0	146	512
512

3	3	1	1	1	1	512	256
256

2	2	0	max
7	7	1	1	3	3	256	128
128

5	5	1	1	2	2	128	128
128

1	3	1	1	0	1	128	64
64

2	2	0	max
7	1	1	1	3	0	64	224
224

3	3	1	1	1	1	224	128
128

5	7	1	1	2	3	128	512
512

5	5	1	1	2	2	512	256
256

7	7	1	1	3	3	256	278
278

5	7	1	1	2	3	278	336
336

5	5	1	1	2	2	336	64
64

7	7	1	1	3	3	64	182
182

2	2	0	avg
1	7	2	1	0	3	182	64
64

7	7	1	1	3	3	64	256
256

5	3	2	1	2	1	256	436
436

24416	1024

1024	4096

4096	1024

1024	2048

2048	4096

4096	2048

2048	2048

2048	1000
