2	2	0	avg
7	7	1	1	3	3	3	64

1	1	1	2	0	0	64	128

3	3	2	2	1	1	128	512

7	3	1	1	3	1	512	256

5	5	1	1	2	2	256	512

3	7	1	1	1	3	512	147

5	5	1	1	2	2	147	212

7	7	1	1	3	3	212	256

3	3	1	1	1	1	256	256

5	5	1	1	2	2	256	181

5	5	1	1	2	2	181	512

1	1	1	1	0	0	512	512

3	3	1	1	1	1	512	64

5	5	1	1	2	2	64	256

2	2	0	avg
5	3	2	1	2	1	256	256

7	7	1	1	3	3	256	429

7	7	1	1	3	3	429	256

5	5	1	1	2	2	256	88

3	3	1	1	1	1	88	128

7	5	2	2	3	2	128	512

3	3	2	2	1	1	512	512

2	2	0	avg
2	2	0	max
512	4096

4096	1024

1024	4096

4096	1000
