5	5	1	1	2	2	3	512

7	7	1	2	3	3	512	128

2	2	0	max
1	1	1	1	0	0	128	64

5	1	1	1	2	0	64	256

3	3	1	1	1	1	256	512

2	2	0	avg
3	3	1	1	1	1	512	187

1	1	2	2	0	0	187	194

1	1	1	1	0	0	194	64

3	1	1	1	1	0	64	76

3	3	1	1	1	1	76	230

1	1	1	1	0	0	230	473

5	5	1	1	2	2	473	128

1	1	1	1	0	0	128	64

5	5	1	1	2	2	64	296

7	7	1	1	3	3	296	235

5	5	1	1	2	2	235	281

3	3	2	1	1	1	281	128

7	7	2	2	3	3	128	128

1	5	1	1	0	2	128	412

1	1	1	1	0	0	412	128

5	5	1	1	2	2	128	124

5	5	1	1	2	2	124	64

5	5	1	1	2	2	64	256

1	7	1	1	0	3	256	64

5	5	1	1	2	2	64	64

2	2	0	avg
3	3	2	2	1	1	64	128

512	2048

2048	1000
