7	7	1	1	3	3	3	64
64

7	7	1	1	3	3	64	256
256

3	3	1	1	1	1	256	393
393

3	3	1	1	1	1	393	69
69

2	2	0	avg
3	3	1	1	1	1	69	256
256

5	5	1	1	2	2	256	64
64

1	1	1	1	0	0	64	64
64

7	7	1	1	3	3	64	226
226

1	1	1	1	0	0	226	512
512

2	2	0	avg
1	7	1	1	0	3	512	425
425

5	1	1	1	2	0	425	256
256

1	1	1	1	0	0	256	256
256

7	7	1	2	3	3	256	396
396

7	7	1	1	3	3	396	256
256

5	5	1	1	2	2	256	64
64

7	7	1	1	3	3	64	64
64

7	7	1	1	3	3	64	256
256

1	1	1	1	0	0	256	256
256

2	2	0	max
5	5	1	1	2	2	256	256
256

3	3	1	1	1	1	256	512
512

7	7	2	2	3	3	512	128
128

2	2	0	avg
2688	1000
