5	5	1	1	2	2	3	128
128

5	5	1	1	2	2	128	256
256

1	1	2	2	0	0	256	512
512

3	7	1	1	1	3	512	512
512

5	7	1	1	2	3	512	256
256

3	3	1	1	1	1	256	265
265

5	3	1	1	2	1	265	162
162

1	1	1	1	0	0	162	256
256

2	2	0	max
7	5	1	1	3	2	256	128
128

7	7	1	1	3	3	128	64
64

5	5	1	1	2	2	64	256
256

3	3	2	2	1	1	256	380
380

7	3	1	2	3	1	380	181
181

1	1	1	1	0	0	181	302
302

1	3	1	1	0	1	302	256
256

3	7	1	1	1	3	256	512
512

7	7	1	1	3	3	512	256
256

7	7	1	1	3	3	256	512
512

2	2	0	avg
7	1	1	1	3	0	512	256
256

1	1	1	1	0	0	256	64
64

3	3	1	1	1	1	64	256
256

5	5	1	1	2	2	256	512
512

3	3	1	1	1	1	512	250
250

5	5	1	1	2	2	250	128
128

1	1	1	1	0	0	128	193
193

7	7	1	1	3	3	193	327
327

5	1	1	1	2	0	327	512
512

7	7	1	1	3	3	512	395
395

5	5	1	1	2	2	395	256
256

2	2	0	max
2	2	0	max
768	2048

2048	4096

4096	4096

4096	2048

2048	4096

4096	4096

4096	4096

4096	1000
