3	3	2	1	1	1	3	293

5	5	1	1	2	2	293	128

1	7	1	1	0	3	128	256

3	3	1	1	1	1	256	128

5	5	1	1	2	2	128	256

1	1	1	1	0	0	256	334

1	3	1	2	0	1	334	128

3	3	2	2	1	1	128	353

2	2	0	max
1	7	2	2	0	3	353	128

3	5	1	1	1	2	128	512

1	1	1	1	0	0	512	256

5	5	1	1	2	2	256	128

7	3	1	1	3	1	128	142

3	3	1	1	1	1	142	95

5	3	1	1	2	1	95	512

5	1	1	1	2	0	512	256

5	5	1	1	2	2	256	64

3	1	1	1	1	0	64	256

7	1	1	1	3	0	256	64

7	7	1	1	3	3	64	128

2	2	0	avg
5	5	1	1	2	2	128	128

7	7	1	1	3	3	128	64

1	5	1	1	0	2	64	512

5	5	1	1	2	2	512	456

5	5	1	1	2	2	456	228

5	5	1	1	2	2	228	512

5	5	1	1	2	2	512	128

1	1	1	1	0	0	128	64

1	1	1	1	0	0	64	368

7	7	1	1	3	3	368	512

1	1	1	1	0	0	512	256

2	2	0	max
2304	4096

4096	4096

4096	4096

4096	4096

4096	1024

1024	1024

1024	2048

2048	1000
