==19697== NVPROF is profiling process 19697, command: python vgg_generator_RT.py 572
==19697== Profiling application: python vgg_generator_RT.py 572
==19697== Profiling result:
"Start","Duration","Grid X","Grid Y","Grid Z","Block X","Block Y","Block Z","Registers Per Thread","Static SMem","Dynamic SMem","Size","Throughput","SrcMemType","DstMemType","Device","Context","Stream","Name"
s,ms,,,,,,,,KB,B,MB,GB/s,,,,,,
2.332518,0.001120,,,,,,,,,,0.014648,12.772424,"Device",,"Tesla V100-DGXS-16GB (0)","1","22","[CUDA memset]"
2.334100,0.001536,,,,,,,,,,0.000107,0.067909,"Pageable","Device","Tesla V100-DGXS-16GB (0)","1","7","[CUDA memcpy HtoD]"
2.730764,0.001248,,,,,,,,,,0.000107,0.083580,"Pageable","Device","Tesla V100-DGXS-16GB (0)","1","7","[CUDA memcpy HtoD]"
3.002666,0.001120,,,,,,,,,,0.574219,500.679016,"Device",,"Tesla V100-DGXS-16GB (0)","1","7","[CUDA memset]"
3.002688,0.001152,,,,,,,,,,0.574219,486.771266,"Device",,"Tesla V100-DGXS-16GB (0)","1","7","[CUDA memset]"
3.003174,0.001152,,,,,,,,,,1.000000,847.710503,"Device",,"Tesla V100-DGXS-16GB (0)","1","7","[CUDA memset]"
3.003232,0.004736,192,1,1,128,1,1,22,0.000000,0,,,,,"Tesla V100-DGXS-16GB (0)","1","23","void cudnn::detail::activation_fw_4d_kernel<float, float, int=128, int=1, int=4, cudnn::detail::sigmoid_func<float>>(cudnnTensorStruct, float const *, cudnn::detail::activation_fw_4d_kernel<float, float, int=128, int=1, int=4, cudnn::detail::sigmoid_func<float>>, cudnnTensorStruct*, float, cudnnTensorStruct*, int, cudnnTensorStruct*) [510]"
3.004228,0.001152,,,,,,,,,,0.574219,486.771266,"Device",,"Tesla V100-DGXS-16GB (0)","1","7","[CUDA memset]"
3.004711,0.001120,,,,,,,,,,12.250000,10681.152344,"Device",,"Tesla V100-DGXS-16GB (0)","1","7","[CUDA memset]"
3.004731,0.001152,,,,,,,,,,1.000000,847.710503,"Device",,"Tesla V100-DGXS-16GB (0)","1","7","[CUDA memset]"
3.004864,0.003840,,,,,,,,,,0.026367,6.705523,"Pageable","Device","Tesla V100-DGXS-16GB (0)","1","7","[CUDA memcpy HtoD]"
3.004890,0.001312,,,,,,,,,,0.000977,0.726886,"Pageable","Device","Tesla V100-DGXS-16GB (0)","1","7","[CUDA memcpy HtoD]"
3.004939,0.144447,8,28,16,32,1,1,72,0.625000,0,,,,,"Tesla V100-DGXS-16GB (0)","1","23","void fused::fusedConvolutionReluKernel<fused::SrcChwcPtr_FltTex_Reader<float, int=1, int=1, int=1>, fused::KpqkPtrWriter<float, int=1, int=1>, float, float, int=7, int=4, int=1, int=3, int=3, int=2, int=2>(fused::ConvolutionParams<floatSrcType, int=1, int=1Type>, float) [542]"
3.005845,0.001120,,,,,,,,,,0.099243,86.533172,"Device",,"Tesla V100-DGXS-16GB (0)","1","7","[CUDA memset]"
3.005891,0.002496,50,1,1,256,1,1,18,0.000000,0,,,,,"Tesla V100-DGXS-16GB (0)","1","23","cask::computeOffsetsKernel(cask::ComputeOffsetsParams) [556]"
3.005912,0.003840,,,,,,,,,,0.026367,6.705523,"Pageable","Device","Tesla V100-DGXS-16GB (0)","1","7","[CUDA memcpy HtoD]"
3.005925,0.001344,,,,,,,,,,0.000977,0.709579,"Pageable","Device","Tesla V100-DGXS-16GB (0)","1","7","[CUDA memcpy HtoD]"
3.005957,0.003840,,,,,,,,,,0.026367,6.705523,"Pageable","Device","Tesla V100-DGXS-16GB (0)","1","7","[CUDA memcpy HtoD]"
3.005973,0.001344,,,,,,,,,,0.000977,0.709579,"Pageable","Device","Tesla V100-DGXS-16GB (0)","1","7","[CUDA memcpy HtoD]"
3.005996,0.047072,98,2,1,256,1,1,160,32.000000,0,,,,,"Tesla V100-DGXS-16GB (0)","1","23","trt_volta_scudnn_128x128_relu_xregs_large_nn_v1 [564]"
3.006131,0.001152,,,,,,,,,,0.099243,84.129473,"Device",,"Tesla V100-DGXS-16GB (0)","1","7","[CUDA memset]"
3.006160,0.002624,50,1,1,256,1,1,18,0.000000,0,,,,,"Tesla V100-DGXS-16GB (0)","1","23","cask::computeOffsetsKernel(cask::ComputeOffsetsParams) [571]"
3.006177,0.004032,,,,,,,,,,0.026367,6.386212,"Pageable","Device","Tesla V100-DGXS-16GB (0)","1","7","[CUDA memcpy HtoD]"
3.006192,0.001344,,,,,,,,,,0.000977,0.709579,"Pageable","Device","Tesla V100-DGXS-16GB (0)","1","7","[CUDA memcpy HtoD]"
3.006221,0.003840,,,,,,,,,,0.026367,6.705523,"Pageable","Device","Tesla V100-DGXS-16GB (0)","1","7","[CUDA memcpy HtoD]"
3.006237,0.001312,,,,,,,,,,0.000977,0.726886,"Pageable","Device","Tesla V100-DGXS-16GB (0)","1","7","[CUDA memcpy HtoD]"
3.006284,0.038336,98,8,1,64,1,1,128,5.250000,0,,,,,"Tesla V100-DGXS-16GB (0)","1","23","trt_volta_scudnn_128x32_relu_small_nn_v1 [582]"
3.006399,0.001152,,,,,,,,,,0.099243,84.129473,"Device",,"Tesla V100-DGXS-16GB (0)","1","7","[CUDA memset]"
3.006428,0.002464,50,1,1,256,1,1,18,0.000000,0,,,,,"Tesla V100-DGXS-16GB (0)","1","23","cask::computeOffsetsKernel(cask::ComputeOffsetsParams) [589]"
3.006445,0.003840,,,,,,,,,,0.026367,6.705523,"Pageable","Device","Tesla V100-DGXS-16GB (0)","1","7","[CUDA memcpy HtoD]"
3.006460,0.001312,,,,,,,,,,0.000977,0.726886,"Pageable","Device","Tesla V100-DGXS-16GB (0)","1","7","[CUDA memcpy HtoD]"
3.006483,0.003840,,,,,,,,,,0.026367,6.705523,"Pageable","Device","Tesla V100-DGXS-16GB (0)","1","7","[CUDA memcpy HtoD]"
3.006499,0.001344,,,,,,,,,,0.000977,0.709579,"Pageable","Device","Tesla V100-DGXS-16GB (0)","1","7","[CUDA memcpy HtoD]"
3.006551,0.039072,98,4,1,128,1,1,128,16.000000,0,,,,,"Tesla V100-DGXS-16GB (0)","1","23","trt_volta_scudnn_128x64_relu_medium_nn_v1 [600]"
3.006668,0.001152,,,,,,,,,,0.099243,84.129473,"Device",,"Tesla V100-DGXS-16GB (0)","1","7","[CUDA memset]"
3.006696,0.002496,50,1,1,256,1,1,18,0.000000,0,,,,,"Tesla V100-DGXS-16GB (0)","1","23","cask::computeOffsetsKernel(cask::ComputeOffsetsParams) [607]"
3.006713,0.003840,,,,,,,,,,0.026367,6.705523,"Pageable","Device","Tesla V100-DGXS-16GB (0)","1","7","[CUDA memcpy HtoD]"
3.006728,0.001344,,,,,,,,,,0.000977,0.709579,"Pageable","Device","Tesla V100-DGXS-16GB (0)","1","7","[CUDA memcpy HtoD]"
3.006755,0.003808,,,,,,,,,,0.026367,6.761871,"Pageable","Device","Tesla V100-DGXS-16GB (0)","1","7","[CUDA memcpy HtoD]"
3.006771,0.001344,,,,,,,,,,0.000977,0.709579,"Pageable","Device","Tesla V100-DGXS-16GB (0)","1","7","[CUDA memcpy HtoD]"
3.006815,0.041536,98,4,1,128,1,1,160,16.000000,0,,,,,"Tesla V100-DGXS-16GB (0)","1","23","trt_volta_scudnn_128x64_relu_xregs_large_nn_v1 [618]"
3.006933,0.001152,,,,,,,,,,0.099243,84.129473,"Device",,"Tesla V100-DGXS-16GB (0)","1","7","[CUDA memset]"
3.006961,0.002592,50,1,1,256,1,1,18,0.000000,0,,,,,"Tesla V100-DGXS-16GB (0)","1","23","cask::computeOffsetsKernel(cask::ComputeOffsetsParams) [625]"
3.006979,0.003840,,,,,,,,,,0.026367,6.705523,"Pageable","Device","Tesla V100-DGXS-16GB (0)","1","7","[CUDA memcpy HtoD]"
3.006993,0.001312,,,,,,,,,,0.000977,0.726886,"Pageable","Device","Tesla V100-DGXS-16GB (0)","1","7","[CUDA memcpy HtoD]"
3.007015,0.003840,,,,,,,,,,0.026367,6.705523,"Pageable","Device","Tesla V100-DGXS-16GB (0)","1","7","[CUDA memcpy HtoD]"
3.007031,0.001312,,,,,,,,,,0.000977,0.726886,"Pageable","Device","Tesla V100-DGXS-16GB (0)","1","7","[CUDA memcpy HtoD]"
3.007081,0.039744,98,2,1,256,1,1,128,32.000000,0,,,,,"Tesla V100-DGXS-16GB (0)","1","23","trt_volta_scudnn_128x128_relu_medium_nn_v1 [636]"
3.007198,0.001152,,,,,,,,,,0.099243,84.129473,"Device",,"Tesla V100-DGXS-16GB (0)","1","7","[CUDA memset]"
3.007227,0.002496,50,1,1,256,1,1,18,0.000000,0,,,,,"Tesla V100-DGXS-16GB (0)","1","23","cask::computeOffsetsKernel(cask::ComputeOffsetsParams) [643]"
3.007244,0.003808,,,,,,,,,,0.026367,6.761871,"Pageable","Device","Tesla V100-DGXS-16GB (0)","1","7","[CUDA memcpy HtoD]"
3.007259,0.001344,,,,,,,,,,0.000977,0.709579,"Pageable","Device","Tesla V100-DGXS-16GB (0)","1","7","[CUDA memcpy HtoD]"
3.007287,0.003840,,,,,,,,,,0.026367,6.705523,"Pageable","Device","Tesla V100-DGXS-16GB (0)","1","7","[CUDA memcpy HtoD]"
3.007302,0.001344,,,,,,,,,,0.000977,0.709579,"Pageable","Device","Tesla V100-DGXS-16GB (0)","1","7","[CUDA memcpy HtoD]"
3.007346,0.039328,98,2,1,256,1,1,128,32.000000,0,,,,,"Tesla V100-DGXS-16GB (0)","1","23","trt_volta_scudnn_128x128_relu_small_nn_v1 [654]"
3.007461,0.001152,,,,,,,,,,0.099243,84.129473,"Device",,"Tesla V100-DGXS-16GB (0)","1","7","[CUDA memset]"
3.007489,0.002752,50,1,1,256,1,1,18,0.000000,0,,,,,"Tesla V100-DGXS-16GB (0)","1","23","cask::computeOffsetsKernel(cask::ComputeOffsetsParams) [661]"
3.007506,0.003840,,,,,,,,,,0.026367,6.705523,"Pageable","Device","Tesla V100-DGXS-16GB (0)","1","7","[CUDA memcpy HtoD]"
3.007521,0.001312,,,,,,,,,,0.000977,0.726886,"Pageable","Device","Tesla V100-DGXS-16GB (0)","1","7","[CUDA memcpy HtoD]"
3.007543,0.004064,,,,,,,,,,0.026367,6.335927,"Pageable","Device","Tesla V100-DGXS-16GB (0)","1","7","[CUDA memcpy HtoD]"
3.007559,0.001344,,,,,,,,,,0.000977,0.709579,"Pageable","Device","Tesla V100-DGXS-16GB (0)","1","7","[CUDA memcpy HtoD]"
3.007608,0.037728,98,4,1,128,1,1,128,16.000000,0,,,,,"Tesla V100-DGXS-16GB (0)","1","23","trt_volta_scudnn_128x64_relu_small_nn_v1 [672]"
3.007714,0.003840,,,,,,,,,,0.026367,6.705523,"Pageable","Device","Tesla V100-DGXS-16GB (0)","1","7","[CUDA memcpy HtoD]"
3.007730,0.001312,,,,,,,,,,0.000977,0.726886,"Pageable","Device","Tesla V100-DGXS-16GB (0)","1","7","[CUDA memcpy HtoD]"
3.007772,0.003808,,,,,,,,,,0.026367,6.761871,"Pageable","Device","Tesla V100-DGXS-16GB (0)","1","7","[CUDA memcpy HtoD]"
3.007786,0.001312,,,,,,,,,,0.000977,0.726886,"Pageable","Device","Tesla V100-DGXS-16GB (0)","1","7","[CUDA memcpy HtoD]"
3.007863,0.068480,196,2,1,8,32,1,64,6.250000,0,,,,,"Tesla V100-DGXS-16GB (0)","1","23","void cudnn::detail::implicit_convolve_sgemm<float, float, int=1024, int=6, int=7, int=3, int=3, int=5, int=1, bool=1, bool=0, bool=1>(int, int, int, float const *, int, float*, cudnn::detail::implicit_convolve_sgemm<float, float, int=1024, int=6, int=7, int=3, int=3, int=5, int=1, bool=1, bool=0, bool=1>*, kernel_conv_params, int, float, float, int, float, float, int, int) [710]"
3.007933,0.036864,1,256,5,128,1,1,29,0.000000,0,,,,,"Tesla V100-DGXS-16GB (0)","1","23","void add_tensor_kernel_v3<int=2, float, float, int=128, int=1, int=1, int=4, int=2>(cudnnTensorStruct, float*, cudnnTensorStruct, float const *, float, float) [720]"
3.007971,0.033695,1024,1,1,128,1,1,21,0.000000,0,,,,,"Tesla V100-DGXS-16GB (0)","1","23","void cudnn::detail::activation_fw_4d_kernel<float, float, int=128, int=1, int=4, cudnn::detail::relu_func<float, cudnnNanPropagation_t=1, bool=0>>(cudnnTensorStruct, float const *, cudnn::detail::activation_fw_4d_kernel<float, float, int=128, int=1, int=4, cudnn::detail::relu_func<float, cudnnNanPropagation_t=1, bool=0>>, cudnnTensorStruct*, float, cudnnTensorStruct*, int, cudnnTensorStruct*) [731]"
3.008071,0.003840,,,,,,,,,,0.026367,6.705523,"Pageable","Device","Tesla V100-DGXS-16GB (0)","1","7","[CUDA memcpy HtoD]"
3.008086,0.001312,,,,,,,,,,0.000977,0.726886,"Pageable","Device","Tesla V100-DGXS-16GB (0)","1","7","[CUDA memcpy HtoD]"
3.008129,0.003808,,,,,,,,,,0.026367,6.761871,"Pageable","Device","Tesla V100-DGXS-16GB (0)","1","7","[CUDA memcpy HtoD]"
3.008143,0.001312,,,,,,,,,,0.000977,0.726886,"Pageable","Device","Tesla V100-DGXS-16GB (0)","1","7","[CUDA memcpy HtoD]"
3.008173,0.002048,99,1,1,128,1,1,16,0.000000,0,,,,,"Tesla V100-DGXS-16GB (0)","1","23","cudnn::gemm::computeOffsetsKernel(cudnn::gemm::ComputeOffsetsParams) [751]"
3.008196,0.037312,98,4,1,128,1,1,128,16.000000,0,,,,,"Tesla V100-DGXS-16GB (0)","1","23","volta_scudnn_128x64_relu_small_nn_v1 [756]"
3.008234,0.035135,1,256,5,128,1,1,29,0.000000,0,,,,,"Tesla V100-DGXS-16GB (0)","1","23","void add_tensor_kernel_v3<int=2, float, float, int=128, int=1, int=1, int=4, int=2>(cudnnTensorStruct, float*, cudnnTensorStruct, float const *, float, float) [765]"
3.008271,0.033376,1024,1,1,128,1,1,21,0.000000,0,,,,,"Tesla V100-DGXS-16GB (0)","1","23","void cudnn::detail::activation_fw_4d_kernel<float, float, int=128, int=1, int=4, cudnn::detail::relu_func<float, cudnnNanPropagation_t=1, bool=0>>(cudnnTensorStruct, float const *, cudnn::detail::activation_fw_4d_kernel<float, float, int=128, int=1, int=4, cudnn::detail::relu_func<float, cudnnNanPropagation_t=1, bool=0>>, cudnnTensorStruct*, float, cudnnTensorStruct*, int, cudnnTensorStruct*) [776]"
3.008374,0.003840,,,,,,,,,,0.026367,6.705523,"Pageable","Device","Tesla V100-DGXS-16GB (0)","1","7","[CUDA memcpy HtoD]"
3.008390,0.001312,,,,,,,,,,0.000977,0.726886,"Pageable","Device","Tesla V100-DGXS-16GB (0)","1","7","[CUDA memcpy HtoD]"
3.009592,0.001120,,,,,,,,,,12.250000,10681.152344,"Device",,"Tesla V100-DGXS-16GB (0)","1","7","[CUDA memset]"
3.010073,0.001152,,,,,,,,,,3.062500,2596.113417,"Device",,"Tesla V100-DGXS-16GB (0)","1","7","[CUDA memset]"
3.010092,0.001152,,,,,,,,,,1.000000,847.710503,"Device",,"Tesla V100-DGXS-16GB (0)","1","7","[CUDA memset]"
3.010144,0.030432,256,28,2,256,1,1,16,1.000000,0,,,,,"Tesla V100-DGXS-16GB (0)","1","23","void nvinfer1::tiled_pooling::poolCHW_PQT<int=2, int=2, int=2, int=2, int=2, int=32, int=256, int=1, int=1, bool=1, nvinfer1::ITiledPooling::PoolingMode, bool=0>(nvinfer1::TiledPoolingParams) [808]"
3.010210,0.022528,128,28,2,256,1,1,17,2.000000,0,,,,,"Tesla V100-DGXS-16GB (0)","1","23","void nvinfer1::tiled_pooling::poolCHW_PQT<int=2, int=2, int=2, int=2, int=2, int=32, int=256, int=2, int=1, bool=1, nvinfer1::ITiledPooling::PoolingMode, bool=0>(nvinfer1::TiledPoolingParams) [816]"
3.010263,0.023008,86,28,2,256,1,1,22,3.000000,0,,,,,"Tesla V100-DGXS-16GB (0)","1","23","void nvinfer1::tiled_pooling::poolCHW_PQT<int=2, int=2, int=2, int=2, int=2, int=32, int=256, int=3, int=1, bool=1, nvinfer1::ITiledPooling::PoolingMode, bool=0>(nvinfer1::TiledPoolingParams) [824]"
3.010317,0.024384,64,28,2,256,1,1,26,4.000000,0,,,,,"Tesla V100-DGXS-16GB (0)","1","23","void nvinfer1::tiled_pooling::poolCHW_PQT<int=2, int=2, int=2, int=2, int=2, int=32, int=256, int=4, int=1, bool=1, nvinfer1::ITiledPooling::PoolingMode, bool=0>(nvinfer1::TiledPoolingParams) [832]"
3.010371,0.023455,52,28,2,256,1,1,30,5.000000,0,,,,,"Tesla V100-DGXS-16GB (0)","1","23","void nvinfer1::tiled_pooling::poolCHW_PQT<int=2, int=2, int=2, int=2, int=2, int=32, int=256, int=5, int=1, bool=1, nvinfer1::ITiledPooling::PoolingMode, bool=0>(nvinfer1::TiledPoolingParams) [840]"
3.010424,0.024064,43,28,2,256,1,1,31,6.000000,0,,,,,"Tesla V100-DGXS-16GB (0)","1","23","void nvinfer1::tiled_pooling::poolCHW_PQT<int=2, int=2, int=2, int=2, int=2, int=32, int=256, int=6, int=1, bool=1, nvinfer1::ITiledPooling::PoolingMode, bool=0>(nvinfer1::TiledPoolingParams) [848]"
3.010478,0.024192,37,28,2,256,1,1,32,7.000000,0,,,,,"Tesla V100-DGXS-16GB (0)","1","23","void nvinfer1::tiled_pooling::poolCHW_PQT<int=2, int=2, int=2, int=2, int=2, int=32, int=256, int=7, int=1, bool=1, nvinfer1::ITiledPooling::PoolingMode, bool=0>(nvinfer1::TiledPoolingParams) [856]"
3.010531,0.024960,32,28,2,256,1,1,32,8.000000,0,,,,,"Tesla V100-DGXS-16GB (0)","1","23","void nvinfer1::tiled_pooling::poolCHW_PQT<int=2, int=2, int=2, int=2, int=2, int=32, int=256, int=8, int=1, bool=1, nvinfer1::ITiledPooling::PoolingMode, bool=0>(nvinfer1::TiledPoolingParams) [864]"
3.010584,0.042976,256,28,4,128,1,1,16,0.500000,0,,,,,"Tesla V100-DGXS-16GB (0)","1","23","void nvinfer1::tiled_pooling::poolCHW_PQT<int=2, int=2, int=2, int=2, int=2, int=16, int=128, int=1, int=1, bool=1, nvinfer1::ITiledPooling::PoolingMode, bool=0>(nvinfer1::TiledPoolingParams) [872]"
3.010654,0.024223,128,28,4,128,1,1,17,1.000000,0,,,,,"Tesla V100-DGXS-16GB (0)","1","23","void nvinfer1::tiled_pooling::poolCHW_PQT<int=2, int=2, int=2, int=2, int=2, int=16, int=128, int=2, int=1, bool=1, nvinfer1::ITiledPooling::PoolingMode, bool=0>(nvinfer1::TiledPoolingParams) [880]"
3.010707,0.023424,86,28,4,128,1,1,22,1.500000,0,,,,,"Tesla V100-DGXS-16GB (0)","1","23","void nvinfer1::tiled_pooling::poolCHW_PQT<int=2, int=2, int=2, int=2, int=2, int=16, int=128, int=3, int=1, bool=1, nvinfer1::ITiledPooling::PoolingMode, bool=0>(nvinfer1::TiledPoolingParams) [888]"
3.010760,0.023008,64,28,4,128,1,1,26,2.000000,0,,,,,"Tesla V100-DGXS-16GB (0)","1","23","void nvinfer1::tiled_pooling::poolCHW_PQT<int=2, int=2, int=2, int=2, int=2, int=16, int=128, int=4, int=1, bool=1, nvinfer1::ITiledPooling::PoolingMode, bool=0>(nvinfer1::TiledPoolingParams) [896]"
3.010812,0.023648,52,28,4,128,1,1,30,2.500000,0,,,,,"Tesla V100-DGXS-16GB (0)","1","23","void nvinfer1::tiled_pooling::poolCHW_PQT<int=2, int=2, int=2, int=2, int=2, int=16, int=128, int=5, int=1, bool=1, nvinfer1::ITiledPooling::PoolingMode, bool=0>(nvinfer1::TiledPoolingParams) [904]"
3.010865,0.023424,43,28,4,128,1,1,31,3.000000,0,,,,,"Tesla V100-DGXS-16GB (0)","1","23","void nvinfer1::tiled_pooling::poolCHW_PQT<int=2, int=2, int=2, int=2, int=2, int=16, int=128, int=6, int=1, bool=1, nvinfer1::ITiledPooling::PoolingMode, bool=0>(nvinfer1::TiledPoolingParams) [912]"
3.010918,0.024223,37,28,4,128,1,1,32,3.500000,0,,,,,"Tesla V100-DGXS-16GB (0)","1","23","void nvinfer1::tiled_pooling::poolCHW_PQT<int=2, int=2, int=2, int=2, int=2, int=16, int=128, int=7, int=1, bool=1, nvinfer1::ITiledPooling::PoolingMode, bool=0>(nvinfer1::TiledPoolingParams) [920]"
3.010969,0.024704,32,28,4,128,1,1,32,4.000000,0,,,,,"Tesla V100-DGXS-16GB (0)","1","23","void nvinfer1::tiled_pooling::poolCHW_PQT<int=2, int=2, int=2, int=2, int=2, int=16, int=128, int=8, int=1, bool=1, nvinfer1::ITiledPooling::PoolingMode, bool=0>(nvinfer1::TiledPoolingParams) [928]"
3.011949,0.001184,,,,,,,,,,3.062500,2525.948189,"Device",,"Tesla V100-DGXS-16GB (0)","1","7","[CUDA memset]"
3.011969,0.001152,,,,,,,,,,0.610107,517.194470,"Device",,"Tesla V100-DGXS-16GB (0)","1","7","[CUDA memset]"
3.012467,0.001152,,,,,,,,,,1.000000,847.710503,"Device",,"Tesla V100-DGXS-16GB (0)","1","7","[CUDA memset]"
3.021963,1.621588,,,,,,,,,,9.761719,5.878761,"Pageable","Device","Tesla V100-DGXS-16GB (0)","1","7","[CUDA memcpy HtoD]"
3.023599,0.001440,,,,,,,,,,0.000778,0.527749,"Pageable","Device","Tesla V100-DGXS-16GB (0)","1","7","[CUDA memcpy HtoD]"
3.023637,0.692411,7,7,10,32,1,1,102,0.625000,0,,,,,"Tesla V100-DGXS-16GB (0)","1","23","void fused::fusedConvolutionReluKernel<fused::SrcChwcPtr_FltTex_Reader<float, int=1, int=1, int=1>, fused::KpqkPtrWriter<float, int=1, int=1>, float, float, int=3, int=4, int=1, int=7, int=7, int=2, int=2>(fused::ConvolutionParams<floatSrcType, int=1, int=1Type>, float) [960]"
3.029660,1.626068,,,,,,,,,,9.761719,5.862564,"Pageable","Device","Tesla V100-DGXS-16GB (0)","1","7","[CUDA memcpy HtoD]"
3.031303,0.001312,,,,,,,,,,0.000778,0.579237,"Pageable","Device","Tesla V100-DGXS-16GB (0)","1","7","[CUDA memcpy HtoD]"
3.031345,1.084600,4,7,10,32,1,1,136,0.625000,0,,,,,"Tesla V100-DGXS-16GB (0)","1","23","void fused::fusedConvolutionReluKernel<fused::SrcChwcPtr_FltTex_Reader<float, int=1, int=1, int=2>, fused::KpqkPtrWriter<float, int=1, int=2>, float, float, int=3, int=4, int=1, int=7, int=7, int=2, int=2>(fused::ConvolutionParams<floatSrcType, int=2, int=1Type>, float) [978]"
3.037696,1.624756,,,,,,,,,,9.761719,5.867299,"Pageable","Device","Tesla V100-DGXS-16GB (0)","1","7","[CUDA memcpy HtoD]"
3.039336,0.001312,,,,,,,,,,0.000778,0.579237,"Pageable","Device","Tesla V100-DGXS-16GB (0)","1","7","[CUDA memcpy HtoD]"
3.039369,1.079416,4,7,10,32,1,1,136,0.625000,0,,,,,"Tesla V100-DGXS-16GB (0)","1","23","void fused::fusedConvolutionReluKernel<fused::SrcChwcPtr_FltTex_Reader<float, int=1, int=1, int=2>, fused::KpqkPtrWriter<float, int=1, int=2>, float, float, int=3, int=4, int=1, int=7, int=7, int=2, int=2>(fused::ConvolutionParams<floatSrcType, int=2, int=1Type>, float) [996]"
3.042670,0.001152,,,,,,,,,,9.767212,8279.768129,"Device",,"Tesla V100-DGXS-16GB (0)","1","7","[CUDA memset]"
3.047772,0.002560,4,1,1,256,1,1,18,0.000000,0,,,,,"Tesla V100-DGXS-16GB (0)","1","23","cask::computeOffsetsKernel(cask::ComputeOffsetsParams) [1010]"
3.047877,1.626708,,,,,,,,,,9.761719,5.860258,"Pageable","Device","Tesla V100-DGXS-16GB (0)","1","7","[CUDA memcpy HtoD]"
3.049516,0.001312,,,,,,,,,,0.000778,0.579237,"Pageable","Device","Tesla V100-DGXS-16GB (0)","1","7","[CUDA memcpy HtoD]"
3.050107,1.623572,,,,,,,,,,9.761719,5.871577,"Pageable","Device","Tesla V100-DGXS-16GB (0)","1","7","[CUDA memcpy HtoD]"
3.051745,0.001312,,,,,,,,,,0.000778,0.579237,"Pageable","Device","Tesla V100-DGXS-16GB (0)","1","7","[CUDA memcpy HtoD]"
3.051773,2.296719,7,2,1,256,1,1,160,32.000000,0,,,,,"Tesla V100-DGXS-16GB (0)","1","23","trt_volta_scudnn_128x128_relu_xregs_large_nn_v1 [1018]"
3.054662,0.001152,,,,,,,,,,9.767212,8279.768129,"Device",,"Tesla V100-DGXS-16GB (0)","1","7","[CUDA memset]"
3.059748,0.002624,4,1,1,256,1,1,18,0.000000,0,,,,,"Tesla V100-DGXS-16GB (0)","1","23","cask::computeOffsetsKernel(cask::ComputeOffsetsParams) [1025]"
3.059852,1.626483,,,,,,,,,,9.761719,5.861069,"Pageable","Device","Tesla V100-DGXS-16GB (0)","1","7","[CUDA memcpy HtoD]"
3.061494,0.001312,,,,,,,,,,0.000778,0.579237,"Pageable","Device","Tesla V100-DGXS-16GB (0)","1","7","[CUDA memcpy HtoD]"
3.062100,1.626356,,,,,,,,,,9.761719,5.861526,"Pageable","Device","Tesla V100-DGXS-16GB (0)","1","7","[CUDA memcpy HtoD]"
3.063743,0.001312,,,,,,,,,,0.000778,0.579237,"Pageable","Device","Tesla V100-DGXS-16GB (0)","1","7","[CUDA memcpy HtoD]"
3.064233,1.518677,7,4,1,128,1,1,128,16.000000,0,,,,,"Tesla V100-DGXS-16GB (0)","1","23","trt_volta_scudnn_128x64_relu_medium_nn_v1 [1036]"
3.066358,0.001152,,,,,,,,,,9.767212,8279.768129,"Device",,"Tesla V100-DGXS-16GB (0)","1","7","[CUDA memset]"
3.071449,0.002496,4,1,1,256,1,1,18,0.000000,0,,,,,"Tesla V100-DGXS-16GB (0)","1","23","cask::computeOffsetsKernel(cask::ComputeOffsetsParams) [1043]"
3.071552,1.623060,,,,,,,,,,9.761719,5.873429,"Pageable","Device","Tesla V100-DGXS-16GB (0)","1","7","[CUDA memcpy HtoD]"
3.073190,0.001312,,,,,,,,,,0.000778,0.579237,"Pageable","Device","Tesla V100-DGXS-16GB (0)","1","7","[CUDA memcpy HtoD]"
3.073772,1.626164,,,,,,,,,,9.761719,5.862218,"Pageable","Device","Tesla V100-DGXS-16GB (0)","1","7","[CUDA memcpy HtoD]"
3.075414,0.001280,,,,,,,,,,0.000778,0.593718,"Pageable","Device","Tesla V100-DGXS-16GB (0)","1","7","[CUDA memcpy HtoD]"
3.075905,1.514357,7,4,1,128,1,1,160,16.000000,0,,,,,"Tesla V100-DGXS-16GB (0)","1","23","trt_volta_scudnn_128x64_relu_xregs_large_nn_v1 [1054]"
3.078023,0.001152,,,,,,,,,,9.767212,8279.768129,"Device",,"Tesla V100-DGXS-16GB (0)","1","7","[CUDA memset]"
3.083107,0.002400,4,1,1,256,1,1,18,0.000000,0,,,,,"Tesla V100-DGXS-16GB (0)","1","23","cask::computeOffsetsKernel(cask::ComputeOffsetsParams) [1061]"
3.083211,1.620212,,,,,,,,,,9.761719,5.883754,"Pageable","Device","Tesla V100-DGXS-16GB (0)","1","7","[CUDA memcpy HtoD]"
3.084845,0.001312,,,,,,,,,,0.000778,0.579237,"Pageable","Device","Tesla V100-DGXS-16GB (0)","1","7","[CUDA memcpy HtoD]"
3.085428,1.625396,,,,,,,,,,9.761719,5.864988,"Pageable","Device","Tesla V100-DGXS-16GB (0)","1","7","[CUDA memcpy HtoD]"
3.087066,0.001312,,,,,,,,,,0.000778,0.579237,"Pageable","Device","Tesla V100-DGXS-16GB (0)","1","7","[CUDA memcpy HtoD]"
3.092382,2.247279,7,2,1,256,1,1,128,32.000000,0,,,,,"Tesla V100-DGXS-16GB (0)","1","23","trt_volta_scudnn_128x128_relu_medium_nn_v1 [1072]"
3.095269,1.625108,,,,,,,,,,9.761719,5.866028,"Pageable","Device","Tesla V100-DGXS-16GB (0)","1","7","[CUDA memcpy HtoD]"
3.096909,0.001312,,,,,,,,,,0.000778,0.579237,"Pageable","Device","Tesla V100-DGXS-16GB (0)","1","7","[CUDA memcpy HtoD]"
3.097730,1.622900,,,,,,,,,,9.761719,5.874009,"Pageable","Device","Tesla V100-DGXS-16GB (0)","1","7","[CUDA memcpy HtoD]"
3.099367,0.001312,,,,,,,,,,0.000778,0.579237,"Pageable","Device","Tesla V100-DGXS-16GB (0)","1","7","[CUDA memcpy HtoD]"
3.099436,1.539573,25,7,1,8,8,1,64,2.250000,0,,,,,"Tesla V100-DGXS-16GB (0)","1","23","void cudnn::detail::implicit_convolve_sgemm<float, float, int=128, int=5, int=5, int=3, int=3, int=3, int=1, bool=1, bool=0, bool=1>(int, int, int, float const *, int, float*, cudnn::detail::implicit_convolve_sgemm<float, float, int=128, int=5, int=5, int=3, int=3, int=3, int=1, bool=1, bool=0, bool=1>*, kernel_conv_params, int, float, float, int, float, float, int, int) [1110]"
3.100977,0.004064,1,204,2,128,1,1,29,0.000000,0,,,,,"Tesla V100-DGXS-16GB (0)","1","23","void add_tensor_kernel_v3<int=2, float, float, int=128, int=1, int=1, int=4, int=2>(cudnnTensorStruct, float*, cudnnTensorStruct, float const *, float, float) [1120]"
3.100982,0.003136,192,1,1,128,1,1,21,0.000000,0,,,,,"Tesla V100-DGXS-16GB (0)","1","23","void cudnn::detail::activation_fw_4d_kernel<float, float, int=128, int=1, int=4, cudnn::detail::relu_func<float, cudnnNanPropagation_t=1, bool=0>>(cudnnTensorStruct, float const *, cudnn::detail::activation_fw_4d_kernel<float, float, int=128, int=1, int=4, cudnn::detail::relu_func<float, cudnnNanPropagation_t=1, bool=0>>, cudnnTensorStruct*, float, cudnnTensorStruct*, int, cudnnTensorStruct*) [1131]"
3.102721,1.625044,,,,,,,,,,9.761719,5.866259,"Pageable","Device","Tesla V100-DGXS-16GB (0)","1","7","[CUDA memcpy HtoD]"
3.104360,0.001280,,,,,,,,,,0.000778,0.593718,"Pageable","Device","Tesla V100-DGXS-16GB (0)","1","7","[CUDA memcpy HtoD]"
3.105177,1.620020,,,,,,,,,,9.761719,5.884451,"Pageable","Device","Tesla V100-DGXS-16GB (0)","1","7","[CUDA memcpy HtoD]"
3.106812,0.001280,,,,,,,,,,0.000778,0.593718,"Pageable","Device","Tesla V100-DGXS-16GB (0)","1","7","[CUDA memcpy HtoD]"
3.106849,0.002048,7,1,1,128,1,1,16,0.000000,0,,,,,"Tesla V100-DGXS-16GB (0)","1","23","cudnn::gemm::computeOffsetsKernel(cudnn::gemm::ComputeOffsetsParams) [1151]"
3.106877,2.246063,7,2,1,256,1,1,128,32.000000,0,,,,,"Tesla V100-DGXS-16GB (0)","1","23","volta_scudnn_128x128_relu_medium_nn_v1 [1156]"
3.109124,0.003328,1,204,2,128,1,1,29,0.000000,0,,,,,"Tesla V100-DGXS-16GB (0)","1","23","void add_tensor_kernel_v3<int=2, float, float, int=128, int=1, int=1, int=4, int=2>(cudnnTensorStruct, float*, cudnnTensorStruct, float const *, float, float) [1165]"
3.109129,0.002912,192,1,1,128,1,1,21,0.000000,0,,,,,"Tesla V100-DGXS-16GB (0)","1","23","void cudnn::detail::activation_fw_4d_kernel<float, float, int=128, int=1, int=4, cudnn::detail::relu_func<float, cudnnNanPropagation_t=1, bool=0>>(cudnnTensorStruct, float const *, cudnn::detail::activation_fw_4d_kernel<float, float, int=128, int=1, int=4, cudnn::detail::relu_func<float, cudnnNanPropagation_t=1, bool=0>>, cudnnTensorStruct*, float, cudnnTensorStruct*, int, cudnnTensorStruct*) [1176]"
3.110737,1.619988,,,,,,,,,,9.761719,5.884567,"Pageable","Device","Tesla V100-DGXS-16GB (0)","1","7","[CUDA memcpy HtoD]"
3.112373,0.001312,,,,,,,,,,0.000778,0.579237,"Pageable","Device","Tesla V100-DGXS-16GB (0)","1","7","[CUDA memcpy HtoD]"
3.114007,0.001120,,,,,,,,,,0.610107,531.971455,"Device",,"Tesla V100-DGXS-16GB (0)","1","7","[CUDA memset]"
3.114034,0.001120,,,,,,,,,,0.750671,654.533505,"Device",,"Tesla V100-DGXS-16GB (0)","1","7","[CUDA memset]"
3.114504,0.001152,,,,,,,,,,1.000000,847.710503,"Device",,"Tesla V100-DGXS-16GB (0)","1","7","[CUDA memset]"
3.114758,0.001120,,,,,,,,,,0.591553,515.793051,"Device",,"Tesla V100-DGXS-16GB (0)","1","7","[CUDA memset]"
3.115320,0.002720,4,1,1,256,1,1,18,0.000000,0,,,,,"Tesla V100-DGXS-16GB (0)","1","23","cask::computeOffsetsKernel(cask::ComputeOffsetsParams) [1215]"
3.115390,0.098016,,,,,,,,,,0.585983,5.838325,"Pageable","Device","Tesla V100-DGXS-16GB (0)","1","7","[CUDA memcpy HtoD]"
3.115502,0.001312,,,,,,,,,,0.000957,0.712689,"Pageable","Device","Tesla V100-DGXS-16GB (0)","1","7","[CUDA memcpy HtoD]"
3.115579,0.097983,,,,,,,,,,0.585983,5.840292,"Pageable","Device","Tesla V100-DGXS-16GB (0)","1","7","[CUDA memcpy HtoD]"
3.115690,0.001312,,,,,,,,,,0.000957,0.712689,"Pageable","Device","Tesla V100-DGXS-16GB (0)","1","7","[CUDA memcpy HtoD]"
3.115713,0.087103,7,8,1,64,1,1,128,5.250000,0,,,,,"Tesla V100-DGXS-16GB (0)","1","23","trt_volta_scudnn_128x32_relu_small_nn_v1 [1223]"
3.116357,0.001152,,,,,,,,,,0.591553,501.465466,"Device",,"Tesla V100-DGXS-16GB (0)","1","7","[CUDA memset]"
3.116911,0.001632,4,1,1,256,1,1,18,0.000000,0,,,,,"Tesla V100-DGXS-16GB (0)","1","23","cask::computeOffsetsKernel(cask::ComputeOffsetsParams) [1230]"
3.116980,0.098080,,,,,,,,,,0.585983,5.834516,"Pageable","Device","Tesla V100-DGXS-16GB (0)","1","7","[CUDA memcpy HtoD]"
3.117090,0.001344,,,,,,,,,,0.000957,0.695720,"Pageable","Device","Tesla V100-DGXS-16GB (0)","1","7","[CUDA memcpy HtoD]"
3.117166,0.097375,,,,,,,,,,0.585983,5.876758,"Pageable","Device","Tesla V100-DGXS-16GB (0)","1","7","[CUDA memcpy HtoD]"
3.117277,0.001312,,,,,,,,,,0.000957,0.712689,"Pageable","Device","Tesla V100-DGXS-16GB (0)","1","7","[CUDA memcpy HtoD]"
3.117332,0.076991,7,4,1,128,1,1,128,16.000000,0,,,,,"Tesla V100-DGXS-16GB (0)","1","23","trt_volta_scudnn_128x64_relu_medium_nn_v1 [1241]"
3.117493,0.001120,,,,,,,,,,0.591553,515.793051,"Device",,"Tesla V100-DGXS-16GB (0)","1","7","[CUDA memset]"
3.118043,0.001632,4,1,1,256,1,1,18,0.000000,0,,,,,"Tesla V100-DGXS-16GB (0)","1","23","cask::computeOffsetsKernel(cask::ComputeOffsetsParams) [1248]"
3.118108,0.098015,,,,,,,,,,0.585983,5.838385,"Pageable","Device","Tesla V100-DGXS-16GB (0)","1","7","[CUDA memcpy HtoD]"
3.118220,0.001312,,,,,,,,,,0.000957,0.712689,"Pageable","Device","Tesla V100-DGXS-16GB (0)","1","7","[CUDA memcpy HtoD]"
3.118291,0.097855,,,,,,,,,,0.585983,5.847931,"Pageable","Device","Tesla V100-DGXS-16GB (0)","1","7","[CUDA memcpy HtoD]"
3.118401,0.001312,,,,,,,,,,0.000957,0.712689,"Pageable","Device","Tesla V100-DGXS-16GB (0)","1","7","[CUDA memcpy HtoD]"
3.118458,0.117856,7,2,1,256,1,1,128,32.000000,0,,,,,"Tesla V100-DGXS-16GB (0)","1","23","trt_volta_scudnn_128x128_relu_medium_nn_v1 [1259]"
3.118655,0.001120,,,,,,,,,,0.591553,515.793051,"Device",,"Tesla V100-DGXS-16GB (0)","1","7","[CUDA memset]"
3.119205,0.001632,4,1,1,256,1,1,18,0.000000,0,,,,,"Tesla V100-DGXS-16GB (0)","1","23","cask::computeOffsetsKernel(cask::ComputeOffsetsParams) [1266]"
3.119271,0.098048,,,,,,,,,,0.585983,5.836420,"Pageable","Device","Tesla V100-DGXS-16GB (0)","1","7","[CUDA memcpy HtoD]"
3.119383,0.001344,,,,,,,,,,0.000957,0.695720,"Pageable","Device","Tesla V100-DGXS-16GB (0)","1","7","[CUDA memcpy HtoD]"
3.119457,0.098143,,,,,,,,,,0.585983,5.830770,"Pageable","Device","Tesla V100-DGXS-16GB (0)","1","7","[CUDA memcpy HtoD]"
3.119568,0.001344,,,,,,,,,,0.000957,0.695720,"Pageable","Device","Tesla V100-DGXS-16GB (0)","1","7","[CUDA memcpy HtoD]"
3.119620,0.117119,7,2,1,256,1,1,128,32.000000,0,,,,,"Tesla V100-DGXS-16GB (0)","1","23","trt_volta_scudnn_128x128_relu_small_nn_v1 [1277]"
3.119811,0.001152,,,,,,,,,,0.591553,501.465466,"Device",,"Tesla V100-DGXS-16GB (0)","1","7","[CUDA memset]"
3.120368,0.001632,4,1,1,256,1,1,18,0.000000,0,,,,,"Tesla V100-DGXS-16GB (0)","1","23","cask::computeOffsetsKernel(cask::ComputeOffsetsParams) [1284]"
3.120433,0.098047,,,,,,,,,,0.585983,5.836479,"Pageable","Device","Tesla V100-DGXS-16GB (0)","1","7","[CUDA memcpy HtoD]"
3.120544,0.001312,,,,,,,,,,0.000957,0.712689,"Pageable","Device","Tesla V100-DGXS-16GB (0)","1","7","[CUDA memcpy HtoD]"
3.120615,0.098144,,,,,,,,,,0.585983,5.830711,"Pageable","Device","Tesla V100-DGXS-16GB (0)","1","7","[CUDA memcpy HtoD]"
3.120728,0.001311,,,,,,,,,,0.000957,0.713233,"Pageable","Device","Tesla V100-DGXS-16GB (0)","1","7","[CUDA memcpy HtoD]"
3.120783,0.072704,7,4,1,128,1,1,128,16.000000,0,,,,,"Tesla V100-DGXS-16GB (0)","1","23","trt_volta_scudnn_128x64_relu_small_nn_v1 [1295]"
3.120968,0.097727,,,,,,,,,,0.585983,5.855591,"Pageable","Device","Tesla V100-DGXS-16GB (0)","1","7","[CUDA memcpy HtoD]"
3.121080,0.001312,,,,,,,,,,0.000957,0.712689,"Pageable","Device","Tesla V100-DGXS-16GB (0)","1","7","[CUDA memcpy HtoD]"
3.121173,0.097407,,,,,,,,,,0.585983,5.874827,"Pageable","Device","Tesla V100-DGXS-16GB (0)","1","7","[CUDA memcpy HtoD]"
3.121284,0.001344,,,,,,,,,,0.000957,0.695720,"Pageable","Device","Tesla V100-DGXS-16GB (0)","1","7","[CUDA memcpy HtoD]"
3.121337,0.093599,25,8,1,8,8,1,64,2.250000,0,,,,,"Tesla V100-DGXS-16GB (0)","1","23","void cudnn::detail::implicit_convolve_sgemm<float, float, int=128, int=5, int=5, int=3, int=3, int=3, int=1, bool=1, bool=0, bool=1>(int, int, int, float const *, int, float*, cudnn::detail::implicit_convolve_sgemm<float, float, int=128, int=5, int=5, int=3, int=3, int=3, int=1, bool=1, bool=0, bool=1>*, kernel_conv_params, int, float, float, int, float, float, int, int) [1333]"
3.121431,0.003680,1,251,2,128,1,1,29,0.000000,0,,,,,"Tesla V100-DGXS-16GB (0)","1","23","void add_tensor_kernel_v3<int=2, float, float, int=128, int=1, int=1, int=4, int=2>(cudnnTensorStruct, float*, cudnnTensorStruct, float const *, float, float) [1343]"
3.121436,0.010144,16,1,1,128,1,1,21,0.000000,0,,,,,"Tesla V100-DGXS-16GB (0)","1","23","void cudnn::detail::activation_fw_4d_kernel<float, float, int=128, int=1, int=4, cudnn::detail::relu_func<float, cudnnNanPropagation_t=1, bool=0>>(cudnnTensorStruct, float const *, cudnn::detail::activation_fw_4d_kernel<float, float, int=128, int=1, int=4, cudnn::detail::relu_func<float, cudnnNanPropagation_t=1, bool=0>>, cudnnTensorStruct*, float, cudnnTensorStruct*, int, cudnnTensorStruct*) [1354]"
3.121561,0.097984,,,,,,,,,,0.585983,5.840232,"Pageable","Device","Tesla V100-DGXS-16GB (0)","1","7","[CUDA memcpy HtoD]"
3.121674,0.001312,,,,,,,,,,0.000957,0.712689,"Pageable","Device","Tesla V100-DGXS-16GB (0)","1","7","[CUDA memcpy HtoD]"
3.121768,0.097855,,,,,,,,,,0.585983,5.847931,"Pageable","Device","Tesla V100-DGXS-16GB (0)","1","7","[CUDA memcpy HtoD]"
3.121879,0.001312,,,,,,,,,,0.000957,0.712689,"Pageable","Device","Tesla V100-DGXS-16GB (0)","1","7","[CUDA memcpy HtoD]"
3.121905,0.001920,7,1,1,128,1,1,16,0.000000,0,,,,,"Tesla V100-DGXS-16GB (0)","1","23","cudnn::gemm::computeOffsetsKernel(cudnn::gemm::ComputeOffsetsParams) [1374]"
3.121922,0.072767,7,4,1,128,1,1,128,16.000000,0,,,,,"Tesla V100-DGXS-16GB (0)","1","23","volta_scudnn_128x64_relu_small_nn_v1 [1379]"
3.121996,0.002944,1,251,2,128,1,1,29,0.000000,0,,,,,"Tesla V100-DGXS-16GB (0)","1","23","void add_tensor_kernel_v3<int=2, float, float, int=128, int=1, int=1, int=4, int=2>(cudnnTensorStruct, float*, cudnnTensorStruct, float const *, float, float) [1388]"
3.122000,0.009824,16,1,1,128,1,1,21,0.000000,0,,,,,"Tesla V100-DGXS-16GB (0)","1","23","void cudnn::detail::activation_fw_4d_kernel<float, float, int=128, int=1, int=4, cudnn::detail::relu_func<float, cudnnNanPropagation_t=1, bool=0>>(cudnnTensorStruct, float const *, cudnn::detail::activation_fw_4d_kernel<float, float, int=128, int=1, int=4, cudnn::detail::relu_func<float, cudnnNanPropagation_t=1, bool=0>>, cudnnTensorStruct*, float, cudnnTensorStruct*, int, cudnnTensorStruct*) [1399]"
3.122119,0.097919,,,,,,,,,,0.585983,5.844109,"Pageable","Device","Tesla V100-DGXS-16GB (0)","1","7","[CUDA memcpy HtoD]"
3.122233,0.001344,,,,,,,,,,0.000957,0.695720,"Pageable","Device","Tesla V100-DGXS-16GB (0)","1","7","[CUDA memcpy HtoD]"
3.122327,0.097983,,,,,,,,,,0.585983,5.840292,"Pageable","Device","Tesla V100-DGXS-16GB (0)","1","7","[CUDA memcpy HtoD]"
3.122437,0.001344,,,,,,,,,,0.000957,0.695720,"Pageable","Device","Tesla V100-DGXS-16GB (0)","1","7","[CUDA memcpy HtoD]"
3.122529,0.097951,,,,,,,,,,0.585983,5.842200,"Pageable","Device","Tesla V100-DGXS-16GB (0)","1","7","[CUDA memcpy HtoD]"
3.122640,0.001312,,,,,,,,,,0.000957,0.712689,"Pageable","Device","Tesla V100-DGXS-16GB (0)","1","7","[CUDA memcpy HtoD]"
3.123848,0.001152,,,,,,,,,,0.750671,636.352019,"Device",,"Tesla V100-DGXS-16GB (0)","1","7","[CUDA memset]"
3.124320,0.001152,,,,,,,,,,0.187668,159.088005,"Device",,"Tesla V100-DGXS-16GB (0)","1","7","[CUDA memset]"
3.124350,0.001120,,,,,,,,,,1.000000,871.930804,"Device",,"Tesla V100-DGXS-16GB (0)","1","7","[CUDA memset]"
3.124396,0.004800,251,7,1,256,1,1,16,1.000000,0,,,,,"Tesla V100-DGXS-16GB (0)","1","23","void nvinfer1::tiled_pooling::poolCHW_PQT<int=2, int=2, int=2, int=2, int=2, int=32, int=256, int=1, int=1, bool=1, nvinfer1::ITiledPooling::PoolingMode, bool=0>(nvinfer1::TiledPoolingParams) [1443]"
3.124439,0.003584,126,7,1,256,1,1,17,2.000000,0,,,,,"Tesla V100-DGXS-16GB (0)","1","23","void nvinfer1::tiled_pooling::poolCHW_PQT<int=2, int=2, int=2, int=2, int=2, int=32, int=256, int=2, int=1, bool=1, nvinfer1::ITiledPooling::PoolingMode, bool=0>(nvinfer1::TiledPoolingParams) [1451]"
3.124473,0.003232,84,7,1,256,1,1,22,3.000000,0,,,,,"Tesla V100-DGXS-16GB (0)","1","23","void nvinfer1::tiled_pooling::poolCHW_PQT<int=2, int=2, int=2, int=2, int=2, int=32, int=256, int=3, int=1, bool=1, nvinfer1::ITiledPooling::PoolingMode, bool=0>(nvinfer1::TiledPoolingParams) [1459]"
3.124505,0.003168,63,7,1,256,1,1,26,4.000000,0,,,,,"Tesla V100-DGXS-16GB (0)","1","23","void nvinfer1::tiled_pooling::poolCHW_PQT<int=2, int=2, int=2, int=2, int=2, int=32, int=256, int=4, int=1, bool=1, nvinfer1::ITiledPooling::PoolingMode, bool=0>(nvinfer1::TiledPoolingParams) [1467]"
3.124536,0.003456,51,7,1,256,1,1,30,5.000000,0,,,,,"Tesla V100-DGXS-16GB (0)","1","23","void nvinfer1::tiled_pooling::poolCHW_PQT<int=2, int=2, int=2, int=2, int=2, int=32, int=256, int=5, int=1, bool=1, nvinfer1::ITiledPooling::PoolingMode, bool=0>(nvinfer1::TiledPoolingParams) [1475]"
3.124571,0.003616,42,7,1,256,1,1,31,6.000000,0,,,,,"Tesla V100-DGXS-16GB (0)","1","23","void nvinfer1::tiled_pooling::poolCHW_PQT<int=2, int=2, int=2, int=2, int=2, int=32, int=256, int=6, int=1, bool=1, nvinfer1::ITiledPooling::PoolingMode, bool=0>(nvinfer1::TiledPoolingParams) [1483]"
3.124602,0.003808,36,7,1,256,1,1,32,7.000000,0,,,,,"Tesla V100-DGXS-16GB (0)","1","23","void nvinfer1::tiled_pooling::poolCHW_PQT<int=2, int=2, int=2, int=2, int=2, int=32, int=256, int=7, int=1, bool=1, nvinfer1::ITiledPooling::PoolingMode, bool=0>(nvinfer1::TiledPoolingParams) [1491]"
3.124634,0.003872,32,7,1,256,1,1,32,8.000000,0,,,,,"Tesla V100-DGXS-16GB (0)","1","23","void nvinfer1::tiled_pooling::poolCHW_PQT<int=2, int=2, int=2, int=2, int=2, int=32, int=256, int=8, int=1, bool=1, nvinfer1::ITiledPooling::PoolingMode, bool=0>(nvinfer1::TiledPoolingParams) [1499]"
3.124665,0.004256,251,7,1,128,1,1,16,0.500000,0,,,,,"Tesla V100-DGXS-16GB (0)","1","23","void nvinfer1::tiled_pooling::poolCHW_PQT<int=2, int=2, int=2, int=2, int=2, int=16, int=128, int=1, int=1, bool=1, nvinfer1::ITiledPooling::PoolingMode, bool=0>(nvinfer1::TiledPoolingParams) [1507]"
3.124695,0.003392,126,7,1,128,1,1,17,1.000000,0,,,,,"Tesla V100-DGXS-16GB (0)","1","23","void nvinfer1::tiled_pooling::poolCHW_PQT<int=2, int=2, int=2, int=2, int=2, int=16, int=128, int=2, int=1, bool=1, nvinfer1::ITiledPooling::PoolingMode, bool=0>(nvinfer1::TiledPoolingParams) [1515]"
3.124727,0.003104,84,7,1,128,1,1,22,1.500000,0,,,,,"Tesla V100-DGXS-16GB (0)","1","23","void nvinfer1::tiled_pooling::poolCHW_PQT<int=2, int=2, int=2, int=2, int=2, int=16, int=128, int=3, int=1, bool=1, nvinfer1::ITiledPooling::PoolingMode, bool=0>(nvinfer1::TiledPoolingParams) [1523]"
3.124757,0.003328,63,7,1,128,1,1,26,2.000000,0,,,,,"Tesla V100-DGXS-16GB (0)","1","23","void nvinfer1::tiled_pooling::poolCHW_PQT<int=2, int=2, int=2, int=2, int=2, int=16, int=128, int=4, int=1, bool=1, nvinfer1::ITiledPooling::PoolingMode, bool=0>(nvinfer1::TiledPoolingParams) [1531]"
3.124788,0.003328,51,7,1,128,1,1,30,2.500000,0,,,,,"Tesla V100-DGXS-16GB (0)","1","23","void nvinfer1::tiled_pooling::poolCHW_PQT<int=2, int=2, int=2, int=2, int=2, int=16, int=128, int=5, int=1, bool=1, nvinfer1::ITiledPooling::PoolingMode, bool=0>(nvinfer1::TiledPoolingParams) [1539]"
3.124819,0.003680,42,7,1,128,1,1,31,3.000000,0,,,,,"Tesla V100-DGXS-16GB (0)","1","23","void nvinfer1::tiled_pooling::poolCHW_PQT<int=2, int=2, int=2, int=2, int=2, int=16, int=128, int=6, int=1, bool=1, nvinfer1::ITiledPooling::PoolingMode, bool=0>(nvinfer1::TiledPoolingParams) [1547]"
3.124850,0.003584,36,7,1,128,1,1,32,3.500000,0,,,,,"Tesla V100-DGXS-16GB (0)","1","23","void nvinfer1::tiled_pooling::poolCHW_PQT<int=2, int=2, int=2, int=2, int=2, int=16, int=128, int=7, int=1, bool=1, nvinfer1::ITiledPooling::PoolingMode, bool=0>(nvinfer1::TiledPoolingParams) [1555]"
3.124880,0.003967,32,7,1,128,1,1,32,4.000000,0,,,,,"Tesla V100-DGXS-16GB (0)","1","23","void nvinfer1::tiled_pooling::poolCHW_PQT<int=2, int=2, int=2, int=2, int=2, int=16, int=128, int=8, int=1, bool=1, nvinfer1::ITiledPooling::PoolingMode, bool=0>(nvinfer1::TiledPoolingParams) [1563]"
3.125831,0.001152,,,,,,,,,,0.187668,159.088005,"Device",,"Tesla V100-DGXS-16GB (0)","1","7","[CUDA memset]"
3.125859,0.001152,,,,,,,,,,0.050282,42.624177,"Device",,"Tesla V100-DGXS-16GB (0)","1","7","[CUDA memset]"
3.126328,0.001152,,,,,,,,,,1.000000,847.710503,"Device",,"Tesla V100-DGXS-16GB (0)","1","7","[CUDA memset]"
3.134362,1.072856,,,,,,,,,,6.439114,5.861175,"Pageable","Device","Tesla V100-DGXS-16GB (0)","1","7","[CUDA memcpy HtoD]"
3.135736,0.001632,,,,,,,,,,0.001026,0.614034,"Pageable","Device","Tesla V100-DGXS-16GB (0)","1","7","[CUDA memcpy HtoD]"
3.135775,0.395677,9,2,2,32,1,1,84,0.500000,0,,,,,"Tesla V100-DGXS-16GB (0)","1","23","void fused::fusedConvolutionReluKernel<fused::SrcChwcPtr_FltTex_Reader<float, int=1, int=1, int=1>, fused::KpqkPtrWriter<float, int=1, int=1>, float, float, int=4, int=4, int=1, int=5, int=5, int=2, int=2>(fused::ConvolutionParams<floatSrcType, int=1, int=1Type>, float) [1595]"
3.137367,0.001152,,,,,,,,,,6.441528,5460.551216,"Device",,"Tesla V100-DGXS-16GB (0)","1","7","[CUDA memset]"
3.141244,0.002464,1,1,1,256,1,1,18,0.000000,0,,,,,"Tesla V100-DGXS-16GB (0)","1","23","cask::computeOffsetsKernel(cask::ComputeOffsetsParams) [1609]"
3.141355,1.069944,,,,,,,,,,6.439114,5.877127,"Pageable","Device","Tesla V100-DGXS-16GB (0)","1","7","[CUDA memcpy HtoD]"
3.142439,0.001344,,,,,,,,,,0.001026,0.745612,"Pageable","Device","Tesla V100-DGXS-16GB (0)","1","7","[CUDA memcpy HtoD]"
3.143056,1.067256,,,,,,,,,,6.439114,5.891929,"Pageable","Device","Tesla V100-DGXS-16GB (0)","1","7","[CUDA memcpy HtoD]"
3.144433,0.001632,,,,,,,,,,0.001026,0.614034,"Pageable","Device","Tesla V100-DGXS-16GB (0)","1","7","[CUDA memcpy HtoD]"
3.144466,1.128216,1,3,1,256,1,1,160,32.000000,0,,,,,"Tesla V100-DGXS-16GB (0)","1","23","trt_volta_scudnn_128x128_relu_xregs_large_nn_v1 [1617]"
3.146153,0.001120,,,,,,,,,,6.441528,5616.566965,"Device",,"Tesla V100-DGXS-16GB (0)","1","7","[CUDA memset]"
3.150022,0.002400,1,1,1,256,1,1,18,0.000000,0,,,,,"Tesla V100-DGXS-16GB (0)","1","23","cask::computeOffsetsKernel(cask::ComputeOffsetsParams) [1624]"
3.150129,1.069432,,,,,,,,,,6.439114,5.879941,"Pageable","Device","Tesla V100-DGXS-16GB (0)","1","7","[CUDA memcpy HtoD]"
3.151214,0.001344,,,,,,,,,,0.001026,0.745612,"Pageable","Device","Tesla V100-DGXS-16GB (0)","1","7","[CUDA memcpy HtoD]"
3.151816,1.067544,,,,,,,,,,6.439114,5.890340,"Pageable","Device","Tesla V100-DGXS-16GB (0)","1","7","[CUDA memcpy HtoD]"
3.152896,0.001344,,,,,,,,,,0.001026,0.745612,"Pageable","Device","Tesla V100-DGXS-16GB (0)","1","7","[CUDA memcpy HtoD]"
3.153400,1.098520,1,9,1,64,1,1,128,5.250000,0,,,,,"Tesla V100-DGXS-16GB (0)","1","23","trt_volta_scudnn_128x32_relu_small_nn_v1 [1635]"
3.155077,0.001152,,,,,,,,,,6.441528,5460.551216,"Device",,"Tesla V100-DGXS-16GB (0)","1","7","[CUDA memset]"
3.158937,0.002463,1,1,1,256,1,1,18,0.000000,0,,,,,"Tesla V100-DGXS-16GB (0)","1","23","cask::computeOffsetsKernel(cask::ComputeOffsetsParams) [1642]"
3.159043,1.068696,,,,,,,,,,6.439114,5.883990,"Pageable","Device","Tesla V100-DGXS-16GB (0)","1","7","[CUDA memcpy HtoD]"
3.160125,0.001344,,,,,,,,,,0.001026,0.745612,"Pageable","Device","Tesla V100-DGXS-16GB (0)","1","7","[CUDA memcpy HtoD]"
3.160738,1.069144,,,,,,,,,,6.439114,5.881525,"Pageable","Device","Tesla V100-DGXS-16GB (0)","1","7","[CUDA memcpy HtoD]"
3.161824,0.001344,,,,,,,,,,0.001026,0.745612,"Pageable","Device","Tesla V100-DGXS-16GB (0)","1","7","[CUDA memcpy HtoD]"
3.162456,0.821658,1,5,1,128,1,1,128,16.000000,0,,,,,"Tesla V100-DGXS-16GB (0)","1","23","trt_volta_scudnn_128x64_relu_medium_nn_v1 [1653]"
3.163857,0.001152,,,,,,,,,,6.441528,5460.551216,"Device",,"Tesla V100-DGXS-16GB (0)","1","7","[CUDA memset]"
3.167730,0.002464,1,1,1,256,1,1,18,0.000000,0,,,,,"Tesla V100-DGXS-16GB (0)","1","23","cask::computeOffsetsKernel(cask::ComputeOffsetsParams) [1660]"
3.167837,1.070168,,,,,,,,,,6.439114,5.875897,"Pageable","Device","Tesla V100-DGXS-16GB (0)","1","7","[CUDA memcpy HtoD]"
3.168924,0.001344,,,,,,,,,,0.001026,0.745612,"Pageable","Device","Tesla V100-DGXS-16GB (0)","1","7","[CUDA memcpy HtoD]"
3.169526,1.069368,,,,,,,,,,6.439114,5.880293,"Pageable","Device","Tesla V100-DGXS-16GB (0)","1","7","[CUDA memcpy HtoD]"
3.170611,0.001344,,,,,,,,,,0.001026,0.745612,"Pageable","Device","Tesla V100-DGXS-16GB (0)","1","7","[CUDA memcpy HtoD]"
3.171102,0.842201,1,5,1,128,1,1,160,16.000000,0,,,,,"Tesla V100-DGXS-16GB (0)","1","23","trt_volta_scudnn_128x64_relu_xregs_large_nn_v1 [1671]"
3.172528,0.001152,,,,,,,,,,6.441528,5460.551216,"Device",,"Tesla V100-DGXS-16GB (0)","1","7","[CUDA memset]"
3.176385,0.002464,1,1,1,256,1,1,18,0.000000,0,,,,,"Tesla V100-DGXS-16GB (0)","1","23","cask::computeOffsetsKernel(cask::ComputeOffsetsParams) [1678]"
3.176492,1.069208,,,,,,,,,,6.439114,5.881173,"Pageable","Device","Tesla V100-DGXS-16GB (0)","1","7","[CUDA memcpy HtoD]"
3.177576,0.001344,,,,,,,,,,0.001026,0.745612,"Pageable","Device","Tesla V100-DGXS-16GB (0)","1","7","[CUDA memcpy HtoD]"
3.178181,1.068152,,,,,,,,,,6.439114,5.886987,"Pageable","Device","Tesla V100-DGXS-16GB (0)","1","7","[CUDA memcpy HtoD]"
3.179262,0.001344,,,,,,,,,,0.001026,0.745612,"Pageable","Device","Tesla V100-DGXS-16GB (0)","1","7","[CUDA memcpy HtoD]"
3.179756,1.105176,1,3,1,256,1,1,128,32.000000,0,,,,,"Tesla V100-DGXS-16GB (0)","1","23","trt_volta_scudnn_128x128_relu_medium_nn_v1 [1689]"
3.182086,0.001152,,,,,,,,,,6.441528,5460.551216,"Device",,"Tesla V100-DGXS-16GB (0)","1","7","[CUDA memset]"
3.185954,0.002464,1,1,1,256,1,1,18,0.000000,0,,,,,"Tesla V100-DGXS-16GB (0)","1","23","cask::computeOffsetsKernel(cask::ComputeOffsetsParams) [1696]"
3.186060,1.068920,,,,,,,,,,6.439114,5.882757,"Pageable","Device","Tesla V100-DGXS-16GB (0)","1","7","[CUDA memcpy HtoD]"
3.187144,0.001376,,,,,,,,,,0.001026,0.728273,"Pageable","Device","Tesla V100-DGXS-16GB (0)","1","7","[CUDA memcpy HtoD]"
3.189117,1.070712,,,,,,,,,,6.439114,5.872912,"Pageable","Device","Tesla V100-DGXS-16GB (0)","1","7","[CUDA memcpy HtoD]"
3.190202,0.001312,,,,,,,,,,0.001026,0.763798,"Pageable","Device","Tesla V100-DGXS-16GB (0)","1","7","[CUDA memcpy HtoD]"
3.190692,1.067704,1,3,1,256,1,1,128,32.000000,0,,,,,"Tesla V100-DGXS-16GB (0)","1","23","trt_volta_scudnn_128x128_relu_small_nn_v1 [1707]"
3.192327,0.001120,,,,,,,,,,6.441528,5616.566965,"Device",,"Tesla V100-DGXS-16GB (0)","1","7","[CUDA memset]"
3.196181,0.002464,1,1,1,256,1,1,18,0.000000,0,,,,,"Tesla V100-DGXS-16GB (0)","1","23","cask::computeOffsetsKernel(cask::ComputeOffsetsParams) [1714]"
3.196286,1.071704,,,,,,,,,,6.439114,5.867475,"Pageable","Device","Tesla V100-DGXS-16GB (0)","1","7","[CUDA memcpy HtoD]"
3.197373,0.001344,,,,,,,,,,0.001026,0.745612,"Pageable","Device","Tesla V100-DGXS-16GB (0)","1","7","[CUDA memcpy HtoD]"
3.197947,1.070520,,,,,,,,,,6.439114,5.873965,"Pageable","Device","Tesla V100-DGXS-16GB (0)","1","7","[CUDA memcpy HtoD]"
3.199032,0.001344,,,,,,,,,,0.001026,0.745612,"Pageable","Device","Tesla V100-DGXS-16GB (0)","1","7","[CUDA memcpy HtoD]"
3.199512,0.688347,1,5,1,128,1,1,128,16.000000,0,,,,,"Tesla V100-DGXS-16GB (0)","1","23","trt_volta_scudnn_128x64_relu_small_nn_v1 [1725]"
3.200836,1.066456,,,,,,,,,,6.439114,5.896349,"Pageable","Device","Tesla V100-DGXS-16GB (0)","1","7","[CUDA memcpy HtoD]"
3.201917,0.001344,,,,,,,,,,0.001026,0.745612,"Pageable","Device","Tesla V100-DGXS-16GB (0)","1","7","[CUDA memcpy HtoD]"
3.202852,1.064952,,,,,,,,,,6.439114,5.904676,"Pageable","Device","Tesla V100-DGXS-16GB (0)","1","7","[CUDA memcpy HtoD]"
3.203933,0.001312,,,,,,,,,,0.001026,0.763798,"Pageable","Device","Tesla V100-DGXS-16GB (0)","1","7","[CUDA memcpy HtoD]"
3.204001,0.795738,2,9,1,8,8,1,64,2.250000,0,,,,,"Tesla V100-DGXS-16GB (0)","1","23","void cudnn::detail::implicit_convolve_sgemm<float, float, int=128, int=5, int=5, int=3, int=3, int=3, int=1, bool=1, bool=0, bool=1>(int, int, int, float const *, int, float*, cudnn::detail::implicit_convolve_sgemm<float, float, int=128, int=5, int=5, int=3, int=3, int=3, int=1, bool=1, bool=0, bool=1>*, kernel_conv_params, int, float, float, int, float, float, int, int) [1763]"
3.204798,0.003680,1,269,1,128,1,1,29,0.000000,0,,,,,"Tesla V100-DGXS-16GB (0)","1","23","void add_tensor_kernel_v3<int=2, float, float, int=128, int=1, int=1, int=4, int=2>(cudnnTensorStruct, float*, cudnnTensorStruct, float const *, float, float) [1773]"
3.204803,0.009536,1,1,1,128,1,1,21,0.000000,0,,,,,"Tesla V100-DGXS-16GB (0)","1","23","void cudnn::detail::activation_fw_4d_kernel<float, float, int=128, int=1, int=4, cudnn::detail::relu_func<float, cudnnNanPropagation_t=1, bool=0>>(cudnnTensorStruct, float const *, cudnn::detail::activation_fw_4d_kernel<float, float, int=128, int=1, int=4, cudnn::detail::relu_func<float, cudnnNanPropagation_t=1, bool=0>>, cudnnTensorStruct*, float, cudnnTensorStruct*, int, cudnnTensorStruct*) [1784]"
3.205646,1.065880,,,,,,,,,,6.439114,5.899535,"Pageable","Device","Tesla V100-DGXS-16GB (0)","1","7","[CUDA memcpy HtoD]"
3.206728,0.001344,,,,,,,,,,0.001026,0.745612,"Pageable","Device","Tesla V100-DGXS-16GB (0)","1","7","[CUDA memcpy HtoD]"
3.208911,1.064856,,,,,,,,,,6.439114,5.905209,"Pageable","Device","Tesla V100-DGXS-16GB (0)","1","7","[CUDA memcpy HtoD]"
3.209991,0.001344,,,,,,,,,,0.001026,0.745612,"Pageable","Device","Tesla V100-DGXS-16GB (0)","1","7","[CUDA memcpy HtoD]"
3.210031,0.002112,1,1,1,128,1,1,16,0.000000,0,,,,,"Tesla V100-DGXS-16GB (0)","1","23","cudnn::gemm::computeOffsetsKernel(cudnn::gemm::ComputeOffsetsParams) [1804]"
3.210054,0.649403,1,5,1,128,1,1,128,16.000000,0,,,,,"Tesla V100-DGXS-16GB (0)","1","23","volta_scudnn_128x64_relu_small_nn_v1 [1809]"
3.210705,0.002944,1,269,1,128,1,1,29,0.000000,0,,,,,"Tesla V100-DGXS-16GB (0)","1","23","void add_tensor_kernel_v3<int=2, float, float, int=128, int=1, int=1, int=4, int=2>(cudnnTensorStruct, float*, cudnnTensorStruct, float const *, float, float) [1818]"
3.210709,0.009504,1,1,1,128,1,1,21,0.000000,0,,,,,"Tesla V100-DGXS-16GB (0)","1","23","void cudnn::detail::activation_fw_4d_kernel<float, float, int=128, int=1, int=4, cudnn::detail::relu_func<float, cudnnNanPropagation_t=1, bool=0>>(cudnnTensorStruct, float const *, cudnn::detail::activation_fw_4d_kernel<float, float, int=128, int=1, int=4, cudnn::detail::relu_func<float, cudnnNanPropagation_t=1, bool=0>>, cudnnTensorStruct*, float, cudnnTensorStruct*, int, cudnnTensorStruct*) [1829]"
3.211555,1.066456,,,,,,,,,,6.439114,5.896349,"Pageable","Device","Tesla V100-DGXS-16GB (0)","1","7","[CUDA memcpy HtoD]"
3.212638,0.001312,,,,,,,,,,0.001026,0.763798,"Pageable","Device","Tesla V100-DGXS-16GB (0)","1","7","[CUDA memcpy HtoD]"
3.214021,0.001152,,,,,,,,,,0.050282,42.624177,"Device",,"Tesla V100-DGXS-16GB (0)","1","7","[CUDA memset]"
3.214045,0.001152,,,,,,,,,,0.009235,7.828930,"Device",,"Tesla V100-DGXS-16GB (0)","1","7","[CUDA memset]"
3.214536,0.001152,,,,,,,,,,1.000000,847.710503,"Device",,"Tesla V100-DGXS-16GB (0)","1","7","[CUDA memset]"
3.214587,0.002944,269,2,1,256,1,1,16,1.000000,0,,,,,"Tesla V100-DGXS-16GB (0)","1","23","void nvinfer1::tiled_pooling::poolCHW_PQT<int=2, int=2, int=2, int=2, int=2, int=32, int=256, int=1, int=1, bool=1, nvinfer1::ITiledPooling::PoolingMode, bool=0>(nvinfer1::TiledPoolingParams) [1861]"
3.214632,0.002560,135,2,1,256,1,1,17,2.000000,0,,,,,"Tesla V100-DGXS-16GB (0)","1","23","void nvinfer1::tiled_pooling::poolCHW_PQT<int=2, int=2, int=2, int=2, int=2, int=32, int=256, int=2, int=1, bool=1, nvinfer1::ITiledPooling::PoolingMode, bool=0>(nvinfer1::TiledPoolingParams) [1869]"
3.214667,0.002528,90,2,1,256,1,1,22,3.000000,0,,,,,"Tesla V100-DGXS-16GB (0)","1","23","void nvinfer1::tiled_pooling::poolCHW_PQT<int=2, int=2, int=2, int=2, int=2, int=32, int=256, int=3, int=1, bool=1, nvinfer1::ITiledPooling::PoolingMode, bool=0>(nvinfer1::TiledPoolingParams) [1877]"
3.214700,0.002848,68,2,1,256,1,1,26,4.000000,0,,,,,"Tesla V100-DGXS-16GB (0)","1","23","void nvinfer1::tiled_pooling::poolCHW_PQT<int=2, int=2, int=2, int=2, int=2, int=32, int=256, int=4, int=1, bool=1, nvinfer1::ITiledPooling::PoolingMode, bool=0>(nvinfer1::TiledPoolingParams) [1885]"
3.214732,0.003008,54,2,1,256,1,1,30,5.000000,0,,,,,"Tesla V100-DGXS-16GB (0)","1","23","void nvinfer1::tiled_pooling::poolCHW_PQT<int=2, int=2, int=2, int=2, int=2, int=32, int=256, int=5, int=1, bool=1, nvinfer1::ITiledPooling::PoolingMode, bool=0>(nvinfer1::TiledPoolingParams) [1893]"
3.214764,0.003200,45,2,1,256,1,1,31,6.000000,0,,,,,"Tesla V100-DGXS-16GB (0)","1","23","void nvinfer1::tiled_pooling::poolCHW_PQT<int=2, int=2, int=2, int=2, int=2, int=32, int=256, int=6, int=1, bool=1, nvinfer1::ITiledPooling::PoolingMode, bool=0>(nvinfer1::TiledPoolingParams) [1901]"
3.214795,0.003552,39,2,1,256,1,1,32,7.000000,0,,,,,"Tesla V100-DGXS-16GB (0)","1","23","void nvinfer1::tiled_pooling::poolCHW_PQT<int=2, int=2, int=2, int=2, int=2, int=32, int=256, int=7, int=1, bool=1, nvinfer1::ITiledPooling::PoolingMode, bool=0>(nvinfer1::TiledPoolingParams) [1909]"
3.214827,0.003392,34,2,1,256,1,1,32,8.000000,0,,,,,"Tesla V100-DGXS-16GB (0)","1","23","void nvinfer1::tiled_pooling::poolCHW_PQT<int=2, int=2, int=2, int=2, int=2, int=32, int=256, int=8, int=1, bool=1, nvinfer1::ITiledPooling::PoolingMode, bool=0>(nvinfer1::TiledPoolingParams) [1917]"
3.214859,0.002592,269,2,1,128,1,1,16,0.500000,0,,,,,"Tesla V100-DGXS-16GB (0)","1","23","void nvinfer1::tiled_pooling::poolCHW_PQT<int=2, int=2, int=2, int=2, int=2, int=16, int=128, int=1, int=1, bool=1, nvinfer1::ITiledPooling::PoolingMode, bool=0>(nvinfer1::TiledPoolingParams) [1925]"
3.214891,0.002496,135,2,1,128,1,1,17,1.000000,0,,,,,"Tesla V100-DGXS-16GB (0)","1","23","void nvinfer1::tiled_pooling::poolCHW_PQT<int=2, int=2, int=2, int=2, int=2, int=16, int=128, int=2, int=1, bool=1, nvinfer1::ITiledPooling::PoolingMode, bool=0>(nvinfer1::TiledPoolingParams) [1933]"
3.214923,0.002528,90,2,1,128,1,1,22,1.500000,0,,,,,"Tesla V100-DGXS-16GB (0)","1","23","void nvinfer1::tiled_pooling::poolCHW_PQT<int=2, int=2, int=2, int=2, int=2, int=16, int=128, int=3, int=1, bool=1, nvinfer1::ITiledPooling::PoolingMode, bool=0>(nvinfer1::TiledPoolingParams) [1941]"
3.214954,0.002784,68,2,1,128,1,1,26,2.000000,0,,,,,"Tesla V100-DGXS-16GB (0)","1","23","void nvinfer1::tiled_pooling::poolCHW_PQT<int=2, int=2, int=2, int=2, int=2, int=16, int=128, int=4, int=1, bool=1, nvinfer1::ITiledPooling::PoolingMode, bool=0>(nvinfer1::TiledPoolingParams) [1949]"
3.214985,0.003040,54,2,1,128,1,1,30,2.500000,0,,,,,"Tesla V100-DGXS-16GB (0)","1","23","void nvinfer1::tiled_pooling::poolCHW_PQT<int=2, int=2, int=2, int=2, int=2, int=16, int=128, int=5, int=1, bool=1, nvinfer1::ITiledPooling::PoolingMode, bool=0>(nvinfer1::TiledPoolingParams) [1957]"
3.215015,0.003392,45,2,1,128,1,1,31,3.000000,0,,,,,"Tesla V100-DGXS-16GB (0)","1","23","void nvinfer1::tiled_pooling::poolCHW_PQT<int=2, int=2, int=2, int=2, int=2, int=16, int=128, int=6, int=1, bool=1, nvinfer1::ITiledPooling::PoolingMode, bool=0>(nvinfer1::TiledPoolingParams) [1965]"
3.215047,0.003584,39,2,1,128,1,1,32,3.500000,0,,,,,"Tesla V100-DGXS-16GB (0)","1","23","void nvinfer1::tiled_pooling::poolCHW_PQT<int=2, int=2, int=2, int=2, int=2, int=16, int=128, int=7, int=1, bool=1, nvinfer1::ITiledPooling::PoolingMode, bool=0>(nvinfer1::TiledPoolingParams) [1973]"
3.215078,0.003968,34,2,1,128,1,1,32,4.000000,0,,,,,"Tesla V100-DGXS-16GB (0)","1","23","void nvinfer1::tiled_pooling::poolCHW_PQT<int=2, int=2, int=2, int=2, int=2, int=16, int=128, int=8, int=1, bool=1, nvinfer1::ITiledPooling::PoolingMode, bool=0>(nvinfer1::TiledPoolingParams) [1981]"
3.215383,0.001120,,,,,,,,,,0.009235,8.052614,"Device",,"Tesla V100-DGXS-16GB (0)","1","7","[CUDA memset]"
3.215413,0.001184,,,,,,,,,,0.015625,12.887491,"Device",,"Tesla V100-DGXS-16GB (0)","1","7","[CUDA memset]"
3.215898,0.001152,,,,,,,,,,1.000000,847.710503,"Device",,"Tesla V100-DGXS-16GB (0)","1","7","[CUDA memset]"
3.216543,6.217425,,,,,,,,,,37.828125,5.941612,"Pageable","Device","Tesla V100-DGXS-16GB (0)","1","7","[CUDA memcpy HtoD]"
3.222784,0.002752,,,,,,,,,,0.015625,5.544618,"Pageable","Device","Tesla V100-DGXS-16GB (0)","1","7","[CUDA memcpy HtoD]"
3.222834,0.059775,512,1,1,128,1,1,32,1.500000,0,,,,,"Tesla V100-DGXS-16GB (0)","1","23","void gemv2T_kernel_val<float, float, float, int=128, int=16, int=2, int=4, bool=0>(int, int, float, float const *, int, float const *, int, float, float*, int) [2015]"
3.222895,0.003584,1,16,1,16,16,1,16,0.000000,0,,,,,"Tesla V100-DGXS-16GB (0)","1","23","void add_tensor_kernel_v3<int=2, float, float, int=16, int=16, int=1, int=16, int=4>(cudnnTensorStruct, float*, cudnnTensorStruct, float const *, float, float) [2024]"
3.222900,0.005280,1,1,1,128,1,1,21,0.000000,0,,,,,"Tesla V100-DGXS-16GB (0)","1","23","void cudnn::detail::activation_fw_4d_kernel<float, float, int=128, int=1, int=4, cudnn::detail::relu_func<float, cudnnNanPropagation_t=1, bool=0>>(cudnnTensorStruct, float const *, cudnn::detail::activation_fw_4d_kernel<float, float, int=128, int=1, int=4, cudnn::detail::relu_func<float, cudnnNanPropagation_t=1, bool=0>>, cudnnTensorStruct*, float, cudnnTensorStruct*, int, cudnnTensorStruct*) [2035]"
3.295630,6.270865,,,,,,,,,,37.828125,5.890978,"Pageable","Device","Tesla V100-DGXS-16GB (0)","1","7","[CUDA memcpy HtoD]"
3.303764,0.002784,,,,,,,,,,0.015625,5.480887,"Pageable","Device","Tesla V100-DGXS-16GB (0)","1","7","[CUDA memcpy HtoD]"
3.303813,0.061087,128,1,1,128,1,1,56,2.500000,0,,,,,"Tesla V100-DGXS-16GB (0)","1","23","void gemv2N_kernel_val<float, float, float, int=128, int=4, int=4, int=4, int=1>(float, float, cublasGemv2Params_v2<float, float, float>) [2051]"
3.303875,0.002688,1,16,1,16,16,1,16,0.000000,0,,,,,"Tesla V100-DGXS-16GB (0)","1","23","void add_tensor_kernel_v3<int=2, float, float, int=16, int=16, int=1, int=16, int=4>(cudnnTensorStruct, float*, cudnnTensorStruct, float const *, float, float) [2060]"
3.303879,0.005088,1,1,1,128,1,1,21,0.000000,0,,,,,"Tesla V100-DGXS-16GB (0)","1","23","void cudnn::detail::activation_fw_4d_kernel<float, float, int=128, int=1, int=4, cudnn::detail::relu_func<float, cudnnNanPropagation_t=1, bool=0>>(cudnnTensorStruct, float const *, cudnn::detail::activation_fw_4d_kernel<float, float, int=128, int=1, int=4, cudnn::detail::relu_func<float, cudnnNanPropagation_t=1, bool=0>>, cudnnTensorStruct*, float, cudnnTensorStruct*, int, cudnnTensorStruct*) [2071]"
3.304546,0.001152,,,,,,,,,,0.015625,13.245477,"Device",,"Tesla V100-DGXS-16GB (0)","1","7","[CUDA memset]"
3.305319,0.001120,,,,,,,,,,0.003906,3.405980,"Device",,"Tesla V100-DGXS-16GB (0)","1","7","[CUDA memset]"
3.305813,0.001344,,,,,,,,,,1.000000,726.609003,"Device",,"Tesla V100-DGXS-16GB (0)","1","7","[CUDA memset]"
3.306420,2.651405,,,,,,,,,,16.000000,5.893102,"Pageable","Device","Tesla V100-DGXS-16GB (0)","1","7","[CUDA memcpy HtoD]"
3.309085,0.001632,,,,,,,,,,0.003906,2.337437,"Pageable","Device","Tesla V100-DGXS-16GB (0)","1","7","[CUDA memcpy HtoD]"
3.309116,0.039424,128,1,1,128,1,1,32,1.500000,0,,,,,"Tesla V100-DGXS-16GB (0)","1","23","void gemv2T_kernel_val<float, float, float, int=128, int=16, int=2, int=4, bool=0>(int, int, float, float const *, int, float const *, int, float, float*, int) [2111]"
3.309157,0.002880,1,4,1,16,16,1,16,0.000000,0,,,,,"Tesla V100-DGXS-16GB (0)","1","23","void add_tensor_kernel_v3<int=2, float, float, int=16, int=16, int=1, int=16, int=4>(cudnnTensorStruct, float*, cudnnTensorStruct, float const *, float, float) [2120]"
3.309161,0.003520,1,1,1,128,1,1,21,0.000000,0,,,,,"Tesla V100-DGXS-16GB (0)","1","23","void cudnn::detail::activation_fw_4d_kernel<float, float, int=128, int=1, int=4, cudnn::detail::relu_func<float, cudnnNanPropagation_t=1, bool=0>>(cudnnTensorStruct, float const *, cudnn::detail::activation_fw_4d_kernel<float, float, int=128, int=1, int=4, cudnn::detail::relu_func<float, cudnnNanPropagation_t=1, bool=0>>, cudnnTensorStruct*, float, cudnnTensorStruct*, int, cudnnTensorStruct*) [2131]"
3.339278,2.658893,,,,,,,,,,16.000000,5.876506,"Pageable","Device","Tesla V100-DGXS-16GB (0)","1","7","[CUDA memcpy HtoD]"
3.341954,0.001632,,,,,,,,,,0.003906,2.337437,"Pageable","Device","Tesla V100-DGXS-16GB (0)","1","7","[CUDA memcpy HtoD]"
3.341992,0.062816,32,1,1,128,1,1,56,2.500000,0,,,,,"Tesla V100-DGXS-16GB (0)","1","23","void gemv2N_kernel_val<float, float, float, int=128, int=4, int=4, int=4, int=1>(float, float, cublasGemv2Params_v2<float, float, float>) [2147]"
3.342056,0.002688,1,4,1,16,16,1,16,0.000000,0,,,,,"Tesla V100-DGXS-16GB (0)","1","23","void add_tensor_kernel_v3<int=2, float, float, int=16, int=16, int=1, int=16, int=4>(cudnnTensorStruct, float*, cudnnTensorStruct, float const *, float, float) [2156]"
3.342060,0.003520,1,1,1,128,1,1,21,0.000000,0,,,,,"Tesla V100-DGXS-16GB (0)","1","23","void cudnn::detail::activation_fw_4d_kernel<float, float, int=128, int=1, int=4, cudnn::detail::relu_func<float, cudnnNanPropagation_t=1, bool=0>>(cudnnTensorStruct, float const *, cudnn::detail::activation_fw_4d_kernel<float, float, int=128, int=1, int=4, cudnn::detail::relu_func<float, cudnnNanPropagation_t=1, bool=0>>, cudnnTensorStruct*, float, cudnnTensorStruct*, int, cudnnTensorStruct*) [2167]"
3.343359,0.001152,,,,,,,,,,0.003906,3.311369,"Device",,"Tesla V100-DGXS-16GB (0)","1","7","[CUDA memset]"
3.343385,0.001152,,,,,,,,,,0.015625,13.245477,"Device",,"Tesla V100-DGXS-16GB (0)","1","7","[CUDA memset]"
3.343859,0.001120,,,,,,,,,,1.000000,871.930804,"Device",,"Tesla V100-DGXS-16GB (0)","1","7","[CUDA memset]"
3.344477,2.648588,,,,,,,,,,16.000000,5.899370,"Pageable","Device","Tesla V100-DGXS-16GB (0)","1","7","[CUDA memcpy HtoD]"
3.347143,0.002784,,,,,,,,,,0.015625,5.480887,"Pageable","Device","Tesla V100-DGXS-16GB (0)","1","7","[CUDA memcpy HtoD]"
3.347175,0.027776,512,1,1,128,1,1,32,1.500000,0,,,,,"Tesla V100-DGXS-16GB (0)","1","23","void gemv2T_kernel_val<float, float, float, int=128, int=16, int=2, int=4, bool=0>(int, int, float, float const *, int, float const *, int, float, float*, int) [2207]"
3.347204,0.002816,1,16,1,16,16,1,16,0.000000,0,,,,,"Tesla V100-DGXS-16GB (0)","1","23","void add_tensor_kernel_v3<int=2, float, float, int=16, int=16, int=1, int=16, int=4>(cudnnTensorStruct, float*, cudnnTensorStruct, float const *, float, float) [2216]"
3.347214,0.005184,1,1,1,128,1,1,21,0.000000,0,,,,,"Tesla V100-DGXS-16GB (0)","1","23","void cudnn::detail::activation_fw_4d_kernel<float, float, int=128, int=1, int=4, cudnn::detail::relu_func<float, cudnnNanPropagation_t=1, bool=0>>(cudnnTensorStruct, float const *, cudnn::detail::activation_fw_4d_kernel<float, float, int=128, int=1, int=4, cudnn::detail::relu_func<float, cudnnNanPropagation_t=1, bool=0>>, cudnnTensorStruct*, float, cudnnTensorStruct*, int, cudnnTensorStruct*) [2227]"
3.373231,2.664012,,,,,,,,,,16.000000,5.865214,"Pageable","Device","Tesla V100-DGXS-16GB (0)","1","7","[CUDA memcpy HtoD]"
3.375916,0.002752,,,,,,,,,,0.015625,5.544618,"Pageable","Device","Tesla V100-DGXS-16GB (0)","1","7","[CUDA memcpy HtoD]"
3.375951,0.029184,128,1,1,128,1,1,56,2.500000,0,,,,,"Tesla V100-DGXS-16GB (0)","1","23","void gemv2N_kernel_val<float, float, float, int=128, int=4, int=4, int=4, int=1>(float, float, cublasGemv2Params_v2<float, float, float>) [2243]"
3.375981,0.002592,1,16,1,16,16,1,16,0.000000,0,,,,,"Tesla V100-DGXS-16GB (0)","1","23","void add_tensor_kernel_v3<int=2, float, float, int=16, int=16, int=1, int=16, int=4>(cudnnTensorStruct, float*, cudnnTensorStruct, float const *, float, float) [2252]"
3.375991,0.005247,1,1,1,128,1,1,21,0.000000,0,,,,,"Tesla V100-DGXS-16GB (0)","1","23","void cudnn::detail::activation_fw_4d_kernel<float, float, int=128, int=1, int=4, cudnn::detail::relu_func<float, cudnnNanPropagation_t=1, bool=0>>(cudnnTensorStruct, float const *, cudnn::detail::activation_fw_4d_kernel<float, float, int=128, int=1, int=4, cudnn::detail::relu_func<float, cudnnNanPropagation_t=1, bool=0>>, cudnnTensorStruct*, float, cudnnTensorStruct*, int, cudnnTensorStruct*) [2263]"
3.376811,0.001184,,,,,,,,,,0.015625,12.887491,"Device",,"Tesla V100-DGXS-16GB (0)","1","7","[CUDA memset]"
3.377310,0.001152,,,,,,,,,,0.003815,3.233759,"Device",,"Tesla V100-DGXS-16GB (0)","1","7","[CUDA memset]"
3.377786,0.001152,,,,,,,,,,1.000000,847.710503,"Device",,"Tesla V100-DGXS-16GB (0)","1","7","[CUDA memset]"
3.378393,2.588684,,,,,,,,,,15.625000,5.894419,"Pageable","Device","Tesla V100-DGXS-16GB (0)","1","7","[CUDA memcpy HtoD]"
3.380997,0.001600,,,,,,,,,,0.003815,2.328306,"Pageable","Device","Tesla V100-DGXS-16GB (0)","1","7","[CUDA memcpy HtoD]"
3.381030,0.037472,125,1,1,128,1,1,32,1.500000,0,,,,,"Tesla V100-DGXS-16GB (0)","1","23","void gemv2T_kernel_val<float, float, float, int=128, int=16, int=2, int=4, bool=0>(int, int, float, float const *, int, float const *, int, float, float*, int) [2303]"
3.381068,0.002944,1,4,1,16,16,1,16,0.000000,0,,,,,"Tesla V100-DGXS-16GB (0)","1","23","void add_tensor_kernel_v3<int=2, float, float, int=16, int=16, int=1, int=16, int=4>(cudnnTensorStruct, float*, cudnnTensorStruct, float const *, float, float) [2312]"
3.402486,2.601100,,,,,,,,,,15.625000,5.866283,"Pageable","Device","Tesla V100-DGXS-16GB (0)","1","7","[CUDA memcpy HtoD]"
3.405103,0.001600,,,,,,,,,,0.003815,2.328306,"Pageable","Device","Tesla V100-DGXS-16GB (0)","1","7","[CUDA memcpy HtoD]"
3.405137,0.045536,63,1,1,128,1,1,56,2.500000,0,,,,,"Tesla V100-DGXS-16GB (0)","1","23","void gemv2N_kernel_val<float, float, float, int=128, int=8, int=4, int=4, int=1>(float, float, cublasGemv2Params_v2<float, float, float>) [2328]"
3.405184,0.002816,1,4,1,16,16,1,16,0.000000,0,,,,,"Tesla V100-DGXS-16GB (0)","1","23","void add_tensor_kernel_v3<int=2, float, float, int=16, int=16, int=1, int=16, int=4>(cudnnTensorStruct, float*, cudnnTensorStruct, float const *, float, float) [2337]"
3.406603,0.001152,,,,,,,,,,0.574219,486.771266,"Device",,"Tesla V100-DGXS-16GB (0)","1","7","[CUDA memset]"
3.407085,0.001152,,,,,,,,,,0.003815,3.233759,"Device",,"Tesla V100-DGXS-16GB (0)","1","7","[CUDA memset]"
3.408713,0.001120,,,,,,,,,,12.250000,10681.152344,"Device",,"Tesla V100-DGXS-16GB (0)","1","7","[CUDA memset]"
3.409178,0.001152,,,,,,,,,,3.062500,2596.113417,"Device",,"Tesla V100-DGXS-16GB (0)","1","7","[CUDA memset]"
3.409196,0.001152,,,,,,,,,,1.000000,847.710503,"Device",,"Tesla V100-DGXS-16GB (0)","1","7","[CUDA memset]"
3.409211,0.001152,,,,,,,,,,0.610107,517.194470,"Device",,"Tesla V100-DGXS-16GB (0)","1","7","[CUDA memset]"
3.415532,0.001152,,,,,,,,,,0.014648,12.417634,"Device",,"Tesla V100-DGXS-16GB (0)","1","32","[CUDA memset]"
3.417102,0.001440,,,,,,,,,,0.000107,0.072436,"Pageable","Device","Tesla V100-DGXS-16GB (0)","1","7","[CUDA memcpy HtoD]"
3.417825,0.001472,,,,,,,,,,0.000107,0.070861,"Pageable","Device","Tesla V100-DGXS-16GB (0)","1","7","[CUDA memcpy HtoD]"
3.418586,0.001408,,,,,,,,,,0.099243,68.833205,"Device",,"Tesla V100-DGXS-16GB (0)","1","7","[CUDA memset]"
3.418635,0.002496,50,1,1,256,1,1,18,0.000000,0,,,,,"Tesla V100-DGXS-16GB (0)","1","7","cask::computeOffsetsKernel(cask::ComputeOffsetsParams) [2610]"
3.418656,0.003840,,,,,,,,,,0.026367,6.705523,"Pageable","Device","Tesla V100-DGXS-16GB (0)","1","7","[CUDA memcpy HtoD]"
3.418669,0.001344,,,,,,,,,,0.000977,0.709579,"Pageable","Device","Tesla V100-DGXS-16GB (0)","1","7","[CUDA memcpy HtoD]"
3.418698,0.003840,,,,,,,,,,0.026367,6.705523,"Pageable","Device","Tesla V100-DGXS-16GB (0)","1","7","[CUDA memcpy HtoD]"
3.418713,0.001312,,,,,,,,,,0.000977,0.726886,"Pageable","Device","Tesla V100-DGXS-16GB (0)","1","7","[CUDA memcpy HtoD]"
3.425314,1.625555,,,,,,,,,,9.761719,5.864415,"Pageable","Device","Tesla V100-DGXS-16GB (0)","1","7","[CUDA memcpy HtoD]"
3.426955,0.001312,,,,,,,,,,0.000778,0.579237,"Pageable","Device","Tesla V100-DGXS-16GB (0)","1","7","[CUDA memcpy HtoD]"
3.427040,0.001152,,,,,,,,,,0.591553,501.465466,"Device",,"Tesla V100-DGXS-16GB (0)","1","7","[CUDA memset]"
3.427596,0.001504,4,1,1,256,1,1,18,0.000000,0,,,,,"Tesla V100-DGXS-16GB (0)","1","7","cask::computeOffsetsKernel(cask::ComputeOffsetsParams) [2625]"
3.427663,0.097823,,,,,,,,,,0.585983,5.849844,"Pageable","Device","Tesla V100-DGXS-16GB (0)","1","7","[CUDA memcpy HtoD]"
3.427774,0.001312,,,,,,,,,,0.000957,0.712689,"Pageable","Device","Tesla V100-DGXS-16GB (0)","1","7","[CUDA memcpy HtoD]"
3.427849,0.097983,,,,,,,,,,0.585983,5.840292,"Pageable","Device","Tesla V100-DGXS-16GB (0)","1","7","[CUDA memcpy HtoD]"
3.427960,0.001344,,,,,,,,,,0.000957,0.695720,"Pageable","Device","Tesla V100-DGXS-16GB (0)","1","7","[CUDA memcpy HtoD]"
3.434020,1.071832,,,,,,,,,,6.439114,5.866775,"Pageable","Device","Tesla V100-DGXS-16GB (0)","1","7","[CUDA memcpy HtoD]"
3.435109,0.001312,,,,,,,,,,0.001026,0.763798,"Pageable","Device","Tesla V100-DGXS-16GB (0)","1","7","[CUDA memcpy HtoD]"
3.508333,6.207602,,,,,,,,,,37.828125,5.951014,"Pageable","Device","Tesla V100-DGXS-16GB (0)","1","7","[CUDA memcpy HtoD]"
3.516387,0.002816,,,,,,,,,,0.015625,5.418604,"Pageable","Device","Tesla V100-DGXS-16GB (0)","1","7","[CUDA memcpy HtoD]"
3.517162,2.639340,,,,,,,,,,16.000000,5.920041,"Pageable","Device","Tesla V100-DGXS-16GB (0)","1","7","[CUDA memcpy HtoD]"
3.519816,0.001632,,,,,,,,,,0.003906,2.337437,"Pageable","Device","Tesla V100-DGXS-16GB (0)","1","7","[CUDA memcpy HtoD]"
3.520432,2.639756,,,,,,,,,,16.000000,5.919108,"Pageable","Device","Tesla V100-DGXS-16GB (0)","1","7","[CUDA memcpy HtoD]"
3.523088,0.002752,,,,,,,,,,0.015625,5.544618,"Pageable","Device","Tesla V100-DGXS-16GB (0)","1","7","[CUDA memcpy HtoD]"
3.523690,2.589453,,,,,,,,,,15.625000,5.892669,"Pageable","Device","Tesla V100-DGXS-16GB (0)","1","7","[CUDA memcpy HtoD]"
3.526293,0.001632,,,,,,,,,,0.003815,2.282653,"Pageable","Device","Tesla V100-DGXS-16GB (0)","1","7","[CUDA memcpy HtoD]"
3.530690,0.001472,,,,,,,,,,0.014648,9.718149,"Device",,"Tesla V100-DGXS-16GB (0)","1","41","[CUDA memset]"
3.531794,0.001440,,,,,,,,,,0.000107,0.072436,"Pageable","Device","Tesla V100-DGXS-16GB (0)","1","7","[CUDA memcpy HtoD]"
3.532085,0.001248,,,,,,,,,,0.000107,0.083580,"Pageable","Device","Tesla V100-DGXS-16GB (0)","1","7","[CUDA memcpy HtoD]"
3.533504,0.096415,,,,,,,,,,0.574219,5.816113,"Pageable","Device","Tesla V100-DGXS-16GB (0)","1","43","[CUDA memcpy HtoD]"
3.533609,0.005984,192,1,1,128,1,1,22,0.000000,0,,,,,"Tesla V100-DGXS-16GB (0)","1","43","void cudnn::detail::activation_fw_4d_kernel<float, float, int=128, int=1, int=4, cudnn::detail::sigmoid_func<float>>(cudnnTensorStruct, float const *, cudnn::detail::activation_fw_4d_kernel<float, float, int=128, int=1, int=4, cudnn::detail::sigmoid_func<float>>, cudnnTensorStruct*, float, cudnnTensorStruct*, int, cudnnTensorStruct*) [2933]"
3.533616,0.039616,98,4,1,128,1,1,128,16.000000,0,,,,,"Tesla V100-DGXS-16GB (0)","1","43","trt_volta_scudnn_128x64_relu_small_nn_v1 [2935]"
3.533658,0.023584,64,28,4,128,1,1,26,2.000000,0,,,,,"Tesla V100-DGXS-16GB (0)","1","43","void nvinfer1::tiled_pooling::poolCHW_PQT<int=2, int=2, int=2, int=2, int=2, int=16, int=128, int=4, int=1, bool=1, nvinfer1::ITiledPooling::PoolingMode, bool=0>(nvinfer1::TiledPoolingParams) [2939]"
3.533683,0.685563,7,7,10,32,1,1,102,0.625000,0,,,,,"Tesla V100-DGXS-16GB (0)","1","43","void fused::fusedConvolutionReluKernel<fused::SrcChwcPtr_FltTex_Reader<float, int=1, int=1, int=1>, fused::KpqkPtrWriter<float, int=1, int=1>, float, float, int=3, int=4, int=1, int=7, int=7, int=2, int=2>(fused::ConvolutionParams<floatSrcType, int=1, int=1Type>, float) [2944]"
3.534369,0.076000,7,4,1,128,1,1,128,16.000000,0,,,,,"Tesla V100-DGXS-16GB (0)","1","43","trt_volta_scudnn_128x64_relu_small_nn_v1 [2946]"
3.534447,0.003552,126,7,1,128,1,1,17,1.000000,0,,,,,"Tesla V100-DGXS-16GB (0)","1","43","void nvinfer1::tiled_pooling::poolCHW_PQT<int=2, int=2, int=2, int=2, int=2, int=16, int=128, int=2, int=1, bool=1, nvinfer1::ITiledPooling::PoolingMode, bool=0>(nvinfer1::TiledPoolingParams) [2950]"
3.534452,0.410301,9,2,2,32,1,1,84,0.500000,0,,,,,"Tesla V100-DGXS-16GB (0)","1","43","void fused::fusedConvolutionReluKernel<fused::SrcChwcPtr_FltTex_Reader<float, int=1, int=1, int=1>, fused::KpqkPtrWriter<float, int=1, int=1>, float, float, int=4, int=4, int=1, int=5, int=5, int=2, int=2>(fused::ConvolutionParams<floatSrcType, int=1, int=1Type>, float) [2955]"
3.534863,0.003200,54,2,1,128,1,1,30,2.500000,0,,,,,"Tesla V100-DGXS-16GB (0)","1","43","void nvinfer1::tiled_pooling::poolCHW_PQT<int=2, int=2, int=2, int=2, int=2, int=16, int=128, int=5, int=1, bool=1, nvinfer1::ITiledPooling::PoolingMode, bool=0>(nvinfer1::TiledPoolingParams) [2959]"
3.534868,0.053216,128,1,1,128,1,1,56,2.500000,0,,,,,"Tesla V100-DGXS-16GB (0)","1","43","void gemv2N_kernel_val<float, float, float, int=128, int=4, int=4, int=4, int=1>(float, float, cublasGemv2Params_v2<float, float, float>) [2965]"
3.534922,0.003392,1,16,1,16,16,1,16,0.000000,0,,,,,"Tesla V100-DGXS-16GB (0)","1","43","void add_tensor_kernel_v3<int=2, float, float, int=16, int=16, int=1, int=16, int=4>(cudnnTensorStruct, float*, cudnnTensorStruct, float const *, float, float) [2974]"
3.534927,0.005088,1,1,1,128,1,1,21,0.000000,0,,,,,"Tesla V100-DGXS-16GB (0)","1","43","void cudnn::detail::activation_fw_4d_kernel<float, float, int=128, int=1, int=4, cudnn::detail::relu_func<float, cudnnNanPropagation_t=1, bool=0>>(cudnnTensorStruct, float const *, cudnn::detail::activation_fw_4d_kernel<float, float, int=128, int=1, int=4, cudnn::detail::relu_func<float, cudnnNanPropagation_t=1, bool=0>>, cudnnTensorStruct*, float, cudnnTensorStruct*, int, cudnnTensorStruct*) [2985]"
3.534933,0.033248,128,1,1,128,1,1,32,1.500000,0,,,,,"Tesla V100-DGXS-16GB (0)","1","43","void gemv2T_kernel_val<float, float, float, int=128, int=16, int=2, int=4, bool=0>(int, int, float, float const *, int, float const *, int, float, float*, int) [2998]"
3.534967,0.002592,1,4,1,16,16,1,16,0.000000,0,,,,,"Tesla V100-DGXS-16GB (0)","1","43","void add_tensor_kernel_v3<int=2, float, float, int=16, int=16, int=1, int=16, int=4>(cudnnTensorStruct, float*, cudnnTensorStruct, float const *, float, float) [3007]"
3.534971,0.003552,1,1,1,128,1,1,21,0.000000,0,,,,,"Tesla V100-DGXS-16GB (0)","1","43","void cudnn::detail::activation_fw_4d_kernel<float, float, int=128, int=1, int=4, cudnn::detail::relu_func<float, cudnnNanPropagation_t=1, bool=0>>(cudnnTensorStruct, float const *, cudnn::detail::activation_fw_4d_kernel<float, float, int=128, int=1, int=4, cudnn::detail::relu_func<float, cudnnNanPropagation_t=1, bool=0>>, cudnnTensorStruct*, float, cudnnTensorStruct*, int, cudnnTensorStruct*) [3018]"
3.534976,0.021727,512,1,1,128,1,1,32,1.500000,0,,,,,"Tesla V100-DGXS-16GB (0)","1","43","void gemv2T_kernel_val<float, float, float, int=128, int=16, int=2, int=4, bool=0>(int, int, float, float const *, int, float const *, int, float, float*, int) [3031]"
3.534999,0.002688,1,16,1,16,16,1,16,0.000000,0,,,,,"Tesla V100-DGXS-16GB (0)","1","43","void add_tensor_kernel_v3<int=2, float, float, int=16, int=16, int=1, int=16, int=4>(cudnnTensorStruct, float*, cudnnTensorStruct, float const *, float, float) [3040]"
3.535002,0.005152,1,1,1,128,1,1,21,0.000000,0,,,,,"Tesla V100-DGXS-16GB (0)","1","43","void cudnn::detail::activation_fw_4d_kernel<float, float, int=128, int=1, int=4, cudnn::detail::relu_func<float, cudnnNanPropagation_t=1, bool=0>>(cudnnTensorStruct, float const *, cudnn::detail::activation_fw_4d_kernel<float, float, int=128, int=1, int=4, cudnn::detail::relu_func<float, cudnnNanPropagation_t=1, bool=0>>, cudnnTensorStruct*, float, cudnnTensorStruct*, int, cudnnTensorStruct*) [3051]"
3.535008,0.032928,125,1,1,128,1,1,32,1.500000,0,,,,,"Tesla V100-DGXS-16GB (0)","1","43","void gemv2T_kernel_val<float, float, float, int=128, int=16, int=2, int=4, bool=0>(int, int, float, float const *, int, float const *, int, float, float*, int) [3064]"
3.535042,0.002784,1,4,1,16,16,1,16,0.000000,0,,,,,"Tesla V100-DGXS-16GB (0)","1","43","void add_tensor_kernel_v3<int=2, float, float, int=16, int=16, int=1, int=16, int=4>(cudnnTensorStruct, float*, cudnnTensorStruct, float const *, float, float) [3073]"
3.535047,0.002304,,,,,,,,,,0.003815,1.616879,"Device","Pageable","Tesla V100-DGXS-16GB (0)","1","43","[CUDA memcpy DtoH]"
