==7467== NVPROF is profiling process 7467, command: python vgg_generator_RT.py 2427
==7467== Profiling application: python vgg_generator_RT.py 2427
==7467== Profiling result:
"Start","Duration","Grid X","Grid Y","Grid Z","Block X","Block Y","Block Z","Registers Per Thread","Static SMem","Dynamic SMem","Size","Throughput","SrcMemType","DstMemType","Device","Context","Stream","Name"
s,ms,,,,,,,,KB,B,MB,GB/s,,,,,,
2.306378,0.001184,,,,,,,,,,0.014648,12.082023,"Device",,"Tesla V100-DGXS-16GB (0)","1","22","[CUDA memset]"
2.308008,0.001568,,,,,,,,,,0.000107,0.066523,"Pageable","Device","Tesla V100-DGXS-16GB (0)","1","7","[CUDA memcpy HtoD]"
2.712365,0.001280,,,,,,,,,,0.000107,0.081491,"Pageable","Device","Tesla V100-DGXS-16GB (0)","1","7","[CUDA memcpy HtoD]"
2.988161,0.001152,,,,,,,,,,0.574219,486.771266,"Device",,"Tesla V100-DGXS-16GB (0)","1","7","[CUDA memset]"
2.988186,0.001152,,,,,,,,,,0.574219,486.771266,"Device",,"Tesla V100-DGXS-16GB (0)","1","7","[CUDA memset]"
2.988663,0.001152,,,,,,,,,,1.000000,847.710503,"Device",,"Tesla V100-DGXS-16GB (0)","1","7","[CUDA memset]"
2.988719,0.005088,192,1,1,128,1,1,22,0.000000,0,,,,,"Tesla V100-DGXS-16GB (0)","1","23","void cudnn::detail::activation_fw_4d_kernel<float, float, int=128, int=1, int=4, cudnn::detail::sigmoid_func<float>>(cudnnTensorStruct, float const *, cudnn::detail::activation_fw_4d_kernel<float, float, int=128, int=1, int=4, cudnn::detail::sigmoid_func<float>>, cudnnTensorStruct*, float, cudnnTensorStruct*, int, cudnnTensorStruct*) [510]"
2.989710,0.001184,,,,,,,,,,0.574219,473.615286,"Device",,"Tesla V100-DGXS-16GB (0)","1","7","[CUDA memset]"
2.990179,0.001184,,,,,,,,,,0.143555,118.403821,"Device",,"Tesla V100-DGXS-16GB (0)","1","7","[CUDA memset]"
2.990197,0.001152,,,,,,,,,,1.000000,847.710503,"Device",,"Tesla V100-DGXS-16GB (0)","1","7","[CUDA memset]"
2.990252,0.002976,3,56,4,256,1,1,16,1.000000,0,,,,,"Tesla V100-DGXS-16GB (0)","1","23","void nvinfer1::tiled_pooling::poolCHW_PQT<int=2, int=2, int=2, int=2, int=2, int=32, int=256, int=1, int=1, bool=1, nvinfer1::ITiledPooling::PoolingMode, bool=0>(nvinfer1::TiledPoolingParams) [531]"
2.990296,0.002592,2,56,4,256,1,1,17,2.000000,0,,,,,"Tesla V100-DGXS-16GB (0)","1","23","void nvinfer1::tiled_pooling::poolCHW_PQT<int=2, int=2, int=2, int=2, int=2, int=32, int=256, int=2, int=1, bool=1, nvinfer1::ITiledPooling::PoolingMode, bool=0>(nvinfer1::TiledPoolingParams) [539]"
2.990330,0.002720,1,56,4,256,1,1,22,3.000000,0,,,,,"Tesla V100-DGXS-16GB (0)","1","23","void nvinfer1::tiled_pooling::poolCHW_PQT<int=2, int=2, int=2, int=2, int=2, int=32, int=256, int=3, int=1, bool=1, nvinfer1::ITiledPooling::PoolingMode, bool=0>(nvinfer1::TiledPoolingParams) [547]"
2.990361,0.002848,1,56,4,256,1,1,26,4.000000,0,,,,,"Tesla V100-DGXS-16GB (0)","1","23","void nvinfer1::tiled_pooling::poolCHW_PQT<int=2, int=2, int=2, int=2, int=2, int=32, int=256, int=4, int=1, bool=1, nvinfer1::ITiledPooling::PoolingMode, bool=0>(nvinfer1::TiledPoolingParams) [555]"
2.990392,0.002784,1,56,4,256,1,1,30,5.000000,0,,,,,"Tesla V100-DGXS-16GB (0)","1","23","void nvinfer1::tiled_pooling::poolCHW_PQT<int=2, int=2, int=2, int=2, int=2, int=32, int=256, int=5, int=1, bool=1, nvinfer1::ITiledPooling::PoolingMode, bool=0>(nvinfer1::TiledPoolingParams) [563]"
2.990422,0.003296,1,56,4,256,1,1,31,6.000000,0,,,,,"Tesla V100-DGXS-16GB (0)","1","23","void nvinfer1::tiled_pooling::poolCHW_PQT<int=2, int=2, int=2, int=2, int=2, int=32, int=256, int=6, int=1, bool=1, nvinfer1::ITiledPooling::PoolingMode, bool=0>(nvinfer1::TiledPoolingParams) [571]"
2.990452,0.003392,1,56,4,256,1,1,32,7.000000,0,,,,,"Tesla V100-DGXS-16GB (0)","1","23","void nvinfer1::tiled_pooling::poolCHW_PQT<int=2, int=2, int=2, int=2, int=2, int=32, int=256, int=7, int=1, bool=1, nvinfer1::ITiledPooling::PoolingMode, bool=0>(nvinfer1::TiledPoolingParams) [579]"
2.990483,0.004000,1,56,4,256,1,1,32,8.000000,0,,,,,"Tesla V100-DGXS-16GB (0)","1","23","void nvinfer1::tiled_pooling::poolCHW_PQT<int=2, int=2, int=2, int=2, int=2, int=32, int=256, int=8, int=1, bool=1, nvinfer1::ITiledPooling::PoolingMode, bool=0>(nvinfer1::TiledPoolingParams) [587]"
2.990520,0.003776,3,56,7,128,1,1,16,0.500000,0,,,,,"Tesla V100-DGXS-16GB (0)","1","23","void nvinfer1::tiled_pooling::poolCHW_PQT<int=2, int=2, int=2, int=2, int=2, int=16, int=128, int=1, int=1, bool=1, nvinfer1::ITiledPooling::PoolingMode, bool=0>(nvinfer1::TiledPoolingParams) [595]"
2.990552,0.003200,2,56,7,128,1,1,17,1.000000,0,,,,,"Tesla V100-DGXS-16GB (0)","1","23","void nvinfer1::tiled_pooling::poolCHW_PQT<int=2, int=2, int=2, int=2, int=2, int=16, int=128, int=2, int=1, bool=1, nvinfer1::ITiledPooling::PoolingMode, bool=0>(nvinfer1::TiledPoolingParams) [603]"
2.990583,0.002976,1,56,7,128,1,1,22,1.500000,0,,,,,"Tesla V100-DGXS-16GB (0)","1","23","void nvinfer1::tiled_pooling::poolCHW_PQT<int=2, int=2, int=2, int=2, int=2, int=16, int=128, int=3, int=1, bool=1, nvinfer1::ITiledPooling::PoolingMode, bool=0>(nvinfer1::TiledPoolingParams) [611]"
2.990613,0.002944,1,56,7,128,1,1,26,2.000000,0,,,,,"Tesla V100-DGXS-16GB (0)","1","23","void nvinfer1::tiled_pooling::poolCHW_PQT<int=2, int=2, int=2, int=2, int=2, int=16, int=128, int=4, int=1, bool=1, nvinfer1::ITiledPooling::PoolingMode, bool=0>(nvinfer1::TiledPoolingParams) [619]"
2.990646,0.003200,1,56,7,128,1,1,30,2.500000,0,,,,,"Tesla V100-DGXS-16GB (0)","1","23","void nvinfer1::tiled_pooling::poolCHW_PQT<int=2, int=2, int=2, int=2, int=2, int=16, int=128, int=5, int=1, bool=1, nvinfer1::ITiledPooling::PoolingMode, bool=0>(nvinfer1::TiledPoolingParams) [627]"
2.990677,0.003456,1,56,7,128,1,1,31,3.000000,0,,,,,"Tesla V100-DGXS-16GB (0)","1","23","void nvinfer1::tiled_pooling::poolCHW_PQT<int=2, int=2, int=2, int=2, int=2, int=16, int=128, int=6, int=1, bool=1, nvinfer1::ITiledPooling::PoolingMode, bool=0>(nvinfer1::TiledPoolingParams) [635]"
2.990707,0.003136,1,56,7,128,1,1,32,3.500000,0,,,,,"Tesla V100-DGXS-16GB (0)","1","23","void nvinfer1::tiled_pooling::poolCHW_PQT<int=2, int=2, int=2, int=2, int=2, int=16, int=128, int=7, int=1, bool=1, nvinfer1::ITiledPooling::PoolingMode, bool=0>(nvinfer1::TiledPoolingParams) [643]"
2.990737,0.003200,1,56,7,128,1,1,32,4.000000,0,,,,,"Tesla V100-DGXS-16GB (0)","1","23","void nvinfer1::tiled_pooling::poolCHW_PQT<int=2, int=2, int=2, int=2, int=2, int=16, int=128, int=8, int=1, bool=1, nvinfer1::ITiledPooling::PoolingMode, bool=0>(nvinfer1::TiledPoolingParams) [651]"
2.991739,0.001184,,,,,,,,,,0.143555,118.403821,"Device",,"Tesla V100-DGXS-16GB (0)","1","7","[CUDA memset]"
2.992207,0.001184,,,,,,,,,,3.062500,2525.948189,"Device",,"Tesla V100-DGXS-16GB (0)","1","7","[CUDA memset]"
2.992676,0.001184,,,,,,,,,,1.000000,824.799409,"Device",,"Tesla V100-DGXS-16GB (0)","1","7","[CUDA memset]"
2.993006,0.001184,,,,,,,,,,0.073608,60.712164,"Device",,"Tesla V100-DGXS-16GB (0)","1","7","[CUDA memset]"
2.993058,0.002880,25,1,1,256,1,1,18,0.000000,0,,,,,"Tesla V100-DGXS-16GB (0)","1","23","cask::computeOffsetsKernel(cask::ComputeOffsetsParams) [679]"
2.993082,0.005024,,,,,,,,,,0.036621,7.118389,"Pageable","Device","Tesla V100-DGXS-16GB (0)","1","7","[CUDA memcpy HtoD]"
2.993098,0.001312,,,,,,,,,,0.000488,0.363443,"Pageable","Device","Tesla V100-DGXS-16GB (0)","1","7","[CUDA memcpy HtoD]"
2.993138,0.005056,,,,,,,,,,0.036621,7.073336,"Pageable","Device","Tesla V100-DGXS-16GB (0)","1","7","[CUDA memcpy HtoD]"
2.993157,0.001312,,,,,,,,,,0.000488,0.363443,"Pageable","Device","Tesla V100-DGXS-16GB (0)","1","7","[CUDA memcpy HtoD]"
2.993181,0.029344,49,1,1,256,1,1,160,32.000000,0,,,,,"Tesla V100-DGXS-16GB (0)","1","23","trt_volta_scudnn_128x128_relu_xregs_large_nn_v1 [687]"
2.993309,0.001152,,,,,,,,,,0.073608,62.398612,"Device",,"Tesla V100-DGXS-16GB (0)","1","7","[CUDA memset]"
2.993359,0.001728,25,1,1,256,1,1,18,0.000000,0,,,,,"Tesla V100-DGXS-16GB (0)","1","23","cask::computeOffsetsKernel(cask::ComputeOffsetsParams) [694]"
2.993378,0.004992,,,,,,,,,,0.036621,7.164020,"Pageable","Device","Tesla V100-DGXS-16GB (0)","1","7","[CUDA memcpy HtoD]"
2.993392,0.001344,,,,,,,,,,0.000488,0.354790,"Pageable","Device","Tesla V100-DGXS-16GB (0)","1","7","[CUDA memcpy HtoD]"
2.993422,0.005376,,,,,,,,,,0.036621,6.652304,"Pageable","Device","Tesla V100-DGXS-16GB (0)","1","7","[CUDA memcpy HtoD]"
2.993438,0.001312,,,,,,,,,,0.000488,0.363443,"Pageable","Device","Tesla V100-DGXS-16GB (0)","1","7","[CUDA memcpy HtoD]"
2.993483,0.027456,49,4,1,64,1,1,128,5.250000,0,,,,,"Tesla V100-DGXS-16GB (0)","1","23","trt_volta_scudnn_128x32_relu_small_nn_v1 [705]"
2.993606,0.001152,,,,,,,,,,0.073608,62.398612,"Device",,"Tesla V100-DGXS-16GB (0)","1","7","[CUDA memset]"
2.993641,0.001728,25,1,1,256,1,1,18,0.000000,0,,,,,"Tesla V100-DGXS-16GB (0)","1","23","cask::computeOffsetsKernel(cask::ComputeOffsetsParams) [712]"
2.993660,0.005056,,,,,,,,,,0.036621,7.073336,"Pageable","Device","Tesla V100-DGXS-16GB (0)","1","7","[CUDA memcpy HtoD]"
2.993675,0.001344,,,,,,,,,,0.000488,0.354790,"Pageable","Device","Tesla V100-DGXS-16GB (0)","1","7","[CUDA memcpy HtoD]"
2.993699,0.005024,,,,,,,,,,0.036621,7.118389,"Pageable","Device","Tesla V100-DGXS-16GB (0)","1","7","[CUDA memcpy HtoD]"
2.993714,0.001312,,,,,,,,,,0.000488,0.363443,"Pageable","Device","Tesla V100-DGXS-16GB (0)","1","7","[CUDA memcpy HtoD]"
2.993767,0.032992,49,2,1,128,1,1,128,16.000000,0,,,,,"Tesla V100-DGXS-16GB (0)","1","23","trt_volta_scudnn_128x64_relu_medium_nn_v1 [723]"
2.993895,0.001184,,,,,,,,,,0.073608,60.712164,"Device",,"Tesla V100-DGXS-16GB (0)","1","7","[CUDA memset]"
2.993929,0.001696,25,1,1,256,1,1,18,0.000000,0,,,,,"Tesla V100-DGXS-16GB (0)","1","23","cask::computeOffsetsKernel(cask::ComputeOffsetsParams) [730]"
2.993948,0.005024,,,,,,,,,,0.036621,7.118389,"Pageable","Device","Tesla V100-DGXS-16GB (0)","1","7","[CUDA memcpy HtoD]"
2.993962,0.001344,,,,,,,,,,0.000488,0.354790,"Pageable","Device","Tesla V100-DGXS-16GB (0)","1","7","[CUDA memcpy HtoD]"
2.993989,0.005056,,,,,,,,,,0.036621,7.073336,"Pageable","Device","Tesla V100-DGXS-16GB (0)","1","7","[CUDA memcpy HtoD]"
2.994005,0.001312,,,,,,,,,,0.000488,0.363443,"Pageable","Device","Tesla V100-DGXS-16GB (0)","1","7","[CUDA memcpy HtoD]"
2.994049,0.031104,49,2,1,128,1,1,160,16.000000,0,,,,,"Tesla V100-DGXS-16GB (0)","1","23","trt_volta_scudnn_128x64_relu_xregs_large_nn_v1 [741]"
2.994172,0.001152,,,,,,,,,,0.073608,62.398612,"Device",,"Tesla V100-DGXS-16GB (0)","1","7","[CUDA memset]"
2.994206,0.001728,25,1,1,256,1,1,18,0.000000,0,,,,,"Tesla V100-DGXS-16GB (0)","1","23","cask::computeOffsetsKernel(cask::ComputeOffsetsParams) [748]"
2.994225,0.005088,,,,,,,,,,0.036621,7.028850,"Pageable","Device","Tesla V100-DGXS-16GB (0)","1","7","[CUDA memcpy HtoD]"
2.994239,0.001344,,,,,,,,,,0.000488,0.354790,"Pageable","Device","Tesla V100-DGXS-16GB (0)","1","7","[CUDA memcpy HtoD]"
2.994262,0.005024,,,,,,,,,,0.036621,7.118389,"Pageable","Device","Tesla V100-DGXS-16GB (0)","1","7","[CUDA memcpy HtoD]"
2.994278,0.001312,,,,,,,,,,0.000488,0.363443,"Pageable","Device","Tesla V100-DGXS-16GB (0)","1","7","[CUDA memcpy HtoD]"
2.994330,0.028768,49,1,1,256,1,1,128,32.000000,0,,,,,"Tesla V100-DGXS-16GB (0)","1","23","trt_volta_scudnn_128x128_relu_medium_nn_v1 [759]"
2.994452,0.001184,,,,,,,,,,0.073608,60.712164,"Device",,"Tesla V100-DGXS-16GB (0)","1","7","[CUDA memset]"
2.994486,0.001696,25,1,1,256,1,1,18,0.000000,0,,,,,"Tesla V100-DGXS-16GB (0)","1","23","cask::computeOffsetsKernel(cask::ComputeOffsetsParams) [766]"
2.994505,0.004992,,,,,,,,,,0.036621,7.164020,"Pageable","Device","Tesla V100-DGXS-16GB (0)","1","7","[CUDA memcpy HtoD]"
2.994519,0.001312,,,,,,,,,,0.000488,0.363443,"Pageable","Device","Tesla V100-DGXS-16GB (0)","1","7","[CUDA memcpy HtoD]"
2.994547,0.005024,,,,,,,,,,0.036621,7.118389,"Pageable","Device","Tesla V100-DGXS-16GB (0)","1","7","[CUDA memcpy HtoD]"
2.994563,0.001312,,,,,,,,,,0.000488,0.363443,"Pageable","Device","Tesla V100-DGXS-16GB (0)","1","7","[CUDA memcpy HtoD]"
2.994605,0.028832,49,1,1,256,1,1,128,32.000000,0,,,,,"Tesla V100-DGXS-16GB (0)","1","23","trt_volta_scudnn_128x128_relu_small_nn_v1 [777]"
2.994727,0.001184,,,,,,,,,,0.073608,60.712164,"Device",,"Tesla V100-DGXS-16GB (0)","1","7","[CUDA memset]"
2.994760,0.001696,25,1,1,256,1,1,18,0.000000,0,,,,,"Tesla V100-DGXS-16GB (0)","1","23","cask::computeOffsetsKernel(cask::ComputeOffsetsParams) [784]"
2.994779,0.005056,,,,,,,,,,0.036621,7.073336,"Pageable","Device","Tesla V100-DGXS-16GB (0)","1","7","[CUDA memcpy HtoD]"
2.994793,0.001280,,,,,,,,,,0.000488,0.372529,"Pageable","Device","Tesla V100-DGXS-16GB (0)","1","7","[CUDA memcpy HtoD]"
2.994817,0.005056,,,,,,,,,,0.036621,7.073336,"Pageable","Device","Tesla V100-DGXS-16GB (0)","1","7","[CUDA memcpy HtoD]"
2.994833,0.001280,,,,,,,,,,0.000488,0.372529,"Pageable","Device","Tesla V100-DGXS-16GB (0)","1","7","[CUDA memcpy HtoD]"
2.994885,0.032159,49,2,1,128,1,1,128,16.000000,0,,,,,"Tesla V100-DGXS-16GB (0)","1","23","trt_volta_scudnn_128x64_relu_small_nn_v1 [795]"
2.994987,0.005024,,,,,,,,,,0.036621,7.118389,"Pageable","Device","Tesla V100-DGXS-16GB (0)","1","7","[CUDA memcpy HtoD]"
2.995002,0.001312,,,,,,,,,,0.000488,0.363443,"Pageable","Device","Tesla V100-DGXS-16GB (0)","1","7","[CUDA memcpy HtoD]"
2.995044,0.005024,,,,,,,,,,0.036621,7.118389,"Pageable","Device","Tesla V100-DGXS-16GB (0)","1","7","[CUDA memcpy HtoD]"
2.995058,0.001280,,,,,,,,,,0.000488,0.372529,"Pageable","Device","Tesla V100-DGXS-16GB (0)","1","7","[CUDA memcpy HtoD]"
2.995144,0.027327,196,4,1,8,8,1,63,2.250000,0,,,,,"Tesla V100-DGXS-16GB (0)","1","23","void cudnn::detail::implicit_convolve_sgemm<float, float, int=1024, int=5, int=5, int=3, int=3, int=3, int=1, bool=1, bool=0, bool=1>(int, int, int, float const *, int, float*, cudnn::detail::implicit_convolve_sgemm<float, float, int=1024, int=5, int=5, int=3, int=3, int=3, int=1, bool=1, bool=0, bool=1>*, kernel_conv_params, int, float, float, int, float, float, int, int) [833]"
2.995177,0.005792,1,128,7,128,1,1,29,0.000000,0,,,,,"Tesla V100-DGXS-16GB (0)","1","23","void add_tensor_kernel_v3<int=2, float, float, int=128, int=1, int=1, int=4, int=2>(cudnnTensorStruct, float*, cudnnTensorStruct, float const *, float, float) [843]"
2.995192,0.005984,256,1,1,128,1,1,21,0.000000,0,,,,,"Tesla V100-DGXS-16GB (0)","1","23","void cudnn::detail::activation_fw_4d_kernel<float, float, int=128, int=1, int=4, cudnn::detail::relu_func<float, cudnnNanPropagation_t=1, bool=0>>(cudnnTensorStruct, float const *, cudnn::detail::activation_fw_4d_kernel<float, float, int=128, int=1, int=4, cudnn::detail::relu_func<float, cudnnNanPropagation_t=1, bool=0>>, cudnnTensorStruct*, float, cudnnTensorStruct*, int, cudnnTensorStruct*) [854]"
2.995263,0.005024,,,,,,,,,,0.036621,7.118389,"Pageable","Device","Tesla V100-DGXS-16GB (0)","1","7","[CUDA memcpy HtoD]"
2.995278,0.001280,,,,,,,,,,0.000488,0.372529,"Pageable","Device","Tesla V100-DGXS-16GB (0)","1","7","[CUDA memcpy HtoD]"
2.995320,0.005056,,,,,,,,,,0.036621,7.073336,"Pageable","Device","Tesla V100-DGXS-16GB (0)","1","7","[CUDA memcpy HtoD]"
2.995334,0.001280,,,,,,,,,,0.000488,0.372529,"Pageable","Device","Tesla V100-DGXS-16GB (0)","1","7","[CUDA memcpy HtoD]"
2.995363,0.002112,50,1,1,128,1,1,16,0.000000,0,,,,,"Tesla V100-DGXS-16GB (0)","1","23","cudnn::gemm::computeOffsetsKernel(cudnn::gemm::ComputeOffsetsParams) [874]"
2.995386,0.028607,49,1,1,256,1,1,128,32.000000,0,,,,,"Tesla V100-DGXS-16GB (0)","1","23","volta_scudnn_128x128_relu_small_nn_v1 [879]"
2.995416,0.004896,1,128,7,128,1,1,29,0.000000,0,,,,,"Tesla V100-DGXS-16GB (0)","1","23","void add_tensor_kernel_v3<int=2, float, float, int=128, int=1, int=1, int=4, int=2>(cudnnTensorStruct, float*, cudnnTensorStruct, float const *, float, float) [888]"
2.995422,0.005600,256,1,1,128,1,1,21,0.000000,0,,,,,"Tesla V100-DGXS-16GB (0)","1","23","void cudnn::detail::activation_fw_4d_kernel<float, float, int=128, int=1, int=4, cudnn::detail::relu_func<float, cudnnNanPropagation_t=1, bool=0>>(cudnnTensorStruct, float const *, cudnn::detail::activation_fw_4d_kernel<float, float, int=128, int=1, int=4, cudnn::detail::relu_func<float, cudnnNanPropagation_t=1, bool=0>>, cudnnTensorStruct*, float, cudnnTensorStruct*, int, cudnnTensorStruct*) [899]"
2.995490,0.005024,,,,,,,,,,0.036621,7.118389,"Pageable","Device","Tesla V100-DGXS-16GB (0)","1","7","[CUDA memcpy HtoD]"
2.995503,0.001312,,,,,,,,,,0.000488,0.363443,"Pageable","Device","Tesla V100-DGXS-16GB (0)","1","7","[CUDA memcpy HtoD]"
2.996693,0.001152,,,,,,,,,,3.062500,2596.113417,"Device",,"Tesla V100-DGXS-16GB (0)","1","7","[CUDA memset]"
2.997164,0.001152,,,,,,,,,,3.062500,2596.113417,"Device",,"Tesla V100-DGXS-16GB (0)","1","7","[CUDA memset]"
2.997636,0.001184,,,,,,,,,,1.000000,824.799409,"Device",,"Tesla V100-DGXS-16GB (0)","1","7","[CUDA memset]"
3.000381,0.374813,,,,,,,,,,2.250000,5.862298,"Pageable","Device","Tesla V100-DGXS-16GB (0)","1","7","[CUDA memcpy HtoD]"
3.001064,0.001536,,,,,,,,,,0.001953,1.241763,"Pageable","Device","Tesla V100-DGXS-16GB (0)","1","7","[CUDA memcpy HtoD]"
3.001109,0.266269,16,14,4,32,1,1,72,0.625000,0,,,,,"Tesla V100-DGXS-16GB (0)","1","23","void fused::fusedConvolutionReluKernel<fused::SrcChwcPtr_FltTex_Reader<float, int=1, int=1, int=1>, fused::KpqkPtrWriter<float, int=1, int=1>, float, float, int=7, int=4, int=1, int=3, int=3, int=2, int=2>(fused::ConvolutionParams<floatSrcType, int=1, int=1Type>, float) [942]"
3.002515,0.001152,,,,,,,,,,2.260986,1916.661859,"Device",,"Tesla V100-DGXS-16GB (0)","1","7","[CUDA memset]"
3.003958,0.002464,7,1,1,256,1,1,18,0.000000,0,,,,,"Tesla V100-DGXS-16GB (0)","1","23","cask::computeOffsetsKernel(cask::ComputeOffsetsParams) [956]"
3.004060,0.375453,,,,,,,,,,2.250000,5.852305,"Pageable","Device","Tesla V100-DGXS-16GB (0)","1","7","[CUDA memcpy HtoD]"
3.004449,0.001472,,,,,,,,,,0.001953,1.295753,"Pageable","Device","Tesla V100-DGXS-16GB (0)","1","7","[CUDA memcpy HtoD]"
3.008322,0.375805,,,,,,,,,,2.250000,5.846824,"Pageable","Device","Tesla V100-DGXS-16GB (0)","1","7","[CUDA memcpy HtoD]"
3.009001,0.001568,,,,,,,,,,0.001953,1.216421,"Pageable","Device","Tesla V100-DGXS-16GB (0)","1","7","[CUDA memcpy HtoD]"
3.009028,0.219870,13,4,1,256,1,1,160,32.000000,0,,,,,"Tesla V100-DGXS-16GB (0)","1","23","trt_volta_scudnn_128x128_relu_xregs_large_nn_v1 [964]"
3.009779,0.001152,,,,,,,,,,2.260986,1916.661859,"Device",,"Tesla V100-DGXS-16GB (0)","1","7","[CUDA memset]"
3.011212,0.002752,7,1,1,256,1,1,18,0.000000,0,,,,,"Tesla V100-DGXS-16GB (0)","1","23","cask::computeOffsetsKernel(cask::ComputeOffsetsParams) [971]"
3.011313,0.375901,,,,,,,,,,2.250000,5.845331,"Pageable","Device","Tesla V100-DGXS-16GB (0)","1","7","[CUDA memcpy HtoD]"
3.011703,0.001440,,,,,,,,,,0.001953,1.324548,"Pageable","Device","Tesla V100-DGXS-16GB (0)","1","7","[CUDA memcpy HtoD]"
3.012269,0.375101,,,,,,,,,,2.250000,5.857797,"Pageable","Device","Tesla V100-DGXS-16GB (0)","1","7","[CUDA memcpy HtoD]"
3.012658,0.001472,,,,,,,,,,0.001953,1.295753,"Pageable","Device","Tesla V100-DGXS-16GB (0)","1","7","[CUDA memcpy HtoD]"
3.013130,0.252446,13,16,1,64,1,1,128,5.250000,0,,,,,"Tesla V100-DGXS-16GB (0)","1","23","trt_volta_scudnn_128x32_relu_small_nn_v1 [982]"
3.013926,0.001184,,,,,,,,,,2.260986,1864.860187,"Device",,"Tesla V100-DGXS-16GB (0)","1","7","[CUDA memset]"
3.015360,0.002496,7,1,1,256,1,1,18,0.000000,0,,,,,"Tesla V100-DGXS-16GB (0)","1","23","cask::computeOffsetsKernel(cask::ComputeOffsetsParams) [989]"
3.015460,0.377021,,,,,,,,,,2.250000,5.827966,"Pageable","Device","Tesla V100-DGXS-16GB (0)","1","7","[CUDA memcpy HtoD]"
3.015851,0.001472,,,,,,,,,,0.001953,1.295753,"Pageable","Device","Tesla V100-DGXS-16GB (0)","1","7","[CUDA memcpy HtoD]"
3.016420,0.374941,,,,,,,,,,2.250000,5.860297,"Pageable","Device","Tesla V100-DGXS-16GB (0)","1","7","[CUDA memcpy HtoD]"
3.016810,0.001472,,,,,,,,,,0.001953,1.295753,"Pageable","Device","Tesla V100-DGXS-16GB (0)","1","7","[CUDA memcpy HtoD]"
3.017282,0.232382,13,8,1,128,1,1,128,16.000000,0,,,,,"Tesla V100-DGXS-16GB (0)","1","23","trt_volta_scudnn_128x64_relu_medium_nn_v1 [1000]"
3.018064,0.001152,,,,,,,,,,2.260986,1916.661859,"Device",,"Tesla V100-DGXS-16GB (0)","1","7","[CUDA memset]"
3.019497,0.002496,7,1,1,256,1,1,18,0.000000,0,,,,,"Tesla V100-DGXS-16GB (0)","1","23","cask::computeOffsetsKernel(cask::ComputeOffsetsParams) [1007]"
3.019598,0.376637,,,,,,,,,,2.250000,5.833908,"Pageable","Device","Tesla V100-DGXS-16GB (0)","1","7","[CUDA memcpy HtoD]"
3.019989,0.001472,,,,,,,,,,0.001953,1.295753,"Pageable","Device","Tesla V100-DGXS-16GB (0)","1","7","[CUDA memcpy HtoD]"
3.020560,0.375133,,,,,,,,,,2.250000,5.857298,"Pageable","Device","Tesla V100-DGXS-16GB (0)","1","7","[CUDA memcpy HtoD]"
3.020950,0.001440,,,,,,,,,,0.001953,1.324548,"Pageable","Device","Tesla V100-DGXS-16GB (0)","1","7","[CUDA memcpy HtoD]"
3.021416,0.229342,13,8,1,128,1,1,160,16.000000,0,,,,,"Tesla V100-DGXS-16GB (0)","1","23","trt_volta_scudnn_128x64_relu_xregs_large_nn_v1 [1018]"
3.022203,0.001184,,,,,,,,,,2.260986,1864.860187,"Device",,"Tesla V100-DGXS-16GB (0)","1","7","[CUDA memset]"
3.023644,0.002496,7,1,1,256,1,1,18,0.000000,0,,,,,"Tesla V100-DGXS-16GB (0)","1","23","cask::computeOffsetsKernel(cask::ComputeOffsetsParams) [1025]"
3.023745,0.376445,,,,,,,,,,2.250000,5.836884,"Pageable","Device","Tesla V100-DGXS-16GB (0)","1","7","[CUDA memcpy HtoD]"
3.024135,0.001472,,,,,,,,,,0.001953,1.295753,"Pageable","Device","Tesla V100-DGXS-16GB (0)","1","7","[CUDA memcpy HtoD]"
3.025965,0.376093,,,,,,,,,,2.250000,5.842347,"Pageable","Device","Tesla V100-DGXS-16GB (0)","1","7","[CUDA memcpy HtoD]"
3.026355,0.001440,,,,,,,,,,0.001953,1.324548,"Pageable","Device","Tesla V100-DGXS-16GB (0)","1","7","[CUDA memcpy HtoD]"
3.026818,0.221534,13,4,1,256,1,1,128,32.000000,0,,,,,"Tesla V100-DGXS-16GB (0)","1","23","trt_volta_scudnn_128x128_relu_medium_nn_v1 [1036]"
3.028005,0.001184,,,,,,,,,,2.260986,1864.860187,"Device",,"Tesla V100-DGXS-16GB (0)","1","7","[CUDA memset]"
3.029439,0.002624,7,1,1,256,1,1,18,0.000000,0,,,,,"Tesla V100-DGXS-16GB (0)","1","23","cask::computeOffsetsKernel(cask::ComputeOffsetsParams) [1043]"
3.029539,0.375293,,,,,,,,,,2.250000,5.854800,"Pageable","Device","Tesla V100-DGXS-16GB (0)","1","7","[CUDA memcpy HtoD]"
3.029928,0.001472,,,,,,,,,,0.001953,1.295753,"Pageable","Device","Tesla V100-DGXS-16GB (0)","1","7","[CUDA memcpy HtoD]"
3.030492,0.375357,,,,,,,,,,2.250000,5.853802,"Pageable","Device","Tesla V100-DGXS-16GB (0)","1","7","[CUDA memcpy HtoD]"
3.030883,0.001440,,,,,,,,,,0.001953,1.324548,"Pageable","Device","Tesla V100-DGXS-16GB (0)","1","7","[CUDA memcpy HtoD]"
3.031346,0.220030,13,4,1,256,1,1,128,32.000000,0,,,,,"Tesla V100-DGXS-16GB (0)","1","23","trt_volta_scudnn_128x128_relu_small_nn_v1 [1054]"
3.032119,0.001184,,,,,,,,,,2.260986,1864.860187,"Device",,"Tesla V100-DGXS-16GB (0)","1","7","[CUDA memset]"
3.033552,0.002560,7,1,1,256,1,1,18,0.000000,0,,,,,"Tesla V100-DGXS-16GB (0)","1","23","cask::computeOffsetsKernel(cask::ComputeOffsetsParams) [1061]"
3.033652,0.376093,,,,,,,,,,2.250000,5.842347,"Pageable","Device","Tesla V100-DGXS-16GB (0)","1","7","[CUDA memcpy HtoD]"
3.034043,0.001471,,,,,,,,,,0.001953,1.296634,"Pageable","Device","Tesla V100-DGXS-16GB (0)","1","7","[CUDA memcpy HtoD]"
3.034610,0.375389,,,,,,,,,,2.250000,5.853303,"Pageable","Device","Tesla V100-DGXS-16GB (0)","1","7","[CUDA memcpy HtoD]"
3.035000,0.001440,,,,,,,,,,0.001953,1.324548,"Pageable","Device","Tesla V100-DGXS-16GB (0)","1","7","[CUDA memcpy HtoD]"
3.035462,0.228798,13,8,1,128,1,1,128,16.000000,0,,,,,"Tesla V100-DGXS-16GB (0)","1","23","trt_volta_scudnn_128x64_relu_small_nn_v1 [1072]"
3.036297,0.376509,,,,,,,,,,2.250000,5.835891,"Pageable","Device","Tesla V100-DGXS-16GB (0)","1","7","[CUDA memcpy HtoD]"
3.036688,0.001472,,,,,,,,,,0.001953,1.295753,"Pageable","Device","Tesla V100-DGXS-16GB (0)","1","7","[CUDA memcpy HtoD]"
3.037482,0.375613,,,,,,,,,,2.250000,5.849813,"Pageable","Device","Tesla V100-DGXS-16GB (0)","1","7","[CUDA memcpy HtoD]"
3.037870,0.001440,,,,,,,,,,0.001953,1.324548,"Pageable","Device","Tesla V100-DGXS-16GB (0)","1","7","[CUDA memcpy HtoD]"
3.037932,0.243646,49,16,1,8,8,1,63,2.250000,0,,,,,"Tesla V100-DGXS-16GB (0)","1","23","void cudnn::detail::implicit_convolve_sgemm<float, float, int=1024, int=5, int=5, int=3, int=3, int=3, int=1, bool=1, bool=0, bool=1>(int, int, int, float const *, int, float*, cudnn::detail::implicit_convolve_sgemm<float, float, int=1024, int=5, int=5, int=3, int=3, int=3, int=1, bool=1, bool=0, bool=1>*, kernel_conv_params, int, float, float, int, float, float, int, int) [1110]"
3.038177,0.006464,1,512,2,128,1,1,29,0.000000,0,,,,,"Tesla V100-DGXS-16GB (0)","1","23","void add_tensor_kernel_v3<int=2, float, float, int=128, int=1, int=1, int=4, int=2>(cudnnTensorStruct, float*, cudnnTensorStruct, float const *, float, float) [1120]"
3.038185,0.005792,256,1,1,128,1,1,21,0.000000,0,,,,,"Tesla V100-DGXS-16GB (0)","1","23","void cudnn::detail::activation_fw_4d_kernel<float, float, int=128, int=1, int=4, cudnn::detail::relu_func<float, cudnnNanPropagation_t=1, bool=0>>(cudnnTensorStruct, float const *, cudnn::detail::activation_fw_4d_kernel<float, float, int=128, int=1, int=4, cudnn::detail::relu_func<float, cudnnNanPropagation_t=1, bool=0>>, cudnnTensorStruct*, float, cudnnTensorStruct*, int, cudnnTensorStruct*) [1131]"
3.039014,0.375357,,,,,,,,,,2.250000,5.853802,"Pageable","Device","Tesla V100-DGXS-16GB (0)","1","7","[CUDA memcpy HtoD]"
3.039403,0.001440,,,,,,,,,,0.001953,1.324548,"Pageable","Device","Tesla V100-DGXS-16GB (0)","1","7","[CUDA memcpy HtoD]"
3.040200,0.375837,,,,,,,,,,2.250000,5.846326,"Pageable","Device","Tesla V100-DGXS-16GB (0)","1","7","[CUDA memcpy HtoD]"
3.040589,0.001472,,,,,,,,,,0.001953,1.295753,"Pageable","Device","Tesla V100-DGXS-16GB (0)","1","7","[CUDA memcpy HtoD]"
3.040624,0.002048,13,1,1,128,1,1,16,0.000000,0,,,,,"Tesla V100-DGXS-16GB (0)","1","23","cudnn::gemm::computeOffsetsKernel(cudnn::gemm::ComputeOffsetsParams) [1151]"
3.040645,0.225023,13,8,1,128,1,1,128,16.000000,0,,,,,"Tesla V100-DGXS-16GB (0)","1","23","volta_scudnn_128x64_relu_small_nn_v1 [1156]"
3.040871,0.006464,1,512,2,128,1,1,29,0.000000,0,,,,,"Tesla V100-DGXS-16GB (0)","1","23","void add_tensor_kernel_v3<int=2, float, float, int=128, int=1, int=1, int=4, int=2>(cudnnTensorStruct, float*, cudnnTensorStruct, float const *, float, float) [1165]"
3.040879,0.005727,256,1,1,128,1,1,21,0.000000,0,,,,,"Tesla V100-DGXS-16GB (0)","1","23","void cudnn::detail::activation_fw_4d_kernel<float, float, int=128, int=1, int=4, cudnn::detail::relu_func<float, cudnnNanPropagation_t=1, bool=0>>(cudnnTensorStruct, float const *, cudnn::detail::activation_fw_4d_kernel<float, float, int=128, int=1, int=4, cudnn::detail::relu_func<float, cudnnNanPropagation_t=1, bool=0>>, cudnnTensorStruct*, float, cudnnTensorStruct*, int, cudnnTensorStruct*) [1176]"
3.042761,0.378077,,,,,,,,,,2.250000,5.811688,"Pageable","Device","Tesla V100-DGXS-16GB (0)","1","7","[CUDA memcpy HtoD]"
3.043155,0.001536,,,,,,,,,,0.001953,1.241763,"Pageable","Device","Tesla V100-DGXS-16GB (0)","1","7","[CUDA memcpy HtoD]"
3.046145,0.001184,,,,,,,,,,3.062500,2525.948189,"Device",,"Tesla V100-DGXS-16GB (0)","1","7","[CUDA memset]"
3.046165,0.001152,,,,,,,,,,0.765625,649.028354,"Device",,"Tesla V100-DGXS-16GB (0)","1","7","[CUDA memset]"
3.046629,0.001184,,,,,,,,,,1.000000,824.799409,"Device",,"Tesla V100-DGXS-16GB (0)","1","7","[CUDA memset]"
3.046672,0.008672,512,7,1,256,1,1,16,1.000000,0,,,,,"Tesla V100-DGXS-16GB (0)","1","23","void nvinfer1::tiled_pooling::poolCHW_PQT<int=2, int=2, int=2, int=2, int=2, int=32, int=256, int=1, int=1, bool=1, nvinfer1::ITiledPooling::PoolingMode, bool=0>(nvinfer1::TiledPoolingParams) [1208]"
3.046718,0.005344,256,7,1,256,1,1,17,2.000000,0,,,,,"Tesla V100-DGXS-16GB (0)","1","23","void nvinfer1::tiled_pooling::poolCHW_PQT<int=2, int=2, int=2, int=2, int=2, int=32, int=256, int=2, int=1, bool=1, nvinfer1::ITiledPooling::PoolingMode, bool=0>(nvinfer1::TiledPoolingParams) [1216]"
3.046755,0.004736,171,7,1,256,1,1,22,3.000000,0,,,,,"Tesla V100-DGXS-16GB (0)","1","23","void nvinfer1::tiled_pooling::poolCHW_PQT<int=2, int=2, int=2, int=2, int=2, int=32, int=256, int=3, int=1, bool=1, nvinfer1::ITiledPooling::PoolingMode, bool=0>(nvinfer1::TiledPoolingParams) [1224]"
3.046790,0.004608,128,7,1,256,1,1,26,4.000000,0,,,,,"Tesla V100-DGXS-16GB (0)","1","23","void nvinfer1::tiled_pooling::poolCHW_PQT<int=2, int=2, int=2, int=2, int=2, int=32, int=256, int=4, int=1, bool=1, nvinfer1::ITiledPooling::PoolingMode, bool=0>(nvinfer1::TiledPoolingParams) [1232]"
3.046824,0.004928,103,7,1,256,1,1,30,5.000000,0,,,,,"Tesla V100-DGXS-16GB (0)","1","23","void nvinfer1::tiled_pooling::poolCHW_PQT<int=2, int=2, int=2, int=2, int=2, int=32, int=256, int=5, int=1, bool=1, nvinfer1::ITiledPooling::PoolingMode, bool=0>(nvinfer1::TiledPoolingParams) [1240]"
3.046858,0.004256,86,7,1,256,1,1,31,6.000000,0,,,,,"Tesla V100-DGXS-16GB (0)","1","23","void nvinfer1::tiled_pooling::poolCHW_PQT<int=2, int=2, int=2, int=2, int=2, int=32, int=256, int=6, int=1, bool=1, nvinfer1::ITiledPooling::PoolingMode, bool=0>(nvinfer1::TiledPoolingParams) [1248]"
3.046891,0.004384,74,7,1,256,1,1,32,7.000000,0,,,,,"Tesla V100-DGXS-16GB (0)","1","23","void nvinfer1::tiled_pooling::poolCHW_PQT<int=2, int=2, int=2, int=2, int=2, int=32, int=256, int=7, int=1, bool=1, nvinfer1::ITiledPooling::PoolingMode, bool=0>(nvinfer1::TiledPoolingParams) [1256]"
3.046926,0.004512,64,7,1,256,1,1,32,8.000000,0,,,,,"Tesla V100-DGXS-16GB (0)","1","23","void nvinfer1::tiled_pooling::poolCHW_PQT<int=2, int=2, int=2, int=2, int=2, int=32, int=256, int=8, int=1, bool=1, nvinfer1::ITiledPooling::PoolingMode, bool=0>(nvinfer1::TiledPoolingParams) [1264]"
3.046959,0.012479,512,7,2,128,1,1,16,0.500000,0,,,,,"Tesla V100-DGXS-16GB (0)","1","23","void nvinfer1::tiled_pooling::poolCHW_PQT<int=2, int=2, int=2, int=2, int=2, int=16, int=128, int=1, int=1, bool=1, nvinfer1::ITiledPooling::PoolingMode, bool=0>(nvinfer1::TiledPoolingParams) [1272]"
3.047000,0.007744,256,7,2,128,1,1,17,1.000000,0,,,,,"Tesla V100-DGXS-16GB (0)","1","23","void nvinfer1::tiled_pooling::poolCHW_PQT<int=2, int=2, int=2, int=2, int=2, int=16, int=128, int=2, int=1, bool=1, nvinfer1::ITiledPooling::PoolingMode, bool=0>(nvinfer1::TiledPoolingParams) [1280]"
3.047036,0.006112,171,7,2,128,1,1,22,1.500000,0,,,,,"Tesla V100-DGXS-16GB (0)","1","23","void nvinfer1::tiled_pooling::poolCHW_PQT<int=2, int=2, int=2, int=2, int=2, int=16, int=128, int=3, int=1, bool=1, nvinfer1::ITiledPooling::PoolingMode, bool=0>(nvinfer1::TiledPoolingParams) [1288]"
3.047070,0.005504,128,7,2,128,1,1,26,2.000000,0,,,,,"Tesla V100-DGXS-16GB (0)","1","23","void nvinfer1::tiled_pooling::poolCHW_PQT<int=2, int=2, int=2, int=2, int=2, int=16, int=128, int=4, int=1, bool=1, nvinfer1::ITiledPooling::PoolingMode, bool=0>(nvinfer1::TiledPoolingParams) [1296]"
3.047104,0.005472,103,7,2,128,1,1,30,2.500000,0,,,,,"Tesla V100-DGXS-16GB (0)","1","23","void nvinfer1::tiled_pooling::poolCHW_PQT<int=2, int=2, int=2, int=2, int=2, int=16, int=128, int=5, int=1, bool=1, nvinfer1::ITiledPooling::PoolingMode, bool=0>(nvinfer1::TiledPoolingParams) [1304]"
3.047138,0.005056,86,7,2,128,1,1,31,3.000000,0,,,,,"Tesla V100-DGXS-16GB (0)","1","23","void nvinfer1::tiled_pooling::poolCHW_PQT<int=2, int=2, int=2, int=2, int=2, int=16, int=128, int=6, int=1, bool=1, nvinfer1::ITiledPooling::PoolingMode, bool=0>(nvinfer1::TiledPoolingParams) [1312]"
3.047172,0.005088,74,7,2,128,1,1,32,3.500000,0,,,,,"Tesla V100-DGXS-16GB (0)","1","23","void nvinfer1::tiled_pooling::poolCHW_PQT<int=2, int=2, int=2, int=2, int=2, int=16, int=128, int=7, int=1, bool=1, nvinfer1::ITiledPooling::PoolingMode, bool=0>(nvinfer1::TiledPoolingParams) [1320]"
3.047205,0.004992,64,7,2,128,1,1,32,4.000000,0,,,,,"Tesla V100-DGXS-16GB (0)","1","23","void nvinfer1::tiled_pooling::poolCHW_PQT<int=2, int=2, int=2, int=2, int=2, int=16, int=128, int=8, int=1, bool=1, nvinfer1::ITiledPooling::PoolingMode, bool=0>(nvinfer1::TiledPoolingParams) [1328]"
3.048871,0.001184,,,,,,,,,,0.765625,631.487047,"Device",,"Tesla V100-DGXS-16GB (0)","1","7","[CUDA memset]"
3.049337,0.001152,,,,,,,,,,0.191406,162.257089,"Device",,"Tesla V100-DGXS-16GB (0)","1","7","[CUDA memset]"
3.049355,0.001152,,,,,,,,,,1.000000,847.710503,"Device",,"Tesla V100-DGXS-16GB (0)","1","7","[CUDA memset]"
3.078014,4.130368,,,,,,,,,,25.000000,5.910869,"Pageable","Device","Tesla V100-DGXS-16GB (0)","1","7","[CUDA memcpy HtoD]"
3.083197,0.001696,,,,,,,,,,0.001953,1.124616,"Pageable","Device","Tesla V100-DGXS-16GB (0)","1","7","[CUDA memcpy HtoD]"
3.083250,0.866937,16,4,2,32,1,1,84,0.500000,0,,,,,"Tesla V100-DGXS-16GB (0)","1","23","void fused::fusedConvolutionReluKernel<fused::SrcChwcPtr_FltTex_Reader<float, int=1, int=1, int=1>, fused::KpqkPtrWriter<float, int=1, int=1>, float, float, int=4, int=4, int=1, int=5, int=5, int=2, int=2>(fused::ConvolutionParams<floatSrcType, int=1, int=1Type>, float) [1360]"
3.092426,0.001152,,,,,,,,,,25.002563,21194.935673,"Device",,"Tesla V100-DGXS-16GB (0)","1","7","[CUDA memset]"
3.107463,0.002592,1,1,1,256,1,1,18,0.000000,0,,,,,"Tesla V100-DGXS-16GB (0)","1","23","cask::computeOffsetsKernel(cask::ComputeOffsetsParams) [1374]"
3.107614,4.155871,,,,,,,,,,25.000000,5.874596,"Pageable","Device","Tesla V100-DGXS-16GB (0)","1","7","[CUDA memcpy HtoD]"
3.111785,0.001472,,,,,,,,,,0.001953,1.295753,"Pageable","Device","Tesla V100-DGXS-16GB (0)","1","7","[CUDA memcpy HtoD]"
3.112564,4.141567,,,,,,,,,,25.000000,5.894885,"Pageable","Device","Tesla V100-DGXS-16GB (0)","1","7","[CUDA memcpy HtoD]"
3.117094,0.001696,,,,,,,,,,0.001953,1.124616,"Pageable","Device","Tesla V100-DGXS-16GB (0)","1","7","[CUDA memcpy HtoD]"
3.117135,2.414797,1,4,1,256,1,1,160,32.000000,0,,,,,"Tesla V100-DGXS-16GB (0)","1","23","trt_volta_scudnn_128x128_relu_xregs_large_nn_v1 [1382]"
3.120141,0.001184,,,,,,,,,,25.002563,20622.099574,"Device",,"Tesla V100-DGXS-16GB (0)","1","7","[CUDA memset]"
3.135187,0.002592,1,1,1,256,1,1,18,0.000000,0,,,,,"Tesla V100-DGXS-16GB (0)","1","23","cask::computeOffsetsKernel(cask::ComputeOffsetsParams) [1389]"
3.135328,4.148031,,,,,,,,,,25.000000,5.885699,"Pageable","Device","Tesla V100-DGXS-16GB (0)","1","7","[CUDA memcpy HtoD]"
3.139492,0.001760,,,,,,,,,,0.001953,1.083721,"Pageable","Device","Tesla V100-DGXS-16GB (0)","1","7","[CUDA memcpy HtoD]"
3.140252,4.141503,,,,,,,,,,25.000000,5.894976,"Pageable","Device","Tesla V100-DGXS-16GB (0)","1","7","[CUDA memcpy HtoD]"
3.144407,0.001440,,,,,,,,,,0.001953,1.324548,"Pageable","Device","Tesla V100-DGXS-16GB (0)","1","7","[CUDA memcpy HtoD]"
3.146019,1.965681,1,16,1,64,1,1,128,5.250000,0,,,,,"Tesla V100-DGXS-16GB (0)","1","23","trt_volta_scudnn_128x32_relu_small_nn_v1 [1400]"
3.148678,0.001152,,,,,,,,,,25.002563,21194.935673,"Device",,"Tesla V100-DGXS-16GB (0)","1","7","[CUDA memset]"
3.163722,0.002688,1,1,1,256,1,1,18,0.000000,0,,,,,"Tesla V100-DGXS-16GB (0)","1","23","cask::computeOffsetsKernel(cask::ComputeOffsetsParams) [1407]"
3.163863,4.149023,,,,,,,,,,25.000000,5.884292,"Pageable","Device","Tesla V100-DGXS-16GB (0)","1","7","[CUDA memcpy HtoD]"
3.168029,0.001472,,,,,,,,,,0.001953,1.295753,"Pageable","Device","Tesla V100-DGXS-16GB (0)","1","7","[CUDA memcpy HtoD]"
3.168782,4.139167,,,,,,,,,,25.000000,5.898303,"Pageable","Device","Tesla V100-DGXS-16GB (0)","1","7","[CUDA memcpy HtoD]"
3.172934,0.001440,,,,,,,,,,0.001953,1.324548,"Pageable","Device","Tesla V100-DGXS-16GB (0)","1","7","[CUDA memcpy HtoD]"
3.173493,1.709170,1,8,1,128,1,1,128,16.000000,0,,,,,"Tesla V100-DGXS-16GB (0)","1","23","trt_volta_scudnn_128x64_relu_medium_nn_v1 [1418]"
3.175905,0.001183,,,,,,,,,,25.002563,20639.531610,"Device",,"Tesla V100-DGXS-16GB (0)","1","7","[CUDA memset]"
3.190951,0.002464,1,1,1,256,1,1,18,0.000000,0,,,,,"Tesla V100-DGXS-16GB (0)","1","23","cask::computeOffsetsKernel(cask::ComputeOffsetsParams) [1425]"
3.191090,4.148191,,,,,,,,,,25.000000,5.885472,"Pageable","Device","Tesla V100-DGXS-16GB (0)","1","7","[CUDA memcpy HtoD]"
3.195254,0.001472,,,,,,,,,,0.001953,1.295753,"Pageable","Device","Tesla V100-DGXS-16GB (0)","1","7","[CUDA memcpy HtoD]"
3.196016,4.143871,,,,,,,,,,25.000000,5.891608,"Pageable","Device","Tesla V100-DGXS-16GB (0)","1","7","[CUDA memcpy HtoD]"
3.200174,0.001472,,,,,,,,,,0.001953,1.295753,"Pageable","Device","Tesla V100-DGXS-16GB (0)","1","7","[CUDA memcpy HtoD]"
3.200736,1.716435,1,8,1,128,1,1,160,16.000000,0,,,,,"Tesla V100-DGXS-16GB (0)","1","23","trt_volta_scudnn_128x64_relu_xregs_large_nn_v1 [1436]"
3.203166,0.001184,,,,,,,,,,25.002563,20622.099574,"Device",,"Tesla V100-DGXS-16GB (0)","1","7","[CUDA memset]"
3.218228,0.002688,1,1,1,256,1,1,18,0.000000,0,,,,,"Tesla V100-DGXS-16GB (0)","1","23","cask::computeOffsetsKernel(cask::ComputeOffsetsParams) [1443]"
3.218370,4.146176,,,,,,,,,,25.000000,5.888332,"Pageable","Device","Tesla V100-DGXS-16GB (0)","1","7","[CUDA memcpy HtoD]"
3.222532,0.001472,,,,,,,,,,0.001953,1.295753,"Pageable","Device","Tesla V100-DGXS-16GB (0)","1","7","[CUDA memcpy HtoD]"
3.223320,4.138335,,,,,,,,,,25.000000,5.899489,"Pageable","Device","Tesla V100-DGXS-16GB (0)","1","7","[CUDA memcpy HtoD]"
3.227476,0.001440,,,,,,,,,,0.001953,1.324548,"Pageable","Device","Tesla V100-DGXS-16GB (0)","1","7","[CUDA memcpy HtoD]"
3.228041,2.365357,1,4,1,256,1,1,128,32.000000,0,,,,,"Tesla V100-DGXS-16GB (0)","1","23","trt_volta_scudnn_128x128_relu_medium_nn_v1 [1454]"
3.231096,0.001152,,,,,,,,,,25.002563,21194.935673,"Device",,"Tesla V100-DGXS-16GB (0)","1","7","[CUDA memset]"
3.246148,0.002464,1,1,1,256,1,1,18,0.000000,0,,,,,"Tesla V100-DGXS-16GB (0)","1","23","cask::computeOffsetsKernel(cask::ComputeOffsetsParams) [1461]"
3.246288,4.138719,,,,,,,,,,25.000000,5.898942,"Pageable","Device","Tesla V100-DGXS-16GB (0)","1","7","[CUDA memcpy HtoD]"
3.250442,0.001472,,,,,,,,,,0.001953,1.295753,"Pageable","Device","Tesla V100-DGXS-16GB (0)","1","7","[CUDA memcpy HtoD]"
3.251207,4.142463,,,,,,,,,,25.000000,5.893610,"Pageable","Device","Tesla V100-DGXS-16GB (0)","1","7","[CUDA memcpy HtoD]"
3.255364,0.001472,,,,,,,,,,0.001953,1.295753,"Pageable","Device","Tesla V100-DGXS-16GB (0)","1","7","[CUDA memcpy HtoD]"
3.257027,2.272398,1,4,1,256,1,1,128,32.000000,0,,,,,"Tesla V100-DGXS-16GB (0)","1","23","trt_volta_scudnn_128x128_relu_small_nn_v1 [1472]"
3.260006,0.001184,,,,,,,,,,25.002563,20622.099574,"Device",,"Tesla V100-DGXS-16GB (0)","1","7","[CUDA memset]"
3.275051,0.002848,1,1,1,256,1,1,18,0.000000,0,,,,,"Tesla V100-DGXS-16GB (0)","1","23","cask::computeOffsetsKernel(cask::ComputeOffsetsParams) [1479]"
3.275191,4.151359,,,,,,,,,,25.000000,5.880981,"Pageable","Device","Tesla V100-DGXS-16GB (0)","1","7","[CUDA memcpy HtoD]"
3.279356,0.001472,,,,,,,,,,0.001953,1.295753,"Pageable","Device","Tesla V100-DGXS-16GB (0)","1","7","[CUDA memcpy HtoD]"
3.280123,4.139999,,,,,,,,,,25.000000,5.897118,"Pageable","Device","Tesla V100-DGXS-16GB (0)","1","7","[CUDA memcpy HtoD]"
3.284279,0.001440,,,,,,,,,,0.001953,1.324548,"Pageable","Device","Tesla V100-DGXS-16GB (0)","1","7","[CUDA memcpy HtoD]"
3.287193,1.391861,1,8,1,128,1,1,128,16.000000,0,,,,,"Tesla V100-DGXS-16GB (0)","1","23","trt_volta_scudnn_128x64_relu_small_nn_v1 [1490]"
3.289346,4.140031,,,,,,,,,,25.000000,5.897072,"Pageable","Device","Tesla V100-DGXS-16GB (0)","1","7","[CUDA memcpy HtoD]"
3.293500,0.001472,,,,,,,,,,0.001953,1.295753,"Pageable","Device","Tesla V100-DGXS-16GB (0)","1","7","[CUDA memcpy HtoD]"
3.294612,4.153376,,,,,,,,,,25.000000,5.878125,"Pageable","Device","Tesla V100-DGXS-16GB (0)","1","7","[CUDA memcpy HtoD]"
3.298780,0.001472,,,,,,,,,,0.001953,1.295753,"Pageable","Device","Tesla V100-DGXS-16GB (0)","1","7","[CUDA memcpy HtoD]"
3.298851,1.609267,4,16,1,8,8,1,64,2.250000,0,,,,,"Tesla V100-DGXS-16GB (0)","1","23","void cudnn::detail::implicit_convolve_sgemm<float, float, int=128, int=5, int=5, int=3, int=3, int=3, int=1, bool=1, bool=0, bool=1>(int, int, int, float const *, int, float*, cudnn::detail::implicit_convolve_sgemm<float, float, int=128, int=5, int=5, int=3, int=3, int=3, int=1, bool=1, bool=0, bool=1>*, kernel_conv_params, int, float, float, int, float, float, int, int) [1528]"
3.300462,0.004384,1,512,1,128,1,1,29,0.000000,0,,,,,"Tesla V100-DGXS-16GB (0)","1","23","void add_tensor_kernel_v3<int=2, float, float, int=128, int=1, int=1, int=4, int=2>(cudnnTensorStruct, float*, cudnnTensorStruct, float const *, float, float) [1538]"
3.300467,0.003424,128,1,1,128,1,1,21,0.000000,0,,,,,"Tesla V100-DGXS-16GB (0)","1","23","void cudnn::detail::activation_fw_4d_kernel<float, float, int=128, int=1, int=4, cudnn::detail::relu_func<float, cudnnNanPropagation_t=1, bool=0>>(cudnnTensorStruct, float const *, cudnn::detail::activation_fw_4d_kernel<float, float, int=128, int=1, int=4, cudnn::detail::relu_func<float, cudnnNanPropagation_t=1, bool=0>>, cudnnTensorStruct*, float, cudnnTensorStruct*, int, cudnnTensorStruct*) [1549]"
3.301628,4.153119,,,,,,,,,,25.000000,5.878489,"Pageable","Device","Tesla V100-DGXS-16GB (0)","1","7","[CUDA memcpy HtoD]"
3.305798,0.001472,,,,,,,,,,0.001953,1.295753,"Pageable","Device","Tesla V100-DGXS-16GB (0)","1","7","[CUDA memcpy HtoD]"
3.306924,4.143807,,,,,,,,,,25.000000,5.891699,"Pageable","Device","Tesla V100-DGXS-16GB (0)","1","7","[CUDA memcpy HtoD]"
3.311081,0.001472,,,,,,,,,,0.001953,1.295753,"Pageable","Device","Tesla V100-DGXS-16GB (0)","1","7","[CUDA memcpy HtoD]"
3.311123,0.002240,1,1,1,128,1,1,16,0.000000,0,,,,,"Tesla V100-DGXS-16GB (0)","1","23","cudnn::gemm::computeOffsetsKernel(cudnn::gemm::ComputeOffsetsParams) [1569]"
3.311145,1.364629,1,8,1,128,1,1,128,16.000000,0,,,,,"Tesla V100-DGXS-16GB (0)","1","23","volta_scudnn_128x64_relu_small_nn_v1 [1574]"
3.312511,0.003680,1,512,1,128,1,1,29,0.000000,0,,,,,"Tesla V100-DGXS-16GB (0)","1","23","void add_tensor_kernel_v3<int=2, float, float, int=128, int=1, int=1, int=4, int=2>(cudnnTensorStruct, float*, cudnnTensorStruct, float const *, float, float) [1583]"
3.312516,0.003200,128,1,1,128,1,1,21,0.000000,0,,,,,"Tesla V100-DGXS-16GB (0)","1","23","void cudnn::detail::activation_fw_4d_kernel<float, float, int=128, int=1, int=4, cudnn::detail::relu_func<float, cudnnNanPropagation_t=1, bool=0>>(cudnnTensorStruct, float const *, cudnn::detail::activation_fw_4d_kernel<float, float, int=128, int=1, int=4, cudnn::detail::relu_func<float, cudnnNanPropagation_t=1, bool=0>>, cudnnTensorStruct*, float, cudnnTensorStruct*, int, cudnnTensorStruct*) [1594]"
3.313674,4.145279,,,,,,,,,,25.000000,5.889607,"Pageable","Device","Tesla V100-DGXS-16GB (0)","1","7","[CUDA memcpy HtoD]"
3.317836,0.001472,,,,,,,,,,0.001953,1.295753,"Pageable","Device","Tesla V100-DGXS-16GB (0)","1","7","[CUDA memcpy HtoD]"
3.320275,0.001184,,,,,,,,,,0.191406,157.871762,"Device",,"Tesla V100-DGXS-16GB (0)","1","7","[CUDA memset]"
3.320308,0.001184,,,,,,,,,,0.041016,33.829663,"Device",,"Tesla V100-DGXS-16GB (0)","1","7","[CUDA memset]"
3.320813,0.001152,,,,,,,,,,1.000000,847.710503,"Device",,"Tesla V100-DGXS-16GB (0)","1","7","[CUDA memset]"
3.320861,0.004320,512,2,1,256,1,1,16,1.000000,0,,,,,"Tesla V100-DGXS-16GB (0)","1","23","void nvinfer1::tiled_pooling::poolCHW_PQT<int=2, int=2, int=2, int=2, int=2, int=32, int=256, int=1, int=1, bool=1, nvinfer1::ITiledPooling::PoolingMode, bool=0>(nvinfer1::TiledPoolingParams) [1626]"
3.320908,0.002976,256,2,1,256,1,1,17,2.000000,0,,,,,"Tesla V100-DGXS-16GB (0)","1","23","void nvinfer1::tiled_pooling::poolCHW_PQT<int=2, int=2, int=2, int=2, int=2, int=32, int=256, int=2, int=1, bool=1, nvinfer1::ITiledPooling::PoolingMode, bool=0>(nvinfer1::TiledPoolingParams) [1634]"
3.320942,0.002880,171,2,1,256,1,1,22,3.000000,0,,,,,"Tesla V100-DGXS-16GB (0)","1","23","void nvinfer1::tiled_pooling::poolCHW_PQT<int=2, int=2, int=2, int=2, int=2, int=32, int=256, int=3, int=1, bool=1, nvinfer1::ITiledPooling::PoolingMode, bool=0>(nvinfer1::TiledPoolingParams) [1642]"
3.320974,0.002976,128,2,1,256,1,1,26,4.000000,0,,,,,"Tesla V100-DGXS-16GB (0)","1","23","void nvinfer1::tiled_pooling::poolCHW_PQT<int=2, int=2, int=2, int=2, int=2, int=32, int=256, int=4, int=1, bool=1, nvinfer1::ITiledPooling::PoolingMode, bool=0>(nvinfer1::TiledPoolingParams) [1650]"
3.321010,0.003200,103,2,1,256,1,1,30,5.000000,0,,,,,"Tesla V100-DGXS-16GB (0)","1","23","void nvinfer1::tiled_pooling::poolCHW_PQT<int=2, int=2, int=2, int=2, int=2, int=32, int=256, int=5, int=1, bool=1, nvinfer1::ITiledPooling::PoolingMode, bool=0>(nvinfer1::TiledPoolingParams) [1658]"
3.321042,0.003648,86,2,1,256,1,1,31,6.000000,0,,,,,"Tesla V100-DGXS-16GB (0)","1","23","void nvinfer1::tiled_pooling::poolCHW_PQT<int=2, int=2, int=2, int=2, int=2, int=32, int=256, int=6, int=1, bool=1, nvinfer1::ITiledPooling::PoolingMode, bool=0>(nvinfer1::TiledPoolingParams) [1666]"
3.321073,0.003680,74,2,1,256,1,1,32,7.000000,0,,,,,"Tesla V100-DGXS-16GB (0)","1","23","void nvinfer1::tiled_pooling::poolCHW_PQT<int=2, int=2, int=2, int=2, int=2, int=32, int=256, int=7, int=1, bool=1, nvinfer1::ITiledPooling::PoolingMode, bool=0>(nvinfer1::TiledPoolingParams) [1674]"
3.321105,0.003936,64,2,1,256,1,1,32,8.000000,0,,,,,"Tesla V100-DGXS-16GB (0)","1","23","void nvinfer1::tiled_pooling::poolCHW_PQT<int=2, int=2, int=2, int=2, int=2, int=32, int=256, int=8, int=1, bool=1, nvinfer1::ITiledPooling::PoolingMode, bool=0>(nvinfer1::TiledPoolingParams) [1682]"
3.321139,0.003552,512,2,1,128,1,1,16,0.500000,0,,,,,"Tesla V100-DGXS-16GB (0)","1","23","void nvinfer1::tiled_pooling::poolCHW_PQT<int=2, int=2, int=2, int=2, int=2, int=16, int=128, int=1, int=1, bool=1, nvinfer1::ITiledPooling::PoolingMode, bool=0>(nvinfer1::TiledPoolingParams) [1690]"
3.321170,0.003040,256,2,1,128,1,1,17,1.000000,0,,,,,"Tesla V100-DGXS-16GB (0)","1","23","void nvinfer1::tiled_pooling::poolCHW_PQT<int=2, int=2, int=2, int=2, int=2, int=16, int=128, int=2, int=1, bool=1, nvinfer1::ITiledPooling::PoolingMode, bool=0>(nvinfer1::TiledPoolingParams) [1698]"
3.321201,0.002880,171,2,1,128,1,1,22,1.500000,0,,,,,"Tesla V100-DGXS-16GB (0)","1","23","void nvinfer1::tiled_pooling::poolCHW_PQT<int=2, int=2, int=2, int=2, int=2, int=16, int=128, int=3, int=1, bool=1, nvinfer1::ITiledPooling::PoolingMode, bool=0>(nvinfer1::TiledPoolingParams) [1706]"
3.321232,0.003136,128,2,1,128,1,1,26,2.000000,0,,,,,"Tesla V100-DGXS-16GB (0)","1","23","void nvinfer1::tiled_pooling::poolCHW_PQT<int=2, int=2, int=2, int=2, int=2, int=16, int=128, int=4, int=1, bool=1, nvinfer1::ITiledPooling::PoolingMode, bool=0>(nvinfer1::TiledPoolingParams) [1714]"
3.321263,0.003264,103,2,1,128,1,1,30,2.500000,0,,,,,"Tesla V100-DGXS-16GB (0)","1","23","void nvinfer1::tiled_pooling::poolCHW_PQT<int=2, int=2, int=2, int=2, int=2, int=16, int=128, int=5, int=1, bool=1, nvinfer1::ITiledPooling::PoolingMode, bool=0>(nvinfer1::TiledPoolingParams) [1722]"
3.321294,0.003328,86,2,1,128,1,1,31,3.000000,0,,,,,"Tesla V100-DGXS-16GB (0)","1","23","void nvinfer1::tiled_pooling::poolCHW_PQT<int=2, int=2, int=2, int=2, int=2, int=16, int=128, int=6, int=1, bool=1, nvinfer1::ITiledPooling::PoolingMode, bool=0>(nvinfer1::TiledPoolingParams) [1730]"
3.321325,0.003712,74,2,1,128,1,1,32,3.500000,0,,,,,"Tesla V100-DGXS-16GB (0)","1","23","void nvinfer1::tiled_pooling::poolCHW_PQT<int=2, int=2, int=2, int=2, int=2, int=16, int=128, int=7, int=1, bool=1, nvinfer1::ITiledPooling::PoolingMode, bool=0>(nvinfer1::TiledPoolingParams) [1738]"
3.321356,0.003936,64,2,1,128,1,1,32,4.000000,0,,,,,"Tesla V100-DGXS-16GB (0)","1","23","void nvinfer1::tiled_pooling::poolCHW_PQT<int=2, int=2, int=2, int=2, int=2, int=16, int=128, int=8, int=1, bool=1, nvinfer1::ITiledPooling::PoolingMode, bool=0>(nvinfer1::TiledPoolingParams) [1746]"
3.321860,0.001152,,,,,,,,,,0.041016,34.769376,"Device",,"Tesla V100-DGXS-16GB (0)","1","7","[CUDA memset]"
3.323546,0.001152,,,,,,,,,,0.003815,3.233759,"Device",,"Tesla V100-DGXS-16GB (0)","1","7","[CUDA memset]"
3.324037,0.001184,,,,,,,,,,1.000000,824.799409,"Device",,"Tesla V100-DGXS-16GB (0)","1","7","[CUDA memset]"
3.324661,6.794026,,,,,,,,,,41.015625,5.895521,"Pageable","Device","Tesla V100-DGXS-16GB (0)","1","7","[CUDA memcpy HtoD]"
3.331471,0.001664,,,,,,,,,,0.003815,2.238756,"Pageable","Device","Tesla V100-DGXS-16GB (0)","1","7","[CUDA memcpy HtoD]"
3.331517,0.091487,125,1,1,128,1,1,32,1.500000,0,,,,,"Tesla V100-DGXS-16GB (0)","1","23","void gemv2T_kernel_val<float, float, float, int=128, int=16, int=2, int=4, bool=0>(int, int, float, float const *, int, float const *, int, float, float*, int) [1780]"
3.331610,0.003488,1,4,1,16,16,1,16,0.000000,0,,,,,"Tesla V100-DGXS-16GB (0)","1","23","void add_tensor_kernel_v3<int=2, float, float, int=16, int=16, int=1, int=16, int=4>(cudnnTensorStruct, float*, cudnnTensorStruct, float const *, float, float) [1789]"
3.408619,6.774379,,,,,,,,,,41.015625,5.912619,"Pageable","Device","Tesla V100-DGXS-16GB (0)","1","7","[CUDA memcpy HtoD]"
3.416851,0.001984,,,,,,,,,,0.003815,1.877666,"Pageable","Device","Tesla V100-DGXS-16GB (0)","1","7","[CUDA memcpy HtoD]"
3.416903,0.106495,63,1,1,128,1,1,56,2.500000,0,,,,,"Tesla V100-DGXS-16GB (0)","1","23","void gemv2N_kernel_val<float, float, float, int=128, int=8, int=4, int=4, int=1>(float, float, cublasGemv2Params_v2<float, float, float>) [1805]"
3.417011,0.002688,1,4,1,16,16,1,16,0.000000,0,,,,,"Tesla V100-DGXS-16GB (0)","1","23","void add_tensor_kernel_v3<int=2, float, float, int=16, int=16, int=1, int=16, int=4>(cudnnTensorStruct, float*, cudnnTensorStruct, float const *, float, float) [1814]"
3.418651,0.001152,,,,,,,,,,0.574219,486.771266,"Device",,"Tesla V100-DGXS-16GB (0)","1","7","[CUDA memset]"
3.426065,0.001152,,,,,,,,,,0.003815,3.233759,"Device",,"Tesla V100-DGXS-16GB (0)","1","7","[CUDA memset]"
3.426574,0.001152,,,,,,,,,,3.062500,2596.113417,"Device",,"Tesla V100-DGXS-16GB (0)","1","7","[CUDA memset]"
3.427041,0.001152,,,,,,,,,,3.062500,2596.113417,"Device",,"Tesla V100-DGXS-16GB (0)","1","7","[CUDA memset]"
3.427061,0.001152,,,,,,,,,,1.000000,847.710503,"Device",,"Tesla V100-DGXS-16GB (0)","1","7","[CUDA memset]"
3.432329,0.001184,,,,,,,,,,0.014648,12.082023,"Device",,"Tesla V100-DGXS-16GB (0)","1","32","[CUDA memset]"
3.433883,0.001472,,,,,,,,,,0.000107,0.070861,"Pageable","Device","Tesla V100-DGXS-16GB (0)","1","7","[CUDA memcpy HtoD]"
3.434626,0.001472,,,,,,,,,,0.000107,0.070861,"Pageable","Device","Tesla V100-DGXS-16GB (0)","1","7","[CUDA memcpy HtoD]"
3.435429,0.001184,,,,,,,,,,0.073608,60.712164,"Device",,"Tesla V100-DGXS-16GB (0)","1","7","[CUDA memset]"
3.435472,0.002304,25,1,1,256,1,1,18,0.000000,0,,,,,"Tesla V100-DGXS-16GB (0)","1","7","cask::computeOffsetsKernel(cask::ComputeOffsetsParams) [2085]"
3.435494,0.004928,,,,,,,,,,0.036621,7.257059,"Pageable","Device","Tesla V100-DGXS-16GB (0)","1","7","[CUDA memcpy HtoD]"
3.435510,0.001280,,,,,,,,,,0.000488,0.372529,"Pageable","Device","Tesla V100-DGXS-16GB (0)","1","7","[CUDA memcpy HtoD]"
3.435542,0.004928,,,,,,,,,,0.036621,7.257059,"Pageable","Device","Tesla V100-DGXS-16GB (0)","1","7","[CUDA memcpy HtoD]"
3.435558,0.001312,,,,,,,,,,0.000488,0.363443,"Pageable","Device","Tesla V100-DGXS-16GB (0)","1","7","[CUDA memcpy HtoD]"
3.436087,0.001152,,,,,,,,,,2.260986,1916.661859,"Device",,"Tesla V100-DGXS-16GB (0)","1","7","[CUDA memset]"
3.437535,0.001568,7,1,1,256,1,1,18,0.000000,0,,,,,"Tesla V100-DGXS-16GB (0)","1","7","cask::computeOffsetsKernel(cask::ComputeOffsetsParams) [2094]"
3.437642,0.372477,,,,,,,,,,2.250000,5.899064,"Pageable","Device","Tesla V100-DGXS-16GB (0)","1","7","[CUDA memcpy HtoD]"
3.438027,0.001440,,,,,,,,,,0.001953,1.324548,"Pageable","Device","Tesla V100-DGXS-16GB (0)","1","7","[CUDA memcpy HtoD]"
3.438641,0.374589,,,,,,,,,,2.250000,5.865804,"Pageable","Device","Tesla V100-DGXS-16GB (0)","1","7","[CUDA memcpy HtoD]"
3.439029,0.001440,,,,,,,,,,0.001953,1.324548,"Pageable","Device","Tesla V100-DGXS-16GB (0)","1","7","[CUDA memcpy HtoD]"
3.464033,4.111295,,,,,,,,,,25.000000,5.938290,"Pageable","Device","Tesla V100-DGXS-16GB (0)","1","7","[CUDA memcpy HtoD]"
3.468159,0.001472,,,,,,,,,,0.001953,1.295753,"Pageable","Device","Tesla V100-DGXS-16GB (0)","1","7","[CUDA memcpy HtoD]"
3.468945,6.751531,,,,,,,,,,41.015625,5.932628,"Pageable","Device","Tesla V100-DGXS-16GB (0)","1","7","[CUDA memcpy HtoD]"
3.475712,0.001632,,,,,,,,,,0.003815,2.282653,"Pageable","Device","Tesla V100-DGXS-16GB (0)","1","7","[CUDA memcpy HtoD]"
3.481373,0.001440,,,,,,,,,,0.014648,9.934107,"Device",,"Tesla V100-DGXS-16GB (0)","1","41","[CUDA memset]"
3.482477,0.001504,,,,,,,,,,0.000107,0.069354,"Pageable","Device","Tesla V100-DGXS-16GB (0)","1","7","[CUDA memcpy HtoD]"
3.482770,0.001280,,,,,,,,,,0.000107,0.081491,"Pageable","Device","Tesla V100-DGXS-16GB (0)","1","7","[CUDA memcpy HtoD]"
3.485085,0.095999,,,,,,,,,,0.574219,5.841316,"Pageable","Device","Tesla V100-DGXS-16GB (0)","1","43","[CUDA memcpy HtoD]"
3.485188,0.005664,192,1,1,128,1,1,22,0.000000,0,,,,,"Tesla V100-DGXS-16GB (0)","1","43","void cudnn::detail::activation_fw_4d_kernel<float, float, int=128, int=1, int=4, cudnn::detail::sigmoid_func<float>>(cudnnTensorStruct, float const *, cudnn::detail::activation_fw_4d_kernel<float, float, int=128, int=1, int=4, cudnn::detail::sigmoid_func<float>>, cudnnTensorStruct*, float, cudnnTensorStruct*, int, cudnnTensorStruct*) [2384]"
3.485195,0.003808,1,56,7,128,1,1,30,2.500000,0,,,,,"Tesla V100-DGXS-16GB (0)","1","43","void nvinfer1::tiled_pooling::poolCHW_PQT<int=2, int=2, int=2, int=2, int=2, int=16, int=128, int=5, int=1, bool=1, nvinfer1::ITiledPooling::PoolingMode, bool=0>(nvinfer1::TiledPoolingParams) [2388]"
3.485200,0.028031,49,4,1,64,1,1,128,5.250000,0,,,,,"Tesla V100-DGXS-16GB (0)","1","43","trt_volta_scudnn_128x32_relu_small_nn_v1 [2390]"
3.485229,0.211679,13,4,1,256,1,1,128,32.000000,0,,,,,"Tesla V100-DGXS-16GB (0)","1","43","trt_volta_scudnn_128x128_relu_small_nn_v1 [2392]"
3.485443,0.005184,86,7,1,256,1,1,31,6.000000,0,,,,,"Tesla V100-DGXS-16GB (0)","1","43","void nvinfer1::tiled_pooling::poolCHW_PQT<int=2, int=2, int=2, int=2, int=2, int=32, int=256, int=6, int=1, bool=1, nvinfer1::ITiledPooling::PoolingMode, bool=0>(nvinfer1::TiledPoolingParams) [2396]"
3.485449,0.836889,16,4,2,32,1,1,84,0.500000,0,,,,,"Tesla V100-DGXS-16GB (0)","1","43","void fused::fusedConvolutionReluKernel<fused::SrcChwcPtr_FltTex_Reader<float, int=1, int=1, int=1>, fused::KpqkPtrWriter<float, int=1, int=1>, float, float, int=4, int=4, int=1, int=5, int=5, int=2, int=2>(fused::ConvolutionParams<floatSrcType, int=1, int=1Type>, float) [2401]"
3.486287,0.003200,103,2,1,128,1,1,30,2.500000,0,,,,,"Tesla V100-DGXS-16GB (0)","1","43","void nvinfer1::tiled_pooling::poolCHW_PQT<int=2, int=2, int=2, int=2, int=2, int=16, int=128, int=5, int=1, bool=1, nvinfer1::ITiledPooling::PoolingMode, bool=0>(nvinfer1::TiledPoolingParams) [2405]"
3.486292,0.082687,125,1,1,128,1,1,32,1.500000,0,,,,,"Tesla V100-DGXS-16GB (0)","1","43","void gemv2T_kernel_val<float, float, float, int=128, int=16, int=2, int=4, bool=0>(int, int, float, float const *, int, float const *, int, float, float*, int) [2418]"
3.486376,0.003936,1,4,1,16,16,1,16,0.000000,0,,,,,"Tesla V100-DGXS-16GB (0)","1","43","void add_tensor_kernel_v3<int=2, float, float, int=16, int=16, int=1, int=16, int=4>(cudnnTensorStruct, float*, cudnnTensorStruct, float const *, float, float) [2427]"
3.486386,0.002240,,,,,,,,,,0.003815,1.663076,"Device","Pageable","Tesla V100-DGXS-16GB (0)","1","43","[CUDA memcpy DtoH]"
