==4918== NVPROF is profiling process 4918, command: python vgg_generator_RT.py 2007
==4918== Profiling application: python vgg_generator_RT.py 2007
==4918== Profiling result:
"Device","Context","Stream","Kernel","dram_write_transactions","dram_read_transactions"
,,,,,
"Tesla V100-DGXS-16GB (0)","1","23","void cudnn::detail::activation_fw_4d_kernel<float, float, int=128, int=1, int=4, cudnn::detail::sigmoid_func<float>>(cudnnTensorStruct, float const *, cudnn::detail::activation_fw_4d_kernel<float, float, int=128, int=1, int=4, cudnn::detail::sigmoid_func<float>>, cudnnTensorStruct*, float, cudnnTensorStruct*, int, cudnnTensorStruct*)",20721,421
"Tesla V100-DGXS-16GB (0)","1","23","void fused::fusedConvolutionReluKernel<fused::SrcChwcPtr_FltTex_Reader<float, int=1, int=1, int=1>, fused::KpqkPtrWriter<float, int=1, int=1>, float, float, int=3, int=4, int=1, int=7, int=7, int=1, int=1>(fused::ConvolutionParams<floatSrcType, int=1, int=1Type>, float)",1169490,293777
"Tesla V100-DGXS-16GB (0)","1","23","cask::computeOffsetsKernel(cask::ComputeOffsetsParams)",10540,92
"Tesla V100-DGXS-16GB (0)","1","23","trt_volta_scudnn_128x128_relu_xregs_large_nn_v1",812271,31061
"Tesla V100-DGXS-16GB (0)","1","23","cask::computeOffsetsKernel(cask::ComputeOffsetsParams)",10238,92
"Tesla V100-DGXS-16GB (0)","1","23","trt_volta_scudnn_128x64_relu_medium_nn_v1",773616,46771
"Tesla V100-DGXS-16GB (0)","1","23","cask::computeOffsetsKernel(cask::ComputeOffsetsParams)",9465,92
"Tesla V100-DGXS-16GB (0)","1","23","trt_volta_scudnn_128x64_relu_xregs_large_nn_v1",764894,48105
"Tesla V100-DGXS-16GB (0)","1","23","cask::computeOffsetsKernel(cask::ComputeOffsetsParams)",5874,92
"Tesla V100-DGXS-16GB (0)","1","23","trt_volta_scudnn_128x128_relu_medium_nn_v1",754055,25835
"Tesla V100-DGXS-16GB (0)","1","23","void cudnn::detail::implicit_convolve_sgemm<float, float, int=1024, int=6, int=7, int=3, int=3, int=5, int=1, bool=1, bool=0, bool=1>(int, int, int, float const *, int, float*, cudnn::detail::implicit_convolve_sgemm<float, float, int=1024, int=6, int=7, int=3, int=3, int=5, int=1, bool=1, bool=0, bool=1>*, kernel_conv_params, int, float, float, int, float, float, int, int)",1601867,331507
"Tesla V100-DGXS-16GB (0)","1","23","void add_tensor_kernel_v3<int=2, float, float, int=128, int=1, int=1, int=4, int=2>(cudnnTensorStruct, float*, cudnnTensorStruct, float const *, float, float)",831869,771659
"Tesla V100-DGXS-16GB (0)","1","23","void cudnn::detail::activation_fw_4d_kernel<float, float, int=128, int=1, int=4, cudnn::detail::relu_func<float, cudnnNanPropagation_t=1, bool=0>>(cudnnTensorStruct, float const *, cudnn::detail::activation_fw_4d_kernel<float, float, int=128, int=1, int=4, cudnn::detail::relu_func<float, cudnnNanPropagation_t=1, bool=0>>, cudnnTensorStruct*, float, cudnnTensorStruct*, int, cudnnTensorStruct*)",793072,754872
"Tesla V100-DGXS-16GB (0)","1","23","cudnn::gemm::computeOffsetsKernel(cudnn::gemm::ComputeOffsetsParams)",3491,76
"Tesla V100-DGXS-16GB (0)","1","23","volta_scudnn_128x128_relu_medium_nn_v1",756351,25415
"Tesla V100-DGXS-16GB (0)","1","23","void add_tensor_kernel_v3<int=2, float, float, int=128, int=1, int=1, int=4, int=2>(cudnnTensorStruct, float*, cudnnTensorStruct, float const *, float, float)",775511,771647
"Tesla V100-DGXS-16GB (0)","1","23","void cudnn::detail::activation_fw_4d_kernel<float, float, int=128, int=1, int=4, cudnn::detail::relu_func<float, cudnnNanPropagation_t=1, bool=0>>(cudnnTensorStruct, float const *, cudnn::detail::activation_fw_4d_kernel<float, float, int=128, int=1, int=4, cudnn::detail::relu_func<float, cudnnNanPropagation_t=1, bool=0>>, cudnnTensorStruct*, float, cudnnTensorStruct*, int, cudnnTensorStruct*)",794729,755993
"Tesla V100-DGXS-16GB (0)","1","23","cask::computeOffsetsKernel(cask::ComputeOffsetsParams)",3700,92
"Tesla V100-DGXS-16GB (0)","1","23","trt_volta_scudnn_128x128_relu_xregs_large_nn_v1",904109,3445461
"Tesla V100-DGXS-16GB (0)","1","23","cask::computeOffsetsKernel(cask::ComputeOffsetsParams)",3809,92
"Tesla V100-DGXS-16GB (0)","1","23","trt_volta_scudnn_128x32_relu_small_nn_v1",962289,3983465
"Tesla V100-DGXS-16GB (0)","1","23","cask::computeOffsetsKernel(cask::ComputeOffsetsParams)",3848,92
"Tesla V100-DGXS-16GB (0)","1","23","trt_volta_scudnn_128x64_relu_medium_nn_v1",922480,2740497
"Tesla V100-DGXS-16GB (0)","1","23","cask::computeOffsetsKernel(cask::ComputeOffsetsParams)",3857,92
"Tesla V100-DGXS-16GB (0)","1","23","trt_volta_scudnn_128x64_relu_xregs_large_nn_v1",952477,3073139
"Tesla V100-DGXS-16GB (0)","1","23","cask::computeOffsetsKernel(cask::ComputeOffsetsParams)",3976,92
"Tesla V100-DGXS-16GB (0)","1","23","trt_volta_scudnn_128x128_relu_medium_nn_v1",925555,2413917
"Tesla V100-DGXS-16GB (0)","1","23","cask::computeOffsetsKernel(cask::ComputeOffsetsParams)",3797,92
"Tesla V100-DGXS-16GB (0)","1","23","trt_volta_scudnn_128x128_relu_small_nn_v1",925466,2417265
"Tesla V100-DGXS-16GB (0)","1","23","cask::computeOffsetsKernel(cask::ComputeOffsetsParams)",3920,92
"Tesla V100-DGXS-16GB (0)","1","23","trt_volta_scudnn_128x64_relu_small_nn_v1",922911,2806961
"Tesla V100-DGXS-16GB (0)","1","23","void cudnn::detail::implicit_convolve_sgemm<float, float, int=1024, int=6, int=7, int=3, int=3, int=5, int=1, bool=1, bool=0, bool=1>(int, int, int, float const *, int, float*, cudnn::detail::implicit_convolve_sgemm<float, float, int=1024, int=6, int=7, int=3, int=3, int=5, int=1, bool=1, bool=0, bool=1>*, kernel_conv_params, int, float, float, int, float, float, int, int)",1679369,2975134
"Tesla V100-DGXS-16GB (0)","1","23","void add_tensor_kernel_v3<int=2, float, float, int=128, int=1, int=1, int=4, int=2>(cudnnTensorStruct, float*, cudnnTensorStruct, float const *, float, float)",832808,798481
"Tesla V100-DGXS-16GB (0)","1","23","void cudnn::detail::activation_fw_4d_kernel<float, float, int=128, int=1, int=4, cudnn::detail::relu_func<float, cudnnNanPropagation_t=1, bool=0>>(cudnnTensorStruct, float const *, cudnn::detail::activation_fw_4d_kernel<float, float, int=128, int=1, int=4, cudnn::detail::relu_func<float, cudnnNanPropagation_t=1, bool=0>>, cudnnTensorStruct*, float, cudnnTensorStruct*, int, cudnnTensorStruct*)",808727,799649
"Tesla V100-DGXS-16GB (0)","1","23","cudnn::gemm::computeOffsetsKernel(cudnn::gemm::ComputeOffsetsParams)",3344,76
"Tesla V100-DGXS-16GB (0)","1","23","volta_scudnn_128x32_relu_small_nn_v1",844836,3251885
"Tesla V100-DGXS-16GB (0)","1","23","void add_tensor_kernel_v3<int=2, float, float, int=128, int=1, int=1, int=4, int=2>(cudnnTensorStruct, float*, cudnnTensorStruct, float const *, float, float)",754489,792573
"Tesla V100-DGXS-16GB (0)","1","23","void cudnn::detail::activation_fw_4d_kernel<float, float, int=128, int=1, int=4, cudnn::detail::relu_func<float, cudnnNanPropagation_t=1, bool=0>>(cudnnTensorStruct, float const *, cudnn::detail::activation_fw_4d_kernel<float, float, int=128, int=1, int=4, cudnn::detail::relu_func<float, cudnnNanPropagation_t=1, bool=0>>, cudnnTensorStruct*, float, cudnnTensorStruct*, int, cudnnTensorStruct*)",808545,800509
"Tesla V100-DGXS-16GB (0)","1","23","void fused::fusedConvolutionReluKernel<fused::SrcChwcPtr_FltTex_Reader<float, int=1, int=1, int=1>, fused::KpqkPtrWriter<float, int=1, int=1>, float, float, int=7, int=4, int=1, int=3, int=3, int=1, int=1>(fused::ConvolutionParams<floatSrcType, int=1, int=1Type>, float)",398838,1031549
"Tesla V100-DGXS-16GB (0)","1","23","void fused::fusedConvolutionReluKernel<fused::SrcChwcPtr_FltTex_Reader<float, int=1, int=1, int=2>, fused::KpqkPtrWriter<float, int=1, int=2>, float, float, int=6, int=5, int=2, int=3, int=3, int=1, int=1>(fused::ConvolutionParams<floatSrcType, int=2, int=1Type>, float)",464594,1446048
"Tesla V100-DGXS-16GB (0)","1","23","void fused::fusedConvolutionReluKernel<fused::SrcChwcPtr_FltTex_Reader<float, int=1, int=1, int=2>, fused::KpqkPtrWriter<float, int=1, int=2>, float, float, int=4, int=7, int=4, int=3, int=3, int=1, int=1>(fused::ConvolutionParams<floatSrcType, int=2, int=1Type>, float)",456747,1247998
"Tesla V100-DGXS-16GB (0)","1","23","void fused::fusedConvolutionReluKernel<fused::SrcChwcPtr_FltTex_Reader<float, int=1, int=1, int=1>, fused::KpqkPtrWriter<float, int=1, int=1>, float, float, int=8, int=5, int=2, int=3, int=3, int=1, int=1>(fused::ConvolutionParams<floatSrcType, int=1, int=1Type>, float)",486321,1692974
"Tesla V100-DGXS-16GB (0)","1","23","void fused::fusedConvolutionReluKernel<fused::SrcChwcPtr_FltTex_Reader<float, int=1, int=1, int=1>, fused::KpqkPtrWriter<float, int=1, int=1>, float, float, int=8, int=5, int=4, int=3, int=3, int=1, int=1>(fused::ConvolutionParams<floatSrcType, int=1, int=1Type>, float)",444142,1587132
"Tesla V100-DGXS-16GB (0)","1","23","void fused::fusedConvolutionReluKernel<fused::SrcChwcPtr_FltTex_Reader<float, int=1, int=1, int=2>, fused::KpqkPtrWriter<float, int=1, int=2>, float, float, int=5, int=7, int=8, int=3, int=3, int=1, int=1>(fused::ConvolutionParams<floatSrcType, int=2, int=1Type>, float)",396263,1426041
"Tesla V100-DGXS-16GB (0)","1","23","void fused::fusedConvolutionReluKernel<fused::SrcChwcPtr_FltTex_Reader<float, int=1, int=1, int=2>, fused::KpqkPtrWriter<float, int=1, int=2>, float, float, int=4, int=8, int=1, int=3, int=3, int=1, int=1>(fused::ConvolutionParams<floatSrcType, int=2, int=1Type>, float)",362703,1002171
"Tesla V100-DGXS-16GB (0)","1","23","void fused::fusedConvolutionReluKernel<fused::SrcChwcPtr_FltTex_Reader<float, int=1, int=1, int=2>, fused::KpqkPtrWriter<float, int=1, int=2>, float, float, int=5, int=5, int=1, int=3, int=3, int=1, int=1>(fused::ConvolutionParams<floatSrcType, int=2, int=1Type>, float)",390092,1057988
"Tesla V100-DGXS-16GB (0)","1","23","void fused::fusedConvolutionReluKernel<fused::SrcChwcPtr_FltTex_Reader<float, int=1, int=2, int=1>, fused::KpqkPtrWriter<float, int=1, int=1>, float, float, int=6, int=8, int=2, int=3, int=3, int=1, int=1>(fused::ConvolutionParams<floatSrcType, int=1, int=1Type>, float)",389392,1141185
"Tesla V100-DGXS-16GB (0)","1","23","void fused::fusedConvolutionReluKernel<fused::SrcChwcPtr_FltTex_Reader<float, int=1, int=2, int=1>, fused::KpqkPtrWriter<float, int=1, int=1>, float, float, int=6, int=8, int=8, int=3, int=3, int=1, int=1>(fused::ConvolutionParams<floatSrcType, int=1, int=1Type>, float)",378663,1370696
"Tesla V100-DGXS-16GB (0)","1","23","void fused::fusedConvolutionReluKernel<fused::SrcChwcPtr_FltTex_Reader<float, int=1, int=1, int=1>, fused::KpqkPtrWriter<float, int=1, int=1>, float, float, int=8, int=5, int=8, int=3, int=3, int=1, int=1>(fused::ConvolutionParams<floatSrcType, int=1, int=1Type>, float)",425989,1800349
"Tesla V100-DGXS-16GB (0)","1","23","void fused::fusedConvolutionReluKernel<fused::SrcChwcPtr_FltTex_Reader<float, int=1, int=1, int=2>, fused::KpqkPtrWriter<float, int=1, int=2>, float, float, int=5, int=7, int=2, int=3, int=3, int=1, int=1>(fused::ConvolutionParams<floatSrcType, int=2, int=1Type>, float)",488023,1414481
"Tesla V100-DGXS-16GB (0)","1","23","void fused::fusedConvolutionReluKernel<fused::SrcChwcPtr_FltTex_Reader<float, int=1, int=1, int=4>, fused::KpqkPtrWriter<float, int=1, int=4>, float, float, int=5, int=7, int=4, int=3, int=3, int=1, int=1>(fused::ConvolutionParams<floatSrcType, int=4, int=1Type>, float)",447231,1140617
"Tesla V100-DGXS-16GB (0)","1","23","void fused::fusedConvolutionReluKernel<fused::SrcChwcPtr_FltTex_Reader<float, int=1, int=1, int=4>, fused::KpqkPtrWriter<float, int=1, int=4>, float, float, int=4, int=5, int=1, int=3, int=3, int=1, int=1>(fused::ConvolutionParams<floatSrcType, int=4, int=1Type>, float)",600084,1174631
"Tesla V100-DGXS-16GB (0)","1","23","void fused::fusedConvolutionReluKernel<fused::SrcChwcPtr_FltTex_Reader<float, int=1, int=1, int=1>, fused::KpqkPtrWriter<float, int=1, int=1>, float, float, int=8, int=7, int=4, int=3, int=3, int=1, int=1>(fused::ConvolutionParams<floatSrcType, int=1, int=1Type>, float)",416854,1157719
"Tesla V100-DGXS-16GB (0)","1","23","void fused::fusedConvolutionReluKernel<fused::SrcChwcPtr_FltTex_Reader<float, int=1, int=1, int=2>, fused::KpqkPtrWriter<float, int=1, int=2>, float, float, int=5, int=7, int=4, int=3, int=3, int=1, int=1>(fused::ConvolutionParams<floatSrcType, int=2, int=1Type>, float)",399606,1182457
"Tesla V100-DGXS-16GB (0)","1","23","void fused::fusedConvolutionReluKernel<fused::SrcChwcPtr_FltTex_Reader<float, int=1, int=1, int=4>, fused::KpqkPtrWriter<float, int=1, int=4>, float, float, int=4, int=5, int=2, int=3, int=3, int=1, int=1>(fused::ConvolutionParams<floatSrcType, int=4, int=1Type>, float)",501645,1261272
"Tesla V100-DGXS-16GB (0)","1","23","void fused::fusedConvolutionReluKernel<fused::SrcChwcPtr_FltTex_Reader<float, int=1, int=1, int=1>, fused::KpqkPtrWriter<float, int=1, int=1>, float, float, int=7, int=8, int=4, int=3, int=3, int=1, int=1>(fused::ConvolutionParams<floatSrcType, int=1, int=1Type>, float)",369583,1128602
"Tesla V100-DGXS-16GB (0)","1","23","void fused::fusedConvolutionReluKernel<fused::SrcChwcPtr_FltTex_Reader<float, int=1, int=1, int=4>, fused::KpqkPtrWriter<float, int=1, int=4>, float, float, int=2, int=5, int=2, int=3, int=3, int=1, int=1>(fused::ConvolutionParams<floatSrcType, int=4, int=1Type>, float)",492544,1196195
"Tesla V100-DGXS-16GB (0)","1","23","void fused::fusedConvolutionReluKernel<fused::SrcChwcPtr_FltTex_Reader<float, int=1, int=1, int=2>, fused::KpqkPtrWriter<float, int=1, int=2>, float, float, int=7, int=5, int=1, int=3, int=3, int=1, int=1>(fused::ConvolutionParams<floatSrcType, int=2, int=1Type>, float)",437609,1264970
"Tesla V100-DGXS-16GB (0)","1","23","void fused::fusedConvolutionReluKernel<fused::SrcChwcPtr_FltTex_Reader<float, int=1, int=1, int=1>, fused::KpqkPtrWriter<float, int=1, int=1>, float, float, int=4, int=7, int=2, int=3, int=3, int=1, int=1>(fused::ConvolutionParams<floatSrcType, int=1, int=1Type>, float)",453885,1472507
"Tesla V100-DGXS-16GB (0)","1","23","void fused::fusedConvolutionReluKernel<fused::SrcChwcPtr_FltTex_Reader<float, int=1, int=1, int=2>, fused::KpqkPtrWriter<float, int=1, int=2>, float, float, int=4, int=7, int=1, int=3, int=3, int=1, int=1>(fused::ConvolutionParams<floatSrcType, int=2, int=1Type>, float)",449445,1066070
"Tesla V100-DGXS-16GB (0)","1","23","void fused::fusedConvolutionReluKernel<fused::SrcChwcPtr_FltTex_Reader<float, int=1, int=2, int=1>, fused::KpqkPtrWriter<float, int=1, int=1>, float, float, int=4, int=7, int=1, int=3, int=3, int=1, int=1>(fused::ConvolutionParams<floatSrcType, int=1, int=1Type>, float)",375235,1211346
"Tesla V100-DGXS-16GB (0)","1","23","void fused::fusedConvolutionReluKernel<fused::SrcChwcPtr_FltTex_Reader<float, int=1, int=1, int=1>, fused::KpqkPtrWriter<float, int=1, int=1>, float, float, int=7, int=7, int=2, int=3, int=3, int=1, int=1>(fused::ConvolutionParams<floatSrcType, int=1, int=1Type>, float)",445440,1195696
"Tesla V100-DGXS-16GB (0)","1","23","void fused::fusedConvolutionReluKernel<fused::SrcChwcPtr_FltTex_Reader<float, int=1, int=1, int=2>, fused::KpqkPtrWriter<float, int=1, int=2>, float, float, int=7, int=3, int=1, int=3, int=3, int=1, int=1>(fused::ConvolutionParams<floatSrcType, int=2, int=1Type>, float)",477846,1105788
"Tesla V100-DGXS-16GB (0)","1","23","void fused::fusedConvolutionReluKernel<fused::SrcChwcPtr_FltTex_Reader<float, int=1, int=1, int=2>, fused::KpqkPtrWriter<float, int=1, int=2>, float, float, int=3, int=7, int=8, int=3, int=3, int=1, int=1>(fused::ConvolutionParams<floatSrcType, int=2, int=1Type>, float)",389795,1208485
"Tesla V100-DGXS-16GB (0)","1","23","void fused::fusedConvolutionReluKernel<fused::SrcChwcPtr_FltTex_Reader<float, int=1, int=1, int=1>, fused::KpqkPtrWriter<float, int=1, int=1>, float, float, int=7, int=6, int=8, int=3, int=3, int=1, int=1>(fused::ConvolutionParams<floatSrcType, int=1, int=1Type>, float)",410167,1410106
"Tesla V100-DGXS-16GB (0)","1","23","void fused::fusedConvolutionReluKernel<fused::SrcChwcPtr_FltTex_Reader<float, int=1, int=1, int=2>, fused::KpqkPtrWriter<float, int=1, int=2>, float, float, int=4, int=8, int=2, int=3, int=3, int=1, int=1>(fused::ConvolutionParams<floatSrcType, int=2, int=1Type>, float)",408693,1022685
"Tesla V100-DGXS-16GB (0)","1","23","void fused::fusedConvolutionReluKernel<fused::SrcChwcPtr_FltTex_Reader<float, int=1, int=1, int=1>, fused::KpqkPtrWriter<float, int=1, int=1>, float, float, int=7, int=5, int=1, int=3, int=3, int=1, int=1>(fused::ConvolutionParams<floatSrcType, int=1, int=1Type>, float)",386135,1009258
"Tesla V100-DGXS-16GB (0)","1","23","void fused::fusedConvolutionReluKernel<fused::SrcChwcPtr_FltTex_Reader<float, int=1, int=1, int=1>, fused::KpqkPtrWriter<float, int=1, int=1>, float, float, int=7, int=7, int=8, int=3, int=3, int=1, int=1>(fused::ConvolutionParams<floatSrcType, int=1, int=1Type>, float)",413303,1478377
"Tesla V100-DGXS-16GB (0)","1","23","void fused::fusedConvolutionReluKernel<fused::SrcChwcPtr_FltTex_Reader<float, int=1, int=1, int=2>, fused::KpqkPtrWriter<float, int=1, int=2>, float, float, int=7, int=4, int=1, int=3, int=3, int=1, int=1>(fused::ConvolutionParams<floatSrcType, int=2, int=1Type>, float)",435629,1082885
"Tesla V100-DGXS-16GB (0)","1","23","void fused::fusedConvolutionReluKernel<fused::SrcChwcPtr_FltTex_Reader<float, int=1, int=1, int=1>, fused::KpqkPtrWriter<float, int=1, int=1>, float, float, int=7, int=7, int=4, int=3, int=3, int=1, int=1>(fused::ConvolutionParams<floatSrcType, int=1, int=1Type>, float)",414963,1268683
"Tesla V100-DGXS-16GB (0)","1","23","void fused::fusedConvolutionReluKernel<fused::SrcChwcPtr_FltTex_Reader<float, int=1, int=1, int=1>, fused::KpqkPtrWriter<float, int=1, int=1>, float, float, int=7, int=8, int=4, int=3, int=3, int=1, int=1>(fused::ConvolutionParams<floatSrcType, int=1, int=1Type>, float)",367637,1148392
"Tesla V100-DGXS-16GB (0)","1","23","void fused::fusedConvolutionReluKernel<fused::SrcChwcPtr_FltTex_Reader<float, int=1, int=1, int=2>, fused::KpqkPtrWriter<float, int=1, int=2>, float, float, int=5, int=7, int=1, int=3, int=3, int=1, int=1>(fused::ConvolutionParams<floatSrcType, int=2, int=1Type>, float)",418614,1286871
"Tesla V100-DGXS-16GB (0)","1","23","void fused::fusedConvolutionReluKernel<fused::SrcChwcPtr_FltTex_Reader<float, int=1, int=1, int=4>, fused::KpqkPtrWriter<float, int=1, int=4>, float, float, int=2, int=7, int=2, int=3, int=3, int=1, int=1>(fused::ConvolutionParams<floatSrcType, int=4, int=1Type>, float)",510734,1163666
"Tesla V100-DGXS-16GB (0)","1","23","void fused::fusedConvolutionReluKernel<fused::SrcChwcPtr_FltTex_Reader<float, int=1, int=2, int=1>, fused::KpqkPtrWriter<float, int=1, int=1>, float, float, int=7, int=8, int=8, int=3, int=3, int=1, int=1>(fused::ConvolutionParams<floatSrcType, int=1, int=1Type>, float)",381947,1370503
"Tesla V100-DGXS-16GB (0)","1","23","void fused::fusedConvolutionReluKernel<fused::SrcChwcPtr_FltTex_Reader<float, int=1, int=1, int=1>, fused::KpqkPtrWriter<float, int=1, int=1>, float, float, int=5, int=7, int=2, int=3, int=3, int=1, int=1>(fused::ConvolutionParams<floatSrcType, int=1, int=1Type>, float)",447274,1218923
"Tesla V100-DGXS-16GB (0)","1","23","void fused::fusedConvolutionReluKernel<fused::SrcChwcPtr_FltTex_Reader<float, int=1, int=1, int=2>, fused::KpqkPtrWriter<float, int=1, int=2>, float, float, int=7, int=5, int=1, int=3, int=3, int=1, int=1>(fused::ConvolutionParams<floatSrcType, int=2, int=1Type>, float)",420083,1081473
"Tesla V100-DGXS-16GB (0)","1","23","void fused::fusedConvolutionReluKernel<fused::SrcChwcPtr_FltTex_Reader<float, int=1, int=1, int=2>, fused::KpqkPtrWriter<float, int=1, int=2>, float, float, int=4, int=8, int=1, int=3, int=3, int=1, int=1>(fused::ConvolutionParams<floatSrcType, int=2, int=1Type>, float)",355861,1003122
"Tesla V100-DGXS-16GB (0)","1","23","void fused::fusedConvolutionReluKernel<fused::SrcChwcPtr_FltTex_Reader<float, int=1, int=1, int=1>, fused::KpqkPtrWriter<float, int=1, int=1>, float, float, int=5, int=7, int=4, int=3, int=3, int=1, int=1>(fused::ConvolutionParams<floatSrcType, int=1, int=1Type>, float)",401225,1434399
"Tesla V100-DGXS-16GB (0)","1","23","void fused::fusedConvolutionReluKernel<fused::SrcChwcPtr_FltTex_Reader<float, int=1, int=1, int=1>, fused::KpqkPtrWriter<float, int=1, int=1>, float, float, int=5, int=8, int=8, int=3, int=3, int=1, int=1>(fused::ConvolutionParams<floatSrcType, int=1, int=1Type>, float)",383817,1358059
"Tesla V100-DGXS-16GB (0)","1","23","void fused::fusedConvolutionReluKernel<fused::SrcChwcPtr_FltTex_Reader<float, int=1, int=1, int=2>, fused::KpqkPtrWriter<float, int=1, int=2>, float, float, int=4, int=8, int=4, int=3, int=3, int=1, int=1>(fused::ConvolutionParams<floatSrcType, int=2, int=1Type>, float)",377593,1098181
"Tesla V100-DGXS-16GB (0)","1","23","cask::computeOffsetsKernel(cask::ComputeOffsetsParams)",3795,100
"Tesla V100-DGXS-16GB (0)","1","23","trt_volta_scudnn_128x128_relu_xregs_large_nn_v1",324253,965340
"Tesla V100-DGXS-16GB (0)","1","23","cask::computeOffsetsKernel(cask::ComputeOffsetsParams)",2118,92
"Tesla V100-DGXS-16GB (0)","1","23","trt_volta_scudnn_128x32_relu_small_nn_v1",330786,1464230
"Tesla V100-DGXS-16GB (0)","1","23","cask::computeOffsetsKernel(cask::ComputeOffsetsParams)",2501,100
"Tesla V100-DGXS-16GB (0)","1","23","trt_volta_scudnn_128x64_relu_medium_nn_v1",331017,1124692
"Tesla V100-DGXS-16GB (0)","1","23","cask::computeOffsetsKernel(cask::ComputeOffsetsParams)",2650,92
"Tesla V100-DGXS-16GB (0)","1","23","trt_volta_scudnn_128x64_relu_xregs_large_nn_v1",332157,1119498
"Tesla V100-DGXS-16GB (0)","1","23","cask::computeOffsetsKernel(cask::ComputeOffsetsParams)",2501,92
"Tesla V100-DGXS-16GB (0)","1","23","trt_volta_scudnn_128x128_relu_medium_nn_v1",342305,958192
"Tesla V100-DGXS-16GB (0)","1","23","cask::computeOffsetsKernel(cask::ComputeOffsetsParams)",2410,92
"Tesla V100-DGXS-16GB (0)","1","23","trt_volta_scudnn_128x128_relu_small_nn_v1",341935,957954
"Tesla V100-DGXS-16GB (0)","1","23","cask::computeOffsetsKernel(cask::ComputeOffsetsParams)",2470,92
"Tesla V100-DGXS-16GB (0)","1","23","trt_volta_scudnn_128x64_relu_small_nn_v1",330821,1130130
"Tesla V100-DGXS-16GB (0)","1","23","void cudnn::detail::implicit_convolve_sgemm<float, float, int=1024, int=6, int=7, int=3, int=3, int=5, int=1, bool=1, bool=0, bool=1>(int, int, int, float const *, int, float*, cudnn::detail::implicit_convolve_sgemm<float, float, int=1024, int=6, int=7, int=3, int=3, int=5, int=1, bool=1, bool=0, bool=1>*, kernel_conv_params, int, float, float, int, float, float, int, int)",404320,956678
"Tesla V100-DGXS-16GB (0)","1","23","void add_tensor_kernel_v3<int=2, float, float, int=128, int=1, int=1, int=4, int=2>(cudnnTensorStruct, float*, cudnnTensorStruct, float const *, float, float)",156561,87805
"Tesla V100-DGXS-16GB (0)","1","23","void cudnn::detail::activation_fw_4d_kernel<float, float, int=128, int=1, int=4, cudnn::detail::relu_func<float, cudnnNanPropagation_t=1, bool=0>>(cudnnTensorStruct, float const *, cudnn::detail::activation_fw_4d_kernel<float, float, int=128, int=1, int=4, cudnn::detail::relu_func<float, cudnnNanPropagation_t=1, bool=0>>, cudnnTensorStruct*, float, cudnnTensorStruct*, int, cudnnTensorStruct*)",171994,19448
"Tesla V100-DGXS-16GB (0)","1","23","cudnn::gemm::computeOffsetsKernel(cudnn::gemm::ComputeOffsetsParams)",3251,76
"Tesla V100-DGXS-16GB (0)","1","23","volta_scudnn_128x64_relu_small_nn_v1",207201,1112980
"Tesla V100-DGXS-16GB (0)","1","23","void add_tensor_kernel_v3<int=2, float, float, int=128, int=1, int=1, int=4, int=2>(cudnnTensorStruct, float*, cudnnTensorStruct, float const *, float, float)",142485,102369
"Tesla V100-DGXS-16GB (0)","1","23","void cudnn::detail::activation_fw_4d_kernel<float, float, int=128, int=1, int=4, cudnn::detail::relu_func<float, cudnnNanPropagation_t=1, bool=0>>(cudnnTensorStruct, float const *, cudnn::detail::activation_fw_4d_kernel<float, float, int=128, int=1, int=4, cudnn::detail::relu_func<float, cudnnNanPropagation_t=1, bool=0>>, cudnnTensorStruct*, float, cudnnTensorStruct*, int, cudnnTensorStruct*)",174423,18568
"Tesla V100-DGXS-16GB (0)","1","23","void nvinfer1::tiled_pooling::poolCHW_PQT<int=2, int=2, int=2, int=2, int=2, int=32, int=256, int=1, int=1, bool=1, nvinfer1::ITiledPooling::PoolingMode, bool=0>(nvinfer1::TiledPoolingParams)",86959,166472
"Tesla V100-DGXS-16GB (0)","1","23","void nvinfer1::tiled_pooling::poolCHW_PQT<int=2, int=2, int=2, int=2, int=2, int=32, int=256, int=2, int=1, bool=1, nvinfer1::ITiledPooling::PoolingMode, bool=0>(nvinfer1::TiledPoolingParams)",30423,169418
"Tesla V100-DGXS-16GB (0)","1","23","void nvinfer1::tiled_pooling::poolCHW_PQT<int=2, int=2, int=2, int=2, int=2, int=32, int=256, int=3, int=1, bool=1, nvinfer1::ITiledPooling::PoolingMode, bool=0>(nvinfer1::TiledPoolingParams)",29299,165289
"Tesla V100-DGXS-16GB (0)","1","23","void nvinfer1::tiled_pooling::poolCHW_PQT<int=2, int=2, int=2, int=2, int=2, int=32, int=256, int=4, int=1, bool=1, nvinfer1::ITiledPooling::PoolingMode, bool=0>(nvinfer1::TiledPoolingParams)",30548,165120
"Tesla V100-DGXS-16GB (0)","1","23","void nvinfer1::tiled_pooling::poolCHW_PQT<int=2, int=2, int=2, int=2, int=2, int=32, int=256, int=5, int=1, bool=1, nvinfer1::ITiledPooling::PoolingMode, bool=0>(nvinfer1::TiledPoolingParams)",26482,164901
"Tesla V100-DGXS-16GB (0)","1","23","void nvinfer1::tiled_pooling::poolCHW_PQT<int=2, int=2, int=2, int=2, int=2, int=32, int=256, int=6, int=1, bool=1, nvinfer1::ITiledPooling::PoolingMode, bool=0>(nvinfer1::TiledPoolingParams)",29363,164272
"Tesla V100-DGXS-16GB (0)","1","23","void nvinfer1::tiled_pooling::poolCHW_PQT<int=2, int=2, int=2, int=2, int=2, int=32, int=256, int=7, int=1, bool=1, nvinfer1::ITiledPooling::PoolingMode, bool=0>(nvinfer1::TiledPoolingParams)",27540,164836
"Tesla V100-DGXS-16GB (0)","1","23","void nvinfer1::tiled_pooling::poolCHW_PQT<int=2, int=2, int=2, int=2, int=2, int=32, int=256, int=8, int=1, bool=1, nvinfer1::ITiledPooling::PoolingMode, bool=0>(nvinfer1::TiledPoolingParams)",33136,162459
"Tesla V100-DGXS-16GB (0)","1","23","void nvinfer1::tiled_pooling::poolCHW_PQT<int=2, int=2, int=2, int=2, int=2, int=16, int=128, int=1, int=1, bool=1, nvinfer1::ITiledPooling::PoolingMode, bool=0>(nvinfer1::TiledPoolingParams)",21224,173357
"Tesla V100-DGXS-16GB (0)","1","23","void nvinfer1::tiled_pooling::poolCHW_PQT<int=2, int=2, int=2, int=2, int=2, int=16, int=128, int=2, int=1, bool=1, nvinfer1::ITiledPooling::PoolingMode, bool=0>(nvinfer1::TiledPoolingParams)",26264,189528
"Tesla V100-DGXS-16GB (0)","1","23","void nvinfer1::tiled_pooling::poolCHW_PQT<int=2, int=2, int=2, int=2, int=2, int=16, int=128, int=3, int=1, bool=1, nvinfer1::ITiledPooling::PoolingMode, bool=0>(nvinfer1::TiledPoolingParams)",28867,189199
"Tesla V100-DGXS-16GB (0)","1","23","void nvinfer1::tiled_pooling::poolCHW_PQT<int=2, int=2, int=2, int=2, int=2, int=16, int=128, int=4, int=1, bool=1, nvinfer1::ITiledPooling::PoolingMode, bool=0>(nvinfer1::TiledPoolingParams)",28465,187307
"Tesla V100-DGXS-16GB (0)","1","23","void nvinfer1::tiled_pooling::poolCHW_PQT<int=2, int=2, int=2, int=2, int=2, int=16, int=128, int=5, int=1, bool=1, nvinfer1::ITiledPooling::PoolingMode, bool=0>(nvinfer1::TiledPoolingParams)",23391,184506
"Tesla V100-DGXS-16GB (0)","1","23","void nvinfer1::tiled_pooling::poolCHW_PQT<int=2, int=2, int=2, int=2, int=2, int=16, int=128, int=6, int=1, bool=1, nvinfer1::ITiledPooling::PoolingMode, bool=0>(nvinfer1::TiledPoolingParams)",24638,181173
"Tesla V100-DGXS-16GB (0)","1","23","void nvinfer1::tiled_pooling::poolCHW_PQT<int=2, int=2, int=2, int=2, int=2, int=16, int=128, int=7, int=1, bool=1, nvinfer1::ITiledPooling::PoolingMode, bool=0>(nvinfer1::TiledPoolingParams)",32919,179338
"Tesla V100-DGXS-16GB (0)","1","23","void nvinfer1::tiled_pooling::poolCHW_PQT<int=2, int=2, int=2, int=2, int=2, int=16, int=128, int=8, int=1, bool=1, nvinfer1::ITiledPooling::PoolingMode, bool=0>(nvinfer1::TiledPoolingParams)",37448,173273
"Tesla V100-DGXS-16GB (0)","1","23","void fused::fusedConvolutionReluKernel<fused::SrcChwcPtr_FltTex_Reader<float, int=1, int=1, int=1>, fused::KpqkPtrWriter<float, int=1, int=1>, float, float, int=3, int=4, int=1, int=7, int=7, int=1, int=1>(fused::ConvolutionParams<floatSrcType, int=1, int=1Type>, float)",77012,55807
"Tesla V100-DGXS-16GB (0)","1","23","cask::computeOffsetsKernel(cask::ComputeOffsetsParams)",922,88
"Tesla V100-DGXS-16GB (0)","1","23","trt_volta_scudnn_128x128_relu_xregs_large_nn_v1",195754,134266
"Tesla V100-DGXS-16GB (0)","1","23","cask::computeOffsetsKernel(cask::ComputeOffsetsParams)",952,92
"Tesla V100-DGXS-16GB (0)","1","23","trt_volta_scudnn_128x64_relu_medium_nn_v1",229629,151920
"Tesla V100-DGXS-16GB (0)","1","23","cask::computeOffsetsKernel(cask::ComputeOffsetsParams)",908,100
"Tesla V100-DGXS-16GB (0)","1","23","trt_volta_scudnn_128x64_relu_xregs_large_nn_v1",230328,151918
"Tesla V100-DGXS-16GB (0)","1","23","cask::computeOffsetsKernel(cask::ComputeOffsetsParams)",872,92
"Tesla V100-DGXS-16GB (0)","1","23","trt_volta_scudnn_128x128_relu_medium_nn_v1",230233,151872
"Tesla V100-DGXS-16GB (0)","1","23","void cudnn::detail::implicit_convolve_sgemm<float, float, int=128, int=5, int=5, int=3, int=3, int=3, int=1, bool=1, bool=0, bool=1>(int, int, int, float const *, int, float*, cudnn::detail::implicit_convolve_sgemm<float, float, int=128, int=5, int=5, int=3, int=3, int=3, int=1, bool=1, bool=0, bool=1>*, kernel_conv_params, int, float, float, int, float, float, int, int)",83667,50562
"Tesla V100-DGXS-16GB (0)","1","23","void add_tensor_kernel_v3<int=2, float, float, int=128, int=1, int=1, int=4, int=2>(cudnnTensorStruct, float*, cudnnTensorStruct, float const *, float, float)",9147,172
"Tesla V100-DGXS-16GB (0)","1","23","void cudnn::detail::activation_fw_4d_kernel<float, float, int=128, int=1, int=4, cudnn::detail::relu_func<float, cudnnNanPropagation_t=1, bool=0>>(cudnnTensorStruct, float const *, cudnn::detail::activation_fw_4d_kernel<float, float, int=128, int=1, int=4, cudnn::detail::relu_func<float, cudnnNanPropagation_t=1, bool=0>>, cudnnTensorStruct*, float, cudnnTensorStruct*, int, cudnnTensorStruct*)",26,152
"Tesla V100-DGXS-16GB (0)","1","23","cudnn::gemm::computeOffsetsKernel(cudnn::gemm::ComputeOffsetsParams)",892,72
"Tesla V100-DGXS-16GB (0)","1","23","volta_scudnn_128x128_relu_medium_nn_v1",51044,50913
"Tesla V100-DGXS-16GB (0)","1","23","void add_tensor_kernel_v3<int=2, float, float, int=128, int=1, int=1, int=4, int=2>(cudnnTensorStruct, float*, cudnnTensorStruct, float const *, float, float)",11071,178
"Tesla V100-DGXS-16GB (0)","1","23","void cudnn::detail::activation_fw_4d_kernel<float, float, int=128, int=1, int=4, cudnn::detail::relu_func<float, cudnnNanPropagation_t=1, bool=0>>(cudnnTensorStruct, float const *, cudnn::detail::activation_fw_4d_kernel<float, float, int=128, int=1, int=4, cudnn::detail::relu_func<float, cudnnNanPropagation_t=1, bool=0>>, cudnnTensorStruct*, float, cudnnTensorStruct*, int, cudnnTensorStruct*)",10,152
"Tesla V100-DGXS-16GB (0)","1","23","void fused::fusedConvolutionReluKernel<fused::SrcChwcPtr_FltTex_Reader<float, int=1, int=1, int=1>, fused::KpqkPtrWriter<float, int=1, int=1>, float, float, int=3, int=4, int=1, int=7, int=7, int=1, int=1>(fused::ConvolutionParams<floatSrcType, int=1, int=1Type>, float)",443729,841743
"Tesla V100-DGXS-16GB (0)","1","23","cask::computeOffsetsKernel(cask::ComputeOffsetsParams)",992,92
"Tesla V100-DGXS-16GB (0)","1","23","trt_volta_scudnn_128x128_relu_xregs_large_nn_v1",272733,349485
"Tesla V100-DGXS-16GB (0)","1","23","cask::computeOffsetsKernel(cask::ComputeOffsetsParams)",1116,92
"Tesla V100-DGXS-16GB (0)","1","23","trt_volta_scudnn_128x64_relu_medium_nn_v1",272411,349869
"Tesla V100-DGXS-16GB (0)","1","23","cask::computeOffsetsKernel(cask::ComputeOffsetsParams)",992,92
"Tesla V100-DGXS-16GB (0)","1","23","trt_volta_scudnn_128x64_relu_xregs_large_nn_v1",272855,350089
"Tesla V100-DGXS-16GB (0)","1","23","cask::computeOffsetsKernel(cask::ComputeOffsetsParams)",1092,92
"Tesla V100-DGXS-16GB (0)","1","23","trt_volta_scudnn_128x128_relu_medium_nn_v1",273589,349477
"Tesla V100-DGXS-16GB (0)","1","23","void cudnn::detail::implicit_convolve_sgemm<float, float, int=128, int=6, int=7, int=3, int=3, int=5, int=1, bool=1, bool=0, bool=1>(int, int, int, float const *, int, float*, cudnn::detail::implicit_convolve_sgemm<float, float, int=128, int=6, int=7, int=3, int=3, int=5, int=1, bool=1, bool=0, bool=1>*, kernel_conv_params, int, float, float, int, float, float, int, int)",325122,293504
"Tesla V100-DGXS-16GB (0)","1","23","void add_tensor_kernel_v3<int=2, float, float, int=128, int=1, int=1, int=4, int=2>(cudnnTensorStruct, float*, cudnnTensorStruct, float const *, float, float)",91397,2034
"Tesla V100-DGXS-16GB (0)","1","23","void cudnn::detail::activation_fw_4d_kernel<float, float, int=128, int=1, int=4, cudnn::detail::relu_func<float, cudnnNanPropagation_t=1, bool=0>>(cudnnTensorStruct, float const *, cudnn::detail::activation_fw_4d_kernel<float, float, int=128, int=1, int=4, cudnn::detail::relu_func<float, cudnnNanPropagation_t=1, bool=0>>, cudnnTensorStruct*, float, cudnnTensorStruct*, int, cudnnTensorStruct*)",117717,144
"Tesla V100-DGXS-16GB (0)","1","23","cudnn::gemm::computeOffsetsKernel(cudnn::gemm::ComputeOffsetsParams)",2336,76
"Tesla V100-DGXS-16GB (0)","1","23","volta_scudnn_128x64_relu_medium_nn_v1",272714,276466
"Tesla V100-DGXS-16GB (0)","1","23","void add_tensor_kernel_v3<int=2, float, float, int=128, int=1, int=1, int=4, int=2>(cudnnTensorStruct, float*, cudnnTensorStruct, float const *, float, float)",89399,10006
"Tesla V100-DGXS-16GB (0)","1","23","void cudnn::detail::activation_fw_4d_kernel<float, float, int=128, int=1, int=4, cudnn::detail::relu_func<float, cudnnNanPropagation_t=1, bool=0>>(cudnnTensorStruct, float const *, cudnn::detail::activation_fw_4d_kernel<float, float, int=128, int=1, int=4, cudnn::detail::relu_func<float, cudnnNanPropagation_t=1, bool=0>>, cudnnTensorStruct*, float, cudnnTensorStruct*, int, cudnnTensorStruct*)",117293,144
"Tesla V100-DGXS-16GB (0)","1","23","cask::computeOffsetsKernel(cask::ComputeOffsetsParams)",420,92
"Tesla V100-DGXS-16GB (0)","1","23","trt_volta_scudnn_128x32_relu_small_nn_v1",42210,51660
"Tesla V100-DGXS-16GB (0)","1","23","cask::computeOffsetsKernel(cask::ComputeOffsetsParams)",196,80
"Tesla V100-DGXS-16GB (0)","1","23","trt_volta_scudnn_128x64_relu_medium_nn_v1",25913,23846
"Tesla V100-DGXS-16GB (0)","1","23","cask::computeOffsetsKernel(cask::ComputeOffsetsParams)",112,37
"Tesla V100-DGXS-16GB (0)","1","23","trt_volta_scudnn_128x128_relu_medium_nn_v1",30774,22158
"Tesla V100-DGXS-16GB (0)","1","23","cask::computeOffsetsKernel(cask::ComputeOffsetsParams)",224,20
"Tesla V100-DGXS-16GB (0)","1","23","trt_volta_scudnn_128x32_relu_interior_nn_v1",25766,17710
"Tesla V100-DGXS-16GB (0)","1","23","cask::computeOffsetsKernel(cask::ComputeOffsetsParams)",96,36
"Tesla V100-DGXS-16GB (0)","1","23","trt_volta_scudnn_128x128_relu_small_nn_v1",17575,19341
"Tesla V100-DGXS-16GB (0)","1","23","cask::computeOffsetsKernel(cask::ComputeOffsetsParams)",64,16
"Tesla V100-DGXS-16GB (0)","1","23","trt_volta_scudnn_128x64_relu_small_nn_v1",15729,16478
"Tesla V100-DGXS-16GB (0)","1","23","cask::computeOffsetsKernel(cask::ComputeOffsetsParams)",44,24
"Tesla V100-DGXS-16GB (0)","1","23","trt_volta_scudnn_128x64_relu_interior_nn_v1",16647,18388
"Tesla V100-DGXS-16GB (0)","1","23","cask::computeOffsetsKernel(cask::ComputeOffsetsParams)",52,16
"Tesla V100-DGXS-16GB (0)","1","23","trt_volta_scudnn_128x128_relu_interior_nn_v1",18438,16788
"Tesla V100-DGXS-16GB (0)","1","23","void cudnn::detail::implicit_convolve_sgemm<float, float, int=1024, int=5, int=5, int=3, int=3, int=3, int=1, bool=1, bool=0, bool=1>(int, int, int, float const *, int, float*, cudnn::detail::implicit_convolve_sgemm<float, float, int=1024, int=5, int=5, int=3, int=3, int=3, int=1, bool=1, bool=0, bool=1>*, kernel_conv_params, int, float, float, int, float, float, int, int)",10906,8980
"Tesla V100-DGXS-16GB (0)","1","23","void add_tensor_kernel_v3<int=2, float, float, int=128, int=1, int=1, int=4, int=2>(cudnnTensorStruct, float*, cudnnTensorStruct, float const *, float, float)",72,146
"Tesla V100-DGXS-16GB (0)","1","23","void cudnn::detail::activation_fw_4d_kernel<float, float, int=128, int=1, int=4, cudnn::detail::relu_func<float, cudnnNanPropagation_t=1, bool=0>>(cudnnTensorStruct, float const *, cudnn::detail::activation_fw_4d_kernel<float, float, int=128, int=1, int=4, cudnn::detail::relu_func<float, cudnnNanPropagation_t=1, bool=0>>, cudnnTensorStruct*, float, cudnnTensorStruct*, int, cudnnTensorStruct*)",44,144
"Tesla V100-DGXS-16GB (0)","1","23","cudnn::gemm::computeOffsetsKernel(cudnn::gemm::ComputeOffsetsParams)",60,72
"Tesla V100-DGXS-16GB (0)","1","23","volta_scudnn_128x64_relu_interior_nn_v1",2081,2680
"Tesla V100-DGXS-16GB (0)","1","23","void add_tensor_kernel_v3<int=2, float, float, int=128, int=1, int=1, int=4, int=2>(cudnnTensorStruct, float*, cudnnTensorStruct, float const *, float, float)",84,0
"Tesla V100-DGXS-16GB (0)","1","23","void cudnn::detail::activation_fw_4d_kernel<float, float, int=128, int=1, int=4, cudnn::detail::relu_func<float, cudnnNanPropagation_t=1, bool=0>>(cudnnTensorStruct, float const *, cudnn::detail::activation_fw_4d_kernel<float, float, int=128, int=1, int=4, cudnn::detail::relu_func<float, cudnnNanPropagation_t=1, bool=0>>, cudnnTensorStruct*, float, cudnnTensorStruct*, int, cudnnTensorStruct*)",76,44
"Tesla V100-DGXS-16GB (0)","1","23","void nvinfer1::tiled_pooling::poolCHW_PQT<int=2, int=2, int=2, int=2, int=2, int=32, int=256, int=1, int=1, bool=1, nvinfer1::ITiledPooling::PoolingMode, bool=0>(nvinfer1::TiledPoolingParams)",76907,70
"Tesla V100-DGXS-16GB (0)","1","23","void nvinfer1::tiled_pooling::poolCHW_PQT<int=2, int=2, int=2, int=2, int=2, int=32, int=256, int=2, int=1, bool=1, nvinfer1::ITiledPooling::PoolingMode, bool=0>(nvinfer1::TiledPoolingParams)",12091,82
"Tesla V100-DGXS-16GB (0)","1","23","void nvinfer1::tiled_pooling::poolCHW_PQT<int=2, int=2, int=2, int=2, int=2, int=32, int=256, int=3, int=1, bool=1, nvinfer1::ITiledPooling::PoolingMode, bool=0>(nvinfer1::TiledPoolingParams)",1385,96
"Tesla V100-DGXS-16GB (0)","1","23","void nvinfer1::tiled_pooling::poolCHW_PQT<int=2, int=2, int=2, int=2, int=2, int=32, int=256, int=4, int=1, bool=1, nvinfer1::ITiledPooling::PoolingMode, bool=0>(nvinfer1::TiledPoolingParams)",560,104
"Tesla V100-DGXS-16GB (0)","1","23","void nvinfer1::tiled_pooling::poolCHW_PQT<int=2, int=2, int=2, int=2, int=2, int=32, int=256, int=5, int=1, bool=1, nvinfer1::ITiledPooling::PoolingMode, bool=0>(nvinfer1::TiledPoolingParams)",80,120
"Tesla V100-DGXS-16GB (0)","1","23","void nvinfer1::tiled_pooling::poolCHW_PQT<int=2, int=2, int=2, int=2, int=2, int=32, int=256, int=6, int=1, bool=1, nvinfer1::ITiledPooling::PoolingMode, bool=0>(nvinfer1::TiledPoolingParams)",4,136
"Tesla V100-DGXS-16GB (0)","1","23","void nvinfer1::tiled_pooling::poolCHW_PQT<int=2, int=2, int=2, int=2, int=2, int=32, int=256, int=7, int=1, bool=1, nvinfer1::ITiledPooling::PoolingMode, bool=0>(nvinfer1::TiledPoolingParams)",8,144
"Tesla V100-DGXS-16GB (0)","1","23","void nvinfer1::tiled_pooling::poolCHW_PQT<int=2, int=2, int=2, int=2, int=2, int=32, int=256, int=8, int=1, bool=1, nvinfer1::ITiledPooling::PoolingMode, bool=0>(nvinfer1::TiledPoolingParams)",4,168
"Tesla V100-DGXS-16GB (0)","1","23","void nvinfer1::tiled_pooling::poolCHW_PQT<int=2, int=2, int=2, int=2, int=2, int=16, int=128, int=1, int=1, bool=1, nvinfer1::ITiledPooling::PoolingMode, bool=0>(nvinfer1::TiledPoolingParams)",0,72
"Tesla V100-DGXS-16GB (0)","1","23","void nvinfer1::tiled_pooling::poolCHW_PQT<int=2, int=2, int=2, int=2, int=2, int=16, int=128, int=2, int=1, bool=1, nvinfer1::ITiledPooling::PoolingMode, bool=0>(nvinfer1::TiledPoolingParams)",4,80
"Tesla V100-DGXS-16GB (0)","1","23","void nvinfer1::tiled_pooling::poolCHW_PQT<int=2, int=2, int=2, int=2, int=2, int=16, int=128, int=3, int=1, bool=1, nvinfer1::ITiledPooling::PoolingMode, bool=0>(nvinfer1::TiledPoolingParams)",0,96
"Tesla V100-DGXS-16GB (0)","1","23","void nvinfer1::tiled_pooling::poolCHW_PQT<int=2, int=2, int=2, int=2, int=2, int=16, int=128, int=4, int=1, bool=1, nvinfer1::ITiledPooling::PoolingMode, bool=0>(nvinfer1::TiledPoolingParams)",8,104
"Tesla V100-DGXS-16GB (0)","1","23","void nvinfer1::tiled_pooling::poolCHW_PQT<int=2, int=2, int=2, int=2, int=2, int=16, int=128, int=5, int=1, bool=1, nvinfer1::ITiledPooling::PoolingMode, bool=0>(nvinfer1::TiledPoolingParams)",0,120
"Tesla V100-DGXS-16GB (0)","1","23","void nvinfer1::tiled_pooling::poolCHW_PQT<int=2, int=2, int=2, int=2, int=2, int=16, int=128, int=6, int=1, bool=1, nvinfer1::ITiledPooling::PoolingMode, bool=0>(nvinfer1::TiledPoolingParams)",0,136
"Tesla V100-DGXS-16GB (0)","1","23","void nvinfer1::tiled_pooling::poolCHW_PQT<int=2, int=2, int=2, int=2, int=2, int=16, int=128, int=7, int=1, bool=1, nvinfer1::ITiledPooling::PoolingMode, bool=0>(nvinfer1::TiledPoolingParams)",0,144
"Tesla V100-DGXS-16GB (0)","1","23","void nvinfer1::tiled_pooling::poolCHW_PQT<int=2, int=2, int=2, int=2, int=2, int=16, int=128, int=8, int=1, bool=1, nvinfer1::ITiledPooling::PoolingMode, bool=0>(nvinfer1::TiledPoolingParams)",0,160
"Tesla V100-DGXS-16GB (0)","1","23","cask::computeOffsetsKernel(cask::ComputeOffsetsParams)",168,92
"Tesla V100-DGXS-16GB (0)","1","23","trt_volta_scudnn_128x128_relu_xregs_large_nn_v1",203481,646407
"Tesla V100-DGXS-16GB (0)","1","23","cask::computeOffsetsKernel(cask::ComputeOffsetsParams)",164,92
"Tesla V100-DGXS-16GB (0)","1","23","trt_volta_scudnn_128x64_relu_medium_nn_v1",203896,646735
"Tesla V100-DGXS-16GB (0)","1","23","cask::computeOffsetsKernel(cask::ComputeOffsetsParams)",160,92
"Tesla V100-DGXS-16GB (0)","1","23","trt_volta_scudnn_128x64_relu_xregs_large_nn_v1",203719,646455
"Tesla V100-DGXS-16GB (0)","1","23","cask::computeOffsetsKernel(cask::ComputeOffsetsParams)",156,92
"Tesla V100-DGXS-16GB (0)","1","23","trt_volta_scudnn_128x128_relu_medium_nn_v1",204752,646391
"Tesla V100-DGXS-16GB (0)","1","23","void cudnn::detail::implicit_convolve_sgemm<float, float, int=128, int=5, int=5, int=3, int=3, int=3, int=1, bool=1, bool=0, bool=1>(int, int, int, float const *, int, float*, cudnn::detail::implicit_convolve_sgemm<float, float, int=128, int=5, int=5, int=3, int=3, int=3, int=1, bool=1, bool=0, bool=1>*, kernel_conv_params, int, float, float, int, float, float, int, int)",224338,605942
"Tesla V100-DGXS-16GB (0)","1","23","void add_tensor_kernel_v3<int=2, float, float, int=128, int=1, int=1, int=4, int=2>(cudnnTensorStruct, float*, cudnnTensorStruct, float const *, float, float)",0,302
"Tesla V100-DGXS-16GB (0)","1","23","void cudnn::detail::activation_fw_4d_kernel<float, float, int=128, int=1, int=4, cudnn::detail::relu_func<float, cudnnNanPropagation_t=1, bool=0>>(cudnnTensorStruct, float const *, cudnn::detail::activation_fw_4d_kernel<float, float, int=128, int=1, int=4, cudnn::detail::relu_func<float, cudnnNanPropagation_t=1, bool=0>>, cudnnTensorStruct*, float, cudnnTensorStruct*, int, cudnnTensorStruct*)",0,144
"Tesla V100-DGXS-16GB (0)","1","23","cudnn::gemm::computeOffsetsKernel(cudnn::gemm::ComputeOffsetsParams)",268,76
"Tesla V100-DGXS-16GB (0)","1","23","volta_scudnn_128x64_relu_medium_nn_v1",204375,604699
"Tesla V100-DGXS-16GB (0)","1","23","void add_tensor_kernel_v3<int=2, float, float, int=128, int=1, int=1, int=4, int=2>(cudnnTensorStruct, float*, cudnnTensorStruct, float const *, float, float)",0,230
"Tesla V100-DGXS-16GB (0)","1","23","void cudnn::detail::activation_fw_4d_kernel<float, float, int=128, int=1, int=4, cudnn::detail::relu_func<float, cudnnNanPropagation_t=1, bool=0>>(cudnnTensorStruct, float const *, cudnn::detail::activation_fw_4d_kernel<float, float, int=128, int=1, int=4, cudnn::detail::relu_func<float, cudnnNanPropagation_t=1, bool=0>>, cudnnTensorStruct*, float, cudnnTensorStruct*, int, cudnnTensorStruct*)",0,144
"Tesla V100-DGXS-16GB (0)","1","23","void fused::fusedConvolutionReluKernel<fused::SrcChwcPtr_FltTex_Reader<float, int=1, int=1, int=1>, fused::KpqkPtrWriter<float, int=1, int=1>, float, float, int=3, int=4, int=1, int=7, int=7, int=1, int=1>(fused::ConvolutionParams<floatSrcType, int=1, int=1Type>, float)",135197,8463
"Tesla V100-DGXS-16GB (0)","1","23","cask::computeOffsetsKernel(cask::ComputeOffsetsParams)",196,92
"Tesla V100-DGXS-16GB (0)","1","23","trt_volta_scudnn_128x128_relu_xregs_large_nn_v1",206298,192490
"Tesla V100-DGXS-16GB (0)","1","23","cask::computeOffsetsKernel(cask::ComputeOffsetsParams)",157,92
"Tesla V100-DGXS-16GB (0)","1","23","trt_volta_scudnn_128x64_relu_medium_nn_v1",208388,193329
"Tesla V100-DGXS-16GB (0)","1","23","cask::computeOffsetsKernel(cask::ComputeOffsetsParams)",160,92
"Tesla V100-DGXS-16GB (0)","1","23","trt_volta_scudnn_128x64_relu_xregs_large_nn_v1",208932,193417
"Tesla V100-DGXS-16GB (0)","1","23","cask::computeOffsetsKernel(cask::ComputeOffsetsParams)",165,92
"Tesla V100-DGXS-16GB (0)","1","23","trt_volta_scudnn_128x128_relu_medium_nn_v1",208696,193281
"Tesla V100-DGXS-16GB (0)","1","23","void cudnn::detail::implicit_convolve_sgemm<float, float, int=128, int=5, int=5, int=3, int=3, int=3, int=1, bool=1, bool=0, bool=1>(int, int, int, float const *, int, float*, cudnn::detail::implicit_convolve_sgemm<float, float, int=128, int=5, int=5, int=3, int=3, int=3, int=1, bool=1, bool=0, bool=1>*, kernel_conv_params, int, float, float, int, float, float, int, int)",38991,21915
"Tesla V100-DGXS-16GB (0)","1","23","void add_tensor_kernel_v3<int=2, float, float, int=128, int=1, int=1, int=4, int=2>(cudnnTensorStruct, float*, cudnnTensorStruct, float const *, float, float)",68,152
"Tesla V100-DGXS-16GB (0)","1","23","void cudnn::detail::activation_fw_4d_kernel<float, float, int=128, int=1, int=4, cudnn::detail::relu_func<float, cudnnNanPropagation_t=1, bool=0>>(cudnnTensorStruct, float const *, cudnn::detail::activation_fw_4d_kernel<float, float, int=128, int=1, int=4, cudnn::detail::relu_func<float, cudnnNanPropagation_t=1, bool=0>>, cudnnTensorStruct*, float, cudnnTensorStruct*, int, cudnnTensorStruct*)",40,136
"Tesla V100-DGXS-16GB (0)","1","23","cudnn::gemm::computeOffsetsKernel(cudnn::gemm::ComputeOffsetsParams)",132,76
"Tesla V100-DGXS-16GB (0)","1","23","volta_scudnn_128x64_relu_medium_nn_v1",23156,9933
"Tesla V100-DGXS-16GB (0)","1","23","void add_tensor_kernel_v3<int=2, float, float, int=128, int=1, int=1, int=4, int=2>(cudnnTensorStruct, float*, cudnnTensorStruct, float const *, float, float)",32,136
"Tesla V100-DGXS-16GB (0)","1","23","void cudnn::detail::activation_fw_4d_kernel<float, float, int=128, int=1, int=4, cudnn::detail::relu_func<float, cudnnNanPropagation_t=1, bool=0>>(cudnnTensorStruct, float const *, cudnn::detail::activation_fw_4d_kernel<float, float, int=128, int=1, int=4, cudnn::detail::relu_func<float, cudnnNanPropagation_t=1, bool=0>>, cudnnTensorStruct*, float, cudnnTensorStruct*, int, cudnnTensorStruct*)",8,128
"Tesla V100-DGXS-16GB (0)","1","23","void nvinfer1::tiled_pooling::poolCHW_PQT<int=2, int=2, int=2, int=2, int=2, int=32, int=256, int=1, int=1, bool=1, nvinfer1::ITiledPooling::PoolingMode, bool=0>(nvinfer1::TiledPoolingParams)",1388,68
"Tesla V100-DGXS-16GB (0)","1","23","void nvinfer1::tiled_pooling::poolCHW_PQT<int=2, int=2, int=2, int=2, int=2, int=32, int=256, int=2, int=1, bool=1, nvinfer1::ITiledPooling::PoolingMode, bool=0>(nvinfer1::TiledPoolingParams)",308,72
"Tesla V100-DGXS-16GB (0)","1","23","void nvinfer1::tiled_pooling::poolCHW_PQT<int=2, int=2, int=2, int=2, int=2, int=32, int=256, int=3, int=1, bool=1, nvinfer1::ITiledPooling::PoolingMode, bool=0>(nvinfer1::TiledPoolingParams)",220,88
"Tesla V100-DGXS-16GB (0)","1","23","void nvinfer1::tiled_pooling::poolCHW_PQT<int=2, int=2, int=2, int=2, int=2, int=32, int=256, int=4, int=1, bool=1, nvinfer1::ITiledPooling::PoolingMode, bool=0>(nvinfer1::TiledPoolingParams)",232,104
"Tesla V100-DGXS-16GB (0)","1","23","void nvinfer1::tiled_pooling::poolCHW_PQT<int=2, int=2, int=2, int=2, int=2, int=32, int=256, int=5, int=1, bool=1, nvinfer1::ITiledPooling::PoolingMode, bool=0>(nvinfer1::TiledPoolingParams)",268,120
"Tesla V100-DGXS-16GB (0)","1","23","void nvinfer1::tiled_pooling::poolCHW_PQT<int=2, int=2, int=2, int=2, int=2, int=32, int=256, int=6, int=1, bool=1, nvinfer1::ITiledPooling::PoolingMode, bool=0>(nvinfer1::TiledPoolingParams)",224,128
"Tesla V100-DGXS-16GB (0)","1","23","void nvinfer1::tiled_pooling::poolCHW_PQT<int=2, int=2, int=2, int=2, int=2, int=32, int=256, int=7, int=1, bool=1, nvinfer1::ITiledPooling::PoolingMode, bool=0>(nvinfer1::TiledPoolingParams)",352,144
"Tesla V100-DGXS-16GB (0)","1","23","void nvinfer1::tiled_pooling::poolCHW_PQT<int=2, int=2, int=2, int=2, int=2, int=32, int=256, int=8, int=1, bool=1, nvinfer1::ITiledPooling::PoolingMode, bool=0>(nvinfer1::TiledPoolingParams)",364,160
"Tesla V100-DGXS-16GB (0)","1","23","void nvinfer1::tiled_pooling::poolCHW_PQT<int=2, int=2, int=2, int=2, int=2, int=16, int=128, int=1, int=1, bool=1, nvinfer1::ITiledPooling::PoolingMode, bool=0>(nvinfer1::TiledPoolingParams)",156,64
"Tesla V100-DGXS-16GB (0)","1","23","void nvinfer1::tiled_pooling::poolCHW_PQT<int=2, int=2, int=2, int=2, int=2, int=16, int=128, int=2, int=1, bool=1, nvinfer1::ITiledPooling::PoolingMode, bool=0>(nvinfer1::TiledPoolingParams)",160,80
"Tesla V100-DGXS-16GB (0)","1","23","void nvinfer1::tiled_pooling::poolCHW_PQT<int=2, int=2, int=2, int=2, int=2, int=16, int=128, int=3, int=1, bool=1, nvinfer1::ITiledPooling::PoolingMode, bool=0>(nvinfer1::TiledPoolingParams)",184,88
"Tesla V100-DGXS-16GB (0)","1","23","void nvinfer1::tiled_pooling::poolCHW_PQT<int=2, int=2, int=2, int=2, int=2, int=16, int=128, int=4, int=1, bool=1, nvinfer1::ITiledPooling::PoolingMode, bool=0>(nvinfer1::TiledPoolingParams)",212,104
"Tesla V100-DGXS-16GB (0)","1","23","void nvinfer1::tiled_pooling::poolCHW_PQT<int=2, int=2, int=2, int=2, int=2, int=16, int=128, int=5, int=1, bool=1, nvinfer1::ITiledPooling::PoolingMode, bool=0>(nvinfer1::TiledPoolingParams)",248,120
"Tesla V100-DGXS-16GB (0)","1","23","void nvinfer1::tiled_pooling::poolCHW_PQT<int=2, int=2, int=2, int=2, int=2, int=16, int=128, int=6, int=1, bool=1, nvinfer1::ITiledPooling::PoolingMode, bool=0>(nvinfer1::TiledPoolingParams)",280,136
"Tesla V100-DGXS-16GB (0)","1","23","void nvinfer1::tiled_pooling::poolCHW_PQT<int=2, int=2, int=2, int=2, int=2, int=16, int=128, int=7, int=1, bool=1, nvinfer1::ITiledPooling::PoolingMode, bool=0>(nvinfer1::TiledPoolingParams)",248,144
"Tesla V100-DGXS-16GB (0)","1","23","void nvinfer1::tiled_pooling::poolCHW_PQT<int=2, int=2, int=2, int=2, int=2, int=16, int=128, int=8, int=1, bool=1, nvinfer1::ITiledPooling::PoolingMode, bool=0>(nvinfer1::TiledPoolingParams)",224,160
"Tesla V100-DGXS-16GB (0)","1","23","cask::computeOffsetsKernel(cask::ComputeOffsetsParams)",0,88
"Tesla V100-DGXS-16GB (0)","1","23","trt_volta_scudnn_128x32_relu_small_nn_v1",1228,624
"Tesla V100-DGXS-16GB (0)","1","23","cask::computeOffsetsKernel(cask::ComputeOffsetsParams)",120,0
"Tesla V100-DGXS-16GB (0)","1","23","trt_volta_scudnn_128x64_relu_medium_nn_v1",11062,776
"Tesla V100-DGXS-16GB (0)","1","23","cask::computeOffsetsKernel(cask::ComputeOffsetsParams)",0,0
"Tesla V100-DGXS-16GB (0)","1","23","trt_volta_scudnn_128x128_relu_medium_nn_v1",90,728
"Tesla V100-DGXS-16GB (0)","1","23","cask::computeOffsetsKernel(cask::ComputeOffsetsParams)",4,0
"Tesla V100-DGXS-16GB (0)","1","23","trt_volta_scudnn_128x128_relu_small_nn_v1",25,720
"Tesla V100-DGXS-16GB (0)","1","23","cask::computeOffsetsKernel(cask::ComputeOffsetsParams)",0,0
"Tesla V100-DGXS-16GB (0)","1","23","trt_volta_scudnn_128x64_relu_small_nn_v1",81,752
"Tesla V100-DGXS-16GB (0)","1","23","void cudnn::detail::implicit_convolve_sgemm<float, float, int=1024, int=5, int=5, int=3, int=3, int=3, int=1, bool=1, bool=0, bool=1>(int, int, int, float const *, int, float*, cudnn::detail::implicit_convolve_sgemm<float, float, int=1024, int=5, int=5, int=3, int=3, int=3, int=1, bool=1, bool=0, bool=1>*, kernel_conv_params, int, float, float, int, float, float, int, int)",47,592
"Tesla V100-DGXS-16GB (0)","1","23","void add_tensor_kernel_v3<int=2, float, float, int=128, int=1, int=1, int=4, int=2>(cudnnTensorStruct, float*, cudnnTensorStruct, float const *, float, float)",0,162
"Tesla V100-DGXS-16GB (0)","1","23","void cudnn::detail::activation_fw_4d_kernel<float, float, int=128, int=1, int=4, cudnn::detail::relu_func<float, cudnnNanPropagation_t=1, bool=0>>(cudnnTensorStruct, float const *, cudnn::detail::activation_fw_4d_kernel<float, float, int=128, int=1, int=4, cudnn::detail::relu_func<float, cudnnNanPropagation_t=1, bool=0>>, cudnnTensorStruct*, float, cudnnTensorStruct*, int, cudnnTensorStruct*)",0,136
"Tesla V100-DGXS-16GB (0)","1","23","cudnn::gemm::computeOffsetsKernel(cudnn::gemm::ComputeOffsetsParams)",8,72
"Tesla V100-DGXS-16GB (0)","1","23","volta_scudnn_128x64_relu_small_nn_v1",17,752
"Tesla V100-DGXS-16GB (0)","1","23","void add_tensor_kernel_v3<int=2, float, float, int=128, int=1, int=1, int=4, int=2>(cudnnTensorStruct, float*, cudnnTensorStruct, float const *, float, float)",0,0
"Tesla V100-DGXS-16GB (0)","1","23","void cudnn::detail::activation_fw_4d_kernel<float, float, int=128, int=1, int=4, cudnn::detail::relu_func<float, cudnnNanPropagation_t=1, bool=0>>(cudnnTensorStruct, float const *, cudnn::detail::activation_fw_4d_kernel<float, float, int=128, int=1, int=4, cudnn::detail::relu_func<float, cudnnNanPropagation_t=1, bool=0>>, cudnnTensorStruct*, float, cudnnTensorStruct*, int, cudnnTensorStruct*)",0,0
"Tesla V100-DGXS-16GB (0)","1","23","void im2col4d_kernel<float, int>(im2col4d_params, cudnnConvolutionStruct, cudnnTensor4dStruct, float const *, float*, int)",832,120
"Tesla V100-DGXS-16GB (0)","1","23","void cudnn::detail::explicit_convolve_sgemm<float, int, int=1024, int=5, int=5, int=3, int=3, int=3, int=0, bool=1>(int, int, int, float const *, int, float const , int, cudnn::detail::explicit_convolve_sgemm<float, int, int=1024, int=5, int=5, int=3, int=3, int=3, int=0, bool=1>*, kernel_conv_params, int, int, float, float, int, float const *, float const *)",30,488
"Tesla V100-DGXS-16GB (0)","1","23","void add_tensor_kernel_v3<int=2, float, float, int=128, int=1, int=1, int=4, int=2>(cudnnTensorStruct, float*, cudnnTensorStruct, float const *, float, float)",0,0
"Tesla V100-DGXS-16GB (0)","1","23","void cudnn::detail::activation_fw_4d_kernel<float, float, int=128, int=1, int=4, cudnn::detail::relu_func<float, cudnnNanPropagation_t=1, bool=0>>(cudnnTensorStruct, float const *, cudnn::detail::activation_fw_4d_kernel<float, float, int=128, int=1, int=4, cudnn::detail::relu_func<float, cudnnNanPropagation_t=1, bool=0>>, cudnnTensorStruct*, float, cudnnTensorStruct*, int, cudnnTensorStruct*)",0,0
"Tesla V100-DGXS-16GB (0)","1","23","void gemv2T_kernel_val<float, float, float, int=128, int=16, int=2, int=4, bool=0>(int, int, float, float const *, int, float const *, int, float, float*, int)",175282,1091177
"Tesla V100-DGXS-16GB (0)","1","23","void add_tensor_kernel_v3<int=2, float, float, int=16, int=16, int=1, int=16, int=4>(cudnnTensorStruct, float*, cudnnTensorStruct, float const *, float, float)",0,264
"Tesla V100-DGXS-16GB (0)","1","23","void gemv2N_kernel_val<float, float, float, int=128, int=8, int=4, int=4, int=1>(float, float, cublasGemv2Params_v2<float, float, float>)",176546,1097707
"Tesla V100-DGXS-16GB (0)","1","23","void add_tensor_kernel_v3<int=2, float, float, int=16, int=16, int=1, int=16, int=4>(cudnnTensorStruct, float*, cudnnTensorStruct, float const *, float, float)",0,144
"Tesla V100-DGXS-16GB (0)","1","7","cask::computeOffsetsKernel(cask::ComputeOffsetsParams)",24832,108
"Tesla V100-DGXS-16GB (0)","1","7","cask::computeOffsetsKernel(cask::ComputeOffsetsParams)",3417,8
"Tesla V100-DGXS-16GB (0)","1","7","cask::computeOffsetsKernel(cask::ComputeOffsetsParams)",5106,0
"Tesla V100-DGXS-16GB (0)","1","7","cask::computeOffsetsKernel(cask::ComputeOffsetsParams)",480,4
"Tesla V100-DGXS-16GB (0)","1","7","cask::computeOffsetsKernel(cask::ComputeOffsetsParams)",964,4
"Tesla V100-DGXS-16GB (0)","1","7","cask::computeOffsetsKernel(cask::ComputeOffsetsParams)",464,0
"Tesla V100-DGXS-16GB (0)","1","7","cask::computeOffsetsKernel(cask::ComputeOffsetsParams)",68,4
"Tesla V100-DGXS-16GB (0)","1","7","cask::computeOffsetsKernel(cask::ComputeOffsetsParams)",60,0
"Tesla V100-DGXS-16GB (0)","1","43","void cudnn::detail::activation_fw_4d_kernel<float, float, int=128, int=1, int=4, cudnn::detail::sigmoid_func<float>>(cudnnTensorStruct, float const *, cudnn::detail::activation_fw_4d_kernel<float, float, int=128, int=1, int=4, cudnn::detail::sigmoid_func<float>>, cudnnTensorStruct*, float, cudnnTensorStruct*, int, cudnnTensorStruct*)",36867,204
"Tesla V100-DGXS-16GB (0)","1","43","trt_volta_scudnn_128x64_relu_medium_nn_v1",799350,40633
"Tesla V100-DGXS-16GB (0)","1","43","trt_volta_scudnn_128x128_relu_xregs_large_nn_v1",802939,3445567
"Tesla V100-DGXS-16GB (0)","1","43","trt_volta_scudnn_128x64_relu_small_nn_v1",206188,1129669
"Tesla V100-DGXS-16GB (0)","1","43","void nvinfer1::tiled_pooling::poolCHW_PQT<int=2, int=2, int=2, int=2, int=2, int=32, int=256, int=6, int=1, bool=1, nvinfer1::ITiledPooling::PoolingMode, bool=0>(nvinfer1::TiledPoolingParams)",63844,112847
"Tesla V100-DGXS-16GB (0)","1","43","trt_volta_scudnn_128x64_relu_medium_nn_v1",36551,105603
"Tesla V100-DGXS-16GB (0)","1","43","trt_volta_scudnn_128x128_relu_medium_nn_v1",143320,323125
"Tesla V100-DGXS-16GB (0)","1","43","trt_volta_scudnn_128x128_relu_small_nn_v1",35817,15789
"Tesla V100-DGXS-16GB (0)","1","43","void nvinfer1::tiled_pooling::poolCHW_PQT<int=2, int=2, int=2, int=2, int=2, int=16, int=128, int=7, int=1, bool=1, nvinfer1::ITiledPooling::PoolingMode, bool=0>(nvinfer1::TiledPoolingParams)",11773,144
"Tesla V100-DGXS-16GB (0)","1","43","trt_volta_scudnn_128x64_relu_medium_nn_v1",86262,644028
"Tesla V100-DGXS-16GB (0)","1","43","void fused::fusedConvolutionReluKernel<fused::SrcChwcPtr_FltTex_Reader<float, int=1, int=1, int=1>, fused::KpqkPtrWriter<float, int=1, int=1>, float, float, int=3, int=4, int=1, int=7, int=7, int=1, int=1>(fused::ConvolutionParams<floatSrcType, int=1, int=1Type>, float)",911,187332
"Tesla V100-DGXS-16GB (0)","1","43","void nvinfer1::tiled_pooling::poolCHW_PQT<int=2, int=2, int=2, int=2, int=2, int=16, int=128, int=3, int=1, bool=1, nvinfer1::ITiledPooling::PoolingMode, bool=0>(nvinfer1::TiledPoolingParams)",0,89
"Tesla V100-DGXS-16GB (0)","1","43","trt_volta_scudnn_128x128_relu_medium_nn_v1",584,17708
"Tesla V100-DGXS-16GB (0)","1","43","void gemv2T_kernel_val<float, float, float, int=128, int=16, int=2, int=4, bool=0>(int, int, float, float const *, int, float const *, int, float, float*, int)",5846,1113336
"Tesla V100-DGXS-16GB (0)","1","43","void add_tensor_kernel_v3<int=2, float, float, int=16, int=16, int=1, int=16, int=4>(cudnnTensorStruct, float*, cudnnTensorStruct, float const *, float, float)",0,272
