==33576== NVPROF is profiling process 33576, command: python vgg_generator_RT.py 312
==33576== Profiling application: python vgg_generator_RT.py 312
==33576== Profiling result:
"Start","Duration","Grid X","Grid Y","Grid Z","Block X","Block Y","Block Z","Registers Per Thread","Static SMem","Dynamic SMem","Size","Throughput","SrcMemType","DstMemType","Device","Context","Stream","Name"
s,us,,,,,,,,KB,B,MB,GB/s,,,,,,
2.191389,1.184000,,,,,,,,,,0.014648,12.082023,"Device",,"Tesla V100-DGXS-16GB (0)","1","22","[CUDA memset]"
2.203126,1.536000,,,,,,,,,,0.000107,0.067909,"Pageable","Device","Tesla V100-DGXS-16GB (0)","1","7","[CUDA memcpy HtoD]"
2.590295,1.248000,,,,,,,,,,0.000107,0.083580,"Pageable","Device","Tesla V100-DGXS-16GB (0)","1","7","[CUDA memcpy HtoD]"
2.848544,1.152000,,,,,,,,,,0.574219,486.771266,"Device",,"Tesla V100-DGXS-16GB (0)","1","7","[CUDA memset]"
2.848566,1.152000,,,,,,,,,,0.574219,486.771266,"Device",,"Tesla V100-DGXS-16GB (0)","1","7","[CUDA memset]"
2.849052,1.152000,,,,,,,,,,1.000000,847.710503,"Device",,"Tesla V100-DGXS-16GB (0)","1","7","[CUDA memset]"
2.849110,5.216000,192,1,1,128,1,1,22,0.000000,0,,,,,"Tesla V100-DGXS-16GB (0)","1","23","void cudnn::detail::activation_fw_4d_kernel<float, float, int=128, int=1, int=4, cudnn::detail::sigmoid_func<float>>(cudnnTensorStruct, float const *, cudnn::detail::activation_fw_4d_kernel<float, float, int=128, int=1, int=4, cudnn::detail::sigmoid_func<float>>, cudnnTensorStruct*, float, cudnnTensorStruct*, int, cudnnTensorStruct*) [510]"
2.850098,1.152000,,,,,,,,,,0.574219,486.771266,"Device",,"Tesla V100-DGXS-16GB (0)","1","7","[CUDA memset]"
2.850575,1.184000,,,,,,,,,,12.250000,10103.792758,"Device",,"Tesla V100-DGXS-16GB (0)","1","7","[CUDA memset]"
2.850596,1.120000,,,,,,,,,,1.000000,871.930804,"Device",,"Tesla V100-DGXS-16GB (0)","1","7","[CUDA memset]"
2.850732,4.768000,,,,,,,,,,0.035889,7.350573,"Pageable","Device","Tesla V100-DGXS-16GB (0)","1","7","[CUDA memcpy HtoD]"
2.850758,1.248000,,,,,,,,,,0.000244,0.191041,"Pageable","Device","Tesla V100-DGXS-16GB (0)","1","7","[CUDA memcpy HtoD]"
2.850807,184.383000,2,56,75,32,1,1,72,0.375000,0,,,,,"Tesla V100-DGXS-16GB (0)","1","23","void fused::fusedConvolutionReluKernel<fused::SrcChwcPtr_FltTex_Reader<float, int=1, int=1, int=1>, fused::KpqkPtrWriter<float, int=1, int=1>, float, float, int=3, int=4, int=1, int=7, int=7, int=1, int=1>(fused::ConvolutionParams<floatSrcType, int=1, int=1Type>, float) [542]"
2.851314,1.152000,,,,,,,,,,0.324097,274.740160,"Device",,"Tesla V100-DGXS-16GB (0)","1","7","[CUDA memset]"
2.851364,2.976000,197,1,1,256,1,1,18,0.000000,0,,,,,"Tesla V100-DGXS-16GB (0)","1","23","cask::computeOffsetsKernel(cask::ComputeOffsetsParams) [556]"
2.851384,4.800000,,,,,,,,,,0.035889,7.301569,"Pageable","Device","Tesla V100-DGXS-16GB (0)","1","7","[CUDA memcpy HtoD]"
2.851400,1.248000,,,,,,,,,,0.000244,0.191041,"Pageable","Device","Tesla V100-DGXS-16GB (0)","1","7","[CUDA memcpy HtoD]"
2.851432,4.800000,,,,,,,,,,0.035889,7.301569,"Pageable","Device","Tesla V100-DGXS-16GB (0)","1","7","[CUDA memcpy HtoD]"
2.851449,1.248000,,,,,,,,,,0.000244,0.191041,"Pageable","Device","Tesla V100-DGXS-16GB (0)","1","7","[CUDA memcpy HtoD]"
2.851472,169.759000,392,1,1,256,1,1,160,32.000000,0,,,,,"Tesla V100-DGXS-16GB (0)","1","23","trt_volta_scudnn_128x128_relu_xregs_large_nn_v1 [564]"
2.851767,1.152000,,,,,,,,,,0.324097,274.740160,"Device",,"Tesla V100-DGXS-16GB (0)","1","7","[CUDA memset]"
2.851797,2.880000,197,1,1,256,1,1,18,0.000000,0,,,,,"Tesla V100-DGXS-16GB (0)","1","23","cask::computeOffsetsKernel(cask::ComputeOffsetsParams) [571]"
2.851816,4.768000,,,,,,,,,,0.035889,7.350573,"Pageable","Device","Tesla V100-DGXS-16GB (0)","1","7","[CUDA memcpy HtoD]"
2.851831,1.248000,,,,,,,,,,0.000244,0.191041,"Pageable","Device","Tesla V100-DGXS-16GB (0)","1","7","[CUDA memcpy HtoD]"
2.851864,4.768000,,,,,,,,,,0.035889,7.350573,"Pageable","Device","Tesla V100-DGXS-16GB (0)","1","7","[CUDA memcpy HtoD]"
2.851883,1.280000,,,,,,,,,,0.000244,0.186265,"Pageable","Device","Tesla V100-DGXS-16GB (0)","1","7","[CUDA memcpy HtoD]"
2.851941,84.095000,392,1,1,128,1,1,128,16.000000,0,,,,,"Tesla V100-DGXS-16GB (0)","1","23","trt_volta_scudnn_128x64_relu_medium_nn_v1 [582]"
2.852141,1.152000,,,,,,,,,,0.324097,274.740160,"Device",,"Tesla V100-DGXS-16GB (0)","1","7","[CUDA memset]"
2.852172,2.720000,197,1,1,256,1,1,18,0.000000,0,,,,,"Tesla V100-DGXS-16GB (0)","1","23","cask::computeOffsetsKernel(cask::ComputeOffsetsParams) [589]"
2.852191,4.800000,,,,,,,,,,0.035889,7.301569,"Pageable","Device","Tesla V100-DGXS-16GB (0)","1","7","[CUDA memcpy HtoD]"
2.852206,1.248000,,,,,,,,,,0.000244,0.191041,"Pageable","Device","Tesla V100-DGXS-16GB (0)","1","7","[CUDA memcpy HtoD]"
2.852234,4.768000,,,,,,,,,,0.035889,7.350573,"Pageable","Device","Tesla V100-DGXS-16GB (0)","1","7","[CUDA memcpy HtoD]"
2.852252,1.280000,,,,,,,,,,0.000244,0.186265,"Pageable","Device","Tesla V100-DGXS-16GB (0)","1","7","[CUDA memcpy HtoD]"
2.852309,84.511000,392,1,1,128,1,1,160,16.000000,0,,,,,"Tesla V100-DGXS-16GB (0)","1","23","trt_volta_scudnn_128x64_relu_xregs_large_nn_v1 [600]"
2.852510,1.152000,,,,,,,,,,0.324097,274.740160,"Device",,"Tesla V100-DGXS-16GB (0)","1","7","[CUDA memset]"
2.852540,2.976000,197,1,1,256,1,1,18,0.000000,0,,,,,"Tesla V100-DGXS-16GB (0)","1","23","cask::computeOffsetsKernel(cask::ComputeOffsetsParams) [607]"
2.852559,4.800000,,,,,,,,,,0.035889,7.301569,"Pageable","Device","Tesla V100-DGXS-16GB (0)","1","7","[CUDA memcpy HtoD]"
2.852574,1.248000,,,,,,,,,,0.000244,0.191041,"Pageable","Device","Tesla V100-DGXS-16GB (0)","1","7","[CUDA memcpy HtoD]"
2.852606,4.800000,,,,,,,,,,0.035889,7.301569,"Pageable","Device","Tesla V100-DGXS-16GB (0)","1","7","[CUDA memcpy HtoD]"
2.852625,1.248000,,,,,,,,,,0.000244,0.191041,"Pageable","Device","Tesla V100-DGXS-16GB (0)","1","7","[CUDA memcpy HtoD]"
2.852676,148.255000,392,1,1,256,1,1,128,32.000000,0,,,,,"Tesla V100-DGXS-16GB (0)","1","23","trt_volta_scudnn_128x128_relu_medium_nn_v1 [618]"
2.852892,4.768000,,,,,,,,,,0.035889,7.350573,"Pageable","Device","Tesla V100-DGXS-16GB (0)","1","7","[CUDA memcpy HtoD]"
2.852908,1.248000,,,,,,,,,,0.000244,0.191041,"Pageable","Device","Tesla V100-DGXS-16GB (0)","1","7","[CUDA memcpy HtoD]"
2.852956,4.800000,,,,,,,,,,0.035889,7.301569,"Pageable","Device","Tesla V100-DGXS-16GB (0)","1","7","[CUDA memcpy HtoD]"
2.852974,1.248000,,,,,,,,,,0.000244,0.191041,"Pageable","Device","Tesla V100-DGXS-16GB (0)","1","7","[CUDA memcpy HtoD]"
2.853050,119.071000,1568,2,1,8,8,1,63,2.250000,0,,,,,"Tesla V100-DGXS-16GB (0)","1","23","void cudnn::detail::implicit_convolve_sgemm<float, float, int=1024, int=5, int=5, int=3, int=3, int=3, int=1, bool=1, bool=0, bool=1>(int, int, int, float const *, int, float*, cudnn::detail::implicit_convolve_sgemm<float, float, int=1024, int=5, int=5, int=3, int=3, int=3, int=1, bool=1, bool=0, bool=1>*, kernel_conv_params, int, float, float, int, float, float, int, int) [656]"
2.853171,37.824000,1,64,20,128,1,1,29,0.000000,0,,,,,"Tesla V100-DGXS-16GB (0)","1","23","void add_tensor_kernel_v3<int=2, float, float, int=128, int=1, int=1, int=4, int=2>(cudnnTensorStruct, float*, cudnnTensorStruct, float const *, float, float) [666]"
2.853210,32.896000,1024,1,1,128,1,1,21,0.000000,0,,,,,"Tesla V100-DGXS-16GB (0)","1","23","void cudnn::detail::activation_fw_4d_kernel<float, float, int=128, int=1, int=4, cudnn::detail::relu_func<float, cudnnNanPropagation_t=1, bool=0>>(cudnnTensorStruct, float const *, cudnn::detail::activation_fw_4d_kernel<float, float, int=128, int=1, int=4, cudnn::detail::relu_func<float, cudnnNanPropagation_t=1, bool=0>>, cudnnTensorStruct*, float, cudnnTensorStruct*, int, cudnnTensorStruct*) [677]"
2.853309,4.800000,,,,,,,,,,0.035889,7.301569,"Pageable","Device","Tesla V100-DGXS-16GB (0)","1","7","[CUDA memcpy HtoD]"
2.853324,1.248000,,,,,,,,,,0.000244,0.191041,"Pageable","Device","Tesla V100-DGXS-16GB (0)","1","7","[CUDA memcpy HtoD]"
2.853366,4.800000,,,,,,,,,,0.035889,7.301569,"Pageable","Device","Tesla V100-DGXS-16GB (0)","1","7","[CUDA memcpy HtoD]"
2.853380,1.280000,,,,,,,,,,0.000244,0.186265,"Pageable","Device","Tesla V100-DGXS-16GB (0)","1","7","[CUDA memcpy HtoD]"
2.853410,2.880000,393,1,1,128,1,1,16,0.000000,0,,,,,"Tesla V100-DGXS-16GB (0)","1","23","cudnn::gemm::computeOffsetsKernel(cudnn::gemm::ComputeOffsetsParams) [697]"
2.853437,84.672000,392,1,1,128,1,1,128,16.000000,0,,,,,"Tesla V100-DGXS-16GB (0)","1","23","volta_scudnn_128x64_relu_medium_nn_v1 [702]"
2.853523,34.400000,1,64,20,128,1,1,29,0.000000,0,,,,,"Tesla V100-DGXS-16GB (0)","1","23","void add_tensor_kernel_v3<int=2, float, float, int=128, int=1, int=1, int=4, int=2>(cudnnTensorStruct, float*, cudnnTensorStruct, float const *, float, float) [711]"
2.853559,32.864000,1024,1,1,128,1,1,21,0.000000,0,,,,,"Tesla V100-DGXS-16GB (0)","1","23","void cudnn::detail::activation_fw_4d_kernel<float, float, int=128, int=1, int=4, cudnn::detail::relu_func<float, cudnnNanPropagation_t=1, bool=0>>(cudnnTensorStruct, float const *, cudnn::detail::activation_fw_4d_kernel<float, float, int=128, int=1, int=4, cudnn::detail::relu_func<float, cudnnNanPropagation_t=1, bool=0>>, cudnnTensorStruct*, float, cudnnTensorStruct*, int, cudnnTensorStruct*) [722]"
2.853654,4.800000,,,,,,,,,,0.035889,7.301569,"Pageable","Device","Tesla V100-DGXS-16GB (0)","1","7","[CUDA memcpy HtoD]"
2.853669,1.248000,,,,,,,,,,0.000244,0.191041,"Pageable","Device","Tesla V100-DGXS-16GB (0)","1","7","[CUDA memcpy HtoD]"
2.853711,4.768000,,,,,,,,,,0.035889,7.350573,"Pageable","Device","Tesla V100-DGXS-16GB (0)","1","7","[CUDA memcpy HtoD]"
2.853725,1.280000,,,,,,,,,,0.000244,0.186265,"Pageable","Device","Tesla V100-DGXS-16GB (0)","1","7","[CUDA memcpy HtoD]"
2.853765,4.768000,,,,,,,,,,0.035889,7.350573,"Pageable","Device","Tesla V100-DGXS-16GB (0)","1","7","[CUDA memcpy HtoD]"
2.853779,1.248000,,,,,,,,,,0.000244,0.191041,"Pageable","Device","Tesla V100-DGXS-16GB (0)","1","7","[CUDA memcpy HtoD]"
2.860283,1.152000,,,,,,,,,,12.250000,10384.453668,"Device",,"Tesla V100-DGXS-16GB (0)","1","7","[CUDA memset]"
2.860768,1.152000,,,,,,,,,,24.500000,20768.907335,"Device",,"Tesla V100-DGXS-16GB (0)","1","7","[CUDA memset]"
2.860801,1.120000,,,,,,,,,,1.000000,871.930804,"Device",,"Tesla V100-DGXS-16GB (0)","1","7","[CUDA memset]"
2.861086,47.776000,,,,,,,,,,0.281250,5.748874,"Pageable","Device","Tesla V100-DGXS-16GB (0)","1","7","[CUDA memcpy HtoD]"
2.861149,1.280000,,,,,,,,,,0.000488,0.372529,"Pageable","Device","Tesla V100-DGXS-16GB (0)","1","7","[CUDA memcpy HtoD]"
2.861180,737.146000,4,56,32,32,1,1,72,0.250000,0,,,,,"Tesla V100-DGXS-16GB (0)","1","23","void fused::fusedConvolutionReluKernel<fused::SrcChwcPtr_FltTex_Reader<float, int=1, int=1, int=1>, fused::KpqkPtrWriter<float, int=1, int=1>, float, float, int=7, int=4, int=1, int=3, int=3, int=1, int=1>(fused::ConvolutionParams<floatSrcType, int=1, int=1Type>, float) [777]"
2.862099,48.256000,,,,,,,,,,0.281250,5.691690,"Pageable","Device","Tesla V100-DGXS-16GB (0)","1","7","[CUDA memcpy HtoD]"
2.862163,1.280000,,,,,,,,,,0.000488,0.372529,"Pageable","Device","Tesla V100-DGXS-16GB (0)","1","7","[CUDA memcpy HtoD]"
2.862190,666.715000,2,45,38,64,1,1,165,1.000000,0,,,,,"Tesla V100-DGXS-16GB (0)","1","23","void fused::fusedConvolutionReluKernel<fused::SrcChwcPtr_FltTex_Reader<float, int=1, int=1, int=2>, fused::KpqkPtrWriter<float, int=1, int=2>, float, float, int=6, int=5, int=2, int=3, int=3, int=1, int=1>(fused::ConvolutionParams<floatSrcType, int=2, int=1Type>, float) [795]"
2.863031,48.192000,,,,,,,,,,0.281250,5.699249,"Pageable","Device","Tesla V100-DGXS-16GB (0)","1","7","[CUDA memcpy HtoD]"
2.863093,1.280000,,,,,,,,,,0.000488,0.372529,"Pageable","Device","Tesla V100-DGXS-16GB (0)","1","7","[CUDA memcpy HtoD]"
2.863118,614.524000,2,32,56,128,1,1,128,4.000000,0,,,,,"Tesla V100-DGXS-16GB (0)","1","23","void fused::fusedConvolutionReluKernel<fused::SrcChwcPtr_FltTex_Reader<float, int=1, int=1, int=2>, fused::KpqkPtrWriter<float, int=1, int=2>, float, float, int=4, int=7, int=4, int=3, int=3, int=1, int=1>(fused::ConvolutionParams<floatSrcType, int=2, int=1Type>, float) [813]"
2.863905,47.776000,,,,,,,,,,0.281250,5.748874,"Pageable","Device","Tesla V100-DGXS-16GB (0)","1","7","[CUDA memcpy HtoD]"
2.863967,1.248000,,,,,,,,,,0.000488,0.382081,"Pageable","Device","Tesla V100-DGXS-16GB (0)","1","7","[CUDA memcpy HtoD]"
2.863991,647.195000,4,45,28,64,1,1,90,0.750000,0,,,,,"Tesla V100-DGXS-16GB (0)","1","23","void fused::fusedConvolutionReluKernel<fused::SrcChwcPtr_FltTex_Reader<float, int=1, int=1, int=1>, fused::KpqkPtrWriter<float, int=1, int=1>, float, float, int=8, int=5, int=2, int=3, int=3, int=1, int=1>(fused::ConvolutionParams<floatSrcType, int=1, int=1Type>, float) [831]"
2.864809,47.839000,,,,,,,,,,0.281250,5.741303,"Pageable","Device","Tesla V100-DGXS-16GB (0)","1","7","[CUDA memcpy HtoD]"
2.864871,1.280000,,,,,,,,,,0.000488,0.372529,"Pageable","Device","Tesla V100-DGXS-16GB (0)","1","7","[CUDA memcpy HtoD]"
2.864895,640.571000,4,45,28,128,1,1,90,2.000000,0,,,,,"Tesla V100-DGXS-16GB (0)","1","23","void fused::fusedConvolutionReluKernel<fused::SrcChwcPtr_FltTex_Reader<float, int=1, int=1, int=1>, fused::KpqkPtrWriter<float, int=1, int=1>, float, float, int=8, int=5, int=4, int=3, int=3, int=1, int=1>(fused::ConvolutionParams<floatSrcType, int=1, int=1Type>, float) [849]"
2.865707,48.000000,,,,,,,,,,0.281250,5.722046,"Pageable","Device","Tesla V100-DGXS-16GB (0)","1","7","[CUDA memcpy HtoD]"
2.865768,1.280000,,,,,,,,,,0.000488,0.372529,"Pageable","Device","Tesla V100-DGXS-16GB (0)","1","7","[CUDA memcpy HtoD]"
2.865792,799.802000,2,32,45,256,1,1,137,16.000000,0,,,,,"Tesla V100-DGXS-16GB (0)","1","23","void fused::fusedConvolutionReluKernel<fused::SrcChwcPtr_FltTex_Reader<float, int=1, int=1, int=2>, fused::KpqkPtrWriter<float, int=1, int=2>, float, float, int=5, int=7, int=8, int=3, int=3, int=1, int=1>(fused::ConvolutionParams<floatSrcType, int=2, int=1Type>, float) [867]"
2.866763,47.904000,,,,,,,,,,0.281250,5.733513,"Pageable","Device","Tesla V100-DGXS-16GB (0)","1","7","[CUDA memcpy HtoD]"
2.866824,1.280000,,,,,,,,,,0.000488,0.372529,"Pageable","Device","Tesla V100-DGXS-16GB (0)","1","7","[CUDA memcpy HtoD]"
2.866848,789.946000,2,28,56,32,1,1,127,0.250000,0,,,,,"Tesla V100-DGXS-16GB (0)","1","23","void fused::fusedConvolutionReluKernel<fused::SrcChwcPtr_FltTex_Reader<float, int=1, int=1, int=2>, fused::KpqkPtrWriter<float, int=1, int=2>, float, float, int=4, int=8, int=1, int=3, int=3, int=1, int=1>(fused::ConvolutionParams<floatSrcType, int=2, int=1Type>, float) [885]"
2.867809,47.552000,,,,,,,,,,0.281250,5.775955,"Pageable","Device","Tesla V100-DGXS-16GB (0)","1","7","[CUDA memcpy HtoD]"
2.867870,1.280000,,,,,,,,,,0.000488,0.372529,"Pageable","Device","Tesla V100-DGXS-16GB (0)","1","7","[CUDA memcpy HtoD]"
2.867894,736.698000,2,45,45,32,1,1,128,0.250000,0,,,,,"Tesla V100-DGXS-16GB (0)","1","23","void fused::fusedConvolutionReluKernel<fused::SrcChwcPtr_FltTex_Reader<float, int=1, int=1, int=2>, fused::KpqkPtrWriter<float, int=1, int=2>, float, float, int=5, int=5, int=1, int=3, int=3, int=1, int=1>(fused::ConvolutionParams<floatSrcType, int=2, int=1Type>, float) [903]"
2.868801,48.000000,,,,,,,,,,0.281250,5.722046,"Pageable","Device","Tesla V100-DGXS-16GB (0)","1","7","[CUDA memcpy HtoD]"
2.868862,1.280000,,,,,,,,,,0.000488,0.372529,"Pageable","Device","Tesla V100-DGXS-16GB (0)","1","7","[CUDA memcpy HtoD]"
2.868886,722.011000,4,28,38,64,1,1,145,1.500000,0,,,,,"Tesla V100-DGXS-16GB (0)","1","23","void fused::fusedConvolutionReluKernel<fused::SrcChwcPtr_FltTex_Reader<float, int=1, int=2, int=1>, fused::KpqkPtrWriter<float, int=1, int=1>, float, float, int=6, int=8, int=2, int=3, int=3, int=1, int=1>(fused::ConvolutionParams<floatSrcType, int=1, int=1Type>, float) [921]"
2.869779,47.871000,,,,,,,,,,0.281250,5.737465,"Pageable","Device","Tesla V100-DGXS-16GB (0)","1","7","[CUDA memcpy HtoD]"
2.869840,1.248000,,,,,,,,,,0.000488,0.382081,"Pageable","Device","Tesla V100-DGXS-16GB (0)","1","7","[CUDA memcpy HtoD]"
2.869864,729.339000,4,28,38,256,1,1,110,8.000000,0,,,,,"Tesla V100-DGXS-16GB (0)","1","23","void fused::fusedConvolutionReluKernel<fused::SrcChwcPtr_FltTex_Reader<float, int=1, int=2, int=1>, fused::KpqkPtrWriter<float, int=1, int=1>, float, float, int=6, int=8, int=8, int=3, int=3, int=1, int=1>(fused::ConvolutionParams<floatSrcType, int=1, int=1Type>, float) [939]"
2.870765,48.000000,,,,,,,,,,0.281250,5.722046,"Pageable","Device","Tesla V100-DGXS-16GB (0)","1","7","[CUDA memcpy HtoD]"
2.870826,1.280000,,,,,,,,,,0.000488,0.372529,"Pageable","Device","Tesla V100-DGXS-16GB (0)","1","7","[CUDA memcpy HtoD]"
2.870849,685.371000,4,45,28,256,1,1,80,8.000000,0,,,,,"Tesla V100-DGXS-16GB (0)","1","23","void fused::fusedConvolutionReluKernel<fused::SrcChwcPtr_FltTex_Reader<float, int=1, int=1, int=1>, fused::KpqkPtrWriter<float, int=1, int=1>, float, float, int=8, int=5, int=8, int=3, int=3, int=1, int=1>(fused::ConvolutionParams<floatSrcType, int=1, int=1Type>, float) [957]"
2.871703,47.904000,,,,,,,,,,0.281250,5.733513,"Pageable","Device","Tesla V100-DGXS-16GB (0)","1","7","[CUDA memcpy HtoD]"
2.871764,1.280000,,,,,,,,,,0.000488,0.372529,"Pageable","Device","Tesla V100-DGXS-16GB (0)","1","7","[CUDA memcpy HtoD]"
2.871789,660.603000,2,32,45,64,1,1,139,1.000000,0,,,,,"Tesla V100-DGXS-16GB (0)","1","23","void fused::fusedConvolutionReluKernel<fused::SrcChwcPtr_FltTex_Reader<float, int=1, int=1, int=2>, fused::KpqkPtrWriter<float, int=1, int=2>, float, float, int=5, int=7, int=2, int=3, int=3, int=1, int=1>(fused::ConvolutionParams<floatSrcType, int=2, int=1Type>, float) [975]"
2.872620,47.775000,,,,,,,,,,0.281250,5.748994,"Pageable","Device","Tesla V100-DGXS-16GB (0)","1","7","[CUDA memcpy HtoD]"
2.872682,1.280000,,,,,,,,,,0.000488,0.372529,"Pageable","Device","Tesla V100-DGXS-16GB (0)","1","7","[CUDA memcpy HtoD]"
2.872706,735.898000,1,32,45,128,1,1,255,8.000000,0,,,,,"Tesla V100-DGXS-16GB (0)","1","23","void fused::fusedConvolutionReluKernel<fused::SrcChwcPtr_FltTex_Reader<float, int=1, int=1, int=4>, fused::KpqkPtrWriter<float, int=1, int=4>, float, float, int=5, int=7, int=4, int=3, int=3, int=1, int=1>(fused::ConvolutionParams<floatSrcType, int=4, int=1Type>, float) [993]"
2.873616,47.936000,,,,,,,,,,0.281250,5.729685,"Pageable","Device","Tesla V100-DGXS-16GB (0)","1","7","[CUDA memcpy HtoD]"
2.873678,1.280000,,,,,,,,,,0.000488,0.372529,"Pageable","Device","Tesla V100-DGXS-16GB (0)","1","7","[CUDA memcpy HtoD]"
2.873703,743.835000,1,45,56,32,1,1,168,0.500000,0,,,,,"Tesla V100-DGXS-16GB (0)","1","23","void fused::fusedConvolutionReluKernel<fused::SrcChwcPtr_FltTex_Reader<float, int=1, int=1, int=4>, fused::KpqkPtrWriter<float, int=1, int=4>, float, float, int=4, int=5, int=1, int=3, int=3, int=1, int=1>(fused::ConvolutionParams<floatSrcType, int=4, int=1Type>, float) [1011]"
2.874615,47.903000,,,,,,,,,,0.281250,5.733633,"Pageable","Device","Tesla V100-DGXS-16GB (0)","1","7","[CUDA memcpy HtoD]"
2.874676,1.280000,,,,,,,,,,0.000488,0.372529,"Pageable","Device","Tesla V100-DGXS-16GB (0)","1","7","[CUDA memcpy HtoD]"
2.874706,621.563000,4,32,28,128,1,1,108,2.000000,0,,,,,"Tesla V100-DGXS-16GB (0)","1","23","void fused::fusedConvolutionReluKernel<fused::SrcChwcPtr_FltTex_Reader<float, int=1, int=1, int=1>, fused::KpqkPtrWriter<float, int=1, int=1>, float, float, int=8, int=7, int=4, int=3, int=3, int=1, int=1>(fused::ConvolutionParams<floatSrcType, int=1, int=1Type>, float) [1029]"
2.875497,47.776000,,,,,,,,,,0.281250,5.748874,"Pageable","Device","Tesla V100-DGXS-16GB (0)","1","7","[CUDA memcpy HtoD]"
2.875558,1.504000,,,,,,,,,,0.000488,0.317046,"Pageable","Device","Tesla V100-DGXS-16GB (0)","1","7","[CUDA memcpy HtoD]"
2.875581,645.020000,2,32,45,128,1,1,139,4.000000,0,,,,,"Tesla V100-DGXS-16GB (0)","1","23","void fused::fusedConvolutionReluKernel<fused::SrcChwcPtr_FltTex_Reader<float, int=1, int=1, int=2>, fused::KpqkPtrWriter<float, int=1, int=2>, float, float, int=5, int=7, int=4, int=3, int=3, int=1, int=1>(fused::ConvolutionParams<floatSrcType, int=2, int=1Type>, float) [1047]"
2.876397,47.744000,,,,,,,,,,0.281250,5.752727,"Pageable","Device","Tesla V100-DGXS-16GB (0)","1","7","[CUDA memcpy HtoD]"
2.876458,1.280000,,,,,,,,,,0.000488,0.372529,"Pageable","Device","Tesla V100-DGXS-16GB (0)","1","7","[CUDA memcpy HtoD]"
2.876481,667.291000,1,45,56,64,1,1,168,2.000000,0,,,,,"Tesla V100-DGXS-16GB (0)","1","23","void fused::fusedConvolutionReluKernel<fused::SrcChwcPtr_FltTex_Reader<float, int=1, int=1, int=4>, fused::KpqkPtrWriter<float, int=1, int=4>, float, float, int=4, int=5, int=2, int=3, int=3, int=1, int=1>(fused::ConvolutionParams<floatSrcType, int=4, int=1Type>, float) [1065]"
2.877320,47.967000,,,,,,,,,,0.281250,5.725983,"Pageable","Device","Tesla V100-DGXS-16GB (0)","1","7","[CUDA memcpy HtoD]"
2.877381,1.280000,,,,,,,,,,0.000488,0.372529,"Pageable","Device","Tesla V100-DGXS-16GB (0)","1","7","[CUDA memcpy HtoD]"
2.877405,617.499000,4,28,32,128,1,1,110,2.000000,0,,,,,"Tesla V100-DGXS-16GB (0)","1","23","void fused::fusedConvolutionReluKernel<fused::SrcChwcPtr_FltTex_Reader<float, int=1, int=1, int=1>, fused::KpqkPtrWriter<float, int=1, int=1>, float, float, int=7, int=8, int=4, int=3, int=3, int=1, int=1>(fused::ConvolutionParams<floatSrcType, int=1, int=1Type>, float) [1083]"
2.878192,47.744000,,,,,,,,,,0.281250,5.752727,"Pageable","Device","Tesla V100-DGXS-16GB (0)","1","7","[CUDA memcpy HtoD]"
2.878253,1.248000,,,,,,,,,,0.000488,0.382081,"Pageable","Device","Tesla V100-DGXS-16GB (0)","1","7","[CUDA memcpy HtoD]"
2.878276,687.547000,1,45,112,64,1,1,105,2.000000,0,,,,,"Tesla V100-DGXS-16GB (0)","1","23","void fused::fusedConvolutionReluKernel<fused::SrcChwcPtr_FltTex_Reader<float, int=1, int=1, int=4>, fused::KpqkPtrWriter<float, int=1, int=4>, float, float, int=2, int=5, int=2, int=3, int=3, int=1, int=1>(fused::ConvolutionParams<floatSrcType, int=4, int=1Type>, float) [1101]"
2.879134,47.872000,,,,,,,,,,0.281250,5.737345,"Pageable","Device","Tesla V100-DGXS-16GB (0)","1","7","[CUDA memcpy HtoD]"
2.879195,1.280000,,,,,,,,,,0.000488,0.372529,"Pageable","Device","Tesla V100-DGXS-16GB (0)","1","7","[CUDA memcpy HtoD]"
2.879219,760.667000,2,45,32,32,1,1,137,0.250000,0,,,,,"Tesla V100-DGXS-16GB (0)","1","23","void fused::fusedConvolutionReluKernel<fused::SrcChwcPtr_FltTex_Reader<float, int=1, int=1, int=2>, fused::KpqkPtrWriter<float, int=1, int=2>, float, float, int=7, int=5, int=1, int=3, int=3, int=1, int=1>(fused::ConvolutionParams<floatSrcType, int=2, int=1Type>, float) [1119]"
2.880147,47.872000,,,,,,,,,,0.281250,5.737345,"Pageable","Device","Tesla V100-DGXS-16GB (0)","1","7","[CUDA memcpy HtoD]"
2.880208,1.248000,,,,,,,,,,0.000488,0.382081,"Pageable","Device","Tesla V100-DGXS-16GB (0)","1","7","[CUDA memcpy HtoD]"
2.880231,640.731000,4,32,56,64,1,1,70,0.500000,0,,,,,"Tesla V100-DGXS-16GB (0)","1","23","void fused::fusedConvolutionReluKernel<fused::SrcChwcPtr_FltTex_Reader<float, int=1, int=1, int=1>, fused::KpqkPtrWriter<float, int=1, int=1>, float, float, int=4, int=7, int=2, int=3, int=3, int=1, int=1>(fused::ConvolutionParams<floatSrcType, int=1, int=1Type>, float) [1137]"
2.881049,47.551000,,,,,,,,,,0.281250,5.776076,"Pageable","Device","Tesla V100-DGXS-16GB (0)","1","7","[CUDA memcpy HtoD]"
2.881110,1.280000,,,,,,,,,,0.000488,0.372529,"Pageable","Device","Tesla V100-DGXS-16GB (0)","1","7","[CUDA memcpy HtoD]"
2.881135,747.163000,2,32,56,32,1,1,128,0.250000,0,,,,,"Tesla V100-DGXS-16GB (0)","1","23","void fused::fusedConvolutionReluKernel<fused::SrcChwcPtr_FltTex_Reader<float, int=1, int=1, int=2>, fused::KpqkPtrWriter<float, int=1, int=2>, float, float, int=4, int=7, int=1, int=3, int=3, int=1, int=1>(fused::ConvolutionParams<floatSrcType, int=2, int=1Type>, float) [1155]"
2.882053,47.840000,,,,,,,,,,0.281250,5.741183,"Pageable","Device","Tesla V100-DGXS-16GB (0)","1","7","[CUDA memcpy HtoD]"
2.882114,1.280000,,,,,,,,,,0.000488,0.372529,"Pageable","Device","Tesla V100-DGXS-16GB (0)","1","7","[CUDA memcpy HtoD]"
2.882137,717.562000,4,32,56,32,1,1,80,0.500000,0,,,,,"Tesla V100-DGXS-16GB (0)","1","23","void fused::fusedConvolutionReluKernel<fused::SrcChwcPtr_FltTex_Reader<float, int=1, int=2, int=1>, fused::KpqkPtrWriter<float, int=1, int=1>, float, float, int=4, int=7, int=1, int=3, int=3, int=1, int=1>(fused::ConvolutionParams<floatSrcType, int=1, int=1Type>, float) [1173]"
2.883024,47.904000,,,,,,,,,,0.281250,5.733513,"Pageable","Device","Tesla V100-DGXS-16GB (0)","1","7","[CUDA memcpy HtoD]"
2.883085,1.280000,,,,,,,,,,0.000488,0.372529,"Pageable","Device","Tesla V100-DGXS-16GB (0)","1","7","[CUDA memcpy HtoD]"
2.883109,649.436000,4,32,32,64,1,1,109,0.750000,0,,,,,"Tesla V100-DGXS-16GB (0)","1","23","void fused::fusedConvolutionReluKernel<fused::SrcChwcPtr_FltTex_Reader<float, int=1, int=1, int=1>, fused::KpqkPtrWriter<float, int=1, int=1>, float, float, int=7, int=7, int=2, int=3, int=3, int=1, int=1>(fused::ConvolutionParams<floatSrcType, int=1, int=1Type>, float) [1191]"
2.883927,47.552000,,,,,,,,,,0.281250,5.775955,"Pageable","Device","Tesla V100-DGXS-16GB (0)","1","7","[CUDA memcpy HtoD]"
2.883988,1.280000,,,,,,,,,,0.000488,0.372529,"Pageable","Device","Tesla V100-DGXS-16GB (0)","1","7","[CUDA memcpy HtoD]"
2.884011,740.890000,2,75,32,32,1,1,106,0.250000,0,,,,,"Tesla V100-DGXS-16GB (0)","1","23","void fused::fusedConvolutionReluKernel<fused::SrcChwcPtr_FltTex_Reader<float, int=1, int=1, int=2>, fused::KpqkPtrWriter<float, int=1, int=2>, float, float, int=7, int=3, int=1, int=3, int=3, int=1, int=1>(fused::ConvolutionParams<floatSrcType, int=2, int=1Type>, float) [1209]"
2.884923,48.128000,,,,,,,,,,0.281250,5.706828,"Pageable","Device","Tesla V100-DGXS-16GB (0)","1","7","[CUDA memcpy HtoD]"
2.884986,1.280000,,,,,,,,,,0.000488,0.372529,"Pageable","Device","Tesla V100-DGXS-16GB (0)","1","7","[CUDA memcpy HtoD]"
2.885010,750.747000,2,32,75,256,1,1,95,16.000000,0,,,,,"Tesla V100-DGXS-16GB (0)","1","23","void fused::fusedConvolutionReluKernel<fused::SrcChwcPtr_FltTex_Reader<float, int=1, int=1, int=2>, fused::KpqkPtrWriter<float, int=1, int=2>, float, float, int=3, int=7, int=8, int=3, int=3, int=1, int=1>(fused::ConvolutionParams<floatSrcType, int=2, int=1Type>, float) [1227]"
2.885932,47.296000,,,,,,,,,,0.281250,5.807218,"Pageable","Device","Tesla V100-DGXS-16GB (0)","1","7","[CUDA memcpy HtoD]"
2.885993,1.248000,,,,,,,,,,0.000488,0.382081,"Pageable","Device","Tesla V100-DGXS-16GB (0)","1","7","[CUDA memcpy HtoD]"
2.886017,768.186000,4,38,32,256,1,1,80,8.000000,0,,,,,"Tesla V100-DGXS-16GB (0)","1","23","void fused::fusedConvolutionReluKernel<fused::SrcChwcPtr_FltTex_Reader<float, int=1, int=1, int=1>, fused::KpqkPtrWriter<float, int=1, int=1>, float, float, int=7, int=6, int=8, int=3, int=3, int=1, int=1>(fused::ConvolutionParams<floatSrcType, int=1, int=1Type>, float) [1245]"
2.886956,47.135000,,,,,,,,,,0.281250,5.827054,"Pageable","Device","Tesla V100-DGXS-16GB (0)","1","7","[CUDA memcpy HtoD]"
2.887017,1.280000,,,,,,,,,,0.000488,0.372529,"Pageable","Device","Tesla V100-DGXS-16GB (0)","1","7","[CUDA memcpy HtoD]"
2.887040,635.867000,2,28,56,64,1,1,127,1.000000,0,,,,,"Tesla V100-DGXS-16GB (0)","1","23","void fused::fusedConvolutionReluKernel<fused::SrcChwcPtr_FltTex_Reader<float, int=1, int=1, int=2>, fused::KpqkPtrWriter<float, int=1, int=2>, float, float, int=4, int=8, int=2, int=3, int=3, int=1, int=1>(fused::ConvolutionParams<floatSrcType, int=2, int=1Type>, float) [1263]"
2.887846,47.360000,,,,,,,,,,0.281250,5.799371,"Pageable","Device","Tesla V100-DGXS-16GB (0)","1","7","[CUDA memcpy HtoD]"
2.887906,1.280000,,,,,,,,,,0.000488,0.372529,"Pageable","Device","Tesla V100-DGXS-16GB (0)","1","7","[CUDA memcpy HtoD]"
2.887930,740.794000,4,45,32,32,1,1,72,0.250000,0,,,,,"Tesla V100-DGXS-16GB (0)","1","23","void fused::fusedConvolutionReluKernel<fused::SrcChwcPtr_FltTex_Reader<float, int=1, int=1, int=1>, fused::KpqkPtrWriter<float, int=1, int=1>, float, float, int=7, int=5, int=1, int=3, int=3, int=1, int=1>(fused::ConvolutionParams<floatSrcType, int=1, int=1Type>, float) [1281]"
2.888842,47.487000,,,,,,,,,,0.281250,5.783861,"Pageable","Device","Tesla V100-DGXS-16GB (0)","1","7","[CUDA memcpy HtoD]"
2.888902,1.280000,,,,,,,,,,0.000488,0.372529,"Pageable","Device","Tesla V100-DGXS-16GB (0)","1","7","[CUDA memcpy HtoD]"
2.888926,731.067000,4,32,32,256,1,1,89,8.000000,0,,,,,"Tesla V100-DGXS-16GB (0)","1","23","void fused::fusedConvolutionReluKernel<fused::SrcChwcPtr_FltTex_Reader<float, int=1, int=1, int=1>, fused::KpqkPtrWriter<float, int=1, int=1>, float, float, int=7, int=7, int=8, int=3, int=3, int=1, int=1>(fused::ConvolutionParams<floatSrcType, int=1, int=1Type>, float) [1299]"
2.889829,47.424000,,,,,,,,,,0.281250,5.791544,"Pageable","Device","Tesla V100-DGXS-16GB (0)","1","7","[CUDA memcpy HtoD]"
2.889889,1.280000,,,,,,,,,,0.000488,0.372529,"Pageable","Device","Tesla V100-DGXS-16GB (0)","1","7","[CUDA memcpy HtoD]"
2.889913,766.170000,2,56,32,32,1,1,129,0.250000,0,,,,,"Tesla V100-DGXS-16GB (0)","1","23","void fused::fusedConvolutionReluKernel<fused::SrcChwcPtr_FltTex_Reader<float, int=1, int=1, int=2>, fused::KpqkPtrWriter<float, int=1, int=2>, float, float, int=7, int=4, int=1, int=3, int=3, int=1, int=1>(fused::ConvolutionParams<floatSrcType, int=2, int=1Type>, float) [1317]"
2.890849,47.679000,,,,,,,,,,0.281250,5.760570,"Pageable","Device","Tesla V100-DGXS-16GB (0)","1","7","[CUDA memcpy HtoD]"
2.890910,1.280000,,,,,,,,,,0.000488,0.372529,"Pageable","Device","Tesla V100-DGXS-16GB (0)","1","7","[CUDA memcpy HtoD]"
2.890933,627.899000,4,32,32,128,1,1,109,2.000000,0,,,,,"Tesla V100-DGXS-16GB (0)","1","23","void fused::fusedConvolutionReluKernel<fused::SrcChwcPtr_FltTex_Reader<float, int=1, int=1, int=1>, fused::KpqkPtrWriter<float, int=1, int=1>, float, float, int=7, int=7, int=4, int=3, int=3, int=1, int=1>(fused::ConvolutionParams<floatSrcType, int=1, int=1Type>, float) [1335]"
2.891730,47.872000,,,,,,,,,,0.281250,5.737345,"Pageable","Device","Tesla V100-DGXS-16GB (0)","1","7","[CUDA memcpy HtoD]"
2.891792,1.248000,,,,,,,,,,0.000488,0.382081,"Pageable","Device","Tesla V100-DGXS-16GB (0)","1","7","[CUDA memcpy HtoD]"
2.891814,621.947000,4,28,32,128,1,1,110,2.000000,0,,,,,"Tesla V100-DGXS-16GB (0)","1","23","void fused::fusedConvolutionReluKernel<fused::SrcChwcPtr_FltTex_Reader<float, int=1, int=1, int=1>, fused::KpqkPtrWriter<float, int=1, int=1>, float, float, int=7, int=8, int=4, int=3, int=3, int=1, int=1>(fused::ConvolutionParams<floatSrcType, int=1, int=1Type>, float) [1353]"
2.892603,47.743000,,,,,,,,,,0.281250,5.752848,"Pageable","Device","Tesla V100-DGXS-16GB (0)","1","7","[CUDA memcpy HtoD]"
2.892664,1.280000,,,,,,,,,,0.000488,0.372529,"Pageable","Device","Tesla V100-DGXS-16GB (0)","1","7","[CUDA memcpy HtoD]"
2.892687,757.306000,2,32,45,32,1,1,139,0.250000,0,,,,,"Tesla V100-DGXS-16GB (0)","1","23","void fused::fusedConvolutionReluKernel<fused::SrcChwcPtr_FltTex_Reader<float, int=1, int=1, int=2>, fused::KpqkPtrWriter<float, int=1, int=2>, float, float, int=5, int=7, int=1, int=3, int=3, int=1, int=1>(fused::ConvolutionParams<floatSrcType, int=2, int=1Type>, float) [1371]"
2.893616,47.424000,,,,,,,,,,0.281250,5.791544,"Pageable","Device","Tesla V100-DGXS-16GB (0)","1","7","[CUDA memcpy HtoD]"
2.893677,1.280000,,,,,,,,,,0.000488,0.372529,"Pageable","Device","Tesla V100-DGXS-16GB (0)","1","7","[CUDA memcpy HtoD]"
2.893701,634.459000,1,32,112,64,1,1,128,2.000000,0,,,,,"Tesla V100-DGXS-16GB (0)","1","23","void fused::fusedConvolutionReluKernel<fused::SrcChwcPtr_FltTex_Reader<float, int=1, int=1, int=4>, fused::KpqkPtrWriter<float, int=1, int=4>, float, float, int=2, int=7, int=2, int=3, int=3, int=1, int=1>(fused::ConvolutionParams<floatSrcType, int=4, int=1Type>, float) [1389]"
2.894505,47.647000,,,,,,,,,,0.281250,5.764439,"Pageable","Device","Tesla V100-DGXS-16GB (0)","1","7","[CUDA memcpy HtoD]"
2.894565,1.280000,,,,,,,,,,0.000488,0.372529,"Pageable","Device","Tesla V100-DGXS-16GB (0)","1","7","[CUDA memcpy HtoD]"
2.894589,686.779000,4,28,32,256,1,1,120,8.000000,0,,,,,"Tesla V100-DGXS-16GB (0)","1","23","void fused::fusedConvolutionReluKernel<fused::SrcChwcPtr_FltTex_Reader<float, int=1, int=2, int=1>, fused::KpqkPtrWriter<float, int=1, int=1>, float, float, int=7, int=8, int=8, int=3, int=3, int=1, int=1>(fused::ConvolutionParams<floatSrcType, int=1, int=1Type>, float) [1407]"
2.895447,47.775000,,,,,,,,,,0.281250,5.748994,"Pageable","Device","Tesla V100-DGXS-16GB (0)","1","7","[CUDA memcpy HtoD]"
2.895507,1.280000,,,,,,,,,,0.000488,0.372529,"Pageable","Device","Tesla V100-DGXS-16GB (0)","1","7","[CUDA memcpy HtoD]"
2.895531,628.283000,4,32,45,64,1,1,80,0.500000,0,,,,,"Tesla V100-DGXS-16GB (0)","1","23","void fused::fusedConvolutionReluKernel<fused::SrcChwcPtr_FltTex_Reader<float, int=1, int=1, int=1>, fused::KpqkPtrWriter<float, int=1, int=1>, float, float, int=5, int=7, int=2, int=3, int=3, int=1, int=1>(fused::ConvolutionParams<floatSrcType, int=1, int=1Type>, float) [1425]"
2.896329,47.584000,,,,,,,,,,0.281250,5.772071,"Pageable","Device","Tesla V100-DGXS-16GB (0)","1","7","[CUDA memcpy HtoD]"
2.896390,1.280000,,,,,,,,,,0.000488,0.372529,"Pageable","Device","Tesla V100-DGXS-16GB (0)","1","7","[CUDA memcpy HtoD]"
2.896413,732.379000,2,45,32,32,1,1,137,0.250000,0,,,,,"Tesla V100-DGXS-16GB (0)","1","23","void fused::fusedConvolutionReluKernel<fused::SrcChwcPtr_FltTex_Reader<float, int=1, int=1, int=2>, fused::KpqkPtrWriter<float, int=1, int=2>, float, float, int=7, int=5, int=1, int=3, int=3, int=1, int=1>(fused::ConvolutionParams<floatSrcType, int=2, int=1Type>, float) [1443]"
2.897315,47.775000,,,,,,,,,,0.281250,5.748994,"Pageable","Device","Tesla V100-DGXS-16GB (0)","1","7","[CUDA memcpy HtoD]"
2.897375,1.280000,,,,,,,,,,0.000488,0.372529,"Pageable","Device","Tesla V100-DGXS-16GB (0)","1","7","[CUDA memcpy HtoD]"
2.897399,766.778000,2,28,56,32,1,1,127,0.250000,0,,,,,"Tesla V100-DGXS-16GB (0)","1","23","void fused::fusedConvolutionReluKernel<fused::SrcChwcPtr_FltTex_Reader<float, int=1, int=1, int=2>, fused::KpqkPtrWriter<float, int=1, int=2>, float, float, int=4, int=8, int=1, int=3, int=3, int=1, int=1>(fused::ConvolutionParams<floatSrcType, int=2, int=1Type>, float) [1461]"
2.898336,47.968000,,,,,,,,,,0.281250,5.725863,"Pageable","Device","Tesla V100-DGXS-16GB (0)","1","7","[CUDA memcpy HtoD]"
2.898397,1.280000,,,,,,,,,,0.000488,0.372529,"Pageable","Device","Tesla V100-DGXS-16GB (0)","1","7","[CUDA memcpy HtoD]"
2.898421,608.924000,4,32,45,128,1,1,80,2.000000,0,,,,,"Tesla V100-DGXS-16GB (0)","1","23","void fused::fusedConvolutionReluKernel<fused::SrcChwcPtr_FltTex_Reader<float, int=1, int=1, int=1>, fused::KpqkPtrWriter<float, int=1, int=1>, float, float, int=5, int=7, int=4, int=3, int=3, int=1, int=1>(fused::ConvolutionParams<floatSrcType, int=1, int=1Type>, float) [1479]"
2.899199,47.967000,,,,,,,,,,0.281250,5.725983,"Pageable","Device","Tesla V100-DGXS-16GB (0)","1","7","[CUDA memcpy HtoD]"
2.899260,1.280000,,,,,,,,,,0.000488,0.372529,"Pageable","Device","Tesla V100-DGXS-16GB (0)","1","7","[CUDA memcpy HtoD]"
2.899288,678.523000,4,28,45,256,1,1,80,8.000000,0,,,,,"Tesla V100-DGXS-16GB (0)","1","23","void fused::fusedConvolutionReluKernel<fused::SrcChwcPtr_FltTex_Reader<float, int=1, int=1, int=1>, fused::KpqkPtrWriter<float, int=1, int=1>, float, float, int=5, int=8, int=8, int=3, int=3, int=1, int=1>(fused::ConvolutionParams<floatSrcType, int=1, int=1Type>, float) [1497]"
2.900135,47.615000,,,,,,,,,,0.281250,5.768313,"Pageable","Device","Tesla V100-DGXS-16GB (0)","1","7","[CUDA memcpy HtoD]"
2.900196,1.248000,,,,,,,,,,0.000488,0.382081,"Pageable","Device","Tesla V100-DGXS-16GB (0)","1","7","[CUDA memcpy HtoD]"
2.900221,612.059000,2,28,56,128,1,1,127,4.000000,0,,,,,"Tesla V100-DGXS-16GB (0)","1","23","void fused::fusedConvolutionReluKernel<fused::SrcChwcPtr_FltTex_Reader<float, int=1, int=1, int=2>, fused::KpqkPtrWriter<float, int=1, int=2>, float, float, int=4, int=8, int=4, int=3, int=3, int=1, int=1>(fused::ConvolutionParams<floatSrcType, int=2, int=1Type>, float) [1515]"
2.901107,1.152000,,,,,,,,,,0.569458,482.735535,"Device",,"Tesla V100-DGXS-16GB (0)","1","7","[CUDA memset]"
2.901311,2.816000,197,1,1,256,1,1,18,0.000000,0,,,,,"Tesla V100-DGXS-16GB (0)","1","23","cask::computeOffsetsKernel(cask::ComputeOffsetsParams) [1529]"
2.901352,48.287000,,,,,,,,,,0.281250,5.688036,"Pageable","Device","Tesla V100-DGXS-16GB (0)","1","7","[CUDA memcpy HtoD]"
2.901414,1.344000,,,,,,,,,,0.000488,0.354790,"Pageable","Device","Tesla V100-DGXS-16GB (0)","1","7","[CUDA memcpy HtoD]"
2.901459,48.031000,,,,,,,,,,0.281250,5.718353,"Pageable","Device","Tesla V100-DGXS-16GB (0)","1","7","[CUDA memcpy HtoD]"
2.901521,1.280000,,,,,,,,,,0.000488,0.372529,"Pageable","Device","Tesla V100-DGXS-16GB (0)","1","7","[CUDA memcpy HtoD]"
2.901543,531.548000,392,1,1,256,1,1,160,32.000000,0,,,,,"Tesla V100-DGXS-16GB (0)","1","23","trt_volta_scudnn_128x128_relu_xregs_large_nn_v1 [1537]"
2.902154,1.152000,,,,,,,,,,0.569458,482.735535,"Device",,"Tesla V100-DGXS-16GB (0)","1","7","[CUDA memset]"
2.902346,2.752000,197,1,1,256,1,1,18,0.000000,0,,,,,"Tesla V100-DGXS-16GB (0)","1","23","cask::computeOffsetsKernel(cask::ComputeOffsetsParams) [1544]"
2.902386,47.743000,,,,,,,,,,0.281250,5.752848,"Pageable","Device","Tesla V100-DGXS-16GB (0)","1","7","[CUDA memcpy HtoD]"
2.902447,1.248000,,,,,,,,,,0.000488,0.382081,"Pageable","Device","Tesla V100-DGXS-16GB (0)","1","7","[CUDA memcpy HtoD]"
2.902496,48.000000,,,,,,,,,,0.281250,5.722046,"Pageable","Device","Tesla V100-DGXS-16GB (0)","1","7","[CUDA memcpy HtoD]"
2.902557,1.280000,,,,,,,,,,0.000488,0.372529,"Pageable","Device","Tesla V100-DGXS-16GB (0)","1","7","[CUDA memcpy HtoD]"
2.902603,594.748000,392,4,1,64,1,1,128,5.250000,0,,,,,"Tesla V100-DGXS-16GB (0)","1","23","trt_volta_scudnn_128x32_relu_small_nn_v1 [1555]"
2.903272,1.152000,,,,,,,,,,0.569458,482.735535,"Device",,"Tesla V100-DGXS-16GB (0)","1","7","[CUDA memset]"
2.903560,2.880000,197,1,1,256,1,1,18,0.000000,0,,,,,"Tesla V100-DGXS-16GB (0)","1","23","cask::computeOffsetsKernel(cask::ComputeOffsetsParams) [1562]"
2.903599,47.871000,,,,,,,,,,0.281250,5.737465,"Pageable","Device","Tesla V100-DGXS-16GB (0)","1","7","[CUDA memcpy HtoD]"
2.903660,1.312000,,,,,,,,,,0.000488,0.363443,"Pageable","Device","Tesla V100-DGXS-16GB (0)","1","7","[CUDA memcpy HtoD]"
2.903705,47.776000,,,,,,,,,,0.281250,5.748874,"Pageable","Device","Tesla V100-DGXS-16GB (0)","1","7","[CUDA memcpy HtoD]"
2.903766,1.280000,,,,,,,,,,0.000488,0.372529,"Pageable","Device","Tesla V100-DGXS-16GB (0)","1","7","[CUDA memcpy HtoD]"
2.903817,571.740000,392,2,1,128,1,1,128,16.000000,0,,,,,"Tesla V100-DGXS-16GB (0)","1","23","trt_volta_scudnn_128x64_relu_medium_nn_v1 [1573]"
2.904468,1.120000,,,,,,,,,,0.569458,496.527978,"Device",,"Tesla V100-DGXS-16GB (0)","1","7","[CUDA memset]"
2.904659,2.880000,197,1,1,256,1,1,18,0.000000,0,,,,,"Tesla V100-DGXS-16GB (0)","1","23","cask::computeOffsetsKernel(cask::ComputeOffsetsParams) [1580]"
2.904699,47.807000,,,,,,,,,,0.281250,5.745146,"Pageable","Device","Tesla V100-DGXS-16GB (0)","1","7","[CUDA memcpy HtoD]"
2.904760,1.280000,,,,,,,,,,0.000488,0.372529,"Pageable","Device","Tesla V100-DGXS-16GB (0)","1","7","[CUDA memcpy HtoD]"
2.904808,48.031000,,,,,,,,,,0.281250,5.718353,"Pageable","Device","Tesla V100-DGXS-16GB (0)","1","7","[CUDA memcpy HtoD]"
2.904869,1.312000,,,,,,,,,,0.000488,0.363443,"Pageable","Device","Tesla V100-DGXS-16GB (0)","1","7","[CUDA memcpy HtoD]"
2.904918,526.876000,392,2,1,128,1,1,160,16.000000,0,,,,,"Tesla V100-DGXS-16GB (0)","1","23","trt_volta_scudnn_128x64_relu_xregs_large_nn_v1 [1591]"
2.905520,1.152000,,,,,,,,,,0.569458,482.735535,"Device",,"Tesla V100-DGXS-16GB (0)","1","7","[CUDA memset]"
2.905712,2.944000,197,1,1,256,1,1,18,0.000000,0,,,,,"Tesla V100-DGXS-16GB (0)","1","23","cask::computeOffsetsKernel(cask::ComputeOffsetsParams) [1598]"
2.905758,47.647000,,,,,,,,,,0.281250,5.764439,"Pageable","Device","Tesla V100-DGXS-16GB (0)","1","7","[CUDA memcpy HtoD]"
2.905819,1.280000,,,,,,,,,,0.000488,0.372529,"Pageable","Device","Tesla V100-DGXS-16GB (0)","1","7","[CUDA memcpy HtoD]"
2.905864,47.840000,,,,,,,,,,0.281250,5.741183,"Pageable","Device","Tesla V100-DGXS-16GB (0)","1","7","[CUDA memcpy HtoD]"
2.905924,1.280000,,,,,,,,,,0.000488,0.372529,"Pageable","Device","Tesla V100-DGXS-16GB (0)","1","7","[CUDA memcpy HtoD]"
2.905973,507.868000,392,1,1,256,1,1,128,32.000000,0,,,,,"Tesla V100-DGXS-16GB (0)","1","23","trt_volta_scudnn_128x128_relu_medium_nn_v1 [1609]"
2.906558,1.152000,,,,,,,,,,0.569458,482.735535,"Device",,"Tesla V100-DGXS-16GB (0)","1","7","[CUDA memset]"
2.906749,2.944000,197,1,1,256,1,1,18,0.000000,0,,,,,"Tesla V100-DGXS-16GB (0)","1","23","cask::computeOffsetsKernel(cask::ComputeOffsetsParams) [1616]"
2.906789,47.456000,,,,,,,,,,0.281250,5.787639,"Pageable","Device","Tesla V100-DGXS-16GB (0)","1","7","[CUDA memcpy HtoD]"
2.906850,1.280000,,,,,,,,,,0.000488,0.372529,"Pageable","Device","Tesla V100-DGXS-16GB (0)","1","7","[CUDA memcpy HtoD]"
2.906899,47.872000,,,,,,,,,,0.281250,5.737345,"Pageable","Device","Tesla V100-DGXS-16GB (0)","1","7","[CUDA memcpy HtoD]"
2.906960,1.248000,,,,,,,,,,0.000488,0.382081,"Pageable","Device","Tesla V100-DGXS-16GB (0)","1","7","[CUDA memcpy HtoD]"
2.907007,603.036000,392,1,1,256,1,1,128,32.000000,0,,,,,"Tesla V100-DGXS-16GB (0)","1","23","trt_volta_scudnn_128x128_relu_small_nn_v1 [1627]"
2.907683,1.152000,,,,,,,,,,0.569458,482.735535,"Device",,"Tesla V100-DGXS-16GB (0)","1","7","[CUDA memset]"
2.907875,2.784000,197,1,1,256,1,1,18,0.000000,0,,,,,"Tesla V100-DGXS-16GB (0)","1","23","cask::computeOffsetsKernel(cask::ComputeOffsetsParams) [1634]"
2.907915,47.871000,,,,,,,,,,0.281250,5.737465,"Pageable","Device","Tesla V100-DGXS-16GB (0)","1","7","[CUDA memcpy HtoD]"
2.907975,1.280000,,,,,,,,,,0.000488,0.372529,"Pageable","Device","Tesla V100-DGXS-16GB (0)","1","7","[CUDA memcpy HtoD]"
2.908020,47.776000,,,,,,,,,,0.281250,5.748874,"Pageable","Device","Tesla V100-DGXS-16GB (0)","1","7","[CUDA memcpy HtoD]"
2.908081,1.280000,,,,,,,,,,0.000488,0.372529,"Pageable","Device","Tesla V100-DGXS-16GB (0)","1","7","[CUDA memcpy HtoD]"
2.908133,515.100000,392,2,1,128,1,1,128,16.000000,0,,,,,"Tesla V100-DGXS-16GB (0)","1","23","trt_volta_scudnn_128x64_relu_small_nn_v1 [1645]"
2.908735,48.095000,,,,,,,,,,0.281250,5.710743,"Pageable","Device","Tesla V100-DGXS-16GB (0)","1","7","[CUDA memcpy HtoD]"
2.908797,1.280000,,,,,,,,,,0.000488,0.372529,"Pageable","Device","Tesla V100-DGXS-16GB (0)","1","7","[CUDA memcpy HtoD]"
2.908862,47.743000,,,,,,,,,,0.281250,5.752848,"Pageable","Device","Tesla V100-DGXS-16GB (0)","1","7","[CUDA memcpy HtoD]"
2.908922,1.280000,,,,,,,,,,0.000488,0.372529,"Pageable","Device","Tesla V100-DGXS-16GB (0)","1","7","[CUDA memcpy HtoD]"
2.908986,686.363000,784,1,1,8,32,1,64,6.250000,0,,,,,"Tesla V100-DGXS-16GB (0)","1","23","void cudnn::detail::implicit_convolve_sgemm<float, float, int=1024, int=6, int=7, int=3, int=3, int=5, int=1, bool=1, bool=0, bool=1>(int, int, int, float const *, int, float*, cudnn::detail::implicit_convolve_sgemm<float, float, int=1024, int=6, int=7, int=3, int=3, int=5, int=1, bool=1, bool=0, bool=1>*, kernel_conv_params, int, float, float, int, float, float, int, int) [1683]"
2.909674,71.391000,1,128,10,128,1,1,29,0.000000,0,,,,,"Tesla V100-DGXS-16GB (0)","1","23","void add_tensor_kernel_v3<int=2, float, float, int=128, int=1, int=1, int=4, int=2>(cudnnTensorStruct, float*, cudnnTensorStruct, float const *, float, float) [1693]"
2.909746,67.680000,2048,1,1,128,1,1,21,0.000000,0,,,,,"Tesla V100-DGXS-16GB (0)","1","23","void cudnn::detail::activation_fw_4d_kernel<float, float, int=128, int=1, int=4, cudnn::detail::relu_func<float, cudnnNanPropagation_t=1, bool=0>>(cudnnTensorStruct, float const *, cudnn::detail::activation_fw_4d_kernel<float, float, int=128, int=1, int=4, cudnn::detail::relu_func<float, cudnnNanPropagation_t=1, bool=0>>, cudnnTensorStruct*, float, cudnnTensorStruct*, int, cudnnTensorStruct*) [1704]"
2.909901,48.000000,,,,,,,,,,0.281250,5.722046,"Pageable","Device","Tesla V100-DGXS-16GB (0)","1","7","[CUDA memcpy HtoD]"
2.909963,1.280000,,,,,,,,,,0.000488,0.372529,"Pageable","Device","Tesla V100-DGXS-16GB (0)","1","7","[CUDA memcpy HtoD]"
2.910029,48.320000,,,,,,,,,,0.281250,5.684152,"Pageable","Device","Tesla V100-DGXS-16GB (0)","1","7","[CUDA memcpy HtoD]"
2.910089,1.280000,,,,,,,,,,0.000488,0.372529,"Pageable","Device","Tesla V100-DGXS-16GB (0)","1","7","[CUDA memcpy HtoD]"
2.910116,2.656000,393,1,1,128,1,1,16,0.000000,0,,,,,"Tesla V100-DGXS-16GB (0)","1","23","cudnn::gemm::computeOffsetsKernel(cudnn::gemm::ComputeOffsetsParams) [1724]"
2.910135,592.444000,392,4,1,64,1,1,128,5.250000,0,,,,,"Tesla V100-DGXS-16GB (0)","1","23","volta_scudnn_128x32_relu_small_nn_v1 [1729]"
2.910729,68.479000,1,128,10,128,1,1,29,0.000000,0,,,,,"Tesla V100-DGXS-16GB (0)","1","23","void add_tensor_kernel_v3<int=2, float, float, int=128, int=1, int=1, int=4, int=2>(cudnnTensorStruct, float*, cudnnTensorStruct, float const *, float, float) [1738]"
2.910798,68.096000,2048,1,1,128,1,1,21,0.000000,0,,,,,"Tesla V100-DGXS-16GB (0)","1","23","void cudnn::detail::activation_fw_4d_kernel<float, float, int=128, int=1, int=4, cudnn::detail::relu_func<float, cudnnNanPropagation_t=1, bool=0>>(cudnnTensorStruct, float const *, cudnn::detail::activation_fw_4d_kernel<float, float, int=128, int=1, int=4, cudnn::detail::relu_func<float, cudnnNanPropagation_t=1, bool=0>>, cudnnTensorStruct*, float, cudnnTensorStruct*, int, cudnnTensorStruct*) [1749]"
2.910950,48.000000,,,,,,,,,,0.281250,5.722046,"Pageable","Device","Tesla V100-DGXS-16GB (0)","1","7","[CUDA memcpy HtoD]"
2.911011,1.280000,,,,,,,,,,0.000488,0.372529,"Pageable","Device","Tesla V100-DGXS-16GB (0)","1","7","[CUDA memcpy HtoD]"
2.911076,47.904000,,,,,,,,,,0.281250,5.733513,"Pageable","Device","Tesla V100-DGXS-16GB (0)","1","7","[CUDA memcpy HtoD]"
2.911138,1.504000,,,,,,,,,,0.000488,0.317046,"Pageable","Device","Tesla V100-DGXS-16GB (0)","1","7","[CUDA memcpy HtoD]"
2.911205,47.776000,,,,,,,,,,0.281250,5.748874,"Pageable","Device","Tesla V100-DGXS-16GB (0)","1","7","[CUDA memcpy HtoD]"
2.911264,1.248000,,,,,,,,,,0.000488,0.382081,"Pageable","Device","Tesla V100-DGXS-16GB (0)","1","7","[CUDA memcpy HtoD]"
2.911327,47.840000,,,,,,,,,,0.281250,5.741183,"Pageable","Device","Tesla V100-DGXS-16GB (0)","1","7","[CUDA memcpy HtoD]"
2.911386,1.280000,,,,,,,,,,0.000488,0.372529,"Pageable","Device","Tesla V100-DGXS-16GB (0)","1","7","[CUDA memcpy HtoD]"
2.911448,47.808000,,,,,,,,,,0.281250,5.745026,"Pageable","Device","Tesla V100-DGXS-16GB (0)","1","7","[CUDA memcpy HtoD]"
2.911508,1.280000,,,,,,,,,,0.000488,0.372529,"Pageable","Device","Tesla V100-DGXS-16GB (0)","1","7","[CUDA memcpy HtoD]"
2.911533,5.024000,4,16,1,32,4,1,40,8.500000,0,,,,,"Tesla V100-DGXS-16GB (0)","1","23","void cudnn::winograd::generateWinogradTilesKernel<int=0, float, float>(cudnn::winograd::GenerateWinogradTilesParams<float, float>) [1787]"
2.911547,490.684000,4,28,14,256,1,1,128,48.000000,0,,,,,"Tesla V100-DGXS-16GB (0)","1","23","void cudnn::winograd::winograd3x3Kernel<float, float, int=1, int=4, int=8, bool=0>(cudnn::maxwell::winograd::KernelParams) [1791]"
2.912039,68.543000,1,128,10,128,1,1,29,0.000000,0,,,,,"Tesla V100-DGXS-16GB (0)","1","23","void add_tensor_kernel_v3<int=2, float, float, int=128, int=1, int=1, int=4, int=2>(cudnnTensorStruct, float*, cudnnTensorStruct, float const *, float, float) [1800]"
2.912108,67.616000,2048,1,1,128,1,1,21,0.000000,0,,,,,"Tesla V100-DGXS-16GB (0)","1","23","void cudnn::detail::activation_fw_4d_kernel<float, float, int=128, int=1, int=4, cudnn::detail::relu_func<float, cudnnNanPropagation_t=1, bool=0>>(cudnnTensorStruct, float const *, cudnn::detail::activation_fw_4d_kernel<float, float, int=128, int=1, int=4, cudnn::detail::relu_func<float, cudnnNanPropagation_t=1, bool=0>>, cudnnTensorStruct*, float, cudnnTensorStruct*, int, cudnnTensorStruct*) [1811]"
2.913604,1.152000,,,,,,,,,,24.500000,20768.907335,"Device",,"Tesla V100-DGXS-16GB (0)","1","7","[CUDA memset]"
2.914083,1.152000,,,,,,,,,,6.125000,5192.226834,"Device",,"Tesla V100-DGXS-16GB (0)","1","7","[CUDA memset]"
2.914101,1.120000,,,,,,,,,,1.000000,871.930804,"Device",,"Tesla V100-DGXS-16GB (0)","1","7","[CUDA memset]"
2.914155,56.480000,128,56,4,256,1,1,16,1.000000,0,,,,,"Tesla V100-DGXS-16GB (0)","1","23","void nvinfer1::tiled_pooling::poolCHW_PQT<int=2, int=2, int=2, int=2, int=2, int=32, int=256, int=1, int=1, bool=1, nvinfer1::ITiledPooling::PoolingMode, bool=0>(nvinfer1::TiledPoolingParams) [1837]"
2.914249,43.552000,64,56,4,256,1,1,17,2.000000,0,,,,,"Tesla V100-DGXS-16GB (0)","1","23","void nvinfer1::tiled_pooling::poolCHW_PQT<int=2, int=2, int=2, int=2, int=2, int=32, int=256, int=2, int=1, bool=1, nvinfer1::ITiledPooling::PoolingMode, bool=0>(nvinfer1::TiledPoolingParams) [1845]"
2.914322,41.504000,43,56,4,256,1,1,22,3.000000,0,,,,,"Tesla V100-DGXS-16GB (0)","1","23","void nvinfer1::tiled_pooling::poolCHW_PQT<int=2, int=2, int=2, int=2, int=2, int=32, int=256, int=3, int=1, bool=1, nvinfer1::ITiledPooling::PoolingMode, bool=0>(nvinfer1::TiledPoolingParams) [1853]"
2.914394,41.728000,32,56,4,256,1,1,26,4.000000,0,,,,,"Tesla V100-DGXS-16GB (0)","1","23","void nvinfer1::tiled_pooling::poolCHW_PQT<int=2, int=2, int=2, int=2, int=2, int=32, int=256, int=4, int=1, bool=1, nvinfer1::ITiledPooling::PoolingMode, bool=0>(nvinfer1::TiledPoolingParams) [1861]"
2.914467,41.920000,26,56,4,256,1,1,30,5.000000,0,,,,,"Tesla V100-DGXS-16GB (0)","1","23","void nvinfer1::tiled_pooling::poolCHW_PQT<int=2, int=2, int=2, int=2, int=2, int=32, int=256, int=5, int=1, bool=1, nvinfer1::ITiledPooling::PoolingMode, bool=0>(nvinfer1::TiledPoolingParams) [1869]"
2.914538,41.632000,22,56,4,256,1,1,31,6.000000,0,,,,,"Tesla V100-DGXS-16GB (0)","1","23","void nvinfer1::tiled_pooling::poolCHW_PQT<int=2, int=2, int=2, int=2, int=2, int=32, int=256, int=6, int=1, bool=1, nvinfer1::ITiledPooling::PoolingMode, bool=0>(nvinfer1::TiledPoolingParams) [1877]"
2.914610,41.599000,19,56,4,256,1,1,32,7.000000,0,,,,,"Tesla V100-DGXS-16GB (0)","1","23","void nvinfer1::tiled_pooling::poolCHW_PQT<int=2, int=2, int=2, int=2, int=2, int=32, int=256, int=7, int=1, bool=1, nvinfer1::ITiledPooling::PoolingMode, bool=0>(nvinfer1::TiledPoolingParams) [1885]"
2.914680,43.296000,16,56,4,256,1,1,32,8.000000,0,,,,,"Tesla V100-DGXS-16GB (0)","1","23","void nvinfer1::tiled_pooling::poolCHW_PQT<int=2, int=2, int=2, int=2, int=2, int=32, int=256, int=8, int=1, bool=1, nvinfer1::ITiledPooling::PoolingMode, bool=0>(nvinfer1::TiledPoolingParams) [1893]"
2.914752,73.055000,128,56,7,128,1,1,16,0.500000,0,,,,,"Tesla V100-DGXS-16GB (0)","1","23","void nvinfer1::tiled_pooling::poolCHW_PQT<int=2, int=2, int=2, int=2, int=2, int=16, int=128, int=1, int=1, bool=1, nvinfer1::ITiledPooling::PoolingMode, bool=0>(nvinfer1::TiledPoolingParams) [1901]"
2.914856,41.632000,64,56,7,128,1,1,17,1.000000,0,,,,,"Tesla V100-DGXS-16GB (0)","1","23","void nvinfer1::tiled_pooling::poolCHW_PQT<int=2, int=2, int=2, int=2, int=2, int=16, int=128, int=2, int=1, bool=1, nvinfer1::ITiledPooling::PoolingMode, bool=0>(nvinfer1::TiledPoolingParams) [1909]"
2.914926,41.280000,43,56,7,128,1,1,22,1.500000,0,,,,,"Tesla V100-DGXS-16GB (0)","1","23","void nvinfer1::tiled_pooling::poolCHW_PQT<int=2, int=2, int=2, int=2, int=2, int=16, int=128, int=3, int=1, bool=1, nvinfer1::ITiledPooling::PoolingMode, bool=0>(nvinfer1::TiledPoolingParams) [1917]"
2.914998,42.208000,32,56,7,128,1,1,26,2.000000,0,,,,,"Tesla V100-DGXS-16GB (0)","1","23","void nvinfer1::tiled_pooling::poolCHW_PQT<int=2, int=2, int=2, int=2, int=2, int=16, int=128, int=4, int=1, bool=1, nvinfer1::ITiledPooling::PoolingMode, bool=0>(nvinfer1::TiledPoolingParams) [1925]"
2.915068,41.728000,26,56,7,128,1,1,30,2.500000,0,,,,,"Tesla V100-DGXS-16GB (0)","1","23","void nvinfer1::tiled_pooling::poolCHW_PQT<int=2, int=2, int=2, int=2, int=2, int=16, int=128, int=5, int=1, bool=1, nvinfer1::ITiledPooling::PoolingMode, bool=0>(nvinfer1::TiledPoolingParams) [1933]"
2.915138,42.336000,22,56,7,128,1,1,31,3.000000,0,,,,,"Tesla V100-DGXS-16GB (0)","1","23","void nvinfer1::tiled_pooling::poolCHW_PQT<int=2, int=2, int=2, int=2, int=2, int=16, int=128, int=6, int=1, bool=1, nvinfer1::ITiledPooling::PoolingMode, bool=0>(nvinfer1::TiledPoolingParams) [1941]"
2.915210,42.496000,19,56,7,128,1,1,32,3.500000,0,,,,,"Tesla V100-DGXS-16GB (0)","1","23","void nvinfer1::tiled_pooling::poolCHW_PQT<int=2, int=2, int=2, int=2, int=2, int=16, int=128, int=7, int=1, bool=1, nvinfer1::ITiledPooling::PoolingMode, bool=0>(nvinfer1::TiledPoolingParams) [1949]"
2.915280,43.391000,16,56,7,128,1,1,32,4.000000,0,,,,,"Tesla V100-DGXS-16GB (0)","1","23","void nvinfer1::tiled_pooling::poolCHW_PQT<int=2, int=2, int=2, int=2, int=2, int=16, int=128, int=8, int=1, bool=1, nvinfer1::ITiledPooling::PoolingMode, bool=0>(nvinfer1::TiledPoolingParams) [1957]"
2.919252,1.152000,,,,,,,,,,6.125000,5192.226834,"Device",,"Tesla V100-DGXS-16GB (0)","1","7","[CUDA memset]"
2.919272,1.152000,,,,,,,,,,1.531250,1298.056708,"Device",,"Tesla V100-DGXS-16GB (0)","1","7","[CUDA memset]"
2.919754,1.152000,,,,,,,,,,1.000000,847.710503,"Device",,"Tesla V100-DGXS-16GB (0)","1","7","[CUDA memset]"
2.919791,15.904000,128,28,2,256,1,1,16,1.000000,0,,,,,"Tesla V100-DGXS-16GB (0)","1","23","void nvinfer1::tiled_pooling::poolCHW_PQT<int=2, int=2, int=2, int=2, int=2, int=32, int=256, int=1, int=1, bool=1, nvinfer1::ITiledPooling::PoolingMode, bool=0>(nvinfer1::TiledPoolingParams) [1978]"
2.919843,11.200000,64,28,2,256,1,1,17,2.000000,0,,,,,"Tesla V100-DGXS-16GB (0)","1","23","void nvinfer1::tiled_pooling::poolCHW_PQT<int=2, int=2, int=2, int=2, int=2, int=32, int=256, int=2, int=1, bool=1, nvinfer1::ITiledPooling::PoolingMode, bool=0>(nvinfer1::TiledPoolingParams) [1986]"
2.919883,11.167000,43,28,2,256,1,1,22,3.000000,0,,,,,"Tesla V100-DGXS-16GB (0)","1","23","void nvinfer1::tiled_pooling::poolCHW_PQT<int=2, int=2, int=2, int=2, int=2, int=32, int=256, int=3, int=1, bool=1, nvinfer1::ITiledPooling::PoolingMode, bool=0>(nvinfer1::TiledPoolingParams) [1994]"
2.919921,11.360000,32,28,2,256,1,1,26,4.000000,0,,,,,"Tesla V100-DGXS-16GB (0)","1","23","void nvinfer1::tiled_pooling::poolCHW_PQT<int=2, int=2, int=2, int=2, int=2, int=32, int=256, int=4, int=1, bool=1, nvinfer1::ITiledPooling::PoolingMode, bool=0>(nvinfer1::TiledPoolingParams) [2002]"
2.919957,11.360000,26,28,2,256,1,1,30,5.000000,0,,,,,"Tesla V100-DGXS-16GB (0)","1","23","void nvinfer1::tiled_pooling::poolCHW_PQT<int=2, int=2, int=2, int=2, int=2, int=32, int=256, int=5, int=1, bool=1, nvinfer1::ITiledPooling::PoolingMode, bool=0>(nvinfer1::TiledPoolingParams) [2010]"
2.919996,11.296000,22,28,2,256,1,1,31,6.000000,0,,,,,"Tesla V100-DGXS-16GB (0)","1","23","void nvinfer1::tiled_pooling::poolCHW_PQT<int=2, int=2, int=2, int=2, int=2, int=32, int=256, int=6, int=1, bool=1, nvinfer1::ITiledPooling::PoolingMode, bool=0>(nvinfer1::TiledPoolingParams) [2018]"
2.920033,11.680000,19,28,2,256,1,1,32,7.000000,0,,,,,"Tesla V100-DGXS-16GB (0)","1","23","void nvinfer1::tiled_pooling::poolCHW_PQT<int=2, int=2, int=2, int=2, int=2, int=32, int=256, int=7, int=1, bool=1, nvinfer1::ITiledPooling::PoolingMode, bool=0>(nvinfer1::TiledPoolingParams) [2026]"
2.920074,11.680000,16,28,2,256,1,1,32,8.000000,0,,,,,"Tesla V100-DGXS-16GB (0)","1","23","void nvinfer1::tiled_pooling::poolCHW_PQT<int=2, int=2, int=2, int=2, int=2, int=32, int=256, int=8, int=1, bool=1, nvinfer1::ITiledPooling::PoolingMode, bool=0>(nvinfer1::TiledPoolingParams) [2034]"
2.920115,22.336000,128,28,4,128,1,1,16,0.500000,0,,,,,"Tesla V100-DGXS-16GB (0)","1","23","void nvinfer1::tiled_pooling::poolCHW_PQT<int=2, int=2, int=2, int=2, int=2, int=16, int=128, int=1, int=1, bool=1, nvinfer1::ITiledPooling::PoolingMode, bool=0>(nvinfer1::TiledPoolingParams) [2042]"
2.920164,13.152000,64,28,4,128,1,1,17,1.000000,0,,,,,"Tesla V100-DGXS-16GB (0)","1","23","void nvinfer1::tiled_pooling::poolCHW_PQT<int=2, int=2, int=2, int=2, int=2, int=16, int=128, int=2, int=1, bool=1, nvinfer1::ITiledPooling::PoolingMode, bool=0>(nvinfer1::TiledPoolingParams) [2050]"
2.920204,12.128000,43,28,4,128,1,1,22,1.500000,0,,,,,"Tesla V100-DGXS-16GB (0)","1","23","void nvinfer1::tiled_pooling::poolCHW_PQT<int=2, int=2, int=2, int=2, int=2, int=16, int=128, int=3, int=1, bool=1, nvinfer1::ITiledPooling::PoolingMode, bool=0>(nvinfer1::TiledPoolingParams) [2058]"
2.920245,12.512000,32,28,4,128,1,1,26,2.000000,0,,,,,"Tesla V100-DGXS-16GB (0)","1","23","void nvinfer1::tiled_pooling::poolCHW_PQT<int=2, int=2, int=2, int=2, int=2, int=16, int=128, int=4, int=1, bool=1, nvinfer1::ITiledPooling::PoolingMode, bool=0>(nvinfer1::TiledPoolingParams) [2066]"
2.920286,11.967000,26,28,4,128,1,1,30,2.500000,0,,,,,"Tesla V100-DGXS-16GB (0)","1","23","void nvinfer1::tiled_pooling::poolCHW_PQT<int=2, int=2, int=2, int=2, int=2, int=16, int=128, int=5, int=1, bool=1, nvinfer1::ITiledPooling::PoolingMode, bool=0>(nvinfer1::TiledPoolingParams) [2074]"
2.920327,12.128000,22,28,4,128,1,1,31,3.000000,0,,,,,"Tesla V100-DGXS-16GB (0)","1","23","void nvinfer1::tiled_pooling::poolCHW_PQT<int=2, int=2, int=2, int=2, int=2, int=16, int=128, int=6, int=1, bool=1, nvinfer1::ITiledPooling::PoolingMode, bool=0>(nvinfer1::TiledPoolingParams) [2082]"
2.920368,12.256000,19,28,4,128,1,1,32,3.500000,0,,,,,"Tesla V100-DGXS-16GB (0)","1","23","void nvinfer1::tiled_pooling::poolCHW_PQT<int=2, int=2, int=2, int=2, int=2, int=16, int=128, int=7, int=1, bool=1, nvinfer1::ITiledPooling::PoolingMode, bool=0>(nvinfer1::TiledPoolingParams) [2090]"
2.920408,11.616000,16,28,4,128,1,1,32,4.000000,0,,,,,"Tesla V100-DGXS-16GB (0)","1","23","void nvinfer1::tiled_pooling::poolCHW_PQT<int=2, int=2, int=2, int=2, int=2, int=16, int=128, int=8, int=1, bool=1, nvinfer1::ITiledPooling::PoolingMode, bool=0>(nvinfer1::TiledPoolingParams) [2098]"
2.921363,1.151000,,,,,,,,,,1.531250,1299.184473,"Device",,"Tesla V100-DGXS-16GB (0)","1","7","[CUDA memset]"
2.921382,1.152000,,,,,,,,,,0.382812,324.514177,"Device",,"Tesla V100-DGXS-16GB (0)","1","7","[CUDA memset]"
2.921844,1.152000,,,,,,,,,,1.000000,847.710503,"Device",,"Tesla V100-DGXS-16GB (0)","1","7","[CUDA memset]"
2.922542,1.152000,,,,,,,,,,0.067993,57.638519,"Device",,"Tesla V100-DGXS-16GB (0)","1","7","[CUDA memset]"
2.922667,2.528000,4,1,1,256,1,1,18,0.000000,0,,,,,"Tesla V100-DGXS-16GB (0)","1","23","cask::computeOffsetsKernel(cask::ComputeOffsetsParams) [2126]"
2.922690,8.384000,,,,,,,,,,0.062500,7.279957,"Pageable","Device","Tesla V100-DGXS-16GB (0)","1","7","[CUDA memcpy HtoD]"
2.922708,1.280000,,,,,,,,,,0.000488,0.372529,"Pageable","Device","Tesla V100-DGXS-16GB (0)","1","7","[CUDA memcpy HtoD]"
2.922745,8.224000,,,,,,,,,,0.062500,7.421590,"Pageable","Device","Tesla V100-DGXS-16GB (0)","1","7","[CUDA memcpy HtoD]"
2.922762,1.280000,,,,,,,,,,0.000488,0.372529,"Pageable","Device","Tesla V100-DGXS-16GB (0)","1","7","[CUDA memcpy HtoD]"
2.922783,27.296000,7,4,1,64,1,1,128,5.250000,0,,,,,"Tesla V100-DGXS-16GB (0)","1","23","trt_volta_scudnn_128x32_relu_small_nn_v1 [2134]"
2.922888,1.152000,,,,,,,,,,0.067993,57.638519,"Device",,"Tesla V100-DGXS-16GB (0)","1","7","[CUDA memset]"
2.923009,1.696000,4,1,1,256,1,1,18,0.000000,0,,,,,"Tesla V100-DGXS-16GB (0)","1","23","cask::computeOffsetsKernel(cask::ComputeOffsetsParams) [2141]"
2.923030,7.904000,,,,,,,,,,0.062500,7.722059,"Pageable","Device","Tesla V100-DGXS-16GB (0)","1","7","[CUDA memcpy HtoD]"
2.923049,1.280000,,,,,,,,,,0.000488,0.372529,"Pageable","Device","Tesla V100-DGXS-16GB (0)","1","7","[CUDA memcpy HtoD]"
2.923081,7.936000,,,,,,,,,,0.062500,7.690922,"Pageable","Device","Tesla V100-DGXS-16GB (0)","1","7","[CUDA memcpy HtoD]"
2.923098,1.280000,,,,,,,,,,0.000488,0.372529,"Pageable","Device","Tesla V100-DGXS-16GB (0)","1","7","[CUDA memcpy HtoD]"
2.923145,27.872000,7,2,1,128,1,1,128,16.000000,0,,,,,"Tesla V100-DGXS-16GB (0)","1","23","trt_volta_scudnn_128x64_relu_medium_nn_v1 [2152]"
2.923250,1.152000,,,,,,,,,,0.067993,57.638519,"Device",,"Tesla V100-DGXS-16GB (0)","1","7","[CUDA memset]"
2.923370,1.696000,4,1,1,256,1,1,18,0.000000,0,,,,,"Tesla V100-DGXS-16GB (0)","1","23","cask::computeOffsetsKernel(cask::ComputeOffsetsParams) [2159]"
2.923391,7.936000,,,,,,,,,,0.062500,7.690922,"Pageable","Device","Tesla V100-DGXS-16GB (0)","1","7","[CUDA memcpy HtoD]"
2.923410,1.280000,,,,,,,,,,0.000488,0.372529,"Pageable","Device","Tesla V100-DGXS-16GB (0)","1","7","[CUDA memcpy HtoD]"
2.923437,7.968000,,,,,,,,,,0.062500,7.660035,"Pageable","Device","Tesla V100-DGXS-16GB (0)","1","7","[CUDA memcpy HtoD]"
2.923454,1.280000,,,,,,,,,,0.000488,0.372529,"Pageable","Device","Tesla V100-DGXS-16GB (0)","1","7","[CUDA memcpy HtoD]"
2.923506,35.359000,7,1,1,256,1,1,128,32.000000,0,,,,,"Tesla V100-DGXS-16GB (0)","1","23","trt_volta_scudnn_128x128_relu_medium_nn_v1 [2170]"
2.923618,1.152000,,,,,,,,,,0.067993,57.638519,"Device",,"Tesla V100-DGXS-16GB (0)","1","7","[CUDA memset]"
2.923738,1.696000,4,1,1,256,1,1,18,0.000000,0,,,,,"Tesla V100-DGXS-16GB (0)","1","23","cask::computeOffsetsKernel(cask::ComputeOffsetsParams) [2177]"
2.923760,8.224000,,,,,,,,,,0.062500,7.421590,"Pageable","Device","Tesla V100-DGXS-16GB (0)","1","7","[CUDA memcpy HtoD]"
2.923779,1.248000,,,,,,,,,,0.000488,0.382081,"Pageable","Device","Tesla V100-DGXS-16GB (0)","1","7","[CUDA memcpy HtoD]"
2.923810,7.968000,,,,,,,,,,0.062500,7.660035,"Pageable","Device","Tesla V100-DGXS-16GB (0)","1","7","[CUDA memcpy HtoD]"
2.923827,1.280000,,,,,,,,,,0.000488,0.372529,"Pageable","Device","Tesla V100-DGXS-16GB (0)","1","7","[CUDA memcpy HtoD]"
2.923874,26.016000,7,4,1,64,1,1,128,5.250000,0,,,,,"Tesla V100-DGXS-16GB (0)","1","23","trt_volta_scudnn_128x32_relu_interior_nn_v1 [2188]"
2.923975,1.120000,,,,,,,,,,0.067993,59.285334,"Device",,"Tesla V100-DGXS-16GB (0)","1","7","[CUDA memset]"
2.924095,1.696000,4,1,1,256,1,1,18,0.000000,0,,,,,"Tesla V100-DGXS-16GB (0)","1","23","cask::computeOffsetsKernel(cask::ComputeOffsetsParams) [2195]"
2.924117,8.256000,,,,,,,,,,0.062500,7.392824,"Pageable","Device","Tesla V100-DGXS-16GB (0)","1","7","[CUDA memcpy HtoD]"
2.924136,1.280000,,,,,,,,,,0.000488,0.372529,"Pageable","Device","Tesla V100-DGXS-16GB (0)","1","7","[CUDA memcpy HtoD]"
2.924163,7.936000,,,,,,,,,,0.062500,7.690922,"Pageable","Device","Tesla V100-DGXS-16GB (0)","1","7","[CUDA memcpy HtoD]"
2.924180,1.280000,,,,,,,,,,0.000488,0.372529,"Pageable","Device","Tesla V100-DGXS-16GB (0)","1","7","[CUDA memcpy HtoD]"
2.924230,35.072000,7,1,1,256,1,1,128,32.000000,0,,,,,"Tesla V100-DGXS-16GB (0)","1","23","trt_volta_scudnn_128x128_relu_small_nn_v1 [2206]"
2.924340,1.152000,,,,,,,,,,0.067993,57.638519,"Device",,"Tesla V100-DGXS-16GB (0)","1","7","[CUDA memset]"
2.924460,1.664000,4,1,1,256,1,1,18,0.000000,0,,,,,"Tesla V100-DGXS-16GB (0)","1","23","cask::computeOffsetsKernel(cask::ComputeOffsetsParams) [2213]"
2.924481,7.904000,,,,,,,,,,0.062500,7.722059,"Pageable","Device","Tesla V100-DGXS-16GB (0)","1","7","[CUDA memcpy HtoD]"
2.924499,1.280000,,,,,,,,,,0.000488,0.372529,"Pageable","Device","Tesla V100-DGXS-16GB (0)","1","7","[CUDA memcpy HtoD]"
2.924530,7.936000,,,,,,,,,,0.062500,7.690922,"Pageable","Device","Tesla V100-DGXS-16GB (0)","1","7","[CUDA memcpy HtoD]"
2.924547,1.280000,,,,,,,,,,0.000488,0.372529,"Pageable","Device","Tesla V100-DGXS-16GB (0)","1","7","[CUDA memcpy HtoD]"
2.924589,26.720000,7,2,1,128,1,1,128,16.000000,0,,,,,"Tesla V100-DGXS-16GB (0)","1","23","trt_volta_scudnn_128x64_relu_small_nn_v1 [2224]"
2.924689,1.184000,,,,,,,,,,0.067993,56.080722,"Device",,"Tesla V100-DGXS-16GB (0)","1","7","[CUDA memset]"
2.924809,1.696000,4,1,1,256,1,1,18,0.000000,0,,,,,"Tesla V100-DGXS-16GB (0)","1","23","cask::computeOffsetsKernel(cask::ComputeOffsetsParams) [2231]"
2.924831,7.968000,,,,,,,,,,0.062500,7.660035,"Pageable","Device","Tesla V100-DGXS-16GB (0)","1","7","[CUDA memcpy HtoD]"
2.924850,1.280000,,,,,,,,,,0.000488,0.372529,"Pageable","Device","Tesla V100-DGXS-16GB (0)","1","7","[CUDA memcpy HtoD]"
2.924876,8.000000,,,,,,,,,,0.062500,7.629395,"Pageable","Device","Tesla V100-DGXS-16GB (0)","1","7","[CUDA memcpy HtoD]"
2.924893,1.280000,,,,,,,,,,0.000488,0.372529,"Pageable","Device","Tesla V100-DGXS-16GB (0)","1","7","[CUDA memcpy HtoD]"
2.924944,26.048000,7,2,1,128,1,1,128,16.000000,0,,,,,"Tesla V100-DGXS-16GB (0)","1","23","trt_volta_scudnn_128x64_relu_interior_nn_v1 [2242]"
2.925047,1.120000,,,,,,,,,,0.067993,59.285334,"Device",,"Tesla V100-DGXS-16GB (0)","1","7","[CUDA memset]"
2.925166,1.696000,4,1,1,256,1,1,18,0.000000,0,,,,,"Tesla V100-DGXS-16GB (0)","1","23","cask::computeOffsetsKernel(cask::ComputeOffsetsParams) [2249]"
2.925187,8.288000,,,,,,,,,,0.062500,7.364280,"Pageable","Device","Tesla V100-DGXS-16GB (0)","1","7","[CUDA memcpy HtoD]"
2.925206,1.280000,,,,,,,,,,0.000488,0.372529,"Pageable","Device","Tesla V100-DGXS-16GB (0)","1","7","[CUDA memcpy HtoD]"
2.925237,7.936000,,,,,,,,,,0.062500,7.690922,"Pageable","Device","Tesla V100-DGXS-16GB (0)","1","7","[CUDA memcpy HtoD]"
2.925253,1.280000,,,,,,,,,,0.000488,0.372529,"Pageable","Device","Tesla V100-DGXS-16GB (0)","1","7","[CUDA memcpy HtoD]"
2.925297,34.880000,7,1,1,256,1,1,128,32.000000,0,,,,,"Tesla V100-DGXS-16GB (0)","1","23","trt_volta_scudnn_128x128_relu_interior_nn_v1 [2260]"
2.925394,7.904000,,,,,,,,,,0.062500,7.722059,"Pageable","Device","Tesla V100-DGXS-16GB (0)","1","7","[CUDA memcpy HtoD]"
2.925412,1.600000,,,,,,,,,,0.000488,0.298023,"Pageable","Device","Tesla V100-DGXS-16GB (0)","1","7","[CUDA memcpy HtoD]"
2.925448,7.968000,,,,,,,,,,0.062500,7.660035,"Pageable","Device","Tesla V100-DGXS-16GB (0)","1","7","[CUDA memcpy HtoD]"
2.925465,1.280000,,,,,,,,,,0.000488,0.372529,"Pageable","Device","Tesla V100-DGXS-16GB (0)","1","7","[CUDA memcpy HtoD]"
2.925513,49.759000,13,1,1,8,32,1,124,10.250000,0,,,,,"Tesla V100-DGXS-16GB (0)","1","23","void cudnn::detail::implicit_convolve_sgemm<float, float, int=512, int=6, int=8, int=3, int=3, int=5, int=1, bool=1, bool=0, bool=1>(int, int, int, float const *, int, float*, cudnn::detail::implicit_convolve_sgemm<float, float, int=512, int=6, int=8, int=3, int=3, int=5, int=1, bool=1, bool=0, bool=1>*, kernel_conv_params, int, float, float, int, float, float, int, int) [2298]"
2.925564,3.360000,1,128,2,128,1,1,29,0.000000,0,,,,,"Tesla V100-DGXS-16GB (0)","1","23","void add_tensor_kernel_v3<int=2, float, float, int=128, int=1, int=1, int=4, int=2>(cudnnTensorStruct, float*, cudnnTensorStruct, float const *, float, float) [2308]"
2.925568,3.264000,128,1,1,128,1,1,21,0.000000,0,,,,,"Tesla V100-DGXS-16GB (0)","1","23","void cudnn::detail::activation_fw_4d_kernel<float, float, int=128, int=1, int=4, cudnn::detail::relu_func<float, cudnnNanPropagation_t=1, bool=0>>(cudnnTensorStruct, float const *, cudnn::detail::activation_fw_4d_kernel<float, float, int=128, int=1, int=4, cudnn::detail::relu_func<float, cudnnNanPropagation_t=1, bool=0>>, cudnnTensorStruct*, float, cudnnTensorStruct*, int, cudnnTensorStruct*) [2319]"
2.925628,7.936000,,,,,,,,,,0.062500,7.690922,"Pageable","Device","Tesla V100-DGXS-16GB (0)","1","7","[CUDA memcpy HtoD]"
2.925645,1.280000,,,,,,,,,,0.000488,0.372529,"Pageable","Device","Tesla V100-DGXS-16GB (0)","1","7","[CUDA memcpy HtoD]"
2.925683,7.904000,,,,,,,,,,0.062500,7.722059,"Pageable","Device","Tesla V100-DGXS-16GB (0)","1","7","[CUDA memcpy HtoD]"
2.925700,1.280000,,,,,,,,,,0.000488,0.372529,"Pageable","Device","Tesla V100-DGXS-16GB (0)","1","7","[CUDA memcpy HtoD]"
2.925724,1.856000,7,1,1,128,1,1,16,0.000000,0,,,,,"Tesla V100-DGXS-16GB (0)","1","23","cudnn::gemm::computeOffsetsKernel(cudnn::gemm::ComputeOffsetsParams) [2339]"
2.925740,26.208000,7,2,1,128,1,1,128,16.000000,0,,,,,"Tesla V100-DGXS-16GB (0)","1","23","volta_scudnn_128x64_relu_interior_nn_v1 [2344]"
2.925768,2.688000,1,128,2,128,1,1,29,0.000000,0,,,,,"Tesla V100-DGXS-16GB (0)","1","23","void add_tensor_kernel_v3<int=2, float, float, int=128, int=1, int=1, int=4, int=2>(cudnnTensorStruct, float*, cudnnTensorStruct, float const *, float, float) [2353]"
2.925771,2.400000,128,1,1,128,1,1,21,0.000000,0,,,,,"Tesla V100-DGXS-16GB (0)","1","23","void cudnn::detail::activation_fw_4d_kernel<float, float, int=128, int=1, int=4, cudnn::detail::relu_func<float, cudnnNanPropagation_t=1, bool=0>>(cudnnTensorStruct, float const *, cudnn::detail::activation_fw_4d_kernel<float, float, int=128, int=1, int=4, cudnn::detail::relu_func<float, cudnnNanPropagation_t=1, bool=0>>, cudnnTensorStruct*, float, cudnnTensorStruct*, int, cudnnTensorStruct*) [2364]"
2.925830,7.968000,,,,,,,,,,0.062500,7.660035,"Pageable","Device","Tesla V100-DGXS-16GB (0)","1","7","[CUDA memcpy HtoD]"
2.925848,1.280000,,,,,,,,,,0.000488,0.372529,"Pageable","Device","Tesla V100-DGXS-16GB (0)","1","7","[CUDA memcpy HtoD]"
2.925883,7.968000,,,,,,,,,,0.062500,7.660035,"Pageable","Device","Tesla V100-DGXS-16GB (0)","1","7","[CUDA memcpy HtoD]"
2.925903,1.280000,,,,,,,,,,0.000488,0.372529,"Pageable","Device","Tesla V100-DGXS-16GB (0)","1","7","[CUDA memcpy HtoD]"
2.925930,43.712000,2,1,1,512,1,1,25,0.000000,0,,,,,"Tesla V100-DGXS-16GB (0)","1","23","void im2col4d_kernel<float, int>(im2col4d_params, cudnnConvolutionStruct, cudnnTensor4dStruct, float const *, float*, int) [2389]"
2.925975,27.520000,13,1,1,8,32,1,68,6.250000,0,,,,,"Tesla V100-DGXS-16GB (0)","1","23","void cudnn::detail::explicit_convolve_sgemm<float, int, int=128, int=6, int=7, int=3, int=3, int=5, int=0, bool=1>(int, int, int, float const *, int, float const , int, cudnn::detail::explicit_convolve_sgemm<float, int, int=128, int=6, int=7, int=3, int=3, int=5, int=0, bool=1>*, kernel_conv_params, int, int, float, float, int, float const *, float const *) [2410]"
2.926004,2.688000,1,128,2,128,1,1,29,0.000000,0,,,,,"Tesla V100-DGXS-16GB (0)","1","23","void add_tensor_kernel_v3<int=2, float, float, int=128, int=1, int=1, int=4, int=2>(cudnnTensorStruct, float*, cudnnTensorStruct, float const *, float, float) [2421]"
2.926008,2.400000,128,1,1,128,1,1,21,0.000000,0,,,,,"Tesla V100-DGXS-16GB (0)","1","23","void cudnn::detail::activation_fw_4d_kernel<float, float, int=128, int=1, int=4, cudnn::detail::relu_func<float, cudnnNanPropagation_t=1, bool=0>>(cudnnTensorStruct, float const *, cudnn::detail::activation_fw_4d_kernel<float, float, int=128, int=1, int=4, cudnn::detail::relu_func<float, cudnnNanPropagation_t=1, bool=0>>, cudnnTensorStruct*, float, cudnnTensorStruct*, int, cudnnTensorStruct*) [2432]"
2.927192,1.120000,,,,,,,,,,0.382812,333.786011,"Device",,"Tesla V100-DGXS-16GB (0)","1","7","[CUDA memset]"
2.927655,1.152000,,,,,,,,,,0.095703,81.128544,"Device",,"Tesla V100-DGXS-16GB (0)","1","7","[CUDA memset]"
2.927675,1.152000,,,,,,,,,,1.000000,847.710503,"Device",,"Tesla V100-DGXS-16GB (0)","1","7","[CUDA memset]"
2.927711,3.424000,128,7,1,256,1,1,16,1.000000,0,,,,,"Tesla V100-DGXS-16GB (0)","1","23","void nvinfer1::tiled_pooling::poolCHW_PQT<int=2, int=2, int=2, int=2, int=2, int=32, int=256, int=1, int=1, bool=1, nvinfer1::ITiledPooling::PoolingMode, bool=0>(nvinfer1::TiledPoolingParams) [2458]"
2.927752,2.624000,64,7,1,256,1,1,17,2.000000,0,,,,,"Tesla V100-DGXS-16GB (0)","1","23","void nvinfer1::tiled_pooling::poolCHW_PQT<int=2, int=2, int=2, int=2, int=2, int=32, int=256, int=2, int=1, bool=1, nvinfer1::ITiledPooling::PoolingMode, bool=0>(nvinfer1::TiledPoolingParams) [2466]"
2.927785,2.784000,43,7,1,256,1,1,22,3.000000,0,,,,,"Tesla V100-DGXS-16GB (0)","1","23","void nvinfer1::tiled_pooling::poolCHW_PQT<int=2, int=2, int=2, int=2, int=2, int=32, int=256, int=3, int=1, bool=1, nvinfer1::ITiledPooling::PoolingMode, bool=0>(nvinfer1::TiledPoolingParams) [2474]"
2.927816,2.880000,32,7,1,256,1,1,26,4.000000,0,,,,,"Tesla V100-DGXS-16GB (0)","1","23","void nvinfer1::tiled_pooling::poolCHW_PQT<int=2, int=2, int=2, int=2, int=2, int=32, int=256, int=4, int=1, bool=1, nvinfer1::ITiledPooling::PoolingMode, bool=0>(nvinfer1::TiledPoolingParams) [2482]"
2.927847,3.264000,26,7,1,256,1,1,30,5.000000,0,,,,,"Tesla V100-DGXS-16GB (0)","1","23","void nvinfer1::tiled_pooling::poolCHW_PQT<int=2, int=2, int=2, int=2, int=2, int=32, int=256, int=5, int=1, bool=1, nvinfer1::ITiledPooling::PoolingMode, bool=0>(nvinfer1::TiledPoolingParams) [2490]"
2.927877,3.328000,22,7,1,256,1,1,31,6.000000,0,,,,,"Tesla V100-DGXS-16GB (0)","1","23","void nvinfer1::tiled_pooling::poolCHW_PQT<int=2, int=2, int=2, int=2, int=2, int=32, int=256, int=6, int=1, bool=1, nvinfer1::ITiledPooling::PoolingMode, bool=0>(nvinfer1::TiledPoolingParams) [2498]"
2.927907,3.872000,19,7,1,256,1,1,32,7.000000,0,,,,,"Tesla V100-DGXS-16GB (0)","1","23","void nvinfer1::tiled_pooling::poolCHW_PQT<int=2, int=2, int=2, int=2, int=2, int=32, int=256, int=7, int=1, bool=1, nvinfer1::ITiledPooling::PoolingMode, bool=0>(nvinfer1::TiledPoolingParams) [2506]"
2.927937,3.904000,16,7,1,256,1,1,32,8.000000,0,,,,,"Tesla V100-DGXS-16GB (0)","1","23","void nvinfer1::tiled_pooling::poolCHW_PQT<int=2, int=2, int=2, int=2, int=2, int=32, int=256, int=8, int=1, bool=1, nvinfer1::ITiledPooling::PoolingMode, bool=0>(nvinfer1::TiledPoolingParams) [2514]"
2.927968,3.168000,128,7,1,128,1,1,16,0.500000,0,,,,,"Tesla V100-DGXS-16GB (0)","1","23","void nvinfer1::tiled_pooling::poolCHW_PQT<int=2, int=2, int=2, int=2, int=2, int=16, int=128, int=1, int=1, bool=1, nvinfer1::ITiledPooling::PoolingMode, bool=0>(nvinfer1::TiledPoolingParams) [2522]"
2.927998,2.784000,64,7,1,128,1,1,17,1.000000,0,,,,,"Tesla V100-DGXS-16GB (0)","1","23","void nvinfer1::tiled_pooling::poolCHW_PQT<int=2, int=2, int=2, int=2, int=2, int=16, int=128, int=2, int=1, bool=1, nvinfer1::ITiledPooling::PoolingMode, bool=0>(nvinfer1::TiledPoolingParams) [2530]"
2.928028,2.656000,43,7,1,128,1,1,22,1.500000,0,,,,,"Tesla V100-DGXS-16GB (0)","1","23","void nvinfer1::tiled_pooling::poolCHW_PQT<int=2, int=2, int=2, int=2, int=2, int=16, int=128, int=3, int=1, bool=1, nvinfer1::ITiledPooling::PoolingMode, bool=0>(nvinfer1::TiledPoolingParams) [2538]"
2.928058,2.944000,32,7,1,128,1,1,26,2.000000,0,,,,,"Tesla V100-DGXS-16GB (0)","1","23","void nvinfer1::tiled_pooling::poolCHW_PQT<int=2, int=2, int=2, int=2, int=2, int=16, int=128, int=4, int=1, bool=1, nvinfer1::ITiledPooling::PoolingMode, bool=0>(nvinfer1::TiledPoolingParams) [2546]"
2.928088,3.200000,26,7,1,128,1,1,30,2.500000,0,,,,,"Tesla V100-DGXS-16GB (0)","1","23","void nvinfer1::tiled_pooling::poolCHW_PQT<int=2, int=2, int=2, int=2, int=2, int=16, int=128, int=5, int=1, bool=1, nvinfer1::ITiledPooling::PoolingMode, bool=0>(nvinfer1::TiledPoolingParams) [2554]"
2.928118,3.424000,22,7,1,128,1,1,31,3.000000,0,,,,,"Tesla V100-DGXS-16GB (0)","1","23","void nvinfer1::tiled_pooling::poolCHW_PQT<int=2, int=2, int=2, int=2, int=2, int=16, int=128, int=6, int=1, bool=1, nvinfer1::ITiledPooling::PoolingMode, bool=0>(nvinfer1::TiledPoolingParams) [2562]"
2.928148,3.584000,19,7,1,128,1,1,32,3.500000,0,,,,,"Tesla V100-DGXS-16GB (0)","1","23","void nvinfer1::tiled_pooling::poolCHW_PQT<int=2, int=2, int=2, int=2, int=2, int=16, int=128, int=7, int=1, bool=1, nvinfer1::ITiledPooling::PoolingMode, bool=0>(nvinfer1::TiledPoolingParams) [2570]"
2.928178,3.872000,16,7,1,128,1,1,32,4.000000,0,,,,,"Tesla V100-DGXS-16GB (0)","1","23","void nvinfer1::tiled_pooling::poolCHW_PQT<int=2, int=2, int=2, int=2, int=2, int=16, int=128, int=8, int=1, bool=1, nvinfer1::ITiledPooling::PoolingMode, bool=0>(nvinfer1::TiledPoolingParams) [2578]"
2.929114,1.152000,,,,,,,,,,0.095703,81.128544,"Device",,"Tesla V100-DGXS-16GB (0)","1","7","[CUDA memset]"
2.929145,1.152000,,,,,,,,,,0.023926,20.282136,"Device",,"Tesla V100-DGXS-16GB (0)","1","7","[CUDA memset]"
2.929608,1.152000,,,,,,,,,,1.000000,847.710503,"Device",,"Tesla V100-DGXS-16GB (0)","1","7","[CUDA memset]"
2.929645,2.304000,128,4,1,256,1,1,16,1.000000,0,,,,,"Tesla V100-DGXS-16GB (0)","1","23","void nvinfer1::tiled_pooling::poolCHW_PQT<int=2, int=2, int=2, int=2, int=2, int=32, int=256, int=1, int=1, bool=1, nvinfer1::ITiledPooling::PoolingMode, bool=0>(nvinfer1::TiledPoolingParams) [2599]"
2.929686,2.015000,64,4,1,256,1,1,17,2.000000,0,,,,,"Tesla V100-DGXS-16GB (0)","1","23","void nvinfer1::tiled_pooling::poolCHW_PQT<int=2, int=2, int=2, int=2, int=2, int=32, int=256, int=2, int=1, bool=1, nvinfer1::ITiledPooling::PoolingMode, bool=0>(nvinfer1::TiledPoolingParams) [2607]"
2.929719,2.016000,43,4,1,256,1,1,22,3.000000,0,,,,,"Tesla V100-DGXS-16GB (0)","1","23","void nvinfer1::tiled_pooling::poolCHW_PQT<int=2, int=2, int=2, int=2, int=2, int=32, int=256, int=3, int=1, bool=1, nvinfer1::ITiledPooling::PoolingMode, bool=0>(nvinfer1::TiledPoolingParams) [2615]"
2.929750,2.080000,32,4,1,256,1,1,26,4.000000,0,,,,,"Tesla V100-DGXS-16GB (0)","1","23","void nvinfer1::tiled_pooling::poolCHW_PQT<int=2, int=2, int=2, int=2, int=2, int=32, int=256, int=4, int=1, bool=1, nvinfer1::ITiledPooling::PoolingMode, bool=0>(nvinfer1::TiledPoolingParams) [2623]"
2.929780,2.336000,26,4,1,256,1,1,30,5.000000,0,,,,,"Tesla V100-DGXS-16GB (0)","1","23","void nvinfer1::tiled_pooling::poolCHW_PQT<int=2, int=2, int=2, int=2, int=2, int=32, int=256, int=5, int=1, bool=1, nvinfer1::ITiledPooling::PoolingMode, bool=0>(nvinfer1::TiledPoolingParams) [2631]"
2.929810,2.464000,22,4,1,256,1,1,31,6.000000,0,,,,,"Tesla V100-DGXS-16GB (0)","1","23","void nvinfer1::tiled_pooling::poolCHW_PQT<int=2, int=2, int=2, int=2, int=2, int=32, int=256, int=6, int=1, bool=1, nvinfer1::ITiledPooling::PoolingMode, bool=0>(nvinfer1::TiledPoolingParams) [2639]"
2.929840,2.176000,19,4,1,256,1,1,32,7.000000,0,,,,,"Tesla V100-DGXS-16GB (0)","1","23","void nvinfer1::tiled_pooling::poolCHW_PQT<int=2, int=2, int=2, int=2, int=2, int=32, int=256, int=7, int=1, bool=1, nvinfer1::ITiledPooling::PoolingMode, bool=0>(nvinfer1::TiledPoolingParams) [2647]"
2.929870,2.432000,16,4,1,256,1,1,32,8.000000,0,,,,,"Tesla V100-DGXS-16GB (0)","1","23","void nvinfer1::tiled_pooling::poolCHW_PQT<int=2, int=2, int=2, int=2, int=2, int=32, int=256, int=8, int=1, bool=1, nvinfer1::ITiledPooling::PoolingMode, bool=0>(nvinfer1::TiledPoolingParams) [2655]"
2.929900,2.400000,128,4,1,128,1,1,16,0.500000,0,,,,,"Tesla V100-DGXS-16GB (0)","1","23","void nvinfer1::tiled_pooling::poolCHW_PQT<int=2, int=2, int=2, int=2, int=2, int=16, int=128, int=1, int=1, bool=1, nvinfer1::ITiledPooling::PoolingMode, bool=0>(nvinfer1::TiledPoolingParams) [2663]"
2.929930,1.952000,64,4,1,128,1,1,17,1.000000,0,,,,,"Tesla V100-DGXS-16GB (0)","1","23","void nvinfer1::tiled_pooling::poolCHW_PQT<int=2, int=2, int=2, int=2, int=2, int=16, int=128, int=2, int=1, bool=1, nvinfer1::ITiledPooling::PoolingMode, bool=0>(nvinfer1::TiledPoolingParams) [2671]"
2.929961,1.888000,43,4,1,128,1,1,22,1.500000,0,,,,,"Tesla V100-DGXS-16GB (0)","1","23","void nvinfer1::tiled_pooling::poolCHW_PQT<int=2, int=2, int=2, int=2, int=2, int=16, int=128, int=3, int=1, bool=1, nvinfer1::ITiledPooling::PoolingMode, bool=0>(nvinfer1::TiledPoolingParams) [2679]"
2.929991,2.016000,32,4,1,128,1,1,26,2.000000,0,,,,,"Tesla V100-DGXS-16GB (0)","1","23","void nvinfer1::tiled_pooling::poolCHW_PQT<int=2, int=2, int=2, int=2, int=2, int=16, int=128, int=4, int=1, bool=1, nvinfer1::ITiledPooling::PoolingMode, bool=0>(nvinfer1::TiledPoolingParams) [2687]"
2.930021,2.016000,26,4,1,128,1,1,30,2.500000,0,,,,,"Tesla V100-DGXS-16GB (0)","1","23","void nvinfer1::tiled_pooling::poolCHW_PQT<int=2, int=2, int=2, int=2, int=2, int=16, int=128, int=5, int=1, bool=1, nvinfer1::ITiledPooling::PoolingMode, bool=0>(nvinfer1::TiledPoolingParams) [2695]"
2.930050,2.112000,22,4,1,128,1,1,31,3.000000,0,,,,,"Tesla V100-DGXS-16GB (0)","1","23","void nvinfer1::tiled_pooling::poolCHW_PQT<int=2, int=2, int=2, int=2, int=2, int=16, int=128, int=6, int=1, bool=1, nvinfer1::ITiledPooling::PoolingMode, bool=0>(nvinfer1::TiledPoolingParams) [2703]"
2.930080,2.272000,19,4,1,128,1,1,32,3.500000,0,,,,,"Tesla V100-DGXS-16GB (0)","1","23","void nvinfer1::tiled_pooling::poolCHW_PQT<int=2, int=2, int=2, int=2, int=2, int=16, int=128, int=7, int=1, bool=1, nvinfer1::ITiledPooling::PoolingMode, bool=0>(nvinfer1::TiledPoolingParams) [2711]"
2.930110,2.400000,16,4,1,128,1,1,32,4.000000,0,,,,,"Tesla V100-DGXS-16GB (0)","1","23","void nvinfer1::tiled_pooling::poolCHW_PQT<int=2, int=2, int=2, int=2, int=2, int=16, int=128, int=8, int=1, bool=1, nvinfer1::ITiledPooling::PoolingMode, bool=0>(nvinfer1::TiledPoolingParams) [2719]"
2.930623,1.152000,,,,,,,,,,0.023926,20.282136,"Device",,"Tesla V100-DGXS-16GB (0)","1","7","[CUDA memset]"
2.930646,1.152000,,,,,,,,,,0.004395,3.725290,"Device",,"Tesla V100-DGXS-16GB (0)","1","7","[CUDA memset]"
2.931127,1.152000,,,,,,,,,,1.000000,847.710503,"Device",,"Tesla V100-DGXS-16GB (0)","1","7","[CUDA memset]"
2.931164,2.015000,128,2,1,256,1,1,16,1.000000,0,,,,,"Tesla V100-DGXS-16GB (0)","1","23","void nvinfer1::tiled_pooling::poolCHW_PQT<int=2, int=2, int=2, int=2, int=2, int=32, int=256, int=1, int=1, bool=1, nvinfer1::ITiledPooling::PoolingMode, bool=0>(nvinfer1::TiledPoolingParams) [2740]"
2.931204,1.792000,64,2,1,256,1,1,17,2.000000,0,,,,,"Tesla V100-DGXS-16GB (0)","1","23","void nvinfer1::tiled_pooling::poolCHW_PQT<int=2, int=2, int=2, int=2, int=2, int=32, int=256, int=2, int=1, bool=1, nvinfer1::ITiledPooling::PoolingMode, bool=0>(nvinfer1::TiledPoolingParams) [2748]"
2.931236,1.888000,43,2,1,256,1,1,22,3.000000,0,,,,,"Tesla V100-DGXS-16GB (0)","1","23","void nvinfer1::tiled_pooling::poolCHW_PQT<int=2, int=2, int=2, int=2, int=2, int=32, int=256, int=3, int=1, bool=1, nvinfer1::ITiledPooling::PoolingMode, bool=0>(nvinfer1::TiledPoolingParams) [2756]"
2.931267,1.920000,32,2,1,256,1,1,26,4.000000,0,,,,,"Tesla V100-DGXS-16GB (0)","1","23","void nvinfer1::tiled_pooling::poolCHW_PQT<int=2, int=2, int=2, int=2, int=2, int=32, int=256, int=4, int=1, bool=1, nvinfer1::ITiledPooling::PoolingMode, bool=0>(nvinfer1::TiledPoolingParams) [2764]"
2.931298,1.919000,26,2,1,256,1,1,30,5.000000,0,,,,,"Tesla V100-DGXS-16GB (0)","1","23","void nvinfer1::tiled_pooling::poolCHW_PQT<int=2, int=2, int=2, int=2, int=2, int=32, int=256, int=5, int=1, bool=1, nvinfer1::ITiledPooling::PoolingMode, bool=0>(nvinfer1::TiledPoolingParams) [2772]"
2.931329,2.144000,22,2,1,256,1,1,31,6.000000,0,,,,,"Tesla V100-DGXS-16GB (0)","1","23","void nvinfer1::tiled_pooling::poolCHW_PQT<int=2, int=2, int=2, int=2, int=2, int=32, int=256, int=6, int=1, bool=1, nvinfer1::ITiledPooling::PoolingMode, bool=0>(nvinfer1::TiledPoolingParams) [2780]"
2.931359,2.176000,19,2,1,256,1,1,32,7.000000,0,,,,,"Tesla V100-DGXS-16GB (0)","1","23","void nvinfer1::tiled_pooling::poolCHW_PQT<int=2, int=2, int=2, int=2, int=2, int=32, int=256, int=7, int=1, bool=1, nvinfer1::ITiledPooling::PoolingMode, bool=0>(nvinfer1::TiledPoolingParams) [2788]"
2.931390,2.304000,16,2,1,256,1,1,32,8.000000,0,,,,,"Tesla V100-DGXS-16GB (0)","1","23","void nvinfer1::tiled_pooling::poolCHW_PQT<int=2, int=2, int=2, int=2, int=2, int=32, int=256, int=8, int=1, bool=1, nvinfer1::ITiledPooling::PoolingMode, bool=0>(nvinfer1::TiledPoolingParams) [2796]"
2.931421,1.984000,128,2,1,128,1,1,16,0.500000,0,,,,,"Tesla V100-DGXS-16GB (0)","1","23","void nvinfer1::tiled_pooling::poolCHW_PQT<int=2, int=2, int=2, int=2, int=2, int=16, int=128, int=1, int=1, bool=1, nvinfer1::ITiledPooling::PoolingMode, bool=0>(nvinfer1::TiledPoolingParams) [2804]"
2.931451,1.760000,64,2,1,128,1,1,17,1.000000,0,,,,,"Tesla V100-DGXS-16GB (0)","1","23","void nvinfer1::tiled_pooling::poolCHW_PQT<int=2, int=2, int=2, int=2, int=2, int=16, int=128, int=2, int=1, bool=1, nvinfer1::ITiledPooling::PoolingMode, bool=0>(nvinfer1::TiledPoolingParams) [2812]"
2.931482,1.824000,43,2,1,128,1,1,22,1.500000,0,,,,,"Tesla V100-DGXS-16GB (0)","1","23","void nvinfer1::tiled_pooling::poolCHW_PQT<int=2, int=2, int=2, int=2, int=2, int=16, int=128, int=3, int=1, bool=1, nvinfer1::ITiledPooling::PoolingMode, bool=0>(nvinfer1::TiledPoolingParams) [2820]"
2.931513,1.888000,32,2,1,128,1,1,26,2.000000,0,,,,,"Tesla V100-DGXS-16GB (0)","1","23","void nvinfer1::tiled_pooling::poolCHW_PQT<int=2, int=2, int=2, int=2, int=2, int=16, int=128, int=4, int=1, bool=1, nvinfer1::ITiledPooling::PoolingMode, bool=0>(nvinfer1::TiledPoolingParams) [2828]"
2.931545,1.920000,26,2,1,128,1,1,30,2.500000,0,,,,,"Tesla V100-DGXS-16GB (0)","1","23","void nvinfer1::tiled_pooling::poolCHW_PQT<int=2, int=2, int=2, int=2, int=2, int=16, int=128, int=5, int=1, bool=1, nvinfer1::ITiledPooling::PoolingMode, bool=0>(nvinfer1::TiledPoolingParams) [2836]"
2.931574,2.016000,22,2,1,128,1,1,31,3.000000,0,,,,,"Tesla V100-DGXS-16GB (0)","1","23","void nvinfer1::tiled_pooling::poolCHW_PQT<int=2, int=2, int=2, int=2, int=2, int=16, int=128, int=6, int=1, bool=1, nvinfer1::ITiledPooling::PoolingMode, bool=0>(nvinfer1::TiledPoolingParams) [2844]"
2.931608,2.208000,19,2,1,128,1,1,32,3.500000,0,,,,,"Tesla V100-DGXS-16GB (0)","1","23","void nvinfer1::tiled_pooling::poolCHW_PQT<int=2, int=2, int=2, int=2, int=2, int=16, int=128, int=7, int=1, bool=1, nvinfer1::ITiledPooling::PoolingMode, bool=0>(nvinfer1::TiledPoolingParams) [2852]"
2.931639,2.304000,16,2,1,128,1,1,32,4.000000,0,,,,,"Tesla V100-DGXS-16GB (0)","1","23","void nvinfer1::tiled_pooling::poolCHW_PQT<int=2, int=2, int=2, int=2, int=2, int=16, int=128, int=8, int=1, bool=1, nvinfer1::ITiledPooling::PoolingMode, bool=0>(nvinfer1::TiledPoolingParams) [2860]"
2.931942,1.152000,,,,,,,,,,0.004395,3.725290,"Device",,"Tesla V100-DGXS-16GB (0)","1","7","[CUDA memset]"
2.932423,1.120000,,,,,,,,,,0.003906,3.405980,"Device",,"Tesla V100-DGXS-16GB (0)","1","7","[CUDA memset]"
2.932885,1.152000,,,,,,,,,,1.000000,847.710503,"Device",,"Tesla V100-DGXS-16GB (0)","1","7","[CUDA memset]"
2.933482,745.083000,,,,,,,,,,4.500000,5.898043,"Pageable","Device","Tesla V100-DGXS-16GB (0)","1","7","[CUDA memcpy HtoD]"
2.934242,1.632000,,,,,,,,,,0.003906,2.337437,"Pageable","Device","Tesla V100-DGXS-16GB (0)","1","7","[CUDA memcpy HtoD]"
2.934279,9.568000,128,1,1,128,1,1,32,1.500000,0,,,,,"Tesla V100-DGXS-16GB (0)","1","23","void gemv2T_kernel_val<float, float, float, int=128, int=16, int=2, int=4, bool=0>(int, int, float, float const *, int, float const *, int, float, float*, int) [2894]"
2.934299,3.264000,1,4,1,16,16,1,16,0.000000,0,,,,,"Tesla V100-DGXS-16GB (0)","1","23","void add_tensor_kernel_v3<int=2, float, float, int=16, int=16, int=1, int=16, int=4>(cudnnTensorStruct, float*, cudnnTensorStruct, float const *, float, float) [2903]"
2.934314,3.552000,1,1,1,128,1,1,21,0.000000,0,,,,,"Tesla V100-DGXS-16GB (0)","1","23","void cudnn::detail::activation_fw_4d_kernel<float, float, int=128, int=1, int=4, cudnn::detail::relu_func<float, cudnnNanPropagation_t=1, bool=0>>(cudnnTensorStruct, float const *, cudnn::detail::activation_fw_4d_kernel<float, float, int=128, int=1, int=4, cudnn::detail::relu_func<float, cudnnNanPropagation_t=1, bool=0>>, cudnnTensorStruct*, float, cudnnTensorStruct*, int, cudnnTensorStruct*) [2914]"
2.942679,747.098000,,,,,,,,,,4.500000,5.882135,"Pageable","Device","Tesla V100-DGXS-16GB (0)","1","7","[CUDA memcpy HtoD]"
2.943442,1.632000,,,,,,,,,,0.003906,2.337437,"Pageable","Device","Tesla V100-DGXS-16GB (0)","1","7","[CUDA memcpy HtoD]"
2.943471,13.536000,32,1,1,128,1,1,56,2.500000,0,,,,,"Tesla V100-DGXS-16GB (0)","1","23","void gemv2N_kernel_val<float, float, float, int=128, int=4, int=4, int=4, int=1>(float, float, cublasGemv2Params_v2<float, float, float>) [2930]"
2.943491,2.496000,1,4,1,16,16,1,16,0.000000,0,,,,,"Tesla V100-DGXS-16GB (0)","1","23","void add_tensor_kernel_v3<int=2, float, float, int=16, int=16, int=1, int=16, int=4>(cudnnTensorStruct, float*, cudnnTensorStruct, float const *, float, float) [2939]"
2.943504,3.328000,1,1,1,128,1,1,21,0.000000,0,,,,,"Tesla V100-DGXS-16GB (0)","1","23","void cudnn::detail::activation_fw_4d_kernel<float, float, int=128, int=1, int=4, cudnn::detail::relu_func<float, cudnnNanPropagation_t=1, bool=0>>(cudnnTensorStruct, float const *, cudnn::detail::activation_fw_4d_kernel<float, float, int=128, int=1, int=4, cudnn::detail::relu_func<float, cudnnNanPropagation_t=1, bool=0>>, cudnnTensorStruct*, float, cudnnTensorStruct*, int, cudnnTensorStruct*) [2950]"
2.944676,1.120000,,,,,,,,,,0.003906,3.405980,"Device",,"Tesla V100-DGXS-16GB (0)","1","7","[CUDA memset]"
2.944696,1.152000,,,,,,,,,,0.003815,3.233759,"Device",,"Tesla V100-DGXS-16GB (0)","1","7","[CUDA memset]"
2.945165,1.152000,,,,,,,,,,1.000000,847.710503,"Device",,"Tesla V100-DGXS-16GB (0)","1","7","[CUDA memset]"
2.945758,651.643000,,,,,,,,,,3.906250,5.853968,"Pageable","Device","Tesla V100-DGXS-16GB (0)","1","7","[CUDA memcpy HtoD]"
2.946425,1.632000,,,,,,,,,,0.003815,2.282653,"Pageable","Device","Tesla V100-DGXS-16GB (0)","1","7","[CUDA memcpy HtoD]"
2.946453,9.024000,125,1,1,128,1,1,32,1.500000,0,,,,,"Tesla V100-DGXS-16GB (0)","1","23","void gemv2T_kernel_val<float, float, float, int=128, int=16, int=2, int=4, bool=0>(int, int, float, float const *, int, float const *, int, float, float*, int) [2990]"
2.946470,2.559000,1,4,1,16,16,1,16,0.000000,0,,,,,"Tesla V100-DGXS-16GB (0)","1","23","void add_tensor_kernel_v3<int=2, float, float, int=16, int=16, int=1, int=16, int=4>(cudnnTensorStruct, float*, cudnnTensorStruct, float const *, float, float) [2999]"
2.949765,646.075000,,,,,,,,,,3.906250,5.904419,"Pageable","Device","Tesla V100-DGXS-16GB (0)","1","7","[CUDA memcpy HtoD]"
2.950427,1.632000,,,,,,,,,,0.003815,2.282653,"Pageable","Device","Tesla V100-DGXS-16GB (0)","1","7","[CUDA memcpy HtoD]"
2.950453,7.776000,63,1,1,128,1,1,56,2.500000,0,,,,,"Tesla V100-DGXS-16GB (0)","1","23","void gemv2N_kernel_val<float, float, float, int=128, int=8, int=4, int=4, int=1>(float, float, cublasGemv2Params_v2<float, float, float>) [3015]"
2.950471,1.856000,1,4,1,16,16,1,16,0.000000,0,,,,,"Tesla V100-DGXS-16GB (0)","1","23","void add_tensor_kernel_v3<int=2, float, float, int=16, int=16, int=1, int=16, int=4>(cudnnTensorStruct, float*, cudnnTensorStruct, float const *, float, float) [3024]"
2.951823,1.120000,,,,,,,,,,0.574219,500.679016,"Device",,"Tesla V100-DGXS-16GB (0)","1","7","[CUDA memset]"
2.952290,1.216000,,,,,,,,,,0.003815,3.063561,"Device",,"Tesla V100-DGXS-16GB (0)","1","7","[CUDA memset]"
2.952770,1.152000,,,,,,,,,,24.500000,20768.907335,"Device",,"Tesla V100-DGXS-16GB (0)","1","7","[CUDA memset]"
2.953248,1.152000,,,,,,,,,,12.250000,10384.453668,"Device",,"Tesla V100-DGXS-16GB (0)","1","7","[CUDA memset]"
2.953269,1.152000,,,,,,,,,,1.000000,847.710503,"Device",,"Tesla V100-DGXS-16GB (0)","1","7","[CUDA memset]"
2.963844,1.152000,,,,,,,,,,0.014648,12.417634,"Device",,"Tesla V100-DGXS-16GB (0)","1","32","[CUDA memset]"
2.965331,1.600000,,,,,,,,,,0.000107,0.065193,"Pageable","Device","Tesla V100-DGXS-16GB (0)","1","7","[CUDA memcpy HtoD]"
2.966038,1.472000,,,,,,,,,,0.000107,0.070861,"Pageable","Device","Tesla V100-DGXS-16GB (0)","1","7","[CUDA memcpy HtoD]"
2.966376,1.152000,,,,,,,,,,0.324097,274.740160,"Device",,"Tesla V100-DGXS-16GB (0)","1","7","[CUDA memset]"
2.966411,2.688000,197,1,1,256,1,1,18,0.000000,0,,,,,"Tesla V100-DGXS-16GB (0)","1","7","cask::computeOffsetsKernel(cask::ComputeOffsetsParams) [3295]"
2.966432,4.768000,,,,,,,,,,0.035889,7.350573,"Pageable","Device","Tesla V100-DGXS-16GB (0)","1","7","[CUDA memcpy HtoD]"
2.966447,1.568000,,,,,,,,,,0.000244,0.152053,"Pageable","Device","Tesla V100-DGXS-16GB (0)","1","7","[CUDA memcpy HtoD]"
2.966475,4.767000,,,,,,,,,,0.035889,7.352115,"Pageable","Device","Tesla V100-DGXS-16GB (0)","1","7","[CUDA memcpy HtoD]"
2.966491,1.248000,,,,,,,,,,0.000244,0.191041,"Pageable","Device","Tesla V100-DGXS-16GB (0)","1","7","[CUDA memcpy HtoD]"
2.966545,1.152000,,,,,,,,,,0.569458,482.735535,"Device",,"Tesla V100-DGXS-16GB (0)","1","7","[CUDA memset]"
2.966738,1.696000,197,1,1,256,1,1,18,0.000000,0,,,,,"Tesla V100-DGXS-16GB (0)","1","7","cask::computeOffsetsKernel(cask::ComputeOffsetsParams) [3304]"
2.966781,47.968000,,,,,,,,,,0.281250,5.725863,"Pageable","Device","Tesla V100-DGXS-16GB (0)","1","7","[CUDA memcpy HtoD]"
2.966843,1.280000,,,,,,,,,,0.000488,0.372529,"Pageable","Device","Tesla V100-DGXS-16GB (0)","1","7","[CUDA memcpy HtoD]"
2.966901,48.480000,,,,,,,,,,0.281250,5.665392,"Pageable","Device","Tesla V100-DGXS-16GB (0)","1","7","[CUDA memcpy HtoD]"
2.966964,1.248000,,,,,,,,,,0.000488,0.382081,"Pageable","Device","Tesla V100-DGXS-16GB (0)","1","7","[CUDA memcpy HtoD]"
2.967479,1.152000,,,,,,,,,,0.067993,57.638519,"Device",,"Tesla V100-DGXS-16GB (0)","1","7","[CUDA memset]"
2.967602,1.504000,4,1,1,256,1,1,18,0.000000,0,,,,,"Tesla V100-DGXS-16GB (0)","1","7","cask::computeOffsetsKernel(cask::ComputeOffsetsParams) [3313]"
2.967626,8.192000,,,,,,,,,,0.062500,7.450581,"Pageable","Device","Tesla V100-DGXS-16GB (0)","1","7","[CUDA memcpy HtoD]"
2.967646,1.280000,,,,,,,,,,0.000488,0.372529,"Pageable","Device","Tesla V100-DGXS-16GB (0)","1","7","[CUDA memcpy HtoD]"
2.967681,7.935000,,,,,,,,,,0.062500,7.691891,"Pageable","Device","Tesla V100-DGXS-16GB (0)","1","7","[CUDA memcpy HtoD]"
2.967701,1.280000,,,,,,,,,,0.000488,0.372529,"Pageable","Device","Tesla V100-DGXS-16GB (0)","1","7","[CUDA memcpy HtoD]"
2.978954,750.042000,,,,,,,,,,4.500000,5.859047,"Pageable","Device","Tesla V100-DGXS-16GB (0)","1","7","[CUDA memcpy HtoD]"
2.979720,1.632000,,,,,,,,,,0.003906,2.337437,"Pageable","Device","Tesla V100-DGXS-16GB (0)","1","7","[CUDA memcpy HtoD]"
2.980295,648.219000,,,,,,,,,,3.906250,5.884890,"Pageable","Device","Tesla V100-DGXS-16GB (0)","1","7","[CUDA memcpy HtoD]"
2.980963,1.600000,,,,,,,,,,0.003815,2.328306,"Pageable","Device","Tesla V100-DGXS-16GB (0)","1","7","[CUDA memcpy HtoD]"
2.985799,1.440000,,,,,,,,,,0.014648,9.934107,"Device",,"Tesla V100-DGXS-16GB (0)","1","41","[CUDA memset]"
2.986761,1.472000,,,,,,,,,,0.000107,0.070861,"Pageable","Device","Tesla V100-DGXS-16GB (0)","1","7","[CUDA memcpy HtoD]"
2.987025,1.248000,,,,,,,,,,0.000107,0.083580,"Pageable","Device","Tesla V100-DGXS-16GB (0)","1","7","[CUDA memcpy HtoD]"
2.987575,96.736000,,,,,,,,,,0.574219,5.796813,"Pageable","Device","Tesla V100-DGXS-16GB (0)","1","43","[CUDA memcpy HtoD]"
2.987685,6.592000,192,1,1,128,1,1,22,0.000000,0,,,,,"Tesla V100-DGXS-16GB (0)","1","43","void cudnn::detail::activation_fw_4d_kernel<float, float, int=128, int=1, int=4, cudnn::detail::sigmoid_func<float>>(cudnnTensorStruct, float const *, cudnn::detail::activation_fw_4d_kernel<float, float, int=128, int=1, int=4, cudnn::detail::sigmoid_func<float>>, cudnnTensorStruct*, float, cudnnTensorStruct*, int, cudnnTensorStruct*) [3604]"
2.987693,86.944000,392,1,1,128,1,1,128,16.000000,0,,,,,"Tesla V100-DGXS-16GB (0)","1","43","trt_volta_scudnn_128x64_relu_medium_nn_v1 [3606]"
2.987781,607.771000,392,1,1,256,1,1,128,32.000000,0,,,,,"Tesla V100-DGXS-16GB (0)","1","43","trt_volta_scudnn_128x128_relu_medium_nn_v1 [3608]"
2.988390,42.240000,43,56,7,128,1,1,22,1.500000,0,,,,,"Tesla V100-DGXS-16GB (0)","1","43","void nvinfer1::tiled_pooling::poolCHW_PQT<int=2, int=2, int=2, int=2, int=2, int=16, int=128, int=3, int=1, bool=1, nvinfer1::ITiledPooling::PoolingMode, bool=0>(nvinfer1::TiledPoolingParams) [3612]"
2.988434,11.424000,26,28,2,256,1,1,30,5.000000,0,,,,,"Tesla V100-DGXS-16GB (0)","1","43","void nvinfer1::tiled_pooling::poolCHW_PQT<int=2, int=2, int=2, int=2, int=2, int=32, int=256, int=5, int=1, bool=1, nvinfer1::ITiledPooling::PoolingMode, bool=0>(nvinfer1::TiledPoolingParams) [3616]"
2.988447,27.488000,7,2,1,128,1,1,128,16.000000,0,,,,,"Tesla V100-DGXS-16GB (0)","1","43","trt_volta_scudnn_128x64_relu_small_nn_v1 [3618]"
2.988476,3.392000,26,7,1,128,1,1,30,2.500000,0,,,,,"Tesla V100-DGXS-16GB (0)","1","43","void nvinfer1::tiled_pooling::poolCHW_PQT<int=2, int=2, int=2, int=2, int=2, int=16, int=128, int=5, int=1, bool=1, nvinfer1::ITiledPooling::PoolingMode, bool=0>(nvinfer1::TiledPoolingParams) [3622]"
2.988480,2.880000,32,4,1,128,1,1,26,2.000000,0,,,,,"Tesla V100-DGXS-16GB (0)","1","43","void nvinfer1::tiled_pooling::poolCHW_PQT<int=2, int=2, int=2, int=2, int=2, int=16, int=128, int=4, int=1, bool=1, nvinfer1::ITiledPooling::PoolingMode, bool=0>(nvinfer1::TiledPoolingParams) [3626]"
2.988484,2.368000,43,2,1,128,1,1,22,1.500000,0,,,,,"Tesla V100-DGXS-16GB (0)","1","43","void nvinfer1::tiled_pooling::poolCHW_PQT<int=2, int=2, int=2, int=2, int=2, int=16, int=128, int=3, int=1, bool=1, nvinfer1::ITiledPooling::PoolingMode, bool=0>(nvinfer1::TiledPoolingParams) [3630]"
2.988488,20.831000,32,1,1,128,1,1,56,2.500000,0,,,,,"Tesla V100-DGXS-16GB (0)","1","43","void gemv2N_kernel_val<float, float, float, int=128, int=4, int=4, int=4, int=1>(float, float, cublasGemv2Params_v2<float, float, float>) [3636]"
2.988510,3.200000,1,4,1,16,16,1,16,0.000000,0,,,,,"Tesla V100-DGXS-16GB (0)","1","43","void add_tensor_kernel_v3<int=2, float, float, int=16, int=16, int=1, int=16, int=4>(cudnnTensorStruct, float*, cudnnTensorStruct, float const *, float, float) [3645]"
2.988514,3.520000,1,1,1,128,1,1,21,0.000000,0,,,,,"Tesla V100-DGXS-16GB (0)","1","43","void cudnn::detail::activation_fw_4d_kernel<float, float, int=128, int=1, int=4, cudnn::detail::relu_func<float, cudnnNanPropagation_t=1, bool=0>>(cudnnTensorStruct, float const *, cudnn::detail::activation_fw_4d_kernel<float, float, int=128, int=1, int=4, cudnn::detail::relu_func<float, cudnnNanPropagation_t=1, bool=0>>, cudnnTensorStruct*, float, cudnnTensorStruct*, int, cudnnTensorStruct*) [3656]"
2.988519,12.416000,125,1,1,128,1,1,32,1.500000,0,,,,,"Tesla V100-DGXS-16GB (0)","1","43","void gemv2T_kernel_val<float, float, float, int=128, int=16, int=2, int=4, bool=0>(int, int, float, float const *, int, float const *, int, float, float*, int) [3669]"
2.988532,2.048000,1,4,1,16,16,1,16,0.000000,0,,,,,"Tesla V100-DGXS-16GB (0)","1","43","void add_tensor_kernel_v3<int=2, float, float, int=16, int=16, int=1, int=16, int=4>(cudnnTensorStruct, float*, cudnnTensorStruct, float const *, float, float) [3678]"
2.988538,2.272000,,,,,,,,,,0.003815,1.639652,"Device","Pageable","Tesla V100-DGXS-16GB (0)","1","43","[CUDA memcpy DtoH]"
