==12437== NVPROF is profiling process 12437, command: python vgg_generator_RT.py 2870
==12437== Profiling application: python vgg_generator_RT.py 2870
==12437== Profiling result:
"Start","Duration","Grid X","Grid Y","Grid Z","Block X","Block Y","Block Z","Registers Per Thread","Static SMem","Dynamic SMem","Size","Throughput","SrcMemType","DstMemType","Device","Context","Stream","Name"
s,ms,,,,,,,,KB,B,MB,GB/s,,,,,,
2.419063,0.001184,,,,,,,,,,0.014648,12.082023,"Device",,"Tesla V100-DGXS-16GB (0)","1","22","[CUDA memset]"
2.420646,0.001600,,,,,,,,,,0.000107,0.065193,"Pageable","Device","Tesla V100-DGXS-16GB (0)","1","7","[CUDA memcpy HtoD]"
2.816956,0.001280,,,,,,,,,,0.000107,0.081491,"Pageable","Device","Tesla V100-DGXS-16GB (0)","1","7","[CUDA memcpy HtoD]"
3.090458,0.001152,,,,,,,,,,0.574219,486.771266,"Device",,"Tesla V100-DGXS-16GB (0)","1","7","[CUDA memset]"
3.090483,0.001152,,,,,,,,,,0.574219,486.771266,"Device",,"Tesla V100-DGXS-16GB (0)","1","7","[CUDA memset]"
3.090961,0.001152,,,,,,,,,,1.000000,847.710503,"Device",,"Tesla V100-DGXS-16GB (0)","1","7","[CUDA memset]"
3.091022,0.004960,192,1,1,128,1,1,22,0.000000,0,,,,,"Tesla V100-DGXS-16GB (0)","1","23","void cudnn::detail::activation_fw_4d_kernel<float, float, int=128, int=1, int=4, cudnn::detail::sigmoid_func<float>>(cudnnTensorStruct, float const *, cudnn::detail::activation_fw_4d_kernel<float, float, int=128, int=1, int=4, cudnn::detail::sigmoid_func<float>>, cudnnTensorStruct*, float, cudnnTensorStruct*, int, cudnnTensorStruct*) [510]"
3.095992,0.001152,,,,,,,,,,0.574219,486.771266,"Device",,"Tesla V100-DGXS-16GB (0)","1","7","[CUDA memset]"
3.096472,0.001184,,,,,,,,,,0.143555,118.403821,"Device",,"Tesla V100-DGXS-16GB (0)","1","7","[CUDA memset]"
3.096491,0.001184,,,,,,,,,,1.000000,824.799409,"Device",,"Tesla V100-DGXS-16GB (0)","1","7","[CUDA memset]"
3.096553,0.003168,3,56,4,256,1,1,16,1.000000,0,,,,,"Tesla V100-DGXS-16GB (0)","1","23","void nvinfer1::tiled_pooling::poolCHW_PQT<int=2, int=2, int=2, int=2, int=2, int=32, int=256, int=1, int=1, bool=1, nvinfer1::ITiledPooling::PoolingMode, bool=0>(nvinfer1::TiledPoolingParams) [531]"
3.096603,0.002880,2,56,4,256,1,1,17,2.000000,0,,,,,"Tesla V100-DGXS-16GB (0)","1","23","void nvinfer1::tiled_pooling::poolCHW_PQT<int=2, int=2, int=2, int=2, int=2, int=32, int=256, int=2, int=1, bool=1, nvinfer1::ITiledPooling::PoolingMode, bool=0>(nvinfer1::TiledPoolingParams) [539]"
3.096636,0.002784,1,56,4,256,1,1,22,3.000000,0,,,,,"Tesla V100-DGXS-16GB (0)","1","23","void nvinfer1::tiled_pooling::poolCHW_PQT<int=2, int=2, int=2, int=2, int=2, int=32, int=256, int=3, int=1, bool=1, nvinfer1::ITiledPooling::PoolingMode, bool=0>(nvinfer1::TiledPoolingParams) [547]"
3.096666,0.002944,1,56,4,256,1,1,26,4.000000,0,,,,,"Tesla V100-DGXS-16GB (0)","1","23","void nvinfer1::tiled_pooling::poolCHW_PQT<int=2, int=2, int=2, int=2, int=2, int=32, int=256, int=4, int=1, bool=1, nvinfer1::ITiledPooling::PoolingMode, bool=0>(nvinfer1::TiledPoolingParams) [555]"
3.096697,0.003327,1,56,4,256,1,1,30,5.000000,0,,,,,"Tesla V100-DGXS-16GB (0)","1","23","void nvinfer1::tiled_pooling::poolCHW_PQT<int=2, int=2, int=2, int=2, int=2, int=32, int=256, int=5, int=1, bool=1, nvinfer1::ITiledPooling::PoolingMode, bool=0>(nvinfer1::TiledPoolingParams) [563]"
3.096727,0.003520,1,56,4,256,1,1,31,6.000000,0,,,,,"Tesla V100-DGXS-16GB (0)","1","23","void nvinfer1::tiled_pooling::poolCHW_PQT<int=2, int=2, int=2, int=2, int=2, int=32, int=256, int=6, int=1, bool=1, nvinfer1::ITiledPooling::PoolingMode, bool=0>(nvinfer1::TiledPoolingParams) [571]"
3.096757,0.003712,1,56,4,256,1,1,32,7.000000,0,,,,,"Tesla V100-DGXS-16GB (0)","1","23","void nvinfer1::tiled_pooling::poolCHW_PQT<int=2, int=2, int=2, int=2, int=2, int=32, int=256, int=7, int=1, bool=1, nvinfer1::ITiledPooling::PoolingMode, bool=0>(nvinfer1::TiledPoolingParams) [579]"
3.096787,0.003872,1,56,4,256,1,1,32,8.000000,0,,,,,"Tesla V100-DGXS-16GB (0)","1","23","void nvinfer1::tiled_pooling::poolCHW_PQT<int=2, int=2, int=2, int=2, int=2, int=32, int=256, int=8, int=1, bool=1, nvinfer1::ITiledPooling::PoolingMode, bool=0>(nvinfer1::TiledPoolingParams) [587]"
3.096821,0.003808,3,56,7,128,1,1,16,0.500000,0,,,,,"Tesla V100-DGXS-16GB (0)","1","23","void nvinfer1::tiled_pooling::poolCHW_PQT<int=2, int=2, int=2, int=2, int=2, int=16, int=128, int=1, int=1, bool=1, nvinfer1::ITiledPooling::PoolingMode, bool=0>(nvinfer1::TiledPoolingParams) [595]"
3.096852,0.003360,2,56,7,128,1,1,17,1.000000,0,,,,,"Tesla V100-DGXS-16GB (0)","1","23","void nvinfer1::tiled_pooling::poolCHW_PQT<int=2, int=2, int=2, int=2, int=2, int=16, int=128, int=2, int=1, bool=1, nvinfer1::ITiledPooling::PoolingMode, bool=0>(nvinfer1::TiledPoolingParams) [603]"
3.096882,0.003008,1,56,7,128,1,1,22,1.500000,0,,,,,"Tesla V100-DGXS-16GB (0)","1","23","void nvinfer1::tiled_pooling::poolCHW_PQT<int=2, int=2, int=2, int=2, int=2, int=16, int=128, int=3, int=1, bool=1, nvinfer1::ITiledPooling::PoolingMode, bool=0>(nvinfer1::TiledPoolingParams) [611]"
3.096911,0.003232,1,56,7,128,1,1,26,2.000000,0,,,,,"Tesla V100-DGXS-16GB (0)","1","23","void nvinfer1::tiled_pooling::poolCHW_PQT<int=2, int=2, int=2, int=2, int=2, int=16, int=128, int=4, int=1, bool=1, nvinfer1::ITiledPooling::PoolingMode, bool=0>(nvinfer1::TiledPoolingParams) [619]"
3.096941,0.003456,1,56,7,128,1,1,30,2.500000,0,,,,,"Tesla V100-DGXS-16GB (0)","1","23","void nvinfer1::tiled_pooling::poolCHW_PQT<int=2, int=2, int=2, int=2, int=2, int=16, int=128, int=5, int=1, bool=1, nvinfer1::ITiledPooling::PoolingMode, bool=0>(nvinfer1::TiledPoolingParams) [627]"
3.096971,0.003680,1,56,7,128,1,1,31,3.000000,0,,,,,"Tesla V100-DGXS-16GB (0)","1","23","void nvinfer1::tiled_pooling::poolCHW_PQT<int=2, int=2, int=2, int=2, int=2, int=16, int=128, int=6, int=1, bool=1, nvinfer1::ITiledPooling::PoolingMode, bool=0>(nvinfer1::TiledPoolingParams) [635]"
3.097001,0.003936,1,56,7,128,1,1,32,3.500000,0,,,,,"Tesla V100-DGXS-16GB (0)","1","23","void nvinfer1::tiled_pooling::poolCHW_PQT<int=2, int=2, int=2, int=2, int=2, int=16, int=128, int=7, int=1, bool=1, nvinfer1::ITiledPooling::PoolingMode, bool=0>(nvinfer1::TiledPoolingParams) [643]"
3.097030,0.004224,1,56,7,128,1,1,32,4.000000,0,,,,,"Tesla V100-DGXS-16GB (0)","1","23","void nvinfer1::tiled_pooling::poolCHW_PQT<int=2, int=2, int=2, int=2, int=2, int=16, int=128, int=8, int=1, bool=1, nvinfer1::ITiledPooling::PoolingMode, bool=0>(nvinfer1::TiledPoolingParams) [651]"
3.098001,0.001184,,,,,,,,,,0.143555,118.403821,"Device",,"Tesla V100-DGXS-16GB (0)","1","7","[CUDA memset]"
3.098034,0.001184,,,,,,,,,,0.035889,29.600955,"Device",,"Tesla V100-DGXS-16GB (0)","1","7","[CUDA memset]"
3.098506,0.001152,,,,,,,,,,1.000000,847.710503,"Device",,"Tesla V100-DGXS-16GB (0)","1","7","[CUDA memset]"
3.098545,0.001920,3,28,2,256,1,1,16,1.000000,0,,,,,"Tesla V100-DGXS-16GB (0)","1","23","void nvinfer1::tiled_pooling::poolCHW_PQT<int=2, int=2, int=2, int=2, int=2, int=32, int=256, int=1, int=1, bool=1, nvinfer1::ITiledPooling::PoolingMode, bool=0>(nvinfer1::TiledPoolingParams) [672]"
3.098585,0.001856,2,28,2,256,1,1,17,2.000000,0,,,,,"Tesla V100-DGXS-16GB (0)","1","23","void nvinfer1::tiled_pooling::poolCHW_PQT<int=2, int=2, int=2, int=2, int=2, int=32, int=256, int=2, int=1, bool=1, nvinfer1::ITiledPooling::PoolingMode, bool=0>(nvinfer1::TiledPoolingParams) [680]"
3.098615,0.002016,1,28,2,256,1,1,22,3.000000,0,,,,,"Tesla V100-DGXS-16GB (0)","1","23","void nvinfer1::tiled_pooling::poolCHW_PQT<int=2, int=2, int=2, int=2, int=2, int=32, int=256, int=3, int=1, bool=1, nvinfer1::ITiledPooling::PoolingMode, bool=0>(nvinfer1::TiledPoolingParams) [688]"
3.098644,0.002016,1,28,2,256,1,1,26,4.000000,0,,,,,"Tesla V100-DGXS-16GB (0)","1","23","void nvinfer1::tiled_pooling::poolCHW_PQT<int=2, int=2, int=2, int=2, int=2, int=32, int=256, int=4, int=1, bool=1, nvinfer1::ITiledPooling::PoolingMode, bool=0>(nvinfer1::TiledPoolingParams) [696]"
3.098673,0.002112,1,28,2,256,1,1,30,5.000000,0,,,,,"Tesla V100-DGXS-16GB (0)","1","23","void nvinfer1::tiled_pooling::poolCHW_PQT<int=2, int=2, int=2, int=2, int=2, int=32, int=256, int=5, int=1, bool=1, nvinfer1::ITiledPooling::PoolingMode, bool=0>(nvinfer1::TiledPoolingParams) [704]"
3.098702,0.002176,1,28,2,256,1,1,31,6.000000,0,,,,,"Tesla V100-DGXS-16GB (0)","1","23","void nvinfer1::tiled_pooling::poolCHW_PQT<int=2, int=2, int=2, int=2, int=2, int=32, int=256, int=6, int=1, bool=1, nvinfer1::ITiledPooling::PoolingMode, bool=0>(nvinfer1::TiledPoolingParams) [712]"
3.098730,0.002304,1,28,2,256,1,1,32,7.000000,0,,,,,"Tesla V100-DGXS-16GB (0)","1","23","void nvinfer1::tiled_pooling::poolCHW_PQT<int=2, int=2, int=2, int=2, int=2, int=32, int=256, int=7, int=1, bool=1, nvinfer1::ITiledPooling::PoolingMode, bool=0>(nvinfer1::TiledPoolingParams) [720]"
3.098758,0.002400,1,28,2,256,1,1,32,8.000000,0,,,,,"Tesla V100-DGXS-16GB (0)","1","23","void nvinfer1::tiled_pooling::poolCHW_PQT<int=2, int=2, int=2, int=2, int=2, int=32, int=256, int=8, int=1, bool=1, nvinfer1::ITiledPooling::PoolingMode, bool=0>(nvinfer1::TiledPoolingParams) [728]"
3.098787,0.002272,3,28,4,128,1,1,16,0.500000,0,,,,,"Tesla V100-DGXS-16GB (0)","1","23","void nvinfer1::tiled_pooling::poolCHW_PQT<int=2, int=2, int=2, int=2, int=2, int=16, int=128, int=1, int=1, bool=1, nvinfer1::ITiledPooling::PoolingMode, bool=0>(nvinfer1::TiledPoolingParams) [736]"
3.098815,0.002176,2,28,4,128,1,1,17,1.000000,0,,,,,"Tesla V100-DGXS-16GB (0)","1","23","void nvinfer1::tiled_pooling::poolCHW_PQT<int=2, int=2, int=2, int=2, int=2, int=16, int=128, int=2, int=1, bool=1, nvinfer1::ITiledPooling::PoolingMode, bool=0>(nvinfer1::TiledPoolingParams) [744]"
3.098844,0.002016,1,28,4,128,1,1,22,1.500000,0,,,,,"Tesla V100-DGXS-16GB (0)","1","23","void nvinfer1::tiled_pooling::poolCHW_PQT<int=2, int=2, int=2, int=2, int=2, int=16, int=128, int=3, int=1, bool=1, nvinfer1::ITiledPooling::PoolingMode, bool=0>(nvinfer1::TiledPoolingParams) [752]"
3.098872,0.002048,1,28,4,128,1,1,26,2.000000,0,,,,,"Tesla V100-DGXS-16GB (0)","1","23","void nvinfer1::tiled_pooling::poolCHW_PQT<int=2, int=2, int=2, int=2, int=2, int=16, int=128, int=4, int=1, bool=1, nvinfer1::ITiledPooling::PoolingMode, bool=0>(nvinfer1::TiledPoolingParams) [760]"
3.098906,0.002112,1,28,4,128,1,1,30,2.500000,0,,,,,"Tesla V100-DGXS-16GB (0)","1","23","void nvinfer1::tiled_pooling::poolCHW_PQT<int=2, int=2, int=2, int=2, int=2, int=16, int=128, int=5, int=1, bool=1, nvinfer1::ITiledPooling::PoolingMode, bool=0>(nvinfer1::TiledPoolingParams) [768]"
3.098936,0.002240,1,28,4,128,1,1,31,3.000000,0,,,,,"Tesla V100-DGXS-16GB (0)","1","23","void nvinfer1::tiled_pooling::poolCHW_PQT<int=2, int=2, int=2, int=2, int=2, int=16, int=128, int=6, int=1, bool=1, nvinfer1::ITiledPooling::PoolingMode, bool=0>(nvinfer1::TiledPoolingParams) [776]"
3.098964,0.002336,1,28,4,128,1,1,32,3.500000,0,,,,,"Tesla V100-DGXS-16GB (0)","1","23","void nvinfer1::tiled_pooling::poolCHW_PQT<int=2, int=2, int=2, int=2, int=2, int=16, int=128, int=7, int=1, bool=1, nvinfer1::ITiledPooling::PoolingMode, bool=0>(nvinfer1::TiledPoolingParams) [784]"
3.098993,0.002496,1,28,4,128,1,1,32,4.000000,0,,,,,"Tesla V100-DGXS-16GB (0)","1","23","void nvinfer1::tiled_pooling::poolCHW_PQT<int=2, int=2, int=2, int=2, int=2, int=16, int=128, int=8, int=1, bool=1, nvinfer1::ITiledPooling::PoolingMode, bool=0>(nvinfer1::TiledPoolingParams) [792]"
3.099793,0.001184,,,,,,,,,,0.035889,29.600955,"Device",,"Tesla V100-DGXS-16GB (0)","1","7","[CUDA memset]"
3.099816,0.001152,,,,,,,,,,0.008972,7.605801,"Device",,"Tesla V100-DGXS-16GB (0)","1","7","[CUDA memset]"
3.100323,0.001184,,,,,,,,,,1.000000,824.799409,"Device",,"Tesla V100-DGXS-16GB (0)","1","7","[CUDA memset]"
3.100361,0.001728,3,14,1,256,1,1,16,1.000000,0,,,,,"Tesla V100-DGXS-16GB (0)","1","23","void nvinfer1::tiled_pooling::poolCHW_PQT<int=2, int=2, int=2, int=2, int=2, int=32, int=256, int=1, int=1, bool=1, nvinfer1::ITiledPooling::PoolingMode, bool=0>(nvinfer1::TiledPoolingParams) [813]"
3.100401,0.001728,2,14,1,256,1,1,17,2.000000,0,,,,,"Tesla V100-DGXS-16GB (0)","1","23","void nvinfer1::tiled_pooling::poolCHW_PQT<int=2, int=2, int=2, int=2, int=2, int=32, int=256, int=2, int=1, bool=1, nvinfer1::ITiledPooling::PoolingMode, bool=0>(nvinfer1::TiledPoolingParams) [821]"
3.100431,0.002016,1,14,1,256,1,1,22,3.000000,0,,,,,"Tesla V100-DGXS-16GB (0)","1","23","void nvinfer1::tiled_pooling::poolCHW_PQT<int=2, int=2, int=2, int=2, int=2, int=32, int=256, int=3, int=1, bool=1, nvinfer1::ITiledPooling::PoolingMode, bool=0>(nvinfer1::TiledPoolingParams) [829]"
3.100460,0.002016,1,14,1,256,1,1,26,4.000000,0,,,,,"Tesla V100-DGXS-16GB (0)","1","23","void nvinfer1::tiled_pooling::poolCHW_PQT<int=2, int=2, int=2, int=2, int=2, int=32, int=256, int=4, int=1, bool=1, nvinfer1::ITiledPooling::PoolingMode, bool=0>(nvinfer1::TiledPoolingParams) [837]"
3.100489,0.002048,1,14,1,256,1,1,30,5.000000,0,,,,,"Tesla V100-DGXS-16GB (0)","1","23","void nvinfer1::tiled_pooling::poolCHW_PQT<int=2, int=2, int=2, int=2, int=2, int=32, int=256, int=5, int=1, bool=1, nvinfer1::ITiledPooling::PoolingMode, bool=0>(nvinfer1::TiledPoolingParams) [845]"
3.100518,0.002176,1,14,1,256,1,1,31,6.000000,0,,,,,"Tesla V100-DGXS-16GB (0)","1","23","void nvinfer1::tiled_pooling::poolCHW_PQT<int=2, int=2, int=2, int=2, int=2, int=32, int=256, int=6, int=1, bool=1, nvinfer1::ITiledPooling::PoolingMode, bool=0>(nvinfer1::TiledPoolingParams) [853]"
3.100546,0.002271,1,14,1,256,1,1,32,7.000000,0,,,,,"Tesla V100-DGXS-16GB (0)","1","23","void nvinfer1::tiled_pooling::poolCHW_PQT<int=2, int=2, int=2, int=2, int=2, int=32, int=256, int=7, int=1, bool=1, nvinfer1::ITiledPooling::PoolingMode, bool=0>(nvinfer1::TiledPoolingParams) [861]"
3.100574,0.002400,1,14,1,256,1,1,32,8.000000,0,,,,,"Tesla V100-DGXS-16GB (0)","1","23","void nvinfer1::tiled_pooling::poolCHW_PQT<int=2, int=2, int=2, int=2, int=2, int=32, int=256, int=8, int=1, bool=1, nvinfer1::ITiledPooling::PoolingMode, bool=0>(nvinfer1::TiledPoolingParams) [869]"
3.100607,0.001760,3,14,2,128,1,1,16,0.500000,0,,,,,"Tesla V100-DGXS-16GB (0)","1","23","void nvinfer1::tiled_pooling::poolCHW_PQT<int=2, int=2, int=2, int=2, int=2, int=16, int=128, int=1, int=1, bool=1, nvinfer1::ITiledPooling::PoolingMode, bool=0>(nvinfer1::TiledPoolingParams) [877]"
3.100635,0.001792,2,14,2,128,1,1,17,1.000000,0,,,,,"Tesla V100-DGXS-16GB (0)","1","23","void nvinfer1::tiled_pooling::poolCHW_PQT<int=2, int=2, int=2, int=2, int=2, int=16, int=128, int=2, int=1, bool=1, nvinfer1::ITiledPooling::PoolingMode, bool=0>(nvinfer1::TiledPoolingParams) [885]"
3.100663,0.001888,1,14,2,128,1,1,22,1.500000,0,,,,,"Tesla V100-DGXS-16GB (0)","1","23","void nvinfer1::tiled_pooling::poolCHW_PQT<int=2, int=2, int=2, int=2, int=2, int=16, int=128, int=3, int=1, bool=1, nvinfer1::ITiledPooling::PoolingMode, bool=0>(nvinfer1::TiledPoolingParams) [893]"
3.100692,0.001952,1,14,2,128,1,1,26,2.000000,0,,,,,"Tesla V100-DGXS-16GB (0)","1","23","void nvinfer1::tiled_pooling::poolCHW_PQT<int=2, int=2, int=2, int=2, int=2, int=16, int=128, int=4, int=1, bool=1, nvinfer1::ITiledPooling::PoolingMode, bool=0>(nvinfer1::TiledPoolingParams) [901]"
3.100721,0.002016,1,14,2,128,1,1,30,2.500000,0,,,,,"Tesla V100-DGXS-16GB (0)","1","23","void nvinfer1::tiled_pooling::poolCHW_PQT<int=2, int=2, int=2, int=2, int=2, int=16, int=128, int=5, int=1, bool=1, nvinfer1::ITiledPooling::PoolingMode, bool=0>(nvinfer1::TiledPoolingParams) [909]"
3.100750,0.002112,1,14,2,128,1,1,31,3.000000,0,,,,,"Tesla V100-DGXS-16GB (0)","1","23","void nvinfer1::tiled_pooling::poolCHW_PQT<int=2, int=2, int=2, int=2, int=2, int=16, int=128, int=6, int=1, bool=1, nvinfer1::ITiledPooling::PoolingMode, bool=0>(nvinfer1::TiledPoolingParams) [917]"
3.100778,0.002208,1,14,2,128,1,1,32,3.500000,0,,,,,"Tesla V100-DGXS-16GB (0)","1","23","void nvinfer1::tiled_pooling::poolCHW_PQT<int=2, int=2, int=2, int=2, int=2, int=16, int=128, int=7, int=1, bool=1, nvinfer1::ITiledPooling::PoolingMode, bool=0>(nvinfer1::TiledPoolingParams) [925]"
3.100807,0.002336,1,14,2,128,1,1,32,4.000000,0,,,,,"Tesla V100-DGXS-16GB (0)","1","23","void nvinfer1::tiled_pooling::poolCHW_PQT<int=2, int=2, int=2, int=2, int=2, int=16, int=128, int=8, int=1, bool=1, nvinfer1::ITiledPooling::PoolingMode, bool=0>(nvinfer1::TiledPoolingParams) [933]"
3.101108,0.001184,,,,,,,,,,0.008972,7.400239,"Device",,"Tesla V100-DGXS-16GB (0)","1","7","[CUDA memset]"
3.101590,0.001184,,,,,,,,,,0.002243,1.850060,"Device",,"Tesla V100-DGXS-16GB (0)","1","7","[CUDA memset]"
3.102061,0.001184,,,,,,,,,,1.000000,824.799409,"Device",,"Tesla V100-DGXS-16GB (0)","1","7","[CUDA memset]"
3.102098,0.001664,3,7,1,256,1,1,16,1.000000,0,,,,,"Tesla V100-DGXS-16GB (0)","1","23","void nvinfer1::tiled_pooling::poolCHW_PQT<int=2, int=2, int=2, int=2, int=2, int=32, int=256, int=1, int=1, bool=1, nvinfer1::ITiledPooling::PoolingMode, bool=0>(nvinfer1::TiledPoolingParams) [954]"
3.102139,0.001728,2,7,1,256,1,1,17,2.000000,0,,,,,"Tesla V100-DGXS-16GB (0)","1","23","void nvinfer1::tiled_pooling::poolCHW_PQT<int=2, int=2, int=2, int=2, int=2, int=32, int=256, int=2, int=1, bool=1, nvinfer1::ITiledPooling::PoolingMode, bool=0>(nvinfer1::TiledPoolingParams) [962]"
3.102170,0.001920,1,7,1,256,1,1,22,3.000000,0,,,,,"Tesla V100-DGXS-16GB (0)","1","23","void nvinfer1::tiled_pooling::poolCHW_PQT<int=2, int=2, int=2, int=2, int=2, int=32, int=256, int=3, int=1, bool=1, nvinfer1::ITiledPooling::PoolingMode, bool=0>(nvinfer1::TiledPoolingParams) [970]"
3.102198,0.001920,1,7,1,256,1,1,26,4.000000,0,,,,,"Tesla V100-DGXS-16GB (0)","1","23","void nvinfer1::tiled_pooling::poolCHW_PQT<int=2, int=2, int=2, int=2, int=2, int=32, int=256, int=4, int=1, bool=1, nvinfer1::ITiledPooling::PoolingMode, bool=0>(nvinfer1::TiledPoolingParams) [978]"
3.102227,0.002016,1,7,1,256,1,1,30,5.000000,0,,,,,"Tesla V100-DGXS-16GB (0)","1","23","void nvinfer1::tiled_pooling::poolCHW_PQT<int=2, int=2, int=2, int=2, int=2, int=32, int=256, int=5, int=1, bool=1, nvinfer1::ITiledPooling::PoolingMode, bool=0>(nvinfer1::TiledPoolingParams) [986]"
3.102256,0.002144,1,7,1,256,1,1,31,6.000000,0,,,,,"Tesla V100-DGXS-16GB (0)","1","23","void nvinfer1::tiled_pooling::poolCHW_PQT<int=2, int=2, int=2, int=2, int=2, int=32, int=256, int=6, int=1, bool=1, nvinfer1::ITiledPooling::PoolingMode, bool=0>(nvinfer1::TiledPoolingParams) [994]"
3.102284,0.002240,1,7,1,256,1,1,32,7.000000,0,,,,,"Tesla V100-DGXS-16GB (0)","1","23","void nvinfer1::tiled_pooling::poolCHW_PQT<int=2, int=2, int=2, int=2, int=2, int=32, int=256, int=7, int=1, bool=1, nvinfer1::ITiledPooling::PoolingMode, bool=0>(nvinfer1::TiledPoolingParams) [1002]"
3.102312,0.002368,1,7,1,256,1,1,32,8.000000,0,,,,,"Tesla V100-DGXS-16GB (0)","1","23","void nvinfer1::tiled_pooling::poolCHW_PQT<int=2, int=2, int=2, int=2, int=2, int=32, int=256, int=8, int=1, bool=1, nvinfer1::ITiledPooling::PoolingMode, bool=0>(nvinfer1::TiledPoolingParams) [1010]"
3.102341,0.001632,3,7,1,128,1,1,16,0.500000,0,,,,,"Tesla V100-DGXS-16GB (0)","1","23","void nvinfer1::tiled_pooling::poolCHW_PQT<int=2, int=2, int=2, int=2, int=2, int=16, int=128, int=1, int=1, bool=1, nvinfer1::ITiledPooling::PoolingMode, bool=0>(nvinfer1::TiledPoolingParams) [1018]"
3.102369,0.001696,2,7,1,128,1,1,17,1.000000,0,,,,,"Tesla V100-DGXS-16GB (0)","1","23","void nvinfer1::tiled_pooling::poolCHW_PQT<int=2, int=2, int=2, int=2, int=2, int=16, int=128, int=2, int=1, bool=1, nvinfer1::ITiledPooling::PoolingMode, bool=0>(nvinfer1::TiledPoolingParams) [1026]"
3.102398,0.001920,1,7,1,128,1,1,22,1.500000,0,,,,,"Tesla V100-DGXS-16GB (0)","1","23","void nvinfer1::tiled_pooling::poolCHW_PQT<int=2, int=2, int=2, int=2, int=2, int=16, int=128, int=3, int=1, bool=1, nvinfer1::ITiledPooling::PoolingMode, bool=0>(nvinfer1::TiledPoolingParams) [1034]"
3.102426,0.001984,1,7,1,128,1,1,26,2.000000,0,,,,,"Tesla V100-DGXS-16GB (0)","1","23","void nvinfer1::tiled_pooling::poolCHW_PQT<int=2, int=2, int=2, int=2, int=2, int=16, int=128, int=4, int=1, bool=1, nvinfer1::ITiledPooling::PoolingMode, bool=0>(nvinfer1::TiledPoolingParams) [1042]"
3.102454,0.001984,1,7,1,128,1,1,30,2.500000,0,,,,,"Tesla V100-DGXS-16GB (0)","1","23","void nvinfer1::tiled_pooling::poolCHW_PQT<int=2, int=2, int=2, int=2, int=2, int=16, int=128, int=5, int=1, bool=1, nvinfer1::ITiledPooling::PoolingMode, bool=0>(nvinfer1::TiledPoolingParams) [1050]"
3.102483,0.002112,1,7,1,128,1,1,31,3.000000,0,,,,,"Tesla V100-DGXS-16GB (0)","1","23","void nvinfer1::tiled_pooling::poolCHW_PQT<int=2, int=2, int=2, int=2, int=2, int=16, int=128, int=6, int=1, bool=1, nvinfer1::ITiledPooling::PoolingMode, bool=0>(nvinfer1::TiledPoolingParams) [1058]"
3.102511,0.002240,1,7,1,128,1,1,32,3.500000,0,,,,,"Tesla V100-DGXS-16GB (0)","1","23","void nvinfer1::tiled_pooling::poolCHW_PQT<int=2, int=2, int=2, int=2, int=2, int=16, int=128, int=7, int=1, bool=1, nvinfer1::ITiledPooling::PoolingMode, bool=0>(nvinfer1::TiledPoolingParams) [1066]"
3.102539,0.002368,1,7,1,128,1,1,32,4.000000,0,,,,,"Tesla V100-DGXS-16GB (0)","1","23","void nvinfer1::tiled_pooling::poolCHW_PQT<int=2, int=2, int=2, int=2, int=2, int=16, int=128, int=8, int=1, bool=1, nvinfer1::ITiledPooling::PoolingMode, bool=0>(nvinfer1::TiledPoolingParams) [1074]"
3.103484,0.001184,,,,,,,,,,0.002243,1.850060,"Device",,"Tesla V100-DGXS-16GB (0)","1","7","[CUDA memset]"
3.103512,0.001184,,,,,,,,,,0.000561,0.462515,"Device",,"Tesla V100-DGXS-16GB (0)","1","7","[CUDA memset]"
3.104124,0.001152,,,,,,,,,,1.000000,847.710503,"Device",,"Tesla V100-DGXS-16GB (0)","1","7","[CUDA memset]"
3.104162,0.001664,3,4,1,256,1,1,16,1.000000,0,,,,,"Tesla V100-DGXS-16GB (0)","1","23","void nvinfer1::tiled_pooling::poolCHW_PQT<int=2, int=2, int=2, int=2, int=2, int=32, int=256, int=1, int=1, bool=1, nvinfer1::ITiledPooling::PoolingMode, bool=0>(nvinfer1::TiledPoolingParams) [1095]"
3.104204,0.001696,2,4,1,256,1,1,17,2.000000,0,,,,,"Tesla V100-DGXS-16GB (0)","1","23","void nvinfer1::tiled_pooling::poolCHW_PQT<int=2, int=2, int=2, int=2, int=2, int=32, int=256, int=2, int=1, bool=1, nvinfer1::ITiledPooling::PoolingMode, bool=0>(nvinfer1::TiledPoolingParams) [1103]"
3.104235,0.001888,1,4,1,256,1,1,22,3.000000,0,,,,,"Tesla V100-DGXS-16GB (0)","1","23","void nvinfer1::tiled_pooling::poolCHW_PQT<int=2, int=2, int=2, int=2, int=2, int=32, int=256, int=3, int=1, bool=1, nvinfer1::ITiledPooling::PoolingMode, bool=0>(nvinfer1::TiledPoolingParams) [1111]"
3.104264,0.001920,1,4,1,256,1,1,26,4.000000,0,,,,,"Tesla V100-DGXS-16GB (0)","1","23","void nvinfer1::tiled_pooling::poolCHW_PQT<int=2, int=2, int=2, int=2, int=2, int=32, int=256, int=4, int=1, bool=1, nvinfer1::ITiledPooling::PoolingMode, bool=0>(nvinfer1::TiledPoolingParams) [1119]"
3.104298,0.002016,1,4,1,256,1,1,30,5.000000,0,,,,,"Tesla V100-DGXS-16GB (0)","1","23","void nvinfer1::tiled_pooling::poolCHW_PQT<int=2, int=2, int=2, int=2, int=2, int=32, int=256, int=5, int=1, bool=1, nvinfer1::ITiledPooling::PoolingMode, bool=0>(nvinfer1::TiledPoolingParams) [1127]"
3.104326,0.002112,1,4,1,256,1,1,31,6.000000,0,,,,,"Tesla V100-DGXS-16GB (0)","1","23","void nvinfer1::tiled_pooling::poolCHW_PQT<int=2, int=2, int=2, int=2, int=2, int=32, int=256, int=6, int=1, bool=1, nvinfer1::ITiledPooling::PoolingMode, bool=0>(nvinfer1::TiledPoolingParams) [1135]"
3.104357,0.002240,1,4,1,256,1,1,32,7.000000,0,,,,,"Tesla V100-DGXS-16GB (0)","1","23","void nvinfer1::tiled_pooling::poolCHW_PQT<int=2, int=2, int=2, int=2, int=2, int=32, int=256, int=7, int=1, bool=1, nvinfer1::ITiledPooling::PoolingMode, bool=0>(nvinfer1::TiledPoolingParams) [1143]"
3.104385,0.002336,1,4,1,256,1,1,32,8.000000,0,,,,,"Tesla V100-DGXS-16GB (0)","1","23","void nvinfer1::tiled_pooling::poolCHW_PQT<int=2, int=2, int=2, int=2, int=2, int=32, int=256, int=8, int=1, bool=1, nvinfer1::ITiledPooling::PoolingMode, bool=0>(nvinfer1::TiledPoolingParams) [1151]"
3.104415,0.001600,3,4,1,128,1,1,16,0.500000,0,,,,,"Tesla V100-DGXS-16GB (0)","1","23","void nvinfer1::tiled_pooling::poolCHW_PQT<int=2, int=2, int=2, int=2, int=2, int=16, int=128, int=1, int=1, bool=1, nvinfer1::ITiledPooling::PoolingMode, bool=0>(nvinfer1::TiledPoolingParams) [1159]"
3.104444,0.001664,2,4,1,128,1,1,17,1.000000,0,,,,,"Tesla V100-DGXS-16GB (0)","1","23","void nvinfer1::tiled_pooling::poolCHW_PQT<int=2, int=2, int=2, int=2, int=2, int=16, int=128, int=2, int=1, bool=1, nvinfer1::ITiledPooling::PoolingMode, bool=0>(nvinfer1::TiledPoolingParams) [1167]"
3.104474,0.001856,1,4,1,128,1,1,22,1.500000,0,,,,,"Tesla V100-DGXS-16GB (0)","1","23","void nvinfer1::tiled_pooling::poolCHW_PQT<int=2, int=2, int=2, int=2, int=2, int=16, int=128, int=3, int=1, bool=1, nvinfer1::ITiledPooling::PoolingMode, bool=0>(nvinfer1::TiledPoolingParams) [1175]"
3.104502,0.001952,1,4,1,128,1,1,26,2.000000,0,,,,,"Tesla V100-DGXS-16GB (0)","1","23","void nvinfer1::tiled_pooling::poolCHW_PQT<int=2, int=2, int=2, int=2, int=2, int=16, int=128, int=4, int=1, bool=1, nvinfer1::ITiledPooling::PoolingMode, bool=0>(nvinfer1::TiledPoolingParams) [1183]"
3.104531,0.001984,1,4,1,128,1,1,30,2.500000,0,,,,,"Tesla V100-DGXS-16GB (0)","1","23","void nvinfer1::tiled_pooling::poolCHW_PQT<int=2, int=2, int=2, int=2, int=2, int=16, int=128, int=5, int=1, bool=1, nvinfer1::ITiledPooling::PoolingMode, bool=0>(nvinfer1::TiledPoolingParams) [1191]"
3.104561,0.002080,1,4,1,128,1,1,31,3.000000,0,,,,,"Tesla V100-DGXS-16GB (0)","1","23","void nvinfer1::tiled_pooling::poolCHW_PQT<int=2, int=2, int=2, int=2, int=2, int=16, int=128, int=6, int=1, bool=1, nvinfer1::ITiledPooling::PoolingMode, bool=0>(nvinfer1::TiledPoolingParams) [1199]"
3.104591,0.002240,1,4,1,128,1,1,32,3.500000,0,,,,,"Tesla V100-DGXS-16GB (0)","1","23","void nvinfer1::tiled_pooling::poolCHW_PQT<int=2, int=2, int=2, int=2, int=2, int=16, int=128, int=7, int=1, bool=1, nvinfer1::ITiledPooling::PoolingMode, bool=0>(nvinfer1::TiledPoolingParams) [1207]"
3.104619,0.002368,1,4,1,128,1,1,32,4.000000,0,,,,,"Tesla V100-DGXS-16GB (0)","1","23","void nvinfer1::tiled_pooling::poolCHW_PQT<int=2, int=2, int=2, int=2, int=2, int=16, int=128, int=8, int=1, bool=1, nvinfer1::ITiledPooling::PoolingMode, bool=0>(nvinfer1::TiledPoolingParams) [1215]"
3.105141,0.001152,,,,,,,,,,0.000561,0.475363,"Device",,"Tesla V100-DGXS-16GB (0)","1","7","[CUDA memset]"
3.105173,0.001184,,,,,,,,,,0.000103,0.084952,"Device",,"Tesla V100-DGXS-16GB (0)","1","7","[CUDA memset]"
3.105662,0.001184,,,,,,,,,,1.000000,824.799409,"Device",,"Tesla V100-DGXS-16GB (0)","1","7","[CUDA memset]"
3.105700,0.001696,3,2,1,256,1,1,16,1.000000,0,,,,,"Tesla V100-DGXS-16GB (0)","1","23","void nvinfer1::tiled_pooling::poolCHW_PQT<int=2, int=2, int=2, int=2, int=2, int=32, int=256, int=1, int=1, bool=1, nvinfer1::ITiledPooling::PoolingMode, bool=0>(nvinfer1::TiledPoolingParams) [1236]"
3.105741,0.001728,2,2,1,256,1,1,17,2.000000,0,,,,,"Tesla V100-DGXS-16GB (0)","1","23","void nvinfer1::tiled_pooling::poolCHW_PQT<int=2, int=2, int=2, int=2, int=2, int=32, int=256, int=2, int=1, bool=1, nvinfer1::ITiledPooling::PoolingMode, bool=0>(nvinfer1::TiledPoolingParams) [1244]"
3.105771,0.001888,1,2,1,256,1,1,22,3.000000,0,,,,,"Tesla V100-DGXS-16GB (0)","1","23","void nvinfer1::tiled_pooling::poolCHW_PQT<int=2, int=2, int=2, int=2, int=2, int=32, int=256, int=3, int=1, bool=1, nvinfer1::ITiledPooling::PoolingMode, bool=0>(nvinfer1::TiledPoolingParams) [1252]"
3.105800,0.001920,1,2,1,256,1,1,26,4.000000,0,,,,,"Tesla V100-DGXS-16GB (0)","1","23","void nvinfer1::tiled_pooling::poolCHW_PQT<int=2, int=2, int=2, int=2, int=2, int=32, int=256, int=4, int=1, bool=1, nvinfer1::ITiledPooling::PoolingMode, bool=0>(nvinfer1::TiledPoolingParams) [1260]"
3.105829,0.002048,1,2,1,256,1,1,30,5.000000,0,,,,,"Tesla V100-DGXS-16GB (0)","1","23","void nvinfer1::tiled_pooling::poolCHW_PQT<int=2, int=2, int=2, int=2, int=2, int=32, int=256, int=5, int=1, bool=1, nvinfer1::ITiledPooling::PoolingMode, bool=0>(nvinfer1::TiledPoolingParams) [1268]"
3.105858,0.002176,1,2,1,256,1,1,31,6.000000,0,,,,,"Tesla V100-DGXS-16GB (0)","1","23","void nvinfer1::tiled_pooling::poolCHW_PQT<int=2, int=2, int=2, int=2, int=2, int=32, int=256, int=6, int=1, bool=1, nvinfer1::ITiledPooling::PoolingMode, bool=0>(nvinfer1::TiledPoolingParams) [1276]"
3.105886,0.002272,1,2,1,256,1,1,32,7.000000,0,,,,,"Tesla V100-DGXS-16GB (0)","1","23","void nvinfer1::tiled_pooling::poolCHW_PQT<int=2, int=2, int=2, int=2, int=2, int=32, int=256, int=7, int=1, bool=1, nvinfer1::ITiledPooling::PoolingMode, bool=0>(nvinfer1::TiledPoolingParams) [1284]"
3.105915,0.002400,1,2,1,256,1,1,32,8.000000,0,,,,,"Tesla V100-DGXS-16GB (0)","1","23","void nvinfer1::tiled_pooling::poolCHW_PQT<int=2, int=2, int=2, int=2, int=2, int=32, int=256, int=8, int=1, bool=1, nvinfer1::ITiledPooling::PoolingMode, bool=0>(nvinfer1::TiledPoolingParams) [1292]"
3.105944,0.001568,3,2,1,128,1,1,16,0.500000,0,,,,,"Tesla V100-DGXS-16GB (0)","1","23","void nvinfer1::tiled_pooling::poolCHW_PQT<int=2, int=2, int=2, int=2, int=2, int=16, int=128, int=1, int=1, bool=1, nvinfer1::ITiledPooling::PoolingMode, bool=0>(nvinfer1::TiledPoolingParams) [1300]"
3.105972,0.001728,2,2,1,128,1,1,17,1.000000,0,,,,,"Tesla V100-DGXS-16GB (0)","1","23","void nvinfer1::tiled_pooling::poolCHW_PQT<int=2, int=2, int=2, int=2, int=2, int=16, int=128, int=2, int=1, bool=1, nvinfer1::ITiledPooling::PoolingMode, bool=0>(nvinfer1::TiledPoolingParams) [1308]"
3.106000,0.001824,1,2,1,128,1,1,22,1.500000,0,,,,,"Tesla V100-DGXS-16GB (0)","1","23","void nvinfer1::tiled_pooling::poolCHW_PQT<int=2, int=2, int=2, int=2, int=2, int=16, int=128, int=3, int=1, bool=1, nvinfer1::ITiledPooling::PoolingMode, bool=0>(nvinfer1::TiledPoolingParams) [1316]"
3.106029,0.001920,1,2,1,128,1,1,26,2.000000,0,,,,,"Tesla V100-DGXS-16GB (0)","1","23","void nvinfer1::tiled_pooling::poolCHW_PQT<int=2, int=2, int=2, int=2, int=2, int=16, int=128, int=4, int=1, bool=1, nvinfer1::ITiledPooling::PoolingMode, bool=0>(nvinfer1::TiledPoolingParams) [1324]"
3.106061,0.002048,1,2,1,128,1,1,30,2.500000,0,,,,,"Tesla V100-DGXS-16GB (0)","1","23","void nvinfer1::tiled_pooling::poolCHW_PQT<int=2, int=2, int=2, int=2, int=2, int=16, int=128, int=5, int=1, bool=1, nvinfer1::ITiledPooling::PoolingMode, bool=0>(nvinfer1::TiledPoolingParams) [1332]"
3.106089,0.002144,1,2,1,128,1,1,31,3.000000,0,,,,,"Tesla V100-DGXS-16GB (0)","1","23","void nvinfer1::tiled_pooling::poolCHW_PQT<int=2, int=2, int=2, int=2, int=2, int=16, int=128, int=6, int=1, bool=1, nvinfer1::ITiledPooling::PoolingMode, bool=0>(nvinfer1::TiledPoolingParams) [1340]"
3.106118,0.002272,1,2,1,128,1,1,32,3.500000,0,,,,,"Tesla V100-DGXS-16GB (0)","1","23","void nvinfer1::tiled_pooling::poolCHW_PQT<int=2, int=2, int=2, int=2, int=2, int=16, int=128, int=7, int=1, bool=1, nvinfer1::ITiledPooling::PoolingMode, bool=0>(nvinfer1::TiledPoolingParams) [1348]"
3.106147,0.002432,1,2,1,128,1,1,32,4.000000,0,,,,,"Tesla V100-DGXS-16GB (0)","1","23","void nvinfer1::tiled_pooling::poolCHW_PQT<int=2, int=2, int=2, int=2, int=2, int=16, int=128, int=8, int=1, bool=1, nvinfer1::ITiledPooling::PoolingMode, bool=0>(nvinfer1::TiledPoolingParams) [1356]"
3.106456,0.001184,,,,,,,,,,0.000103,0.084952,"Device",,"Tesla V100-DGXS-16GB (0)","1","7","[CUDA memset]"
3.106478,0.001216,,,,,,,,,,0.015625,12.548346,"Device",,"Tesla V100-DGXS-16GB (0)","1","7","[CUDA memset]"
3.106966,0.001152,,,,,,,,,,1.000000,847.710503,"Device",,"Tesla V100-DGXS-16GB (0)","1","7","[CUDA memset]"
3.107070,0.070176,,,,,,,,,,0.421875,5.870772,"Pageable","Device","Tesla V100-DGXS-16GB (0)","1","7","[CUDA memcpy HtoD]"
3.107159,0.002880,,,,,,,,,,0.015625,5.298191,"Pageable","Device","Tesla V100-DGXS-16GB (0)","1","7","[CUDA memcpy HtoD]"
3.107198,0.004160,512,1,1,128,1,1,32,1.500000,0,,,,,"Tesla V100-DGXS-16GB (0)","1","23","void gemv2T_kernel_val<float, float, float, int=128, int=16, int=2, int=4, bool=0>(int, int, float, float const *, int, float const *, int, float, float*, int) [1390]"
3.107234,0.003296,1,16,1,16,16,1,16,0.000000,0,,,,,"Tesla V100-DGXS-16GB (0)","1","23","void add_tensor_kernel_v3<int=2, float, float, int=16, int=16, int=1, int=16, int=4>(cudnnTensorStruct, float*, cudnnTensorStruct, float const *, float, float) [1399]"
3.107251,0.005600,1,1,1,128,1,1,21,0.000000,0,,,,,"Tesla V100-DGXS-16GB (0)","1","23","void cudnn::detail::activation_fw_4d_kernel<float, float, int=128, int=1, int=4, cudnn::detail::relu_func<float, cudnnNanPropagation_t=1, bool=0>>(cudnnTensorStruct, float const *, cudnn::detail::activation_fw_4d_kernel<float, float, int=128, int=1, int=4, cudnn::detail::relu_func<float, cudnnNanPropagation_t=1, bool=0>>, cudnnTensorStruct*, float, cudnnTensorStruct*, int, cudnnTensorStruct*) [1410]"
3.107948,0.070847,,,,,,,,,,0.421875,5.815169,"Pageable","Device","Tesla V100-DGXS-16GB (0)","1","7","[CUDA memcpy HtoD]"
3.108036,0.002880,,,,,,,,,,0.015625,5.298191,"Pageable","Device","Tesla V100-DGXS-16GB (0)","1","7","[CUDA memcpy HtoD]"
3.108060,0.004224,128,1,1,128,1,1,56,2.500000,0,,,,,"Tesla V100-DGXS-16GB (0)","1","23","void gemv2N_kernel_val<float, float, float, int=128, int=4, int=4, int=4, int=1>(float, float, cublasGemv2Params_v2<float, float, float>) [1426]"
3.108075,0.002016,1,16,1,16,16,1,16,0.000000,0,,,,,"Tesla V100-DGXS-16GB (0)","1","23","void add_tensor_kernel_v3<int=2, float, float, int=16, int=16, int=1, int=16, int=4>(cudnnTensorStruct, float*, cudnnTensorStruct, float const *, float, float) [1435]"
3.108087,0.004800,1,1,1,128,1,1,21,0.000000,0,,,,,"Tesla V100-DGXS-16GB (0)","1","23","void cudnn::detail::activation_fw_4d_kernel<float, float, int=128, int=1, int=4, cudnn::detail::relu_func<float, cudnnNanPropagation_t=1, bool=0>>(cudnnTensorStruct, float const *, cudnn::detail::activation_fw_4d_kernel<float, float, int=128, int=1, int=4, cudnn::detail::relu_func<float, cudnnNanPropagation_t=1, bool=0>>, cudnnTensorStruct*, float, cudnnTensorStruct*, int, cudnnTensorStruct*) [1446]"
3.108434,0.001152,,,,,,,,,,0.015625,13.245477,"Device",,"Tesla V100-DGXS-16GB (0)","1","7","[CUDA memset]"
3.108455,0.001152,,,,,,,,,,0.007812,6.622738,"Device",,"Tesla V100-DGXS-16GB (0)","1","7","[CUDA memset]"
3.108945,0.001152,,,,,,,,,,1.000000,847.710503,"Device",,"Tesla V100-DGXS-16GB (0)","1","7","[CUDA memset]"
3.109574,5.274681,,,,,,,,,,32.000000,5.924529,"Pageable","Device","Tesla V100-DGXS-16GB (0)","1","7","[CUDA memcpy HtoD]"
3.114866,0.002080,,,,,,,,,,0.007812,3.667978,"Pageable","Device","Tesla V100-DGXS-16GB (0)","1","7","[CUDA memcpy HtoD]"
3.114911,0.051264,256,1,1,128,1,1,32,1.500000,0,,,,,"Tesla V100-DGXS-16GB (0)","1","23","void gemv2T_kernel_val<float, float, float, int=128, int=16, int=2, int=4, bool=0>(int, int, float, float const *, int, float const *, int, float, float*, int) [1486]"
3.114964,0.003168,1,8,1,16,16,1,16,0.000000,0,,,,,"Tesla V100-DGXS-16GB (0)","1","23","void add_tensor_kernel_v3<int=2, float, float, int=16, int=16, int=1, int=16, int=4>(cudnnTensorStruct, float*, cudnnTensorStruct, float const *, float, float) [1495]"
3.114968,0.004000,1,1,1,128,1,1,21,0.000000,0,,,,,"Tesla V100-DGXS-16GB (0)","1","23","void cudnn::detail::activation_fw_4d_kernel<float, float, int=128, int=1, int=4, cudnn::detail::relu_func<float, cudnnNanPropagation_t=1, bool=0>>(cudnnTensorStruct, float const *, cudnn::detail::activation_fw_4d_kernel<float, float, int=128, int=1, int=4, cudnn::detail::relu_func<float, cudnnNanPropagation_t=1, bool=0>>, cudnnTensorStruct*, float, cudnnTensorStruct*, int, cudnnTensorStruct*) [1506]"
3.177582,5.300088,,,,,,,,,,32.000000,5.896129,"Pageable","Device","Tesla V100-DGXS-16GB (0)","1","7","[CUDA memcpy HtoD]"
3.184271,0.002080,,,,,,,,,,0.007812,3.667978,"Pageable","Device","Tesla V100-DGXS-16GB (0)","1","7","[CUDA memcpy HtoD]"
3.184314,0.066751,64,1,1,128,1,1,56,2.500000,0,,,,,"Tesla V100-DGXS-16GB (0)","1","23","void gemv2N_kernel_val<float, float, float, int=128, int=4, int=4, int=4, int=1>(float, float, cublasGemv2Params_v2<float, float, float>) [1522]"
3.184382,0.002784,1,8,1,16,16,1,16,0.000000,0,,,,,"Tesla V100-DGXS-16GB (0)","1","23","void add_tensor_kernel_v3<int=2, float, float, int=16, int=16, int=1, int=16, int=4>(cudnnTensorStruct, float*, cudnnTensorStruct, float const *, float, float) [1531]"
3.184387,0.004096,1,1,1,128,1,1,21,0.000000,0,,,,,"Tesla V100-DGXS-16GB (0)","1","23","void cudnn::detail::activation_fw_4d_kernel<float, float, int=128, int=1, int=4, cudnn::detail::relu_func<float, cudnnNanPropagation_t=1, bool=0>>(cudnnTensorStruct, float const *, cudnn::detail::activation_fw_4d_kernel<float, float, int=128, int=1, int=4, cudnn::detail::relu_func<float, cudnnNanPropagation_t=1, bool=0>>, cudnnTensorStruct*, float, cudnnTensorStruct*, int, cudnnTensorStruct*) [1542]"
3.185027,0.001184,,,,,,,,,,0.007812,6.443745,"Device",,"Tesla V100-DGXS-16GB (0)","1","7","[CUDA memset]"
3.185709,0.001184,,,,,,,,,,0.003815,3.146360,"Device",,"Tesla V100-DGXS-16GB (0)","1","7","[CUDA memset]"
3.186201,0.001184,,,,,,,,,,1.000000,824.799409,"Device",,"Tesla V100-DGXS-16GB (0)","1","7","[CUDA memset]"
3.186821,1.301206,,,,,,,,,,7.812500,5.863326,"Pageable","Device","Tesla V100-DGXS-16GB (0)","1","7","[CUDA memcpy HtoD]"
3.188139,0.001664,,,,,,,,,,0.003815,2.238756,"Pageable","Device","Tesla V100-DGXS-16GB (0)","1","7","[CUDA memcpy HtoD]"
3.188168,0.021440,125,1,1,128,1,1,32,1.500000,0,,,,,"Tesla V100-DGXS-16GB (0)","1","23","void gemv2T_kernel_val<float, float, float, int=128, int=16, int=2, int=4, bool=0>(int, int, float, float const *, int, float const *, int, float, float*, int) [1582]"
3.188191,0.003040,1,4,1,16,16,1,16,0.000000,0,,,,,"Tesla V100-DGXS-16GB (0)","1","23","void add_tensor_kernel_v3<int=2, float, float, int=16, int=16, int=1, int=16, int=4>(cudnnTensorStruct, float*, cudnnTensorStruct, float const *, float, float) [1591]"
3.196908,1.300854,,,,,,,,,,7.812500,5.864912,"Pageable","Device","Tesla V100-DGXS-16GB (0)","1","7","[CUDA memcpy HtoD]"
3.198226,0.001696,,,,,,,,,,0.003815,2.196516,"Pageable","Device","Tesla V100-DGXS-16GB (0)","1","7","[CUDA memcpy HtoD]"
3.198253,0.025600,63,1,1,128,1,1,56,2.500000,0,,,,,"Tesla V100-DGXS-16GB (0)","1","23","void gemv2N_kernel_val<float, float, float, int=128, int=8, int=4, int=4, int=1>(float, float, cublasGemv2Params_v2<float, float, float>) [1607]"
3.198280,0.002208,1,4,1,16,16,1,16,0.000000,0,,,,,"Tesla V100-DGXS-16GB (0)","1","23","void add_tensor_kernel_v3<int=2, float, float, int=16, int=16, int=1, int=16, int=4>(cudnnTensorStruct, float*, cudnnTensorStruct, float const *, float, float) [1616]"
3.200438,0.001184,,,,,,,,,,0.574219,473.615286,"Device",,"Tesla V100-DGXS-16GB (0)","1","7","[CUDA memset]"
3.200911,0.001184,,,,,,,,,,0.003815,3.146360,"Device",,"Tesla V100-DGXS-16GB (0)","1","7","[CUDA memset]"
3.200932,0.001184,,,,,,,,,,1.000000,824.799409,"Device",,"Tesla V100-DGXS-16GB (0)","1","7","[CUDA memset]"
3.201399,0.001152,,,,,,,,,,0.574219,486.771266,"Device",,"Tesla V100-DGXS-16GB (0)","1","7","[CUDA memset]"
3.201871,0.001184,,,,,,,,,,0.143555,118.403821,"Device",,"Tesla V100-DGXS-16GB (0)","1","7","[CUDA memset]"
3.201897,0.001184,,,,,,,,,,0.000103,0.084952,"Device",,"Tesla V100-DGXS-16GB (0)","1","7","[CUDA memset]"
3.206945,0.001184,,,,,,,,,,0.014648,12.082023,"Device",,"Tesla V100-DGXS-16GB (0)","1","32","[CUDA memset]"
3.208040,0.001504,,,,,,,,,,0.000107,0.069354,"Pageable","Device","Tesla V100-DGXS-16GB (0)","1","7","[CUDA memcpy HtoD]"
3.208787,0.001504,,,,,,,,,,0.000107,0.069354,"Pageable","Device","Tesla V100-DGXS-16GB (0)","1","7","[CUDA memcpy HtoD]"
3.209525,0.071231,,,,,,,,,,0.421875,5.783820,"Pageable","Device","Tesla V100-DGXS-16GB (0)","1","7","[CUDA memcpy HtoD]"
3.209615,0.002912,,,,,,,,,,0.015625,5.239969,"Pageable","Device","Tesla V100-DGXS-16GB (0)","1","7","[CUDA memcpy HtoD]"
3.210236,5.278265,,,,,,,,,,32.000000,5.920506,"Pageable","Device","Tesla V100-DGXS-16GB (0)","1","7","[CUDA memcpy HtoD]"
3.215530,0.002080,,,,,,,,,,0.007812,3.667978,"Pageable","Device","Tesla V100-DGXS-16GB (0)","1","7","[CUDA memcpy HtoD]"
3.216154,1.291446,,,,,,,,,,7.812500,5.907637,"Pageable","Device","Tesla V100-DGXS-16GB (0)","1","7","[CUDA memcpy HtoD]"
3.217462,0.001664,,,,,,,,,,0.003815,2.238756,"Pageable","Device","Tesla V100-DGXS-16GB (0)","1","7","[CUDA memcpy HtoD]"
3.223200,0.001504,,,,,,,,,,0.014648,9.511379,"Device",,"Tesla V100-DGXS-16GB (0)","1","41","[CUDA memset]"
3.224741,0.001472,,,,,,,,,,0.000107,0.070861,"Pageable","Device","Tesla V100-DGXS-16GB (0)","1","7","[CUDA memcpy HtoD]"
3.225468,0.001504,,,,,,,,,,0.000107,0.069354,"Pageable","Device","Tesla V100-DGXS-16GB (0)","1","7","[CUDA memcpy HtoD]"
3.226522,0.096735,,,,,,,,,,0.574219,5.796873,"Pageable","Device","Tesla V100-DGXS-16GB (0)","1","43","[CUDA memcpy HtoD]"
3.226631,0.006272,192,1,1,128,1,1,22,0.000000,0,,,,,"Tesla V100-DGXS-16GB (0)","1","43","void cudnn::detail::activation_fw_4d_kernel<float, float, int=128, int=1, int=4, cudnn::detail::sigmoid_func<float>>(cudnnTensorStruct, float const *, cudnn::detail::activation_fw_4d_kernel<float, float, int=128, int=1, int=4, cudnn::detail::sigmoid_func<float>>, cudnnTensorStruct*, float, cudnnTensorStruct*, int, cudnnTensorStruct*) [2176]"
3.226639,0.004256,1,56,7,128,1,1,30,2.500000,0,,,,,"Tesla V100-DGXS-16GB (0)","1","43","void nvinfer1::tiled_pooling::poolCHW_PQT<int=2, int=2, int=2, int=2, int=2, int=16, int=128, int=5, int=1, bool=1, nvinfer1::ITiledPooling::PoolingMode, bool=0>(nvinfer1::TiledPoolingParams) [2180]"
3.226645,0.002816,1,28,4,128,1,1,22,1.500000,0,,,,,"Tesla V100-DGXS-16GB (0)","1","43","void nvinfer1::tiled_pooling::poolCHW_PQT<int=2, int=2, int=2, int=2, int=2, int=16, int=128, int=3, int=1, bool=1, nvinfer1::ITiledPooling::PoolingMode, bool=0>(nvinfer1::TiledPoolingParams) [2184]"
3.226648,0.001792,1,14,2,128,1,1,30,2.500000,0,,,,,"Tesla V100-DGXS-16GB (0)","1","43","void nvinfer1::tiled_pooling::poolCHW_PQT<int=2, int=2, int=2, int=2, int=2, int=16, int=128, int=5, int=1, bool=1, nvinfer1::ITiledPooling::PoolingMode, bool=0>(nvinfer1::TiledPoolingParams) [2188]"
3.226651,0.001824,1,7,1,128,1,1,30,2.500000,0,,,,,"Tesla V100-DGXS-16GB (0)","1","43","void nvinfer1::tiled_pooling::poolCHW_PQT<int=2, int=2, int=2, int=2, int=2, int=16, int=128, int=5, int=1, bool=1, nvinfer1::ITiledPooling::PoolingMode, bool=0>(nvinfer1::TiledPoolingParams) [2192]"
3.226654,0.003360,1,4,1,256,1,1,32,7.000000,0,,,,,"Tesla V100-DGXS-16GB (0)","1","43","void nvinfer1::tiled_pooling::poolCHW_PQT<int=2, int=2, int=2, int=2, int=2, int=32, int=256, int=7, int=1, bool=1, nvinfer1::ITiledPooling::PoolingMode, bool=0>(nvinfer1::TiledPoolingParams) [2196]"
3.226658,0.001952,1,2,1,128,1,1,30,2.500000,0,,,,,"Tesla V100-DGXS-16GB (0)","1","43","void nvinfer1::tiled_pooling::poolCHW_PQT<int=2, int=2, int=2, int=2, int=2, int=16, int=128, int=5, int=1, bool=1, nvinfer1::ITiledPooling::PoolingMode, bool=0>(nvinfer1::TiledPoolingParams) [2200]"
3.226662,0.005280,128,1,1,128,1,1,56,2.500000,0,,,,,"Tesla V100-DGXS-16GB (0)","1","43","void gemv2N_kernel_val<float, float, float, int=128, int=4, int=4, int=4, int=1>(float, float, cublasGemv2Params_v2<float, float, float>) [2206]"
3.226672,0.003360,1,16,1,16,16,1,16,0.000000,0,,,,,"Tesla V100-DGXS-16GB (0)","1","43","void add_tensor_kernel_v3<int=2, float, float, int=16, int=16, int=1, int=16, int=4>(cudnnTensorStruct, float*, cudnnTensorStruct, float const *, float, float) [2215]"
3.226686,0.005504,1,1,1,128,1,1,21,0.000000,0,,,,,"Tesla V100-DGXS-16GB (0)","1","43","void cudnn::detail::activation_fw_4d_kernel<float, float, int=128, int=1, int=4, cudnn::detail::relu_func<float, cudnnNanPropagation_t=1, bool=0>>(cudnnTensorStruct, float const *, cudnn::detail::activation_fw_4d_kernel<float, float, int=128, int=1, int=4, cudnn::detail::relu_func<float, cudnnNanPropagation_t=1, bool=0>>, cudnnTensorStruct*, float, cudnnTensorStruct*, int, cudnnTensorStruct*) [2226]"
3.226701,0.049888,256,1,1,128,1,1,32,1.500000,0,,,,,"Tesla V100-DGXS-16GB (0)","1","43","void gemv2T_kernel_val<float, float, float, int=128, int=16, int=2, int=4, bool=0>(int, int, float, float const *, int, float const *, int, float, float*, int) [2239]"
3.226753,0.002848,1,8,1,16,16,1,16,0.000000,0,,,,,"Tesla V100-DGXS-16GB (0)","1","43","void add_tensor_kernel_v3<int=2, float, float, int=16, int=16, int=1, int=16, int=4>(cudnnTensorStruct, float*, cudnnTensorStruct, float const *, float, float) [2248]"
3.226757,0.004224,1,1,1,128,1,1,21,0.000000,0,,,,,"Tesla V100-DGXS-16GB (0)","1","43","void cudnn::detail::activation_fw_4d_kernel<float, float, int=128, int=1, int=4, cudnn::detail::relu_func<float, cudnnNanPropagation_t=1, bool=0>>(cudnnTensorStruct, float const *, cudnn::detail::activation_fw_4d_kernel<float, float, int=128, int=1, int=4, cudnn::detail::relu_func<float, cudnnNanPropagation_t=1, bool=0>>, cudnnTensorStruct*, float, cudnnTensorStruct*, int, cudnnTensorStruct*) [2259]"
3.226762,0.016224,125,1,1,128,1,1,32,1.500000,0,,,,,"Tesla V100-DGXS-16GB (0)","1","43","void gemv2T_kernel_val<float, float, float, int=128, int=16, int=2, int=4, bool=0>(int, int, float, float const *, int, float const *, int, float, float*, int) [2272]"
3.226780,0.002912,1,4,1,16,16,1,16,0.000000,0,,,,,"Tesla V100-DGXS-16GB (0)","1","43","void add_tensor_kernel_v3<int=2, float, float, int=16, int=16, int=1, int=16, int=4>(cudnnTensorStruct, float*, cudnnTensorStruct, float const *, float, float) [2281]"
3.226785,0.002432,,,,,,,,,,0.003815,1.531781,"Device","Pageable","Tesla V100-DGXS-16GB (0)","1","43","[CUDA memcpy DtoH]"
