==9758== NVPROF is profiling process 9758, command: python vgg_generator_RT.py 475
==9758== Profiling application: python vgg_generator_RT.py 475
==9758== Profiling result:
"Device","Context","Stream","Kernel","dram_write_transactions","dram_read_transactions"
,,,,,
"Tesla V100-DGXS-16GB (0)","1","23","void cudnn::detail::activation_fw_4d_kernel<float, float, int=128, int=1, int=4, cudnn::detail::sigmoid_func<float>>(cudnnTensorStruct, float const *, cudnn::detail::activation_fw_4d_kernel<float, float, int=128, int=1, int=4, cudnn::detail::sigmoid_func<float>>, cudnnTensorStruct*, float, cudnnTensorStruct*, int, cudnnTensorStruct*)",20424,713
"Tesla V100-DGXS-16GB (0)","1","23","void fused::fusedConvolutionReluKernel<fused::SrcChwcPtr_FltTex_Reader<float, int=1, int=1, int=1>, fused::KpqkPtrWriter<float, int=1, int=1>, float, float, int=7, int=4, int=1, int=1, int=1, int=1, int=1>(fused::ConvolutionParams<floatSrcType, int=1, int=1Type>, float)",970944,330521
"Tesla V100-DGXS-16GB (0)","1","23","void fused::fusedConvolutionReluKernel<fused::SrcChwcPtr_FltTex_Reader<float, int=1, int=1, int=4>, fused::KpqkPtrWriter<float, int=1, int=4>, float, float, int=5, int=5, int=1, int=1, int=1, int=1, int=1>(fused::ConvolutionParams<floatSrcType, int=4, int=1Type>, float)",1215828,463892
"Tesla V100-DGXS-16GB (0)","1","23","cask::computeOffsetsKernel(cask::ComputeOffsetsParams)",6873,104
"Tesla V100-DGXS-16GB (0)","1","23","trt_volta_scudnn_128x32_relu_small_nn_v1",587606,48598
"Tesla V100-DGXS-16GB (0)","1","23","cask::computeOffsetsKernel(cask::ComputeOffsetsParams)",12218,100
"Tesla V100-DGXS-16GB (0)","1","23","trt_volta_scudnn_128x64_relu_medium_nn_v1",547289,46611
"Tesla V100-DGXS-16GB (0)","1","23","cask::computeOffsetsKernel(cask::ComputeOffsetsParams)",10377,92
"Tesla V100-DGXS-16GB (0)","1","23","trt_volta_scudnn_128x128_relu_medium_nn_v1",535541,24281
"Tesla V100-DGXS-16GB (0)","1","23","cask::computeOffsetsKernel(cask::ComputeOffsetsParams)",11713,92
"Tesla V100-DGXS-16GB (0)","1","23","trt_volta_scudnn_128x32_relu_interior_nn_v1",535545,41089
"Tesla V100-DGXS-16GB (0)","1","23","cask::computeOffsetsKernel(cask::ComputeOffsetsParams)",12130,92
"Tesla V100-DGXS-16GB (0)","1","23","trt_volta_scudnn_128x128_relu_small_nn_v1",540354,23925
"Tesla V100-DGXS-16GB (0)","1","23","cask::computeOffsetsKernel(cask::ComputeOffsetsParams)",11950,92
"Tesla V100-DGXS-16GB (0)","1","23","trt_volta_scudnn_128x64_relu_small_nn_v1",546365,46519
"Tesla V100-DGXS-16GB (0)","1","23","cask::computeOffsetsKernel(cask::ComputeOffsetsParams)",10653,92
"Tesla V100-DGXS-16GB (0)","1","23","trt_volta_scudnn_128x64_relu_interior_nn_v1",540165,39541
"Tesla V100-DGXS-16GB (0)","1","23","cask::computeOffsetsKernel(cask::ComputeOffsetsParams)",11286,92
"Tesla V100-DGXS-16GB (0)","1","23","trt_volta_scudnn_128x128_relu_interior_nn_v1",535589,22847
"Tesla V100-DGXS-16GB (0)","1","23","void cudnn::detail::implicit_convolve_sgemm<float, float, int=128, int=6, int=7, int=3, int=3, int=5, int=1, bool=1, bool=0, bool=1>(int, int, int, float const *, int, float*, cudnn::detail::implicit_convolve_sgemm<float, float, int=128, int=6, int=7, int=3, int=3, int=5, int=1, bool=1, bool=0, bool=1>*, kernel_conv_params, int, float, float, int, float, float, int, int)",1032624,326318
"Tesla V100-DGXS-16GB (0)","1","23","void add_tensor_kernel_v3<int=2, float, float, int=128, int=1, int=1, int=4, int=2>(cudnnTensorStruct, float*, cudnnTensorStruct, float const *, float, float)",601857,552137
"Tesla V100-DGXS-16GB (0)","1","23","void cudnn::detail::activation_fw_4d_kernel<float, float, int=128, int=1, int=4, cudnn::detail::relu_func<float, cudnnNanPropagation_t=1, bool=0>>(cudnnTensorStruct, float const *, cudnn::detail::activation_fw_4d_kernel<float, float, int=128, int=1, int=4, cudnn::detail::relu_func<float, cudnnNanPropagation_t=1, bool=0>>, cudnnTensorStruct*, float, cudnnTensorStruct*, int, cudnnTensorStruct*)",560546,516408
"Tesla V100-DGXS-16GB (0)","1","23","cudnn::gemm::computeOffsetsKernel(cudnn::gemm::ComputeOffsetsParams)",5267,87
"Tesla V100-DGXS-16GB (0)","1","23","volta_scudnn_128x64_relu_interior_nn_v1",536369,43273
"Tesla V100-DGXS-16GB (0)","1","23","void add_tensor_kernel_v3<int=2, float, float, int=128, int=1, int=1, int=4, int=2>(cudnnTensorStruct, float*, cudnnTensorStruct, float const *, float, float)",556353,536401
"Tesla V100-DGXS-16GB (0)","1","23","void cudnn::detail::activation_fw_4d_kernel<float, float, int=128, int=1, int=4, cudnn::detail::relu_func<float, cudnnNanPropagation_t=1, bool=0>>(cudnnTensorStruct, float const *, cudnn::detail::activation_fw_4d_kernel<float, float, int=128, int=1, int=4, cudnn::detail::relu_func<float, cudnnNanPropagation_t=1, bool=0>>, cudnnTensorStruct*, float, cudnnTensorStruct*, int, cudnnTensorStruct*)",560820,517320
"Tesla V100-DGXS-16GB (0)","1","23","void im2col4d_kernel<float, int>(im2col4d_params, cudnnConvolutionStruct, cudnnTensor4dStruct, float const *, float*, int)",13089,18953
"Tesla V100-DGXS-16GB (0)","1","23","void cudnn::detail::explicit_convolve_sgemm<float, int, int=128, int=6, int=7, int=3, int=3, int=5, int=0, bool=1>(int, int, int, float const *, int, float const , int, cudnn::detail::explicit_convolve_sgemm<float, int, int=128, int=6, int=7, int=3, int=3, int=5, int=0, bool=1>*, kernel_conv_params, int, int, float, float, int, float const *, float const *)",996533,314006
"Tesla V100-DGXS-16GB (0)","1","23","void add_tensor_kernel_v3<int=2, float, float, int=128, int=1, int=1, int=4, int=2>(cudnnTensorStruct, float*, cudnnTensorStruct, float const *, float, float)",598382,552549
"Tesla V100-DGXS-16GB (0)","1","23","void cudnn::detail::activation_fw_4d_kernel<float, float, int=128, int=1, int=4, cudnn::detail::relu_func<float, cudnnNanPropagation_t=1, bool=0>>(cudnnTensorStruct, float const *, cudnn::detail::activation_fw_4d_kernel<float, float, int=128, int=1, int=4, cudnn::detail::relu_func<float, cudnnNanPropagation_t=1, bool=0>>, cudnnTensorStruct*, float, cudnnTensorStruct*, int, cudnnTensorStruct*)",560961,516657
"Tesla V100-DGXS-16GB (0)","1","23","void fused::fusedConvolutionReluKernel<fused::SrcChwcPtr_FltTex_Reader<float, int=1, int=1, int=1>, fused::KpqkPtrWriter<float, int=1, int=1>, float, float, int=7, int=4, int=1, int=3, int=3, int=2, int=2>(fused::ConvolutionParams<floatSrcType, int=1, int=1Type>, float)",1614654,2241467
"Tesla V100-DGXS-16GB (0)","1","23","cask::computeOffsetsKernel(cask::ComputeOffsetsParams)",295,92
"Tesla V100-DGXS-16GB (0)","1","23","trt_volta_scudnn_128x128_relu_xregs_large_nn_v1",829564,2327126
"Tesla V100-DGXS-16GB (0)","1","23","cask::computeOffsetsKernel(cask::ComputeOffsetsParams)",2417,92
"Tesla V100-DGXS-16GB (0)","1","23","trt_volta_scudnn_128x32_relu_small_nn_v1",932855,3074101
"Tesla V100-DGXS-16GB (0)","1","23","cask::computeOffsetsKernel(cask::ComputeOffsetsParams)",2761,92
"Tesla V100-DGXS-16GB (0)","1","23","trt_volta_scudnn_128x64_relu_medium_nn_v1",916229,3137670
"Tesla V100-DGXS-16GB (0)","1","23","cask::computeOffsetsKernel(cask::ComputeOffsetsParams)",2613,92
"Tesla V100-DGXS-16GB (0)","1","23","trt_volta_scudnn_128x64_relu_xregs_large_nn_v1",945205,2377239
"Tesla V100-DGXS-16GB (0)","1","23","cask::computeOffsetsKernel(cask::ComputeOffsetsParams)",2297,92
"Tesla V100-DGXS-16GB (0)","1","23","trt_volta_scudnn_128x128_relu_medium_nn_v1",907869,1615276
"Tesla V100-DGXS-16GB (0)","1","23","cask::computeOffsetsKernel(cask::ComputeOffsetsParams)",2400,92
"Tesla V100-DGXS-16GB (0)","1","23","trt_volta_scudnn_128x128_relu_small_nn_v1",907265,1608259
"Tesla V100-DGXS-16GB (0)","1","23","cask::computeOffsetsKernel(cask::ComputeOffsetsParams)",2481,92
"Tesla V100-DGXS-16GB (0)","1","23","trt_volta_scudnn_128x64_relu_small_nn_v1",907578,3532506
"Tesla V100-DGXS-16GB (0)","1","23","void cudnn::detail::implicit_convolve_sgemm<float, float, int=1024, int=6, int=7, int=3, int=3, int=5, int=1, bool=1, bool=0, bool=1>(int, int, int, float const *, int, float*, cudnn::detail::implicit_convolve_sgemm<float, float, int=1024, int=6, int=7, int=3, int=3, int=5, int=1, bool=1, bool=0, bool=1>*, kernel_conv_params, int, float, float, int, float, float, int, int)",1616666,2527804
"Tesla V100-DGXS-16GB (0)","1","23","void add_tensor_kernel_v3<int=2, float, float, int=128, int=1, int=1, int=4, int=2>(cudnnTensorStruct, float*, cudnnTensorStruct, float const *, float, float)",846890,799525
"Tesla V100-DGXS-16GB (0)","1","23","void cudnn::detail::activation_fw_4d_kernel<float, float, int=128, int=1, int=4, cudnn::detail::relu_func<float, cudnnNanPropagation_t=1, bool=0>>(cudnnTensorStruct, float const *, cudnn::detail::activation_fw_4d_kernel<float, float, int=128, int=1, int=4, cudnn::detail::relu_func<float, cudnnNanPropagation_t=1, bool=0>>, cudnnTensorStruct*, float, cudnnTensorStruct*, int, cudnnTensorStruct*)",809047,799901
"Tesla V100-DGXS-16GB (0)","1","23","cudnn::gemm::computeOffsetsKernel(cudnn::gemm::ComputeOffsetsParams)",821,76
"Tesla V100-DGXS-16GB (0)","1","23","volta_scudnn_128x32_relu_small_nn_v1",799809,2800650
"Tesla V100-DGXS-16GB (0)","1","23","void add_tensor_kernel_v3<int=2, float, float, int=128, int=1, int=1, int=4, int=2>(cudnnTensorStruct, float*, cudnnTensorStruct, float const *, float, float)",788707,793581
"Tesla V100-DGXS-16GB (0)","1","23","void cudnn::detail::activation_fw_4d_kernel<float, float, int=128, int=1, int=4, cudnn::detail::relu_func<float, cudnnNanPropagation_t=1, bool=0>>(cudnnTensorStruct, float const *, cudnn::detail::activation_fw_4d_kernel<float, float, int=128, int=1, int=4, cudnn::detail::relu_func<float, cudnnNanPropagation_t=1, bool=0>>, cudnnTensorStruct*, float, cudnnTensorStruct*, int, cudnnTensorStruct*)",808894,801553
"Tesla V100-DGXS-16GB (0)","1","23","cask::computeOffsetsKernel(cask::ComputeOffsetsParams)",1733,100
"Tesla V100-DGXS-16GB (0)","1","23","trt_volta_scudnn_128x128_relu_xregs_large_nn_v1",150859,857244
"Tesla V100-DGXS-16GB (0)","1","23","cask::computeOffsetsKernel(cask::ComputeOffsetsParams)",1304,92
"Tesla V100-DGXS-16GB (0)","1","23","trt_volta_scudnn_128x32_relu_small_nn_v1",225350,1073961
"Tesla V100-DGXS-16GB (0)","1","23","cask::computeOffsetsKernel(cask::ComputeOffsetsParams)",761,92
"Tesla V100-DGXS-16GB (0)","1","23","trt_volta_scudnn_128x64_relu_medium_nn_v1",216431,866172
"Tesla V100-DGXS-16GB (0)","1","23","cask::computeOffsetsKernel(cask::ComputeOffsetsParams)",1308,100
"Tesla V100-DGXS-16GB (0)","1","23","trt_volta_scudnn_128x64_relu_xregs_large_nn_v1",218487,866145
"Tesla V100-DGXS-16GB (0)","1","23","cask::computeOffsetsKernel(cask::ComputeOffsetsParams)",1309,100
"Tesla V100-DGXS-16GB (0)","1","23","trt_volta_scudnn_128x128_relu_medium_nn_v1",219677,866140
"Tesla V100-DGXS-16GB (0)","1","23","cask::computeOffsetsKernel(cask::ComputeOffsetsParams)",1312,92
"Tesla V100-DGXS-16GB (0)","1","23","trt_volta_scudnn_128x128_relu_small_nn_v1",218242,866077
"Tesla V100-DGXS-16GB (0)","1","23","cask::computeOffsetsKernel(cask::ComputeOffsetsParams)",1309,100
"Tesla V100-DGXS-16GB (0)","1","23","trt_volta_scudnn_128x64_relu_small_nn_v1",219428,866156
"Tesla V100-DGXS-16GB (0)","1","23","void cudnn::detail::implicit_convolve_sgemm<float, float, int=128, int=5, int=5, int=3, int=3, int=3, int=1, bool=1, bool=0, bool=1>(int, int, int, float const *, int, float*, cudnn::detail::implicit_convolve_sgemm<float, float, int=128, int=5, int=5, int=3, int=3, int=3, int=1, bool=1, bool=0, bool=1>*, kernel_conv_params, int, float, float, int, float, float, int, int)",90319,852748
"Tesla V100-DGXS-16GB (0)","1","23","void add_tensor_kernel_v3<int=2, float, float, int=128, int=1, int=1, int=4, int=2>(cudnnTensorStruct, float*, cudnnTensorStruct, float const *, float, float)",0,178
"Tesla V100-DGXS-16GB (0)","1","23","void cudnn::detail::activation_fw_4d_kernel<float, float, int=128, int=1, int=4, cudnn::detail::relu_func<float, cudnnNanPropagation_t=1, bool=0>>(cudnnTensorStruct, float const *, cudnn::detail::activation_fw_4d_kernel<float, float, int=128, int=1, int=4, cudnn::detail::relu_func<float, cudnnNanPropagation_t=1, bool=0>>, cudnnTensorStruct*, float, cudnnTensorStruct*, int, cudnnTensorStruct*)",0,152
"Tesla V100-DGXS-16GB (0)","1","23","cudnn::gemm::computeOffsetsKernel(cudnn::gemm::ComputeOffsetsParams)",412,80
"Tesla V100-DGXS-16GB (0)","1","23","volta_scudnn_128x64_relu_small_nn_v1",86864,853044
"Tesla V100-DGXS-16GB (0)","1","23","void add_tensor_kernel_v3<int=2, float, float, int=128, int=1, int=1, int=4, int=2>(cudnnTensorStruct, float*, cudnnTensorStruct, float const *, float, float)",0,178
"Tesla V100-DGXS-16GB (0)","1","23","void cudnn::detail::activation_fw_4d_kernel<float, float, int=128, int=1, int=4, cudnn::detail::relu_func<float, cudnnNanPropagation_t=1, bool=0>>(cudnnTensorStruct, float const *, cudnn::detail::activation_fw_4d_kernel<float, float, int=128, int=1, int=4, cudnn::detail::relu_func<float, cudnnNanPropagation_t=1, bool=0>>, cudnnTensorStruct*, float, cudnnTensorStruct*, int, cudnnTensorStruct*)",0,152
"Tesla V100-DGXS-16GB (0)","1","23","void fused::fusedConvolutionReluKernel<fused::SrcChwcPtr_FltTex_Reader<float, int=1, int=1, int=1>, fused::KpqkPtrWriter<float, int=1, int=1>, float, float, int=4, int=4, int=1, int=5, int=5, int=1, int=1>(fused::ConvolutionParams<floatSrcType, int=1, int=1Type>, float)",110150,57428
"Tesla V100-DGXS-16GB (0)","1","23","void fused::fusedConvolutionReluKernel<fused::SrcChwcPtr_FltTex_Reader<float, int=1, int=1, int=1>, fused::KpqkPtrWriter<float, int=1, int=1>, float, float, int=5, int=5, int=2, int=5, int=5, int=1, int=1>(fused::ConvolutionParams<floatSrcType, int=1, int=1Type>, float)",137559,20909
"Tesla V100-DGXS-16GB (0)","1","23","void fused::fusedConvolutionReluKernel<fused::SrcChwcPtr_FltTex_Reader<float, int=1, int=1, int=2>, fused::KpqkPtrWriter<float, int=1, int=2>, float, float, int=4, int=5, int=2, int=5, int=5, int=1, int=1>(fused::ConvolutionParams<floatSrcType, int=2, int=1Type>, float)",95447,23610
"Tesla V100-DGXS-16GB (0)","1","23","void fused::fusedConvolutionReluKernel<fused::SrcChwcPtr_FltTex_Reader<float, int=1, int=1, int=2>, fused::KpqkPtrWriter<float, int=1, int=2>, float, float, int=3, int=5, int=1, int=5, int=5, int=1, int=1>(fused::ConvolutionParams<floatSrcType, int=2, int=1Type>, float)",117291,19851
"Tesla V100-DGXS-16GB (0)","1","23","void fused::fusedConvolutionReluKernel<fused::SrcChwcPtr_FltTex_Reader<float, int=1, int=1, int=1>, fused::KpqkPtrWriter<float, int=1, int=1>, float, float, int=5, int=5, int=1, int=5, int=5, int=1, int=1>(fused::ConvolutionParams<floatSrcType, int=1, int=1Type>, float)",91703,22362
"Tesla V100-DGXS-16GB (0)","1","23","void fused::fusedConvolutionReluKernel<fused::SrcChwcPtr_FltTex_Reader<float, int=1, int=1, int=1>, fused::KpqkPtrWriter<float, int=1, int=1>, float, float, int=4, int=6, int=8, int=5, int=5, int=1, int=1>(fused::ConvolutionParams<floatSrcType, int=1, int=1Type>, float)",113473,17869
"Tesla V100-DGXS-16GB (0)","1","23","void fused::fusedConvolutionReluKernel<fused::SrcChwcPtr_FltTex_Reader<float, int=1, int=1, int=1>, fused::KpqkPtrWriter<float, int=1, int=1>, float, float, int=6, int=5, int=8, int=5, int=5, int=1, int=1>(fused::ConvolutionParams<floatSrcType, int=1, int=1Type>, float)",95898,23420
"Tesla V100-DGXS-16GB (0)","1","23","void fused::fusedConvolutionReluKernel<fused::SrcChwcPtr_FltTex_Reader<float, int=1, int=1, int=2>, fused::KpqkPtrWriter<float, int=1, int=2>, float, float, int=3, int=5, int=8, int=5, int=5, int=1, int=1>(fused::ConvolutionParams<floatSrcType, int=2, int=1Type>, float)",121284,25103
"Tesla V100-DGXS-16GB (0)","1","23","void fused::fusedConvolutionReluKernel<fused::SrcChwcPtr_FltTex_Reader<float, int=1, int=1, int=4>, fused::KpqkPtrWriter<float, int=1, int=4>, float, float, int=5, int=3, int=2, int=5, int=5, int=1, int=1>(fused::ConvolutionParams<floatSrcType, int=4, int=1Type>, float)",95782,15658
"Tesla V100-DGXS-16GB (0)","1","23","void fused::fusedConvolutionReluKernel<fused::SrcChwcPtr_FltTex_Reader<float, int=1, int=1, int=1>, fused::KpqkPtrWriter<float, int=1, int=1>, float, float, int=3, int=5, int=4, int=5, int=5, int=1, int=1>(fused::ConvolutionParams<floatSrcType, int=1, int=1Type>, float)",112747,19883
"Tesla V100-DGXS-16GB (0)","1","23","void fused::fusedConvolutionReluKernel<fused::SrcChwcPtr_FltTex_Reader<float, int=1, int=1, int=1>, fused::KpqkPtrWriter<float, int=1, int=1>, float, float, int=4, int=5, int=4, int=5, int=5, int=1, int=1>(fused::ConvolutionParams<floatSrcType, int=1, int=1Type>, float)",96671,22766
"Tesla V100-DGXS-16GB (0)","1","23","void fused::fusedConvolutionReluKernel<fused::SrcChwcPtr_FltTex_Reader<float, int=1, int=1, int=2>, fused::KpqkPtrWriter<float, int=1, int=2>, float, float, int=3, int=5, int=4, int=5, int=5, int=1, int=1>(fused::ConvolutionParams<floatSrcType, int=2, int=1Type>, float)",116487,23700
"Tesla V100-DGXS-16GB (0)","1","23","void fused::fusedConvolutionReluKernel<fused::SrcChwcPtr_FltTex_Reader<float, int=1, int=1, int=1>, fused::KpqkPtrWriter<float, int=1, int=1>, float, float, int=5, int=5, int=4, int=5, int=5, int=1, int=1>(fused::ConvolutionParams<floatSrcType, int=1, int=1Type>, float)",96254,25531
"Tesla V100-DGXS-16GB (0)","1","23","void fused::fusedConvolutionReluKernel<fused::SrcChwcPtr_FltTex_Reader<float, int=1, int=1, int=2>, fused::KpqkPtrWriter<float, int=1, int=2>, float, float, int=2, int=5, int=2, int=5, int=5, int=1, int=1>(fused::ConvolutionParams<floatSrcType, int=2, int=1Type>, float)",124283,16928
"Tesla V100-DGXS-16GB (0)","1","23","void fused::fusedConvolutionReluKernel<fused::SrcChwcPtr_FltTex_Reader<float, int=1, int=1, int=4>, fused::KpqkPtrWriter<float, int=1, int=4>, float, float, int=5, int=3, int=1, int=5, int=5, int=1, int=1>(fused::ConvolutionParams<floatSrcType, int=4, int=1Type>, float)",96659,17831
"Tesla V100-DGXS-16GB (0)","1","23","void fused::fusedConvolutionReluKernel<fused::SrcChwcPtr_FltTex_Reader<float, int=1, int=1, int=2>, fused::KpqkPtrWriter<float, int=1, int=2>, float, float, int=2, int=5, int=1, int=5, int=5, int=1, int=1>(fused::ConvolutionParams<floatSrcType, int=2, int=1Type>, float)",124351,27830
"Tesla V100-DGXS-16GB (0)","1","23","void fused::fusedConvolutionReluKernel<fused::SrcChwcPtr_FltTex_Reader<float, int=1, int=1, int=2>, fused::KpqkPtrWriter<float, int=1, int=2>, float, float, int=5, int=2, int=1, int=5, int=5, int=1, int=1>(fused::ConvolutionParams<floatSrcType, int=2, int=1Type>, float)",108786,28227
"Tesla V100-DGXS-16GB (0)","1","23","void fused::fusedConvolutionReluKernel<fused::SrcChwcPtr_FltTex_Reader<float, int=1, int=2, int=2>, fused::KpqkPtrWriter<float, int=1, int=2>, float, float, int=2, int=6, int=2, int=5, int=5, int=1, int=1>(fused::ConvolutionParams<floatSrcType, int=2, int=1Type>, float)",108646,22284
"Tesla V100-DGXS-16GB (0)","1","23","void fused::fusedConvolutionReluKernel<fused::SrcChwcPtr_FltTex_Reader<float, int=1, int=1, int=4>, fused::KpqkPtrWriter<float, int=1, int=4>, float, float, int=3, int=5, int=8, int=5, int=5, int=1, int=1>(fused::ConvolutionParams<floatSrcType, int=4, int=1Type>, float)",93973,23374
"Tesla V100-DGXS-16GB (0)","1","23","void fused::fusedConvolutionReluKernel<fused::SrcChwcPtr_FltTex_Reader<float, int=1, int=1, int=1>, fused::KpqkPtrWriter<float, int=1, int=1>, float, float, int=3, int=5, int=2, int=5, int=5, int=1, int=1>(fused::ConvolutionParams<floatSrcType, int=1, int=1Type>, float)",119283,16299
"Tesla V100-DGXS-16GB (0)","1","23","void fused::fusedConvolutionReluKernel<fused::SrcChwcPtr_FltTex_Reader<float, int=1, int=1, int=1>, fused::KpqkPtrWriter<float, int=1, int=1>, float, float, int=5, int=6, int=8, int=5, int=5, int=1, int=1>(fused::ConvolutionParams<floatSrcType, int=1, int=1Type>, float)",97385,23783
"Tesla V100-DGXS-16GB (0)","1","23","void fused::fusedConvolutionReluKernel<fused::SrcChwcPtr_FltTex_Reader<float, int=1, int=1, int=1>, fused::KpqkPtrWriter<float, int=1, int=1>, float, float, int=4, int=4, int=1, int=5, int=5, int=1, int=1>(fused::ConvolutionParams<floatSrcType, int=1, int=1Type>, float)",119343,7539
"Tesla V100-DGXS-16GB (0)","1","23","void fused::fusedConvolutionReluKernel<fused::SrcChwcPtr_FltTex_Reader<float, int=1, int=1, int=1>, fused::KpqkPtrWriter<float, int=1, int=1>, float, float, int=3, int=4, int=1, int=5, int=5, int=1, int=1>(fused::ConvolutionParams<floatSrcType, int=1, int=1Type>, float)",96949,19889
"Tesla V100-DGXS-16GB (0)","1","23","void fused::fusedConvolutionReluKernel<fused::SrcChwcPtr_FltTex_Reader<float, int=1, int=1, int=4>, fused::KpqkPtrWriter<float, int=1, int=4>, float, float, int=3, int=4, int=8, int=5, int=5, int=1, int=1>(fused::ConvolutionParams<floatSrcType, int=4, int=1Type>, float)",109080,21064
"Tesla V100-DGXS-16GB (0)","1","23","void fused::fusedConvolutionReluKernel<fused::SrcChwcPtr_FltTex_Reader<float, int=1, int=1, int=1>, fused::KpqkPtrWriter<float, int=1, int=1>, float, float, int=5, int=4, int=2, int=5, int=5, int=1, int=1>(fused::ConvolutionParams<floatSrcType, int=1, int=1Type>, float)",119674,28062
"Tesla V100-DGXS-16GB (0)","1","23","void fused::fusedConvolutionReluKernel<fused::SrcChwcPtr_FltTex_Reader<float, int=1, int=1, int=2>, fused::KpqkPtrWriter<float, int=1, int=2>, float, float, int=2, int=5, int=2, int=5, int=5, int=1, int=1>(fused::ConvolutionParams<floatSrcType, int=2, int=1Type>, float)",130266,30046
"Tesla V100-DGXS-16GB (0)","1","23","void fused::fusedConvolutionReluKernel<fused::SrcChwcPtr_FltTex_Reader<float, int=1, int=1, int=2>, fused::KpqkPtrWriter<float, int=1, int=2>, float, float, int=2, int=4, int=4, int=5, int=5, int=1, int=1>(fused::ConvolutionParams<floatSrcType, int=2, int=1Type>, float)",95697,21724
"Tesla V100-DGXS-16GB (0)","1","23","void fused::fusedConvolutionReluKernel<fused::SrcChwcPtr_FltTex_Reader<float, int=1, int=1, int=1>, fused::KpqkPtrWriter<float, int=1, int=1>, float, float, int=4, int=4, int=8, int=5, int=5, int=1, int=1>(fused::ConvolutionParams<floatSrcType, int=1, int=1Type>, float)",117359,22706
"Tesla V100-DGXS-16GB (0)","1","23","void fused::fusedConvolutionReluKernel<fused::SrcChwcPtr_FltTex_Reader<float, int=1, int=2, int=2>, fused::KpqkPtrWriter<float, int=1, int=2>, float, float, int=2, int=5, int=4, int=5, int=5, int=1, int=1>(fused::ConvolutionParams<floatSrcType, int=2, int=1Type>, float)",98439,19256
"Tesla V100-DGXS-16GB (0)","1","23","void fused::fusedConvolutionReluKernel<fused::SrcChwcPtr_FltTex_Reader<float, int=1, int=1, int=2>, fused::KpqkPtrWriter<float, int=1, int=2>, float, float, int=4, int=4, int=8, int=5, int=5, int=1, int=1>(fused::ConvolutionParams<floatSrcType, int=2, int=1Type>, float)",119018,26321
"Tesla V100-DGXS-16GB (0)","1","23","void fused::fusedConvolutionReluKernel<fused::SrcChwcPtr_FltTex_Reader<float, int=1, int=1, int=1>, fused::KpqkPtrWriter<float, int=1, int=1>, float, float, int=3, int=4, int=8, int=5, int=5, int=1, int=1>(fused::ConvolutionParams<floatSrcType, int=1, int=1Type>, float)",96794,27270
"Tesla V100-DGXS-16GB (0)","1","23","void fused::fusedConvolutionReluKernel<fused::SrcChwcPtr_FltTex_Reader<float, int=1, int=1, int=2>, fused::KpqkPtrWriter<float, int=1, int=2>, float, float, int=2, int=3, int=2, int=5, int=5, int=1, int=1>(fused::ConvolutionParams<floatSrcType, int=2, int=1Type>, float)",123384,16726
"Tesla V100-DGXS-16GB (0)","1","23","void fused::fusedConvolutionReluKernel<fused::SrcChwcPtr_FltTex_Reader<float, int=1, int=1, int=2>, fused::KpqkPtrWriter<float, int=1, int=2>, float, float, int=5, int=3, int=8, int=5, int=5, int=1, int=1>(fused::ConvolutionParams<floatSrcType, int=2, int=1Type>, float)",97252,21319
"Tesla V100-DGXS-16GB (0)","1","23","void fused::fusedConvolutionReluKernel<fused::SrcChwcPtr_FltTex_Reader<float, int=1, int=1, int=2>, fused::KpqkPtrWriter<float, int=1, int=2>, float, float, int=2, int=5, int=4, int=5, int=5, int=1, int=1>(fused::ConvolutionParams<floatSrcType, int=2, int=1Type>, float)",119342,21701
"Tesla V100-DGXS-16GB (0)","1","23","void fused::fusedConvolutionReluKernel<fused::SrcChwcPtr_FltTex_Reader<float, int=1, int=1, int=1>, fused::KpqkPtrWriter<float, int=1, int=1>, float, float, int=2, int=4, int=1, int=5, int=5, int=1, int=1>(fused::ConvolutionParams<floatSrcType, int=1, int=1Type>, float)",116154,22618
"Tesla V100-DGXS-16GB (0)","1","23","void fused::fusedConvolutionReluKernel<fused::SrcChwcPtr_FltTex_Reader<float, int=1, int=1, int=2>, fused::KpqkPtrWriter<float, int=1, int=2>, float, float, int=2, int=4, int=1, int=5, int=5, int=1, int=1>(fused::ConvolutionParams<floatSrcType, int=2, int=1Type>, float)",112442,15947
"Tesla V100-DGXS-16GB (0)","1","23","void fused::fusedConvolutionReluKernel<fused::SrcChwcPtr_FltTex_Reader<float, int=1, int=1, int=2>, fused::KpqkPtrWriter<float, int=1, int=2>, float, float, int=3, int=5, int=8, int=5, int=5, int=1, int=1>(fused::ConvolutionParams<floatSrcType, int=2, int=1Type>, float)",85099,17248
"Tesla V100-DGXS-16GB (0)","1","23","void fused::fusedConvolutionReluKernel<fused::SrcChwcPtr_FltTex_Reader<float, int=1, int=1, int=1>, fused::KpqkPtrWriter<float, int=1, int=1>, float, float, int=4, int=4, int=4, int=5, int=5, int=1, int=1>(fused::ConvolutionParams<floatSrcType, int=1, int=1Type>, float)",118239,21325
"Tesla V100-DGXS-16GB (0)","1","23","void fused::fusedConvolutionReluKernel<fused::SrcChwcPtr_FltTex_Reader<float, int=1, int=1, int=2>, fused::KpqkPtrWriter<float, int=1, int=2>, float, float, int=2, int=5, int=1, int=5, int=5, int=1, int=1>(fused::ConvolutionParams<floatSrcType, int=2, int=1Type>, float)",100389,13979
"Tesla V100-DGXS-16GB (0)","1","23","void fused::fusedConvolutionReluKernel<fused::SrcChwcPtr_FltTex_Reader<float, int=1, int=1, int=1>, fused::KpqkPtrWriter<float, int=1, int=1>, float, float, int=4, int=6, int=4, int=5, int=5, int=1, int=1>(fused::ConvolutionParams<floatSrcType, int=1, int=1Type>, float)",133704,36146
"Tesla V100-DGXS-16GB (0)","1","23","void fused::fusedConvolutionReluKernel<fused::SrcChwcPtr_FltTex_Reader<float, int=1, int=1, int=1>, fused::KpqkPtrWriter<float, int=1, int=1>, float, float, int=4, int=4, int=2, int=5, int=5, int=1, int=1>(fused::ConvolutionParams<floatSrcType, int=1, int=1Type>, float)",120975,30823
"Tesla V100-DGXS-16GB (0)","1","23","void fused::fusedConvolutionReluKernel<fused::SrcChwcPtr_FltTex_Reader<float, int=1, int=1, int=2>, fused::KpqkPtrWriter<float, int=1, int=2>, float, float, int=4, int=3, int=8, int=5, int=5, int=1, int=1>(fused::ConvolutionParams<floatSrcType, int=2, int=1Type>, float)",106891,20611
"Tesla V100-DGXS-16GB (0)","1","23","void fused::fusedConvolutionReluKernel<fused::SrcChwcPtr_FltTex_Reader<float, int=1, int=1, int=1>, fused::KpqkPtrWriter<float, int=1, int=1>, float, float, int=3, int=5, int=4, int=5, int=5, int=1, int=1>(fused::ConvolutionParams<floatSrcType, int=1, int=1Type>, float)",103563,18591
"Tesla V100-DGXS-16GB (0)","1","23","void fused::fusedConvolutionReluKernel<fused::SrcChwcPtr_FltTex_Reader<float, int=1, int=1, int=1>, fused::KpqkPtrWriter<float, int=1, int=1>, float, float, int=6, int=4, int=2, int=5, int=5, int=1, int=1>(fused::ConvolutionParams<floatSrcType, int=1, int=1Type>, float)",114827,18968
"Tesla V100-DGXS-16GB (0)","1","23","cask::computeOffsetsKernel(cask::ComputeOffsetsParams)",51,89
"Tesla V100-DGXS-16GB (0)","1","23","trt_volta_scudnn_128x128_relu_xregs_large_nn_v1",72502,13946
"Tesla V100-DGXS-16GB (0)","1","23","cask::computeOffsetsKernel(cask::ComputeOffsetsParams)",1212,91
"Tesla V100-DGXS-16GB (0)","1","23","trt_volta_scudnn_128x32_relu_small_nn_v1",144624,50800
"Tesla V100-DGXS-16GB (0)","1","23","cask::computeOffsetsKernel(cask::ComputeOffsetsParams)",1652,92
"Tesla V100-DGXS-16GB (0)","1","23","trt_volta_scudnn_128x64_relu_medium_nn_v1",112104,45191
"Tesla V100-DGXS-16GB (0)","1","23","cask::computeOffsetsKernel(cask::ComputeOffsetsParams)",1576,100
"Tesla V100-DGXS-16GB (0)","1","23","trt_volta_scudnn_128x64_relu_xregs_large_nn_v1",145287,47058
"Tesla V100-DGXS-16GB (0)","1","23","cask::computeOffsetsKernel(cask::ComputeOffsetsParams)",1748,92
"Tesla V100-DGXS-16GB (0)","1","23","trt_volta_scudnn_128x128_relu_medium_nn_v1",106804,45058
"Tesla V100-DGXS-16GB (0)","1","23","cask::computeOffsetsKernel(cask::ComputeOffsetsParams)",1652,88
"Tesla V100-DGXS-16GB (0)","1","23","trt_volta_scudnn_128x128_relu_small_nn_v1",113497,50904
"Tesla V100-DGXS-16GB (0)","1","23","cask::computeOffsetsKernel(cask::ComputeOffsetsParams)",2996,96
"Tesla V100-DGXS-16GB (0)","1","23","trt_volta_scudnn_128x64_relu_small_nn_v1",119912,51209
"Tesla V100-DGXS-16GB (0)","1","23","void cudnn::detail::implicit_convolve_sgemm<float, float, int=128, int=5, int=5, int=3, int=3, int=3, int=1, bool=1, bool=0, bool=1>(int, int, int, float const *, int, float*, cudnn::detail::implicit_convolve_sgemm<float, float, int=128, int=5, int=5, int=3, int=3, int=3, int=1, bool=1, bool=0, bool=1>*, kernel_conv_params, int, float, float, int, float, float, int, int)",93087,31249
"Tesla V100-DGXS-16GB (0)","1","23","void add_tensor_kernel_v3<int=2, float, float, int=128, int=1, int=1, int=4, int=2>(cudnnTensorStruct, float*, cudnnTensorStruct, float const *, float, float)",12919,160
"Tesla V100-DGXS-16GB (0)","1","23","void cudnn::detail::activation_fw_4d_kernel<float, float, int=128, int=1, int=4, cudnn::detail::relu_func<float, cudnnNanPropagation_t=1, bool=0>>(cudnnTensorStruct, float const *, cudnn::detail::activation_fw_4d_kernel<float, float, int=128, int=1, int=4, cudnn::detail::relu_func<float, cudnnNanPropagation_t=1, bool=0>>, cudnnTensorStruct*, float, cudnnTensorStruct*, int, cudnnTensorStruct*)",6538,144
"Tesla V100-DGXS-16GB (0)","1","23","cudnn::gemm::computeOffsetsKernel(cudnn::gemm::ComputeOffsetsParams)",423,80
"Tesla V100-DGXS-16GB (0)","1","23","volta_scudnn_128x64_relu_small_nn_v1",69284,26450
"Tesla V100-DGXS-16GB (0)","1","23","void add_tensor_kernel_v3<int=2, float, float, int=128, int=1, int=1, int=4, int=2>(cudnnTensorStruct, float*, cudnnTensorStruct, float const *, float, float)",25151,160
"Tesla V100-DGXS-16GB (0)","1","23","void cudnn::detail::activation_fw_4d_kernel<float, float, int=128, int=1, int=4, cudnn::detail::relu_func<float, cudnnNanPropagation_t=1, bool=0>>(cudnnTensorStruct, float const *, cudnn::detail::activation_fw_4d_kernel<float, float, int=128, int=1, int=4, cudnn::detail::relu_func<float, cudnnNanPropagation_t=1, bool=0>>, cudnnTensorStruct*, float, cudnnTensorStruct*, int, cudnnTensorStruct*)",7340,144
"Tesla V100-DGXS-16GB (0)","1","23","void nvinfer1::tiled_pooling::poolCHW_PQT<int=2, int=2, int=2, int=2, int=2, int=32, int=256, int=1, int=1, bool=1, nvinfer1::ITiledPooling::PoolingMode, bool=0>(nvinfer1::TiledPoolingParams)",20288,76
"Tesla V100-DGXS-16GB (0)","1","23","void nvinfer1::tiled_pooling::poolCHW_PQT<int=2, int=2, int=2, int=2, int=2, int=32, int=256, int=2, int=1, bool=1, nvinfer1::ITiledPooling::PoolingMode, bool=0>(nvinfer1::TiledPoolingParams)",401,80
"Tesla V100-DGXS-16GB (0)","1","23","void nvinfer1::tiled_pooling::poolCHW_PQT<int=2, int=2, int=2, int=2, int=2, int=32, int=256, int=3, int=1, bool=1, nvinfer1::ITiledPooling::PoolingMode, bool=0>(nvinfer1::TiledPoolingParams)",80,96
"Tesla V100-DGXS-16GB (0)","1","23","void nvinfer1::tiled_pooling::poolCHW_PQT<int=2, int=2, int=2, int=2, int=2, int=32, int=256, int=4, int=1, bool=1, nvinfer1::ITiledPooling::PoolingMode, bool=0>(nvinfer1::TiledPoolingParams)",232,112
"Tesla V100-DGXS-16GB (0)","1","23","void nvinfer1::tiled_pooling::poolCHW_PQT<int=2, int=2, int=2, int=2, int=2, int=32, int=256, int=5, int=1, bool=1, nvinfer1::ITiledPooling::PoolingMode, bool=0>(nvinfer1::TiledPoolingParams)",276,120
"Tesla V100-DGXS-16GB (0)","1","23","void nvinfer1::tiled_pooling::poolCHW_PQT<int=2, int=2, int=2, int=2, int=2, int=32, int=256, int=6, int=1, bool=1, nvinfer1::ITiledPooling::PoolingMode, bool=0>(nvinfer1::TiledPoolingParams)",306,136
"Tesla V100-DGXS-16GB (0)","1","23","void nvinfer1::tiled_pooling::poolCHW_PQT<int=2, int=2, int=2, int=2, int=2, int=32, int=256, int=7, int=1, bool=1, nvinfer1::ITiledPooling::PoolingMode, bool=0>(nvinfer1::TiledPoolingParams)",284,152
"Tesla V100-DGXS-16GB (0)","1","23","void nvinfer1::tiled_pooling::poolCHW_PQT<int=2, int=2, int=2, int=2, int=2, int=32, int=256, int=8, int=1, bool=1, nvinfer1::ITiledPooling::PoolingMode, bool=0>(nvinfer1::TiledPoolingParams)",244,160
"Tesla V100-DGXS-16GB (0)","1","23","void nvinfer1::tiled_pooling::poolCHW_PQT<int=2, int=2, int=2, int=2, int=2, int=16, int=128, int=1, int=1, bool=1, nvinfer1::ITiledPooling::PoolingMode, bool=0>(nvinfer1::TiledPoolingParams)",60,64
"Tesla V100-DGXS-16GB (0)","1","23","void nvinfer1::tiled_pooling::poolCHW_PQT<int=2, int=2, int=2, int=2, int=2, int=16, int=128, int=2, int=1, bool=1, nvinfer1::ITiledPooling::PoolingMode, bool=0>(nvinfer1::TiledPoolingParams)",136,80
"Tesla V100-DGXS-16GB (0)","1","23","void nvinfer1::tiled_pooling::poolCHW_PQT<int=2, int=2, int=2, int=2, int=2, int=16, int=128, int=3, int=1, bool=1, nvinfer1::ITiledPooling::PoolingMode, bool=0>(nvinfer1::TiledPoolingParams)",196,96
"Tesla V100-DGXS-16GB (0)","1","23","void nvinfer1::tiled_pooling::poolCHW_PQT<int=2, int=2, int=2, int=2, int=2, int=16, int=128, int=4, int=1, bool=1, nvinfer1::ITiledPooling::PoolingMode, bool=0>(nvinfer1::TiledPoolingParams)",248,112
"Tesla V100-DGXS-16GB (0)","1","23","void nvinfer1::tiled_pooling::poolCHW_PQT<int=2, int=2, int=2, int=2, int=2, int=16, int=128, int=5, int=1, bool=1, nvinfer1::ITiledPooling::PoolingMode, bool=0>(nvinfer1::TiledPoolingParams)",244,120
"Tesla V100-DGXS-16GB (0)","1","23","void nvinfer1::tiled_pooling::poolCHW_PQT<int=2, int=2, int=2, int=2, int=2, int=16, int=128, int=6, int=1, bool=1, nvinfer1::ITiledPooling::PoolingMode, bool=0>(nvinfer1::TiledPoolingParams)",672,136
"Tesla V100-DGXS-16GB (0)","1","23","void nvinfer1::tiled_pooling::poolCHW_PQT<int=2, int=2, int=2, int=2, int=2, int=16, int=128, int=7, int=1, bool=1, nvinfer1::ITiledPooling::PoolingMode, bool=0>(nvinfer1::TiledPoolingParams)",530,146
"Tesla V100-DGXS-16GB (0)","1","23","void nvinfer1::tiled_pooling::poolCHW_PQT<int=2, int=2, int=2, int=2, int=2, int=16, int=128, int=8, int=1, bool=1, nvinfer1::ITiledPooling::PoolingMode, bool=0>(nvinfer1::TiledPoolingParams)",376,168
"Tesla V100-DGXS-16GB (0)","1","23","void nvinfer1::tiled_pooling::poolCHW_PQT<int=2, int=2, int=2, int=2, int=2, int=32, int=256, int=1, int=1, bool=1, nvinfer1::ITiledPooling::PoolingMode, bool=0>(nvinfer1::TiledPoolingParams)",12346,76
"Tesla V100-DGXS-16GB (0)","1","23","void nvinfer1::tiled_pooling::poolCHW_PQT<int=2, int=2, int=2, int=2, int=2, int=32, int=256, int=2, int=1, bool=1, nvinfer1::ITiledPooling::PoolingMode, bool=0>(nvinfer1::TiledPoolingParams)",24,80
"Tesla V100-DGXS-16GB (0)","1","23","void nvinfer1::tiled_pooling::poolCHW_PQT<int=2, int=2, int=2, int=2, int=2, int=32, int=256, int=3, int=1, bool=1, nvinfer1::ITiledPooling::PoolingMode, bool=0>(nvinfer1::TiledPoolingParams)",8,96
"Tesla V100-DGXS-16GB (0)","1","23","void nvinfer1::tiled_pooling::poolCHW_PQT<int=2, int=2, int=2, int=2, int=2, int=32, int=256, int=4, int=1, bool=1, nvinfer1::ITiledPooling::PoolingMode, bool=0>(nvinfer1::TiledPoolingParams)",12,112
"Tesla V100-DGXS-16GB (0)","1","23","void nvinfer1::tiled_pooling::poolCHW_PQT<int=2, int=2, int=2, int=2, int=2, int=32, int=256, int=5, int=1, bool=1, nvinfer1::ITiledPooling::PoolingMode, bool=0>(nvinfer1::TiledPoolingParams)",8,120
"Tesla V100-DGXS-16GB (0)","1","23","void nvinfer1::tiled_pooling::poolCHW_PQT<int=2, int=2, int=2, int=2, int=2, int=32, int=256, int=6, int=1, bool=1, nvinfer1::ITiledPooling::PoolingMode, bool=0>(nvinfer1::TiledPoolingParams)",16,136
"Tesla V100-DGXS-16GB (0)","1","23","void nvinfer1::tiled_pooling::poolCHW_PQT<int=2, int=2, int=2, int=2, int=2, int=32, int=256, int=7, int=1, bool=1, nvinfer1::ITiledPooling::PoolingMode, bool=0>(nvinfer1::TiledPoolingParams)",8,152
"Tesla V100-DGXS-16GB (0)","1","23","void nvinfer1::tiled_pooling::poolCHW_PQT<int=2, int=2, int=2, int=2, int=2, int=32, int=256, int=8, int=1, bool=1, nvinfer1::ITiledPooling::PoolingMode, bool=0>(nvinfer1::TiledPoolingParams)",12,160
"Tesla V100-DGXS-16GB (0)","1","23","void nvinfer1::tiled_pooling::poolCHW_PQT<int=2, int=2, int=2, int=2, int=2, int=16, int=128, int=1, int=1, bool=1, nvinfer1::ITiledPooling::PoolingMode, bool=0>(nvinfer1::TiledPoolingParams)",0,64
"Tesla V100-DGXS-16GB (0)","1","23","void nvinfer1::tiled_pooling::poolCHW_PQT<int=2, int=2, int=2, int=2, int=2, int=16, int=128, int=2, int=1, bool=1, nvinfer1::ITiledPooling::PoolingMode, bool=0>(nvinfer1::TiledPoolingParams)",0,80
"Tesla V100-DGXS-16GB (0)","1","23","void nvinfer1::tiled_pooling::poolCHW_PQT<int=2, int=2, int=2, int=2, int=2, int=16, int=128, int=3, int=1, bool=1, nvinfer1::ITiledPooling::PoolingMode, bool=0>(nvinfer1::TiledPoolingParams)",0,96
"Tesla V100-DGXS-16GB (0)","1","23","void nvinfer1::tiled_pooling::poolCHW_PQT<int=2, int=2, int=2, int=2, int=2, int=16, int=128, int=4, int=1, bool=1, nvinfer1::ITiledPooling::PoolingMode, bool=0>(nvinfer1::TiledPoolingParams)",4,112
"Tesla V100-DGXS-16GB (0)","1","23","void nvinfer1::tiled_pooling::poolCHW_PQT<int=2, int=2, int=2, int=2, int=2, int=16, int=128, int=5, int=1, bool=1, nvinfer1::ITiledPooling::PoolingMode, bool=0>(nvinfer1::TiledPoolingParams)",0,120
"Tesla V100-DGXS-16GB (0)","1","23","void nvinfer1::tiled_pooling::poolCHW_PQT<int=2, int=2, int=2, int=2, int=2, int=16, int=128, int=6, int=1, bool=1, nvinfer1::ITiledPooling::PoolingMode, bool=0>(nvinfer1::TiledPoolingParams)",0,128
"Tesla V100-DGXS-16GB (0)","1","23","void nvinfer1::tiled_pooling::poolCHW_PQT<int=2, int=2, int=2, int=2, int=2, int=16, int=128, int=7, int=1, bool=1, nvinfer1::ITiledPooling::PoolingMode, bool=0>(nvinfer1::TiledPoolingParams)",0,144
"Tesla V100-DGXS-16GB (0)","1","23","void nvinfer1::tiled_pooling::poolCHW_PQT<int=2, int=2, int=2, int=2, int=2, int=16, int=128, int=8, int=1, bool=1, nvinfer1::ITiledPooling::PoolingMode, bool=0>(nvinfer1::TiledPoolingParams)",4,160
"Tesla V100-DGXS-16GB (0)","1","23","void fused::fusedConvolutionReluKernel<fused::SrcChwcPtr_FltTex_Reader<float, int=1, int=1, int=1>, fused::KpqkPtrWriter<float, int=1, int=1>, float, float, int=7, int=4, int=1, int=1, int=1, int=1, int=1>(fused::ConvolutionParams<floatSrcType, int=1, int=1Type>, float)",12842,496
"Tesla V100-DGXS-16GB (0)","1","23","void fused::fusedConvolutionReluKernel<fused::SrcChwcPtr_FltTex_Reader<float, int=1, int=4, int=1>, fused::KpqkPtrWriter<float, int=1, int=1>, float, float, int=5, int=5, int=2, int=1, int=1, int=1, int=1>(fused::ConvolutionParams<floatSrcType, int=1, int=1Type>, float)",18096,370
"Tesla V100-DGXS-16GB (0)","1","23","void fused::fusedConvolutionReluKernel<fused::SrcChwcPtr_FltTex_Reader<float, int=1, int=2, int=2>, fused::KpqkPtrWriter<float, int=1, int=2>, float, float, int=2, int=8, int=8, int=1, int=1, int=1, int=1>(fused::ConvolutionParams<floatSrcType, int=2, int=1Type>, float)",17138,200
"Tesla V100-DGXS-16GB (0)","1","23","void fused::fusedConvolutionReluKernel<fused::SrcChwcPtr_FltTex_Reader<float, int=1, int=4, int=1>, fused::KpqkPtrWriter<float, int=1, int=1>, float, float, int=4, int=8, int=1, int=1, int=1, int=1, int=1>(fused::ConvolutionParams<floatSrcType, int=1, int=1Type>, float)",37761,664
"Tesla V100-DGXS-16GB (0)","1","23","void fused::fusedConvolutionReluKernel<fused::SrcChwcPtr_FltTex_Reader<float, int=1, int=2, int=2>, fused::KpqkPtrWriter<float, int=1, int=2>, float, float, int=3, int=8, int=1, int=1, int=1, int=1, int=1>(fused::ConvolutionParams<floatSrcType, int=2, int=1Type>, float)",18393,576
"Tesla V100-DGXS-16GB (0)","1","23","void fused::fusedConvolutionReluKernel<fused::SrcChwcPtr_FltTex_Reader<float, int=1, int=2, int=2>, fused::KpqkPtrWriter<float, int=1, int=2>, float, float, int=3, int=10, int=8, int=1, int=1, int=1, int=1>(fused::ConvolutionParams<floatSrcType, int=2, int=1Type>, float)",10409,320
"Tesla V100-DGXS-16GB (0)","1","23","void fused::fusedConvolutionReluKernel<fused::SrcChwcPtr_FltTex_Reader<float, int=1, int=1, int=1>, fused::KpqkPtrWriter<float, int=1, int=1>, float, float, int=3, int=10, int=8, int=1, int=1, int=1, int=1>(fused::ConvolutionParams<floatSrcType, int=1, int=1Type>, float)",7653,208
"Tesla V100-DGXS-16GB (0)","1","23","void fused::fusedConvolutionReluKernel<fused::SrcChwcPtr_FltTex_Reader<float, int=1, int=4, int=1>, fused::KpqkPtrWriter<float, int=1, int=1>, float, float, int=4, int=5, int=2, int=1, int=1, int=1, int=1>(fused::ConvolutionParams<floatSrcType, int=1, int=1Type>, float)",9468,304
"Tesla V100-DGXS-16GB (0)","1","23","void fused::fusedConvolutionReluKernel<fused::SrcChwcPtr_FltTex_Reader<float, int=1, int=2, int=2>, fused::KpqkPtrWriter<float, int=1, int=2>, float, float, int=5, int=5, int=1, int=1, int=1, int=1, int=1>(fused::ConvolutionParams<floatSrcType, int=2, int=1Type>, float)",11337,624
"Tesla V100-DGXS-16GB (0)","1","23","void fused::fusedConvolutionReluKernel<fused::SrcChwcPtr_FltTex_Reader<float, int=1, int=2, int=2>, fused::KpqkPtrWriter<float, int=1, int=2>, float, float, int=2, int=9, int=1, int=1, int=1, int=1, int=1>(fused::ConvolutionParams<floatSrcType, int=2, int=1Type>, float)",10382,472
"Tesla V100-DGXS-16GB (0)","1","23","void fused::fusedConvolutionReluKernel<fused::SrcChwcPtr_FltTex_Reader<float, int=1, int=2, int=2>, fused::KpqkPtrWriter<float, int=1, int=2>, float, float, int=3, int=10, int=2, int=1, int=1, int=1, int=1>(fused::ConvolutionParams<floatSrcType, int=2, int=1Type>, float)",16779,504
"Tesla V100-DGXS-16GB (0)","1","23","void fused::fusedConvolutionReluKernel<fused::SrcChwcPtr_FltTex_Reader<float, int=1, int=2, int=2>, fused::KpqkPtrWriter<float, int=1, int=2>, float, float, int=2, int=10, int=1, int=1, int=1, int=1, int=1>(fused::ConvolutionParams<floatSrcType, int=2, int=1Type>, float)",10405,512
"Tesla V100-DGXS-16GB (0)","1","23","void fused::fusedConvolutionReluKernel<fused::SrcChwcPtr_FltTex_Reader<float, int=1, int=2, int=2>, fused::KpqkPtrWriter<float, int=1, int=2>, float, float, int=2, int=9, int=2, int=1, int=1, int=1, int=1>(fused::ConvolutionParams<floatSrcType, int=2, int=1Type>, float)",10410,336
"Tesla V100-DGXS-16GB (0)","1","23","void fused::fusedConvolutionReluKernel<fused::SrcChwcPtr_FltTex_Reader<float, int=1, int=2, int=2>, fused::KpqkPtrWriter<float, int=1, int=2>, float, float, int=2, int=9, int=4, int=1, int=1, int=1, int=1>(fused::ConvolutionParams<floatSrcType, int=2, int=1Type>, float)",10960,264
"Tesla V100-DGXS-16GB (0)","1","23","void fused::fusedConvolutionReluKernel<fused::SrcChwcPtr_FltTex_Reader<float, int=1, int=4, int=1>, fused::KpqkPtrWriter<float, int=1, int=1>, float, float, int=5, int=5, int=4, int=1, int=1, int=1, int=1>(fused::ConvolutionParams<floatSrcType, int=1, int=1Type>, float)",11032,288
"Tesla V100-DGXS-16GB (0)","1","23","void fused::fusedConvolutionReluKernel<fused::SrcChwcPtr_FltTex_Reader<float, int=1, int=4, int=1>, fused::KpqkPtrWriter<float, int=1, int=1>, float, float, int=4, int=7, int=2, int=1, int=1, int=1, int=1>(fused::ConvolutionParams<floatSrcType, int=1, int=1Type>, float)",9972,416
"Tesla V100-DGXS-16GB (0)","1","23","void fused::fusedConvolutionReluKernel<fused::SrcChwcPtr_FltTex_Reader<float, int=1, int=2, int=1>, fused::KpqkPtrWriter<float, int=1, int=1>, float, float, int=3, int=10, int=4, int=1, int=1, int=1, int=1>(fused::ConvolutionParams<floatSrcType, int=1, int=1Type>, float)",16851,296
"Tesla V100-DGXS-16GB (0)","1","23","void fused::fusedConvolutionReluKernel<fused::SrcChwcPtr_FltTex_Reader<float, int=1, int=2, int=1>, fused::KpqkPtrWriter<float, int=1, int=1>, float, float, int=3, int=10, int=1, int=1, int=1, int=1, int=1>(fused::ConvolutionParams<floatSrcType, int=1, int=1Type>, float)",9697,576
"Tesla V100-DGXS-16GB (0)","1","23","void fused::fusedConvolutionReluKernel<fused::SrcChwcPtr_FltTex_Reader<float, int=1, int=4, int=1>, fused::KpqkPtrWriter<float, int=1, int=1>, float, float, int=3, int=9, int=4, int=1, int=1, int=1, int=1>(fused::ConvolutionParams<floatSrcType, int=1, int=1Type>, float)",10237,304
"Tesla V100-DGXS-16GB (0)","1","23","void fused::fusedConvolutionReluKernel<fused::SrcChwcPtr_FltTex_Reader<float, int=1, int=2, int=2>, fused::KpqkPtrWriter<float, int=1, int=2>, float, float, int=3, int=9, int=8, int=1, int=1, int=1, int=1>(fused::ConvolutionParams<floatSrcType, int=2, int=1Type>, float)",10345,312
"Tesla V100-DGXS-16GB (0)","1","23","void fused::fusedConvolutionReluKernel<fused::SrcChwcPtr_FltTex_Reader<float, int=1, int=4, int=1>, fused::KpqkPtrWriter<float, int=1, int=1>, float, float, int=4, int=7, int=4, int=1, int=1, int=1, int=1>(fused::ConvolutionParams<floatSrcType, int=1, int=1Type>, float)",11470,312
"Tesla V100-DGXS-16GB (0)","1","23","void fused::fusedConvolutionReluKernel<fused::SrcChwcPtr_FltTex_Reader<float, int=1, int=2, int=1>, fused::KpqkPtrWriter<float, int=1, int=1>, float, float, int=3, int=10, int=2, int=1, int=1, int=1, int=1>(fused::ConvolutionParams<floatSrcType, int=1, int=1Type>, float)",10290,384
"Tesla V100-DGXS-16GB (0)","1","23","void fused::fusedConvolutionReluKernel<fused::SrcChwcPtr_FltTex_Reader<float, int=1, int=2, int=2>, fused::KpqkPtrWriter<float, int=1, int=2>, float, float, int=4, int=4, int=8, int=1, int=1, int=1, int=1>(fused::ConvolutionParams<floatSrcType, int=2, int=1Type>, float)",17010,200
"Tesla V100-DGXS-16GB (0)","1","23","void fused::fusedConvolutionReluKernel<fused::SrcChwcPtr_FltTex_Reader<float, int=1, int=2, int=2>, fused::KpqkPtrWriter<float, int=1, int=2>, float, float, int=2, int=7, int=2, int=1, int=1, int=1, int=1>(fused::ConvolutionParams<floatSrcType, int=2, int=1Type>, float)",9804,280
"Tesla V100-DGXS-16GB (0)","1","23","void fused::fusedConvolutionReluKernel<fused::SrcChwcPtr_FltTex_Reader<float, int=1, int=2, int=2>, fused::KpqkPtrWriter<float, int=1, int=2>, float, float, int=8, int=2, int=8, int=1, int=1, int=1, int=1>(fused::ConvolutionParams<floatSrcType, int=2, int=1Type>, float)",10288,200
"Tesla V100-DGXS-16GB (0)","1","23","void fused::fusedConvolutionReluKernel<fused::SrcChwcPtr_FltTex_Reader<float, int=1, int=4, int=1>, fused::KpqkPtrWriter<float, int=1, int=1>, float, float, int=7, int=2, int=2, int=1, int=1, int=1, int=1>(fused::ConvolutionParams<floatSrcType, int=1, int=1Type>, float)",10710,224
"Tesla V100-DGXS-16GB (0)","1","23","void fused::fusedConvolutionReluKernel<fused::SrcChwcPtr_FltTex_Reader<float, int=1, int=2, int=2>, fused::KpqkPtrWriter<float, int=1, int=2>, float, float, int=4, int=4, int=1, int=1, int=1, int=1, int=1>(fused::ConvolutionParams<floatSrcType, int=2, int=1Type>, float)",11430,408
"Tesla V100-DGXS-16GB (0)","1","23","void fused::fusedConvolutionReluKernel<fused::SrcChwcPtr_FltTex_Reader<float, int=1, int=4, int=1>, fused::KpqkPtrWriter<float, int=1, int=1>, float, float, int=7, int=1, int=1, int=1, int=1, int=1, int=1>(fused::ConvolutionParams<floatSrcType, int=1, int=1Type>, float)",10401,160
"Tesla V100-DGXS-16GB (0)","1","23","void fused::fusedConvolutionReluKernel<fused::SrcChwcPtr_FltTex_Reader<float, int=1, int=2, int=2>, fused::KpqkPtrWriter<float, int=1, int=2>, float, float, int=2, int=8, int=2, int=1, int=1, int=1, int=1>(fused::ConvolutionParams<floatSrcType, int=2, int=1Type>, float)",17144,296
"Tesla V100-DGXS-16GB (0)","1","23","void fused::fusedConvolutionReluKernel<fused::SrcChwcPtr_FltTex_Reader<float, int=1, int=2, int=2>, fused::KpqkPtrWriter<float, int=1, int=2>, float, float, int=4, int=7, int=8, int=1, int=1, int=1, int=1>(fused::ConvolutionParams<floatSrcType, int=2, int=1Type>, float)",10433,312
"Tesla V100-DGXS-16GB (0)","1","23","void fused::fusedConvolutionReluKernel<fused::SrcChwcPtr_FltTex_Reader<float, int=1, int=2, int=2>, fused::KpqkPtrWriter<float, int=1, int=2>, float, float, int=2, int=7, int=1, int=1, int=1, int=1, int=1>(fused::ConvolutionParams<floatSrcType, int=2, int=1Type>, float)",9978,392
"Tesla V100-DGXS-16GB (0)","1","23","void fused::fusedConvolutionReluKernel<fused::SrcChwcPtr_FltTex_Reader<float, int=1, int=2, int=2>, fused::KpqkPtrWriter<float, int=1, int=2>, float, float, int=2, int=7, int=4, int=1, int=1, int=1, int=1>(fused::ConvolutionParams<floatSrcType, int=2, int=1Type>, float)",10842,232
"Tesla V100-DGXS-16GB (0)","1","23","void fused::fusedConvolutionReluKernel<fused::SrcChwcPtr_FltTex_Reader<float, int=1, int=2, int=2>, fused::KpqkPtrWriter<float, int=1, int=2>, float, float, int=2, int=8, int=8, int=1, int=1, int=1, int=1>(fused::ConvolutionParams<floatSrcType, int=2, int=1Type>, float)",11544,0
"Tesla V100-DGXS-16GB (0)","1","23","void fused::fusedConvolutionReluKernel<fused::SrcChwcPtr_FltTex_Reader<float, int=1, int=4, int=1>, fused::KpqkPtrWriter<float, int=1, int=1>, float, float, int=2, int=7, int=4, int=1, int=1, int=1, int=1>(fused::ConvolutionParams<floatSrcType, int=1, int=1Type>, float)",8874,200
"Tesla V100-DGXS-16GB (0)","1","23","void fused::fusedConvolutionReluKernel<fused::SrcChwcPtr_FltTex_Reader<float, int=1, int=2, int=2>, fused::KpqkPtrWriter<float, int=1, int=2>, float, float, int=7, int=2, int=2, int=1, int=1, int=1, int=1>(fused::ConvolutionParams<floatSrcType, int=2, int=1Type>, float)",16761,264
"Tesla V100-DGXS-16GB (0)","1","23","void fused::fusedConvolutionReluKernel<fused::SrcChwcPtr_FltTex_Reader<float, int=1, int=4, int=1>, fused::KpqkPtrWriter<float, int=1, int=1>, float, float, int=8, int=2, int=2, int=1, int=1, int=1, int=1>(fused::ConvolutionParams<floatSrcType, int=1, int=1Type>, float)",10426,248
"Tesla V100-DGXS-16GB (0)","1","23","void fused::fusedConvolutionReluKernel<fused::SrcChwcPtr_FltTex_Reader<float, int=1, int=2, int=2>, fused::KpqkPtrWriter<float, int=1, int=2>, float, float, int=2, int=8, int=4, int=1, int=1, int=1, int=1>(fused::ConvolutionParams<floatSrcType, int=2, int=1Type>, float)",10326,232
"Tesla V100-DGXS-16GB (0)","1","23","void fused::fusedConvolutionReluKernel<fused::SrcChwcPtr_FltTex_Reader<float, int=1, int=4, int=1>, fused::KpqkPtrWriter<float, int=1, int=1>, float, float, int=1, int=7, int=1, int=1, int=1, int=1, int=1>(fused::ConvolutionParams<floatSrcType, int=1, int=1Type>, float)",10570,192
"Tesla V100-DGXS-16GB (0)","1","23","void fused::fusedConvolutionReluKernel<fused::SrcChwcPtr_FltTex_Reader<float, int=1, int=2, int=2>, fused::KpqkPtrWriter<float, int=1, int=2>, float, float, int=4, int=4, int=2, int=1, int=1, int=1, int=1>(fused::ConvolutionParams<floatSrcType, int=2, int=1Type>, float)",11413,288
"Tesla V100-DGXS-16GB (0)","1","23","void fused::fusedConvolutionReluKernel<fused::SrcChwcPtr_FltTex_Reader<float, int=1, int=2, int=2>, fused::KpqkPtrWriter<float, int=1, int=2>, float, float, int=7, int=4, int=8, int=1, int=1, int=1, int=1>(fused::ConvolutionParams<floatSrcType, int=2, int=1Type>, float)",10400,312
"Tesla V100-DGXS-16GB (0)","1","23","void fused::fusedConvolutionReluKernel<fused::SrcChwcPtr_FltTex_Reader<float, int=1, int=1, int=2>, fused::KpqkPtrWriter<float, int=1, int=2>, float, float, int=3, int=7, int=8, int=1, int=1, int=1, int=1>(fused::ConvolutionParams<floatSrcType, int=2, int=1Type>, float)",16645,224
"Tesla V100-DGXS-16GB (0)","1","23","void fused::fusedConvolutionReluKernel<fused::SrcChwcPtr_FltTex_Reader<float, int=1, int=2, int=2>, fused::KpqkPtrWriter<float, int=1, int=2>, float, float, int=1, int=7, int=1, int=1, int=1, int=1, int=1>(fused::ConvolutionParams<floatSrcType, int=2, int=1Type>, float)",10252,232
"Tesla V100-DGXS-16GB (0)","1","23","void fused::fusedConvolutionReluKernel<fused::SrcChwcPtr_FltTex_Reader<float, int=1, int=4, int=1>, fused::KpqkPtrWriter<float, int=1, int=1>, float, float, int=2, int=8, int=2, int=1, int=1, int=1, int=1>(fused::ConvolutionParams<floatSrcType, int=1, int=1Type>, float)",10416,248
"Tesla V100-DGXS-16GB (0)","1","23","void fused::fusedConvolutionReluKernel<fused::SrcChwcPtr_FltTex_Reader<float, int=1, int=2, int=2>, fused::KpqkPtrWriter<float, int=1, int=2>, float, float, int=7, int=4, int=4, int=1, int=1, int=1, int=1>(fused::ConvolutionParams<floatSrcType, int=2, int=1Type>, float)",10702,352
"Tesla V100-DGXS-16GB (0)","1","23","void fused::fusedConvolutionReluKernel<fused::SrcChwcPtr_FltTex_Reader<float, int=1, int=4, int=1>, fused::KpqkPtrWriter<float, int=1, int=1>, float, float, int=5, int=5, int=2, int=1, int=1, int=1, int=1>(fused::ConvolutionParams<floatSrcType, int=1, int=1Type>, float)",11482,0
"Tesla V100-DGXS-16GB (0)","1","23","void fused::fusedConvolutionReluKernel<fused::SrcChwcPtr_FltTex_Reader<float, int=1, int=4, int=1>, fused::KpqkPtrWriter<float, int=1, int=1>, float, float, int=1, int=8, int=2, int=1, int=1, int=1, int=1>(fused::ConvolutionParams<floatSrcType, int=1, int=1Type>, float)",10369,152
"Tesla V100-DGXS-16GB (0)","1","23","void fused::fusedConvolutionReluKernel<fused::SrcChwcPtr_FltTex_Reader<float, int=1, int=4, int=1>, fused::KpqkPtrWriter<float, int=1, int=1>, float, float, int=7, int=4, int=4, int=1, int=1, int=1, int=1>(fused::ConvolutionParams<floatSrcType, int=1, int=1Type>, float)",17188,296
"Tesla V100-DGXS-16GB (0)","1","23","void fused::fusedConvolutionReluKernel<fused::SrcChwcPtr_FltTex_Reader<float, int=1, int=4, int=1>, fused::KpqkPtrWriter<float, int=1, int=1>, float, float, int=2, int=7, int=2, int=1, int=1, int=1, int=1>(fused::ConvolutionParams<floatSrcType, int=1, int=1Type>, float)",10089,240
"Tesla V100-DGXS-16GB (0)","1","23","void fused::fusedConvolutionReluKernel<fused::SrcChwcPtr_FltTex_Reader<float, int=1, int=4, int=1>, fused::KpqkPtrWriter<float, int=1, int=1>, float, float, int=4, int=4, int=2, int=1, int=1, int=1, int=1>(fused::ConvolutionParams<floatSrcType, int=1, int=1Type>, float)",10298,248
"Tesla V100-DGXS-16GB (0)","1","23","void fused::fusedConvolutionReluKernel<fused::SrcChwcPtr_FltTex_Reader<float, int=1, int=2, int=2>, fused::KpqkPtrWriter<float, int=1, int=2>, float, float, int=7, int=2, int=4, int=1, int=1, int=1, int=1>(fused::ConvolutionParams<floatSrcType, int=2, int=1Type>, float)",10679,224
"Tesla V100-DGXS-16GB (0)","1","23","void fused::fusedConvolutionReluKernel<fused::SrcChwcPtr_FltTex_Reader<float, int=1, int=4, int=1>, fused::KpqkPtrWriter<float, int=1, int=1>, float, float, int=4, int=7, int=4, int=1, int=1, int=1, int=1>(fused::ConvolutionParams<floatSrcType, int=1, int=1Type>, float)",11405,0
"Tesla V100-DGXS-16GB (0)","1","23","void fused::fusedConvolutionReluKernel<fused::SrcChwcPtr_FltTex_Reader<float, int=1, int=4, int=1>, fused::KpqkPtrWriter<float, int=1, int=1>, float, float, int=4, int=7, int=2, int=1, int=1, int=1, int=1>(fused::ConvolutionParams<floatSrcType, int=1, int=1Type>, float)",9905,0
"Tesla V100-DGXS-16GB (0)","1","23","void fused::fusedConvolutionReluKernel<fused::SrcChwcPtr_FltTex_Reader<float, int=1, int=2, int=2>, fused::KpqkPtrWriter<float, int=1, int=2>, float, float, int=2, int=10, int=1, int=1, int=1, int=1, int=1>(fused::ConvolutionParams<floatSrcType, int=2, int=1Type>, float)",16946,0
"Tesla V100-DGXS-16GB (0)","1","23","void fused::fusedConvolutionReluKernel<fused::SrcChwcPtr_FltTex_Reader<float, int=1, int=2, int=1>, fused::KpqkPtrWriter<float, int=1, int=1>, float, float, int=4, int=8, int=8, int=1, int=1, int=1, int=1>(fused::ConvolutionParams<floatSrcType, int=1, int=1Type>, float)",10405,232
"Tesla V100-DGXS-16GB (0)","1","23","void fused::fusedConvolutionReluKernel<fused::SrcChwcPtr_FltTex_Reader<float, int=1, int=4, int=1>, fused::KpqkPtrWriter<float, int=1, int=1>, float, float, int=2, int=7, int=1, int=1, int=1, int=1, int=1>(fused::ConvolutionParams<floatSrcType, int=1, int=1Type>, float)",9472,336
"Tesla V100-DGXS-16GB (0)","1","23","void fused::fusedConvolutionReluKernel<fused::SrcChwcPtr_FltTex_Reader<float, int=1, int=2, int=2>, fused::KpqkPtrWriter<float, int=1, int=2>, float, float, int=4, int=7, int=4, int=1, int=1, int=1, int=1>(fused::ConvolutionParams<floatSrcType, int=2, int=1Type>, float)",10698,368
"Tesla V100-DGXS-16GB (0)","1","23","void fused::fusedConvolutionReluKernel<fused::SrcChwcPtr_FltTex_Reader<float, int=1, int=2, int=1>, fused::KpqkPtrWriter<float, int=1, int=1>, float, float, int=3, int=10, int=2, int=1, int=1, int=1, int=1>(fused::ConvolutionParams<floatSrcType, int=1, int=1Type>, float)",11544,0
"Tesla V100-DGXS-16GB (0)","1","23","cask::computeOffsetsKernel(cask::ComputeOffsetsParams)",16,88
"Tesla V100-DGXS-16GB (0)","1","23","trt_volta_scudnn_128x32_relu_small_nn_v1",19209,616
"Tesla V100-DGXS-16GB (0)","1","23","cask::computeOffsetsKernel(cask::ComputeOffsetsParams)",80,0
"Tesla V100-DGXS-16GB (0)","1","23","trt_volta_scudnn_128x64_relu_medium_nn_v1",7277,768
"Tesla V100-DGXS-16GB (0)","1","23","cask::computeOffsetsKernel(cask::ComputeOffsetsParams)",0,0
"Tesla V100-DGXS-16GB (0)","1","23","trt_volta_scudnn_128x128_relu_medium_nn_v1",13,736
"Tesla V100-DGXS-16GB (0)","1","23","cask::computeOffsetsKernel(cask::ComputeOffsetsParams)",4,0
"Tesla V100-DGXS-16GB (0)","1","23","trt_volta_scudnn_128x32_relu_interior_nn_v1",21,600
"Tesla V100-DGXS-16GB (0)","1","23","cask::computeOffsetsKernel(cask::ComputeOffsetsParams)",0,0
"Tesla V100-DGXS-16GB (0)","1","23","trt_volta_scudnn_128x128_relu_small_nn_v1",13,720
"Tesla V100-DGXS-16GB (0)","1","23","cask::computeOffsetsKernel(cask::ComputeOffsetsParams)",4,0
"Tesla V100-DGXS-16GB (0)","1","23","trt_volta_scudnn_128x64_relu_small_nn_v1",13,752
"Tesla V100-DGXS-16GB (0)","1","23","cask::computeOffsetsKernel(cask::ComputeOffsetsParams)",0,0
"Tesla V100-DGXS-16GB (0)","1","23","trt_volta_scudnn_128x64_relu_interior_nn_v1",13,736
"Tesla V100-DGXS-16GB (0)","1","23","cask::computeOffsetsKernel(cask::ComputeOffsetsParams)",12,0
"Tesla V100-DGXS-16GB (0)","1","23","trt_volta_scudnn_128x128_relu_interior_nn_v1",13,704
"Tesla V100-DGXS-16GB (0)","1","23","void cudnn::detail::implicit_convolve_sgemm<float, float, int=128, int=5, int=5, int=3, int=3, int=3, int=1, bool=1, bool=0, bool=1>(int, int, int, float const *, int, float*, cudnn::detail::implicit_convolve_sgemm<float, float, int=128, int=5, int=5, int=3, int=3, int=3, int=1, bool=1, bool=0, bool=1>*, kernel_conv_params, int, float, float, int, float, float, int, int)",34,600
"Tesla V100-DGXS-16GB (0)","1","23","void add_tensor_kernel_v3<int=2, float, float, int=128, int=1, int=1, int=4, int=2>(cudnnTensorStruct, float*, cudnnTensorStruct, float const *, float, float)",4,160
"Tesla V100-DGXS-16GB (0)","1","23","void cudnn::detail::activation_fw_4d_kernel<float, float, int=128, int=1, int=4, cudnn::detail::relu_func<float, cudnnNanPropagation_t=1, bool=0>>(cudnnTensorStruct, float const *, cudnn::detail::activation_fw_4d_kernel<float, float, int=128, int=1, int=4, cudnn::detail::relu_func<float, cudnnNanPropagation_t=1, bool=0>>, cudnnTensorStruct*, float, cudnnTensorStruct*, int, cudnnTensorStruct*)",4,152
"Tesla V100-DGXS-16GB (0)","1","23","cudnn::gemm::computeOffsetsKernel(cudnn::gemm::ComputeOffsetsParams)",4,80
"Tesla V100-DGXS-16GB (0)","1","23","volta_scudnn_128x64_relu_interior_nn_v1",93,736
"Tesla V100-DGXS-16GB (0)","1","23","void add_tensor_kernel_v3<int=2, float, float, int=128, int=1, int=1, int=4, int=2>(cudnnTensorStruct, float*, cudnnTensorStruct, float const *, float, float)",0,0
"Tesla V100-DGXS-16GB (0)","1","23","void cudnn::detail::activation_fw_4d_kernel<float, float, int=128, int=1, int=4, cudnn::detail::relu_func<float, cudnnNanPropagation_t=1, bool=0>>(cudnnTensorStruct, float const *, cudnn::detail::activation_fw_4d_kernel<float, float, int=128, int=1, int=4, cudnn::detail::relu_func<float, cudnnNanPropagation_t=1, bool=0>>, cudnnTensorStruct*, float, cudnnTensorStruct*, int, cudnnTensorStruct*)",12,0
"Tesla V100-DGXS-16GB (0)","1","23","void im2col4d_kernel<float, int>(im2col4d_params, cudnnConvolutionStruct, cudnnTensor4dStruct, float const *, float*, int)",4354,112
"Tesla V100-DGXS-16GB (0)","1","23","void cudnn::detail::explicit_convolve_sgemm<float, int, int=128, int=6, int=7, int=3, int=3, int=5, int=0, bool=1>(int, int, int, float const *, int, float const , int, cudnn::detail::explicit_convolve_sgemm<float, int, int=128, int=6, int=7, int=3, int=3, int=5, int=0, bool=1>*, kernel_conv_params, int, int, float, float, int, float const *, float const *)",998,760
"Tesla V100-DGXS-16GB (0)","1","23","void add_tensor_kernel_v3<int=2, float, float, int=128, int=1, int=1, int=4, int=2>(cudnnTensorStruct, float*, cudnnTensorStruct, float const *, float, float)",0,0
"Tesla V100-DGXS-16GB (0)","1","23","void cudnn::detail::activation_fw_4d_kernel<float, float, int=128, int=1, int=4, cudnn::detail::relu_func<float, cudnnNanPropagation_t=1, bool=0>>(cudnnTensorStruct, float const *, cudnn::detail::activation_fw_4d_kernel<float, float, int=128, int=1, int=4, cudnn::detail::relu_func<float, cudnnNanPropagation_t=1, bool=0>>, cudnnTensorStruct*, float, cudnnTensorStruct*, int, cudnnTensorStruct*)",4,0
"Tesla V100-DGXS-16GB (0)","1","23","void fused::fusedConvolutionReluKernel<fused::SrcChwcPtr_FltTex_Reader<float, int=1, int=1, int=1>, fused::KpqkPtrWriter<float, int=1, int=1>, float, float, int=7, int=4, int=1, int=1, int=1, int=1, int=1>(fused::ConvolutionParams<floatSrcType, int=1, int=1Type>, float)",15699,499
"Tesla V100-DGXS-16GB (0)","1","23","void fused::fusedConvolutionReluKernel<fused::SrcChwcPtr_FltTex_Reader<float, int=1, int=1, int=4>, fused::KpqkPtrWriter<float, int=1, int=4>, float, float, int=3, int=8, int=2, int=1, int=1, int=1, int=1>(fused::ConvolutionParams<floatSrcType, int=4, int=1Type>, float)",286,488
"Tesla V100-DGXS-16GB (0)","1","23","void fused::fusedConvolutionReluKernel<fused::SrcChwcPtr_FltTex_Reader<float, int=1, int=2, int=2>, fused::KpqkPtrWriter<float, int=1, int=2>, float, float, int=3, int=8, int=1, int=1, int=1, int=1, int=1>(fused::ConvolutionParams<floatSrcType, int=2, int=1Type>, float)",42,576
"Tesla V100-DGXS-16GB (0)","1","23","void fused::fusedConvolutionReluKernel<fused::SrcChwcPtr_FltTex_Reader<float, int=1, int=1, int=4>, fused::KpqkPtrWriter<float, int=1, int=4>, float, float, int=6, int=5, int=2, int=1, int=1, int=1, int=1>(fused::ConvolutionParams<floatSrcType, int=4, int=1Type>, float)",46,608
"Tesla V100-DGXS-16GB (0)","1","23","void fused::fusedConvolutionReluKernel<fused::SrcChwcPtr_FltTex_Reader<float, int=1, int=2, int=2>, fused::KpqkPtrWriter<float, int=1, int=2>, float, float, int=5, int=5, int=1, int=1, int=1, int=1, int=1>(fused::ConvolutionParams<floatSrcType, int=2, int=1Type>, float)",46,624
"Tesla V100-DGXS-16GB (0)","1","23","void fused::fusedConvolutionReluKernel<fused::SrcChwcPtr_FltTex_Reader<float, int=1, int=2, int=2>, fused::KpqkPtrWriter<float, int=1, int=2>, float, float, int=2, int=9, int=1, int=1, int=1, int=1, int=1>(fused::ConvolutionParams<floatSrcType, int=2, int=1Type>, float)",52,472
"Tesla V100-DGXS-16GB (0)","1","23","void fused::fusedConvolutionReluKernel<fused::SrcChwcPtr_FltTex_Reader<float, int=1, int=2, int=2>, fused::KpqkPtrWriter<float, int=1, int=2>, float, float, int=2, int=10, int=1, int=1, int=1, int=1, int=1>(fused::ConvolutionParams<floatSrcType, int=2, int=1Type>, float)",40,512
"Tesla V100-DGXS-16GB (0)","1","23","void fused::fusedConvolutionReluKernel<fused::SrcChwcPtr_FltTex_Reader<float, int=1, int=1, int=4>, fused::KpqkPtrWriter<float, int=1, int=4>, float, float, int=5, int=5, int=1, int=1, int=1, int=1, int=1>(fused::ConvolutionParams<floatSrcType, int=4, int=1Type>, float)",44,744
"Tesla V100-DGXS-16GB (0)","1","23","void fused::fusedConvolutionReluKernel<fused::SrcChwcPtr_FltTex_Reader<float, int=1, int=1, int=4>, fused::KpqkPtrWriter<float, int=1, int=4>, float, float, int=1, int=10, int=2, int=1, int=1, int=1, int=1>(fused::ConvolutionParams<floatSrcType, int=4, int=1Type>, float)",36,240
"Tesla V100-DGXS-16GB (0)","1","23","void fused::fusedConvolutionReluKernel<fused::SrcChwcPtr_FltTex_Reader<float, int=1, int=2, int=1>, fused::KpqkPtrWriter<float, int=1, int=1>, float, float, int=3, int=10, int=1, int=1, int=1, int=1, int=1>(fused::ConvolutionParams<floatSrcType, int=1, int=1Type>, float)",32,576
"Tesla V100-DGXS-16GB (0)","1","23","void fused::fusedConvolutionReluKernel<fused::SrcChwcPtr_FltTex_Reader<float, int=1, int=2, int=2>, fused::KpqkPtrWriter<float, int=1, int=2>, float, float, int=4, int=4, int=1, int=1, int=1, int=1, int=1>(fused::ConvolutionParams<floatSrcType, int=2, int=1Type>, float)",32,408
"Tesla V100-DGXS-16GB (0)","1","23","void fused::fusedConvolutionReluKernel<fused::SrcChwcPtr_FltTex_Reader<float, int=1, int=2, int=2>, fused::KpqkPtrWriter<float, int=1, int=2>, float, float, int=2, int=7, int=1, int=1, int=1, int=1, int=1>(fused::ConvolutionParams<floatSrcType, int=2, int=1Type>, float)",36,392
"Tesla V100-DGXS-16GB (0)","1","23","void fused::fusedConvolutionReluKernel<fused::SrcChwcPtr_FltTex_Reader<float, int=1, int=2, int=2>, fused::KpqkPtrWriter<float, int=1, int=2>, float, float, int=1, int=7, int=1, int=1, int=1, int=1, int=1>(fused::ConvolutionParams<floatSrcType, int=2, int=1Type>, float)",36,232
"Tesla V100-DGXS-16GB (0)","1","23","void fused::fusedConvolutionReluKernel<fused::SrcChwcPtr_FltTex_Reader<float, int=1, int=2, int=2>, fused::KpqkPtrWriter<float, int=1, int=2>, float, float, int=2, int=10, int=1, int=1, int=1, int=1, int=1>(fused::ConvolutionParams<floatSrcType, int=2, int=1Type>, float)",32,0
"Tesla V100-DGXS-16GB (0)","1","23","cask::computeOffsetsKernel(cask::ComputeOffsetsParams)",10,88
"Tesla V100-DGXS-16GB (0)","1","23","trt_volta_scudnn_128x32_relu_small_nn_v1",6061,616
"Tesla V100-DGXS-16GB (0)","1","23","cask::computeOffsetsKernel(cask::ComputeOffsetsParams)",82,0
"Tesla V100-DGXS-16GB (0)","1","23","trt_volta_scudnn_128x64_relu_medium_nn_v1",11643,768
"Tesla V100-DGXS-16GB (0)","1","23","cask::computeOffsetsKernel(cask::ComputeOffsetsParams)",2,0
"Tesla V100-DGXS-16GB (0)","1","23","trt_volta_scudnn_128x128_relu_medium_nn_v1",21,736
"Tesla V100-DGXS-16GB (0)","1","23","cask::computeOffsetsKernel(cask::ComputeOffsetsParams)",2,0
"Tesla V100-DGXS-16GB (0)","1","23","trt_volta_scudnn_128x32_relu_interior_nn_v1",49,600
"Tesla V100-DGXS-16GB (0)","1","23","cask::computeOffsetsKernel(cask::ComputeOffsetsParams)",2,0
"Tesla V100-DGXS-16GB (0)","1","23","trt_volta_scudnn_128x128_relu_small_nn_v1",17,720
"Tesla V100-DGXS-16GB (0)","1","23","cask::computeOffsetsKernel(cask::ComputeOffsetsParams)",2,0
"Tesla V100-DGXS-16GB (0)","1","23","trt_volta_scudnn_128x64_relu_small_nn_v1",17,752
"Tesla V100-DGXS-16GB (0)","1","23","cask::computeOffsetsKernel(cask::ComputeOffsetsParams)",2,0
"Tesla V100-DGXS-16GB (0)","1","23","trt_volta_scudnn_128x64_relu_interior_nn_v1",17,736
"Tesla V100-DGXS-16GB (0)","1","23","cask::computeOffsetsKernel(cask::ComputeOffsetsParams)",6,0
"Tesla V100-DGXS-16GB (0)","1","23","trt_volta_scudnn_128x128_relu_interior_nn_v1",17,704
"Tesla V100-DGXS-16GB (0)","1","23","void cudnn::detail::implicit_convolve_sgemm<float, float, int=128, int=5, int=5, int=3, int=3, int=3, int=1, bool=1, bool=0, bool=1>(int, int, int, float const *, int, float*, cudnn::detail::implicit_convolve_sgemm<float, float, int=128, int=5, int=5, int=3, int=3, int=3, int=1, bool=1, bool=0, bool=1>*, kernel_conv_params, int, float, float, int, float, float, int, int)",30,600
"Tesla V100-DGXS-16GB (0)","1","23","void add_tensor_kernel_v3<int=2, float, float, int=128, int=1, int=1, int=4, int=2>(cudnnTensorStruct, float*, cudnnTensorStruct, float const *, float, float)",0,160
"Tesla V100-DGXS-16GB (0)","1","23","void cudnn::detail::activation_fw_4d_kernel<float, float, int=128, int=1, int=4, cudnn::detail::relu_func<float, cudnnNanPropagation_t=1, bool=0>>(cudnnTensorStruct, float const *, cudnn::detail::activation_fw_4d_kernel<float, float, int=128, int=1, int=4, cudnn::detail::relu_func<float, cudnnNanPropagation_t=1, bool=0>>, cudnnTensorStruct*, float, cudnnTensorStruct*, int, cudnnTensorStruct*)",2,136
"Tesla V100-DGXS-16GB (0)","1","23","cudnn::gemm::computeOffsetsKernel(cudnn::gemm::ComputeOffsetsParams)",0,80
"Tesla V100-DGXS-16GB (0)","1","23","volta_scudnn_128x64_relu_interior_nn_v1",15,736
"Tesla V100-DGXS-16GB (0)","1","23","void add_tensor_kernel_v3<int=2, float, float, int=128, int=1, int=1, int=4, int=2>(cudnnTensorStruct, float*, cudnnTensorStruct, float const *, float, float)",4,0
"Tesla V100-DGXS-16GB (0)","1","23","void cudnn::detail::activation_fw_4d_kernel<float, float, int=128, int=1, int=4, cudnn::detail::relu_func<float, cudnnNanPropagation_t=1, bool=0>>(cudnnTensorStruct, float const *, cudnn::detail::activation_fw_4d_kernel<float, float, int=128, int=1, int=4, cudnn::detail::relu_func<float, cudnnNanPropagation_t=1, bool=0>>, cudnnTensorStruct*, float, cudnnTensorStruct*, int, cudnnTensorStruct*)",2,0
"Tesla V100-DGXS-16GB (0)","1","23","void im2col4d_kernel<float, int>(im2col4d_params, cudnnConvolutionStruct, cudnnTensor4dStruct, float const *, float*, int)",453,112
"Tesla V100-DGXS-16GB (0)","1","23","void cudnn::detail::explicit_convolve_sgemm<float, int, int=128, int=6, int=7, int=3, int=3, int=5, int=0, bool=1>(int, int, int, float const *, int, float const , int, cudnn::detail::explicit_convolve_sgemm<float, int, int=128, int=6, int=7, int=3, int=3, int=5, int=0, bool=1>*, kernel_conv_params, int, int, float, float, int, float const *, float const *)",43,760
"Tesla V100-DGXS-16GB (0)","1","23","void add_tensor_kernel_v3<int=2, float, float, int=128, int=1, int=1, int=4, int=2>(cudnnTensorStruct, float*, cudnnTensorStruct, float const *, float, float)",0,0
"Tesla V100-DGXS-16GB (0)","1","23","void cudnn::detail::activation_fw_4d_kernel<float, float, int=128, int=1, int=4, cudnn::detail::relu_func<float, cudnnNanPropagation_t=1, bool=0>>(cudnnTensorStruct, float const *, cudnn::detail::activation_fw_4d_kernel<float, float, int=128, int=1, int=4, cudnn::detail::relu_func<float, cudnnNanPropagation_t=1, bool=0>>, cudnnTensorStruct*, float, cudnnTensorStruct*, int, cudnnTensorStruct*)",0,0
"Tesla V100-DGXS-16GB (0)","1","23","cask::computeOffsetsKernel(cask::ComputeOffsetsParams)",124,0
"Tesla V100-DGXS-16GB (0)","1","23","trt_volta_scudnn_128x32_relu_small_nn_v1",5557,0
"Tesla V100-DGXS-16GB (0)","1","23","cask::computeOffsetsKernel(cask::ComputeOffsetsParams)",16,0
"Tesla V100-DGXS-16GB (0)","1","23","trt_volta_scudnn_128x64_relu_medium_nn_v1",2143,0
"Tesla V100-DGXS-16GB (0)","1","23","cask::computeOffsetsKernel(cask::ComputeOffsetsParams)",0,0
"Tesla V100-DGXS-16GB (0)","1","23","trt_volta_scudnn_128x128_relu_medium_nn_v1",1981,0
"Tesla V100-DGXS-16GB (0)","1","23","cask::computeOffsetsKernel(cask::ComputeOffsetsParams)",4,0
"Tesla V100-DGXS-16GB (0)","1","23","trt_volta_scudnn_128x32_relu_interior_nn_v1",69,0
"Tesla V100-DGXS-16GB (0)","1","23","cask::computeOffsetsKernel(cask::ComputeOffsetsParams)",8,0
"Tesla V100-DGXS-16GB (0)","1","23","trt_volta_scudnn_128x128_relu_small_nn_v1",13,0
"Tesla V100-DGXS-16GB (0)","1","23","cask::computeOffsetsKernel(cask::ComputeOffsetsParams)",4,0
"Tesla V100-DGXS-16GB (0)","1","23","trt_volta_scudnn_128x64_relu_small_nn_v1",13,0
"Tesla V100-DGXS-16GB (0)","1","23","cask::computeOffsetsKernel(cask::ComputeOffsetsParams)",0,0
"Tesla V100-DGXS-16GB (0)","1","23","trt_volta_scudnn_128x64_relu_interior_nn_v1",13,0
"Tesla V100-DGXS-16GB (0)","1","23","cask::computeOffsetsKernel(cask::ComputeOffsetsParams)",4,0
"Tesla V100-DGXS-16GB (0)","1","23","trt_volta_scudnn_128x128_relu_interior_nn_v1",13,0
"Tesla V100-DGXS-16GB (0)","1","23","void cudnn::detail::implicit_convolve_sgemm<float, float, int=128, int=5, int=5, int=3, int=3, int=3, int=1, bool=1, bool=0, bool=1>(int, int, int, float const *, int, float*, cudnn::detail::implicit_convolve_sgemm<float, float, int=128, int=5, int=5, int=3, int=3, int=3, int=1, bool=1, bool=0, bool=1>*, kernel_conv_params, int, float, float, int, float, float, int, int)",34,0
"Tesla V100-DGXS-16GB (0)","1","23","void add_tensor_kernel_v3<int=2, float, float, int=128, int=1, int=1, int=4, int=2>(cudnnTensorStruct, float*, cudnnTensorStruct, float const *, float, float)",0,2
"Tesla V100-DGXS-16GB (0)","1","23","void cudnn::detail::activation_fw_4d_kernel<float, float, int=128, int=1, int=4, cudnn::detail::relu_func<float, cudnnNanPropagation_t=1, bool=0>>(cudnnTensorStruct, float const *, cudnn::detail::activation_fw_4d_kernel<float, float, int=128, int=1, int=4, cudnn::detail::relu_func<float, cudnnNanPropagation_t=1, bool=0>>, cudnnTensorStruct*, float, cudnnTensorStruct*, int, cudnnTensorStruct*)",4,16
"Tesla V100-DGXS-16GB (0)","1","23","cudnn::gemm::computeOffsetsKernel(cudnn::gemm::ComputeOffsetsParams)",0,0
"Tesla V100-DGXS-16GB (0)","1","23","volta_scudnn_128x64_relu_interior_nn_v1",13,0
"Tesla V100-DGXS-16GB (0)","1","23","void add_tensor_kernel_v3<int=2, float, float, int=128, int=1, int=1, int=4, int=2>(cudnnTensorStruct, float*, cudnnTensorStruct, float const *, float, float)",0,0
"Tesla V100-DGXS-16GB (0)","1","23","void cudnn::detail::activation_fw_4d_kernel<float, float, int=128, int=1, int=4, cudnn::detail::relu_func<float, cudnnNanPropagation_t=1, bool=0>>(cudnnTensorStruct, float const *, cudnn::detail::activation_fw_4d_kernel<float, float, int=128, int=1, int=4, cudnn::detail::relu_func<float, cudnnNanPropagation_t=1, bool=0>>, cudnnTensorStruct*, float, cudnnTensorStruct*, int, cudnnTensorStruct*)",4,0
"Tesla V100-DGXS-16GB (0)","1","23","void im2col4d_kernel<float, int>(im2col4d_params, cudnnConvolutionStruct, cudnnTensor4dStruct, float const *, float*, int)",0,0
"Tesla V100-DGXS-16GB (0)","1","23","void cudnn::detail::explicit_convolve_sgemm<float, int, int=1024, int=5, int=5, int=3, int=3, int=3, int=0, bool=1>(int, int, int, float const *, int, float const , int, cudnn::detail::explicit_convolve_sgemm<float, int, int=1024, int=5, int=5, int=3, int=3, int=3, int=0, bool=1>*, kernel_conv_params, int, int, float, float, int, float const *, float const *)",34,496
"Tesla V100-DGXS-16GB (0)","1","23","void add_tensor_kernel_v3<int=2, float, float, int=128, int=1, int=1, int=4, int=2>(cudnnTensorStruct, float*, cudnnTensorStruct, float const *, float, float)",0,0
"Tesla V100-DGXS-16GB (0)","1","23","void cudnn::detail::activation_fw_4d_kernel<float, float, int=128, int=1, int=4, cudnn::detail::relu_func<float, cudnnNanPropagation_t=1, bool=0>>(cudnnTensorStruct, float const *, cudnn::detail::activation_fw_4d_kernel<float, float, int=128, int=1, int=4, cudnn::detail::relu_func<float, cudnnNanPropagation_t=1, bool=0>>, cudnnTensorStruct*, float, cudnnTensorStruct*, int, cudnnTensorStruct*)",4,0
"Tesla V100-DGXS-16GB (0)","1","23","void fused::fusedConvolutionReluKernel<fused::SrcChwcPtr_FltTex_Reader<float, int=1, int=1, int=1>, fused::KpqkPtrWriter<float, int=1, int=1>, float, float, int=4, int=4, int=1, int=5, int=5, int=2, int=2>(fused::ConvolutionParams<floatSrcType, int=1, int=1Type>, float)",166717,811658
"Tesla V100-DGXS-16GB (0)","1","23","cask::computeOffsetsKernel(cask::ComputeOffsetsParams)",140,92
"Tesla V100-DGXS-16GB (0)","1","23","trt_volta_scudnn_128x128_relu_xregs_large_nn_v1",209074,812742
"Tesla V100-DGXS-16GB (0)","1","23","cask::computeOffsetsKernel(cask::ComputeOffsetsParams)",144,92
"Tesla V100-DGXS-16GB (0)","1","23","trt_volta_scudnn_128x32_relu_small_nn_v1",209395,812623
"Tesla V100-DGXS-16GB (0)","1","23","cask::computeOffsetsKernel(cask::ComputeOffsetsParams)",148,92
"Tesla V100-DGXS-16GB (0)","1","23","trt_volta_scudnn_128x64_relu_medium_nn_v1",209189,812767
"Tesla V100-DGXS-16GB (0)","1","23","cask::computeOffsetsKernel(cask::ComputeOffsetsParams)",144,92
"Tesla V100-DGXS-16GB (0)","1","23","trt_volta_scudnn_128x64_relu_xregs_large_nn_v1",208658,812791
"Tesla V100-DGXS-16GB (0)","1","23","cask::computeOffsetsKernel(cask::ComputeOffsetsParams)",152,92
"Tesla V100-DGXS-16GB (0)","1","23","trt_volta_scudnn_128x128_relu_medium_nn_v1",209092,812735
"Tesla V100-DGXS-16GB (0)","1","23","cask::computeOffsetsKernel(cask::ComputeOffsetsParams)",144,92
"Tesla V100-DGXS-16GB (0)","1","23","trt_volta_scudnn_128x128_relu_small_nn_v1",208413,812816
"Tesla V100-DGXS-16GB (0)","1","23","cask::computeOffsetsKernel(cask::ComputeOffsetsParams)",136,92
"Tesla V100-DGXS-16GB (0)","1","23","trt_volta_scudnn_128x64_relu_small_nn_v1",209558,812752
"Tesla V100-DGXS-16GB (0)","1","23","void cudnn::detail::implicit_convolve_sgemm<float, float, int=128, int=5, int=5, int=3, int=3, int=3, int=1, bool=1, bool=0, bool=1>(int, int, int, float const *, int, float*, cudnn::detail::implicit_convolve_sgemm<float, float, int=128, int=5, int=5, int=3, int=3, int=3, int=1, bool=1, bool=0, bool=1>*, kernel_conv_params, int, float, float, int, float, float, int, int)",210665,779587
"Tesla V100-DGXS-16GB (0)","1","23","void add_tensor_kernel_v3<int=2, float, float, int=128, int=1, int=1, int=4, int=2>(cudnnTensorStruct, float*, cudnnTensorStruct, float const *, float, float)",0,234
"Tesla V100-DGXS-16GB (0)","1","23","void cudnn::detail::activation_fw_4d_kernel<float, float, int=128, int=1, int=4, cudnn::detail::relu_func<float, cudnnNanPropagation_t=1, bool=0>>(cudnnTensorStruct, float const *, cudnn::detail::activation_fw_4d_kernel<float, float, int=128, int=1, int=4, cudnn::detail::relu_func<float, cudnnNanPropagation_t=1, bool=0>>, cudnnTensorStruct*, float, cudnnTensorStruct*, int, cudnnTensorStruct*)",0,136
"Tesla V100-DGXS-16GB (0)","1","23","cudnn::gemm::computeOffsetsKernel(cudnn::gemm::ComputeOffsetsParams)",256,84
"Tesla V100-DGXS-16GB (0)","1","23","volta_scudnn_128x64_relu_small_nn_v1",205151,780077
"Tesla V100-DGXS-16GB (0)","1","23","void add_tensor_kernel_v3<int=2, float, float, int=128, int=1, int=1, int=4, int=2>(cudnnTensorStruct, float*, cudnnTensorStruct, float const *, float, float)",0,234
"Tesla V100-DGXS-16GB (0)","1","23","void cudnn::detail::activation_fw_4d_kernel<float, float, int=128, int=1, int=4, cudnn::detail::relu_func<float, cudnnNanPropagation_t=1, bool=0>>(cudnnTensorStruct, float const *, cudnn::detail::activation_fw_4d_kernel<float, float, int=128, int=1, int=4, cudnn::detail::relu_func<float, cudnnNanPropagation_t=1, bool=0>>, cudnnTensorStruct*, float, cudnnTensorStruct*, int, cudnnTensorStruct*)",0,136
"Tesla V100-DGXS-16GB (0)","1","23","void gemv2T_kernel_val<float, float, float, int=128, int=16, int=2, int=4, bool=0>(int, int, float, float const *, int, float const *, int, float, float*, int)",160049,1781683
"Tesla V100-DGXS-16GB (0)","1","23","void add_tensor_kernel_v3<int=2, float, float, int=16, int=16, int=1, int=16, int=4>(cudnnTensorStruct, float*, cudnnTensorStruct, float const *, float, float)",0,256
"Tesla V100-DGXS-16GB (0)","1","23","void gemv2N_kernel_val<float, float, float, int=128, int=8, int=4, int=4, int=1>(float, float, cublasGemv2Params_v2<float, float, float>)",171941,1794014
"Tesla V100-DGXS-16GB (0)","1","23","void add_tensor_kernel_v3<int=2, float, float, int=16, int=16, int=1, int=16, int=4>(cudnnTensorStruct, float*, cudnnTensorStruct, float const *, float, float)",0,160
"Tesla V100-DGXS-16GB (0)","1","7","cask::computeOffsetsKernel(cask::ComputeOffsetsParams)",21770,100
"Tesla V100-DGXS-16GB (0)","1","7","cask::computeOffsetsKernel(cask::ComputeOffsetsParams)",4728,8
"Tesla V100-DGXS-16GB (0)","1","7","cask::computeOffsetsKernel(cask::ComputeOffsetsParams)",1353,0
"Tesla V100-DGXS-16GB (0)","1","7","cask::computeOffsetsKernel(cask::ComputeOffsetsParams)",2284,0
"Tesla V100-DGXS-16GB (0)","1","7","cask::computeOffsetsKernel(cask::ComputeOffsetsParams)",108,0
"Tesla V100-DGXS-16GB (0)","1","7","cask::computeOffsetsKernel(cask::ComputeOffsetsParams)",104,0
"Tesla V100-DGXS-16GB (0)","1","7","cask::computeOffsetsKernel(cask::ComputeOffsetsParams)",80,0
"Tesla V100-DGXS-16GB (0)","1","7","cask::computeOffsetsKernel(cask::ComputeOffsetsParams)",52,4
"Tesla V100-DGXS-16GB (0)","1","43","void cudnn::detail::activation_fw_4d_kernel<float, float, int=128, int=1, int=4, cudnn::detail::sigmoid_func<float>>(cudnnTensorStruct, float const *, cudnn::detail::activation_fw_4d_kernel<float, float, int=128, int=1, int=4, cudnn::detail::sigmoid_func<float>>, cudnnTensorStruct*, float, cudnnTensorStruct*, int, cudnnTensorStruct*)",49632,209
"Tesla V100-DGXS-16GB (0)","1","43","trt_volta_scudnn_128x128_relu_medium_nn_v1",561040,21405
"Tesla V100-DGXS-16GB (0)","1","43","trt_volta_scudnn_128x128_relu_xregs_large_nn_v1",815505,2328701
"Tesla V100-DGXS-16GB (0)","1","43","trt_volta_scudnn_128x64_relu_xregs_large_nn_v1",98487,866233
"Tesla V100-DGXS-16GB (0)","1","43","trt_volta_scudnn_128x128_relu_medium_nn_v1",39765,24331
"Tesla V100-DGXS-16GB (0)","1","43","void nvinfer1::tiled_pooling::poolCHW_PQT<int=2, int=2, int=2, int=2, int=2, int=16, int=128, int=7, int=1, bool=1, nvinfer1::ITiledPooling::PoolingMode, bool=0>(nvinfer1::TiledPoolingParams)",34193,144
"Tesla V100-DGXS-16GB (0)","1","43","void nvinfer1::tiled_pooling::poolCHW_PQT<int=2, int=2, int=2, int=2, int=2, int=32, int=256, int=5, int=1, bool=1, nvinfer1::ITiledPooling::PoolingMode, bool=0>(nvinfer1::TiledPoolingParams)",5513,120
"Tesla V100-DGXS-16GB (0)","1","43","trt_volta_scudnn_128x32_relu_interior_nn_v1",6826,6894
"Tesla V100-DGXS-16GB (0)","1","43","trt_volta_scudnn_128x128_relu_interior_nn_v1",1040,4298
"Tesla V100-DGXS-16GB (0)","1","43","trt_volta_scudnn_128x32_relu_interior_nn_v1",52,4102
"Tesla V100-DGXS-16GB (0)","1","43","trt_volta_scudnn_128x64_relu_small_nn_v1",86033,811368
"Tesla V100-DGXS-16GB (0)","1","43","void gemv2N_kernel_val<float, float, float, int=128, int=8, int=4, int=4, int=1>(float, float, cublasGemv2Params_v2<float, float, float>)",1916,1793749
"Tesla V100-DGXS-16GB (0)","1","43","void add_tensor_kernel_v3<int=2, float, float, int=16, int=16, int=1, int=16, int=4>(cudnnTensorStruct, float*, cudnnTensorStruct, float const *, float, float)",0,264
