==30589== NVPROF is profiling process 30589, command: python vgg_generator_RT.py 283
==30589== Profiling application: python vgg_generator_RT.py 283
==30589== Profiling result:
"Start","Duration","Grid X","Grid Y","Grid Z","Block X","Block Y","Block Z","Registers Per Thread","Static SMem","Dynamic SMem","Size","Throughput","SrcMemType","DstMemType","Device","Context","Stream","Name"
s,ms,,,,,,,,KB,B,MB,GB/s,,,,,,
2.209487,0.001472,,,,,,,,,,0.014648,9.718149,"Device",,"Tesla V100-DGXS-16GB (0)","1","22","[CUDA memset]"
2.211015,0.001536,,,,,,,,,,0.000107,0.067909,"Pageable","Device","Tesla V100-DGXS-16GB (0)","1","7","[CUDA memcpy HtoD]"
2.601476,0.001312,,,,,,,,,,0.000107,0.079503,"Pageable","Device","Tesla V100-DGXS-16GB (0)","1","7","[CUDA memcpy HtoD]"
2.867255,0.001248,,,,,,,,,,0.574219,449.327322,"Device",,"Tesla V100-DGXS-16GB (0)","1","7","[CUDA memset]"
2.867277,0.001216,,,,,,,,,,0.574219,461.151725,"Device",,"Tesla V100-DGXS-16GB (0)","1","7","[CUDA memset]"
2.867748,0.001184,,,,,,,,,,1.000000,824.799409,"Device",,"Tesla V100-DGXS-16GB (0)","1","7","[CUDA memset]"
2.867813,0.005440,192,1,1,128,1,1,22,0.000000,0,,,,,"Tesla V100-DGXS-16GB (0)","1","23","void cudnn::detail::activation_fw_4d_kernel<float, float, int=128, int=1, int=4, cudnn::detail::sigmoid_func<float>>(cudnnTensorStruct, float const *, cudnn::detail::activation_fw_4d_kernel<float, float, int=128, int=1, int=4, cudnn::detail::sigmoid_func<float>>, cudnnTensorStruct*, float, cudnnTensorStruct*, int, cudnnTensorStruct*) [510]"
2.868794,0.001184,,,,,,,,,,0.574219,473.615286,"Device",,"Tesla V100-DGXS-16GB (0)","1","7","[CUDA memset]"
2.869334,0.001216,,,,,,,,,,0.143555,115.287931,"Device",,"Tesla V100-DGXS-16GB (0)","1","7","[CUDA memset]"
2.869354,0.001184,,,,,,,,,,1.000000,824.799409,"Device",,"Tesla V100-DGXS-16GB (0)","1","7","[CUDA memset]"
2.869410,0.003136,3,56,4,256,1,1,16,1.000000,0,,,,,"Tesla V100-DGXS-16GB (0)","1","23","void nvinfer1::tiled_pooling::poolCHW_PQT<int=2, int=2, int=2, int=2, int=2, int=32, int=256, int=1, int=1, bool=1, nvinfer1::ITiledPooling::PoolingMode, bool=0>(nvinfer1::TiledPoolingParams) [531]"
2.869459,0.003136,2,56,4,256,1,1,17,2.000000,0,,,,,"Tesla V100-DGXS-16GB (0)","1","23","void nvinfer1::tiled_pooling::poolCHW_PQT<int=2, int=2, int=2, int=2, int=2, int=32, int=256, int=2, int=1, bool=1, nvinfer1::ITiledPooling::PoolingMode, bool=0>(nvinfer1::TiledPoolingParams) [539]"
2.869495,0.002944,1,56,4,256,1,1,22,3.000000,0,,,,,"Tesla V100-DGXS-16GB (0)","1","23","void nvinfer1::tiled_pooling::poolCHW_PQT<int=2, int=2, int=2, int=2, int=2, int=32, int=256, int=3, int=1, bool=1, nvinfer1::ITiledPooling::PoolingMode, bool=0>(nvinfer1::TiledPoolingParams) [547]"
2.869528,0.003136,1,56,4,256,1,1,26,4.000000,0,,,,,"Tesla V100-DGXS-16GB (0)","1","23","void nvinfer1::tiled_pooling::poolCHW_PQT<int=2, int=2, int=2, int=2, int=2, int=32, int=256, int=4, int=1, bool=1, nvinfer1::ITiledPooling::PoolingMode, bool=0>(nvinfer1::TiledPoolingParams) [555]"
2.869561,0.003360,1,56,4,256,1,1,30,5.000000,0,,,,,"Tesla V100-DGXS-16GB (0)","1","23","void nvinfer1::tiled_pooling::poolCHW_PQT<int=2, int=2, int=2, int=2, int=2, int=32, int=256, int=5, int=1, bool=1, nvinfer1::ITiledPooling::PoolingMode, bool=0>(nvinfer1::TiledPoolingParams) [563]"
2.869595,0.003616,1,56,4,256,1,1,31,6.000000,0,,,,,"Tesla V100-DGXS-16GB (0)","1","23","void nvinfer1::tiled_pooling::poolCHW_PQT<int=2, int=2, int=2, int=2, int=2, int=32, int=256, int=6, int=1, bool=1, nvinfer1::ITiledPooling::PoolingMode, bool=0>(nvinfer1::TiledPoolingParams) [571]"
2.869628,0.003904,1,56,4,256,1,1,32,7.000000,0,,,,,"Tesla V100-DGXS-16GB (0)","1","23","void nvinfer1::tiled_pooling::poolCHW_PQT<int=2, int=2, int=2, int=2, int=2, int=32, int=256, int=7, int=1, bool=1, nvinfer1::ITiledPooling::PoolingMode, bool=0>(nvinfer1::TiledPoolingParams) [579]"
2.869661,0.004096,1,56,4,256,1,1,32,8.000000,0,,,,,"Tesla V100-DGXS-16GB (0)","1","23","void nvinfer1::tiled_pooling::poolCHW_PQT<int=2, int=2, int=2, int=2, int=2, int=32, int=256, int=8, int=1, bool=1, nvinfer1::ITiledPooling::PoolingMode, bool=0>(nvinfer1::TiledPoolingParams) [587]"
2.869694,0.004000,3,56,7,128,1,1,16,0.500000,0,,,,,"Tesla V100-DGXS-16GB (0)","1","23","void nvinfer1::tiled_pooling::poolCHW_PQT<int=2, int=2, int=2, int=2, int=2, int=16, int=128, int=1, int=1, bool=1, nvinfer1::ITiledPooling::PoolingMode, bool=0>(nvinfer1::TiledPoolingParams) [595]"
2.869728,0.003520,2,56,7,128,1,1,17,1.000000,0,,,,,"Tesla V100-DGXS-16GB (0)","1","23","void nvinfer1::tiled_pooling::poolCHW_PQT<int=2, int=2, int=2, int=2, int=2, int=16, int=128, int=2, int=1, bool=1, nvinfer1::ITiledPooling::PoolingMode, bool=0>(nvinfer1::TiledPoolingParams) [603]"
2.869760,0.003200,1,56,7,128,1,1,22,1.500000,0,,,,,"Tesla V100-DGXS-16GB (0)","1","23","void nvinfer1::tiled_pooling::poolCHW_PQT<int=2, int=2, int=2, int=2, int=2, int=16, int=128, int=3, int=1, bool=1, nvinfer1::ITiledPooling::PoolingMode, bool=0>(nvinfer1::TiledPoolingParams) [611]"
2.869793,0.003424,1,56,7,128,1,1,26,2.000000,0,,,,,"Tesla V100-DGXS-16GB (0)","1","23","void nvinfer1::tiled_pooling::poolCHW_PQT<int=2, int=2, int=2, int=2, int=2, int=16, int=128, int=4, int=1, bool=1, nvinfer1::ITiledPooling::PoolingMode, bool=0>(nvinfer1::TiledPoolingParams) [619]"
2.869830,0.003648,1,56,7,128,1,1,30,2.500000,0,,,,,"Tesla V100-DGXS-16GB (0)","1","23","void nvinfer1::tiled_pooling::poolCHW_PQT<int=2, int=2, int=2, int=2, int=2, int=16, int=128, int=5, int=1, bool=1, nvinfer1::ITiledPooling::PoolingMode, bool=0>(nvinfer1::TiledPoolingParams) [627]"
2.869867,0.003904,1,56,7,128,1,1,31,3.000000,0,,,,,"Tesla V100-DGXS-16GB (0)","1","23","void nvinfer1::tiled_pooling::poolCHW_PQT<int=2, int=2, int=2, int=2, int=2, int=16, int=128, int=6, int=1, bool=1, nvinfer1::ITiledPooling::PoolingMode, bool=0>(nvinfer1::TiledPoolingParams) [635]"
2.869900,0.004032,1,56,7,128,1,1,32,3.500000,0,,,,,"Tesla V100-DGXS-16GB (0)","1","23","void nvinfer1::tiled_pooling::poolCHW_PQT<int=2, int=2, int=2, int=2, int=2, int=16, int=128, int=7, int=1, bool=1, nvinfer1::ITiledPooling::PoolingMode, bool=0>(nvinfer1::TiledPoolingParams) [643]"
2.869932,0.004480,1,56,7,128,1,1,32,4.000000,0,,,,,"Tesla V100-DGXS-16GB (0)","1","23","void nvinfer1::tiled_pooling::poolCHW_PQT<int=2, int=2, int=2, int=2, int=2, int=16, int=128, int=8, int=1, bool=1, nvinfer1::ITiledPooling::PoolingMode, bool=0>(nvinfer1::TiledPoolingParams) [651]"
2.870867,0.001184,,,,,,,,,,0.143555,118.403821,"Device",,"Tesla V100-DGXS-16GB (0)","1","7","[CUDA memset]"
2.871327,0.001184,,,,,,,,,,3.062500,2525.948189,"Device",,"Tesla V100-DGXS-16GB (0)","1","7","[CUDA memset]"
2.871787,0.001184,,,,,,,,,,1.000000,824.799409,"Device",,"Tesla V100-DGXS-16GB (0)","1","7","[CUDA memset]"
2.871896,0.001344,,,,,,,,,,0.000732,0.532184,"Pageable","Device","Tesla V100-DGXS-16GB (0)","1","7","[CUDA memcpy HtoD]"
2.871924,0.001280,,,,,,,,,,0.000244,0.186265,"Pageable","Device","Tesla V100-DGXS-16GB (0)","1","7","[CUDA memcpy HtoD]"
2.871974,0.040127,2,28,16,32,1,1,64,0.125000,0,,,,,"Tesla V100-DGXS-16GB (0)","1","23","void fused::fusedConvolutionReluKernel<fused::SrcChwcPtr_FltTex_Reader<float, int=1, int=1, int=1>, fused::KpqkPtrWriter<float, int=1, int=1>, float, float, int=7, int=4, int=1, int=1, int=1, int=1, int=1>(fused::ConvolutionParams<floatSrcType, int=1, int=1Type>, float) [683]"
2.872084,0.001376,,,,,,,,,,0.000732,0.519808,"Pageable","Device","Tesla V100-DGXS-16GB (0)","1","7","[CUDA memcpy HtoD]"
2.872105,0.001344,,,,,,,,,,0.000244,0.177395,"Pageable","Device","Tesla V100-DGXS-16GB (0)","1","7","[CUDA memcpy HtoD]"
2.872133,0.043040,1,23,23,32,1,1,124,0.500000,0,,,,,"Tesla V100-DGXS-16GB (0)","1","23","void fused::fusedConvolutionReluKernel<fused::SrcChwcPtr_FltTex_Reader<float, int=1, int=1, int=4>, fused::KpqkPtrWriter<float, int=1, int=4>, float, float, int=5, int=5, int=1, int=1, int=1, int=1, int=1>(fused::ConvolutionParams<floatSrcType, int=4, int=1Type>, float) [701]"
2.872466,0.001248,,,,,,,,,,0.073608,57.598719,"Device",,"Tesla V100-DGXS-16GB (0)","1","7","[CUDA memset]"
2.872482,0.002688,50,1,1,256,1,1,18,0.000000,0,,,,,"Tesla V100-DGXS-16GB (0)","1","23","cask::computeOffsetsKernel(cask::ComputeOffsetsParams) [715]"
2.872497,0.001408,,,,,,,,,,0.000732,0.507994,"Pageable","Device","Tesla V100-DGXS-16GB (0)","1","7","[CUDA memcpy HtoD]"
2.872510,0.001344,,,,,,,,,,0.000244,0.177395,"Pageable","Device","Tesla V100-DGXS-16GB (0)","1","7","[CUDA memcpy HtoD]"
2.872535,0.001376,,,,,,,,,,0.000732,0.519808,"Pageable","Device","Tesla V100-DGXS-16GB (0)","1","7","[CUDA memcpy HtoD]"
2.872559,0.001312,,,,,,,,,,0.000244,0.181721,"Pageable","Device","Tesla V100-DGXS-16GB (0)","1","7","[CUDA memcpy HtoD]"
2.872581,0.014400,98,2,1,64,1,1,128,5.250000,0,,,,,"Tesla V100-DGXS-16GB (0)","1","23","trt_volta_scudnn_128x32_relu_small_nn_v1 [723]"
2.872683,0.001216,,,,,,,,,,0.073608,59.114475,"Device",,"Tesla V100-DGXS-16GB (0)","1","7","[CUDA memset]"
2.872696,0.001952,50,1,1,256,1,1,18,0.000000,0,,,,,"Tesla V100-DGXS-16GB (0)","1","23","cask::computeOffsetsKernel(cask::ComputeOffsetsParams) [730]"
2.872709,0.001376,,,,,,,,,,0.000732,0.519808,"Pageable","Device","Tesla V100-DGXS-16GB (0)","1","7","[CUDA memcpy HtoD]"
2.872722,0.001344,,,,,,,,,,0.000244,0.177395,"Pageable","Device","Tesla V100-DGXS-16GB (0)","1","7","[CUDA memcpy HtoD]"
2.872747,0.001376,,,,,,,,,,0.000732,0.519808,"Pageable","Device","Tesla V100-DGXS-16GB (0)","1","7","[CUDA memcpy HtoD]"
2.872766,0.001312,,,,,,,,,,0.000244,0.181721,"Pageable","Device","Tesla V100-DGXS-16GB (0)","1","7","[CUDA memcpy HtoD]"
2.872823,0.017760,98,1,1,128,1,1,128,16.000000,0,,,,,"Tesla V100-DGXS-16GB (0)","1","23","trt_volta_scudnn_128x64_relu_medium_nn_v1 [741]"
2.872936,0.001216,,,,,,,,,,0.073608,59.114475,"Device",,"Tesla V100-DGXS-16GB (0)","1","7","[CUDA memset]"
2.872948,0.001952,50,1,1,256,1,1,18,0.000000,0,,,,,"Tesla V100-DGXS-16GB (0)","1","23","cask::computeOffsetsKernel(cask::ComputeOffsetsParams) [748]"
2.872961,0.001376,,,,,,,,,,0.000732,0.519808,"Pageable","Device","Tesla V100-DGXS-16GB (0)","1","7","[CUDA memcpy HtoD]"
2.872974,0.001312,,,,,,,,,,0.000244,0.181721,"Pageable","Device","Tesla V100-DGXS-16GB (0)","1","7","[CUDA memcpy HtoD]"
2.872998,0.001376,,,,,,,,,,0.000732,0.519808,"Pageable","Device","Tesla V100-DGXS-16GB (0)","1","7","[CUDA memcpy HtoD]"
2.873020,0.001280,,,,,,,,,,0.000244,0.186265,"Pageable","Device","Tesla V100-DGXS-16GB (0)","1","7","[CUDA memcpy HtoD]"
2.873075,0.017664,98,1,1,256,1,1,128,32.000000,0,,,,,"Tesla V100-DGXS-16GB (0)","1","23","trt_volta_scudnn_128x128_relu_medium_nn_v1 [759]"
2.873173,0.001184,,,,,,,,,,0.073608,60.712164,"Device",,"Tesla V100-DGXS-16GB (0)","1","7","[CUDA memset]"
2.873185,0.001952,50,1,1,256,1,1,18,0.000000,0,,,,,"Tesla V100-DGXS-16GB (0)","1","23","cask::computeOffsetsKernel(cask::ComputeOffsetsParams) [766]"
2.873198,0.001344,,,,,,,,,,0.000732,0.532184,"Pageable","Device","Tesla V100-DGXS-16GB (0)","1","7","[CUDA memcpy HtoD]"
2.873211,0.001312,,,,,,,,,,0.000244,0.181721,"Pageable","Device","Tesla V100-DGXS-16GB (0)","1","7","[CUDA memcpy HtoD]"
2.873236,0.001376,,,,,,,,,,0.000732,0.519808,"Pageable","Device","Tesla V100-DGXS-16GB (0)","1","7","[CUDA memcpy HtoD]"
2.873256,0.001312,,,,,,,,,,0.000244,0.181721,"Pageable","Device","Tesla V100-DGXS-16GB (0)","1","7","[CUDA memcpy HtoD]"
2.873309,0.014239,98,2,1,64,1,1,128,5.250000,0,,,,,"Tesla V100-DGXS-16GB (0)","1","23","trt_volta_scudnn_128x32_relu_interior_nn_v1 [777]"
2.873396,0.001184,,,,,,,,,,0.073608,60.712164,"Device",,"Tesla V100-DGXS-16GB (0)","1","7","[CUDA memset]"
2.873408,0.001952,50,1,1,256,1,1,18,0.000000,0,,,,,"Tesla V100-DGXS-16GB (0)","1","23","cask::computeOffsetsKernel(cask::ComputeOffsetsParams) [784]"
2.873421,0.001376,,,,,,,,,,0.000732,0.519808,"Pageable","Device","Tesla V100-DGXS-16GB (0)","1","7","[CUDA memcpy HtoD]"
2.873434,0.001312,,,,,,,,,,0.000244,0.181721,"Pageable","Device","Tesla V100-DGXS-16GB (0)","1","7","[CUDA memcpy HtoD]"
2.873457,0.001376,,,,,,,,,,0.000732,0.519808,"Pageable","Device","Tesla V100-DGXS-16GB (0)","1","7","[CUDA memcpy HtoD]"
2.873477,0.001312,,,,,,,,,,0.000244,0.181721,"Pageable","Device","Tesla V100-DGXS-16GB (0)","1","7","[CUDA memcpy HtoD]"
2.873530,0.017248,98,1,1,256,1,1,128,32.000000,0,,,,,"Tesla V100-DGXS-16GB (0)","1","23","trt_volta_scudnn_128x128_relu_small_nn_v1 [795]"
2.873623,0.001184,,,,,,,,,,0.073608,60.712164,"Device",,"Tesla V100-DGXS-16GB (0)","1","7","[CUDA memset]"
2.873634,0.001952,50,1,1,256,1,1,18,0.000000,0,,,,,"Tesla V100-DGXS-16GB (0)","1","23","cask::computeOffsetsKernel(cask::ComputeOffsetsParams) [802]"
2.873647,0.001376,,,,,,,,,,0.000732,0.519808,"Pageable","Device","Tesla V100-DGXS-16GB (0)","1","7","[CUDA memcpy HtoD]"
2.873660,0.001312,,,,,,,,,,0.000244,0.181721,"Pageable","Device","Tesla V100-DGXS-16GB (0)","1","7","[CUDA memcpy HtoD]"
2.873684,0.001376,,,,,,,,,,0.000732,0.519808,"Pageable","Device","Tesla V100-DGXS-16GB (0)","1","7","[CUDA memcpy HtoD]"
2.873703,0.001344,,,,,,,,,,0.000244,0.177395,"Pageable","Device","Tesla V100-DGXS-16GB (0)","1","7","[CUDA memcpy HtoD]"
2.873754,0.016672,98,1,1,128,1,1,128,16.000000,0,,,,,"Tesla V100-DGXS-16GB (0)","1","23","trt_volta_scudnn_128x64_relu_small_nn_v1 [813]"
2.873840,0.001184,,,,,,,,,,0.073608,60.712164,"Device",,"Tesla V100-DGXS-16GB (0)","1","7","[CUDA memset]"
2.873851,0.001920,50,1,1,256,1,1,18,0.000000,0,,,,,"Tesla V100-DGXS-16GB (0)","1","23","cask::computeOffsetsKernel(cask::ComputeOffsetsParams) [820]"
2.873864,0.001376,,,,,,,,,,0.000732,0.519808,"Pageable","Device","Tesla V100-DGXS-16GB (0)","1","7","[CUDA memcpy HtoD]"
2.873876,0.001344,,,,,,,,,,0.000244,0.177395,"Pageable","Device","Tesla V100-DGXS-16GB (0)","1","7","[CUDA memcpy HtoD]"
2.873899,0.001376,,,,,,,,,,0.000732,0.519808,"Pageable","Device","Tesla V100-DGXS-16GB (0)","1","7","[CUDA memcpy HtoD]"
2.873919,0.001312,,,,,,,,,,0.000244,0.181721,"Pageable","Device","Tesla V100-DGXS-16GB (0)","1","7","[CUDA memcpy HtoD]"
2.873972,0.016991,98,1,1,128,1,1,128,16.000000,0,,,,,"Tesla V100-DGXS-16GB (0)","1","23","trt_volta_scudnn_128x64_relu_interior_nn_v1 [831]"
2.874067,0.001216,,,,,,,,,,0.073608,59.114475,"Device",,"Tesla V100-DGXS-16GB (0)","1","7","[CUDA memset]"
2.874079,0.001984,50,1,1,256,1,1,18,0.000000,0,,,,,"Tesla V100-DGXS-16GB (0)","1","23","cask::computeOffsetsKernel(cask::ComputeOffsetsParams) [838]"
2.874093,0.001376,,,,,,,,,,0.000732,0.519808,"Pageable","Device","Tesla V100-DGXS-16GB (0)","1","7","[CUDA memcpy HtoD]"
2.874106,0.001312,,,,,,,,,,0.000244,0.181721,"Pageable","Device","Tesla V100-DGXS-16GB (0)","1","7","[CUDA memcpy HtoD]"
2.874132,0.001408,,,,,,,,,,0.000732,0.507994,"Pageable","Device","Tesla V100-DGXS-16GB (0)","1","7","[CUDA memcpy HtoD]"
2.874150,0.001344,,,,,,,,,,0.000244,0.177395,"Pageable","Device","Tesla V100-DGXS-16GB (0)","1","7","[CUDA memcpy HtoD]"
2.874201,0.016928,98,1,1,256,1,1,128,32.000000,0,,,,,"Tesla V100-DGXS-16GB (0)","1","23","trt_volta_scudnn_128x128_relu_interior_nn_v1 [849]"
2.874291,0.001344,,,,,,,,,,0.000732,0.532184,"Pageable","Device","Tesla V100-DGXS-16GB (0)","1","7","[CUDA memcpy HtoD]"
2.874313,0.001312,,,,,,,,,,0.000244,0.181721,"Pageable","Device","Tesla V100-DGXS-16GB (0)","1","7","[CUDA memcpy HtoD]"
2.874352,0.001376,,,,,,,,,,0.000732,0.519808,"Pageable","Device","Tesla V100-DGXS-16GB (0)","1","7","[CUDA memcpy HtoD]"
2.874369,0.001312,,,,,,,,,,0.000244,0.181721,"Pageable","Device","Tesla V100-DGXS-16GB (0)","1","7","[CUDA memcpy HtoD]"
2.874451,0.016032,392,2,1,8,8,1,63,2.250000,0,,,,,"Tesla V100-DGXS-16GB (0)","1","23","void cudnn::detail::implicit_convolve_sgemm<float, float, int=1024, int=5, int=5, int=3, int=3, int=3, int=1, bool=1, bool=0, bool=1>(int, int, int, float const *, int, float*, cudnn::detail::implicit_convolve_sgemm<float, float, int=1024, int=5, int=5, int=3, int=3, int=3, int=1, bool=1, bool=0, bool=1>*, kernel_conv_params, int, float, float, int, float, float, int, int) [887]"
2.874482,0.006208,1,64,13,128,1,1,29,0.000000,0,,,,,"Tesla V100-DGXS-16GB (0)","1","23","void add_tensor_kernel_v3<int=2, float, float, int=128, int=1, int=1, int=4, int=2>(cudnnTensorStruct, float*, cudnnTensorStruct, float const *, float, float) [897]"
2.874498,0.006239,256,1,1,128,1,1,21,0.000000,0,,,,,"Tesla V100-DGXS-16GB (0)","1","23","void cudnn::detail::activation_fw_4d_kernel<float, float, int=128, int=1, int=4, cudnn::detail::relu_func<float, cudnnNanPropagation_t=1, bool=0>>(cudnnTensorStruct, float const *, cudnn::detail::activation_fw_4d_kernel<float, float, int=128, int=1, int=4, cudnn::detail::relu_func<float, cudnnNanPropagation_t=1, bool=0>>, cudnnTensorStruct*, float, cudnnTensorStruct*, int, cudnnTensorStruct*) [908]"
2.874565,0.001344,,,,,,,,,,0.000732,0.532184,"Pageable","Device","Tesla V100-DGXS-16GB (0)","1","7","[CUDA memcpy HtoD]"
2.874585,0.001344,,,,,,,,,,0.000244,0.177395,"Pageable","Device","Tesla V100-DGXS-16GB (0)","1","7","[CUDA memcpy HtoD]"
2.874624,0.001344,,,,,,,,,,0.000732,0.532184,"Pageable","Device","Tesla V100-DGXS-16GB (0)","1","7","[CUDA memcpy HtoD]"
2.874642,0.001344,,,,,,,,,,0.000244,0.177395,"Pageable","Device","Tesla V100-DGXS-16GB (0)","1","7","[CUDA memcpy HtoD]"
2.874678,0.002336,99,1,1,128,1,1,16,0.000000,0,,,,,"Tesla V100-DGXS-16GB (0)","1","23","cudnn::gemm::computeOffsetsKernel(cudnn::gemm::ComputeOffsetsParams) [928]"
2.874701,0.014336,98,2,1,64,1,1,128,5.250000,0,,,,,"Tesla V100-DGXS-16GB (0)","1","23","volta_scudnn_128x32_relu_interior_nn_v1 [933]"
2.874716,0.005312,1,64,13,128,1,1,29,0.000000,0,,,,,"Tesla V100-DGXS-16GB (0)","1","23","void add_tensor_kernel_v3<int=2, float, float, int=128, int=1, int=1, int=4, int=2>(cudnnTensorStruct, float*, cudnnTensorStruct, float const *, float, float) [942]"
2.874729,0.005888,256,1,1,128,1,1,21,0.000000,0,,,,,"Tesla V100-DGXS-16GB (0)","1","23","void cudnn::detail::activation_fw_4d_kernel<float, float, int=128, int=1, int=4, cudnn::detail::relu_func<float, cudnnNanPropagation_t=1, bool=0>>(cudnnTensorStruct, float const *, cudnn::detail::activation_fw_4d_kernel<float, float, int=128, int=1, int=4, cudnn::detail::relu_func<float, cudnnNanPropagation_t=1, bool=0>>, cudnnTensorStruct*, float, cudnnTensorStruct*, int, cudnnTensorStruct*) [953]"
2.874794,0.001376,,,,,,,,,,0.000732,0.519808,"Pageable","Device","Tesla V100-DGXS-16GB (0)","1","7","[CUDA memcpy HtoD]"
2.874813,0.001312,,,,,,,,,,0.000244,0.181721,"Pageable","Device","Tesla V100-DGXS-16GB (0)","1","7","[CUDA memcpy HtoD]"
2.874849,0.001504,,,,,,,,,,0.000732,0.475569,"Pageable","Device","Tesla V100-DGXS-16GB (0)","1","7","[CUDA memcpy HtoD]"
2.874865,0.001312,,,,,,,,,,0.000244,0.181721,"Pageable","Device","Tesla V100-DGXS-16GB (0)","1","7","[CUDA memcpy HtoD]"
2.874891,0.003904,25,1,1,512,1,1,25,0.000000,0,,,,,"Tesla V100-DGXS-16GB (0)","1","23","void im2col4d_kernel<float, int>(im2col4d_params, cudnnConvolutionStruct, cudnnTensor4dStruct, float const *, float*, int) [978]"
2.874932,0.014496,392,2,1,8,8,1,62,2.250000,0,,,,,"Tesla V100-DGXS-16GB (0)","1","23","void cudnn::detail::explicit_convolve_sgemm<float, int, int=128, int=5, int=5, int=3, int=3, int=3, int=0, bool=1>(int, int, int, float const *, int, float const , int, cudnn::detail::explicit_convolve_sgemm<float, int, int=128, int=5, int=5, int=3, int=3, int=3, int=0, bool=1>*, kernel_conv_params, int, int, float, float, int, float const *, float const *) [999]"
2.874948,0.005184,1,64,13,128,1,1,29,0.000000,0,,,,,"Tesla V100-DGXS-16GB (0)","1","23","void add_tensor_kernel_v3<int=2, float, float, int=128, int=1, int=1, int=4, int=2>(cudnnTensorStruct, float*, cudnnTensorStruct, float const *, float, float) [1010]"
2.874961,0.005824,256,1,1,128,1,1,21,0.000000,0,,,,,"Tesla V100-DGXS-16GB (0)","1","23","void cudnn::detail::activation_fw_4d_kernel<float, float, int=128, int=1, int=4, cudnn::detail::relu_func<float, cudnnNanPropagation_t=1, bool=0>>(cudnnTensorStruct, float const *, cudnn::detail::activation_fw_4d_kernel<float, float, int=128, int=1, int=4, cudnn::detail::relu_func<float, cudnnNanPropagation_t=1, bool=0>>, cudnnTensorStruct*, float, cudnnTensorStruct*, int, cudnnTensorStruct*) [1021]"
2.875023,0.001408,,,,,,,,,,0.000732,0.507994,"Pageable","Device","Tesla V100-DGXS-16GB (0)","1","7","[CUDA memcpy HtoD]"
2.875042,0.001312,,,,,,,,,,0.000244,0.181721,"Pageable","Device","Tesla V100-DGXS-16GB (0)","1","7","[CUDA memcpy HtoD]"
2.875081,0.001376,,,,,,,,,,0.000732,0.519808,"Pageable","Device","Tesla V100-DGXS-16GB (0)","1","7","[CUDA memcpy HtoD]"
2.875099,0.001312,,,,,,,,,,0.000244,0.181721,"Pageable","Device","Tesla V100-DGXS-16GB (0)","1","7","[CUDA memcpy HtoD]"
2.876282,0.001216,,,,,,,,,,3.062500,2459.475869,"Device",,"Tesla V100-DGXS-16GB (0)","1","7","[CUDA memset]"
2.876302,0.001216,,,,,,,,,,0.765625,614.868967,"Device",,"Tesla V100-DGXS-16GB (0)","1","7","[CUDA memset]"
2.876765,0.001184,,,,,,,,,,1.000000,824.799409,"Device",,"Tesla V100-DGXS-16GB (0)","1","7","[CUDA memset]"
2.876805,0.009024,64,28,2,256,1,1,16,1.000000,0,,,,,"Tesla V100-DGXS-16GB (0)","1","23","void nvinfer1::tiled_pooling::poolCHW_PQT<int=2, int=2, int=2, int=2, int=2, int=32, int=256, int=1, int=1, bool=1, nvinfer1::ITiledPooling::PoolingMode, bool=0>(nvinfer1::TiledPoolingParams) [1059]"
2.876852,0.005696,32,28,2,256,1,1,17,2.000000,0,,,,,"Tesla V100-DGXS-16GB (0)","1","23","void nvinfer1::tiled_pooling::poolCHW_PQT<int=2, int=2, int=2, int=2, int=2, int=32, int=256, int=2, int=1, bool=1, nvinfer1::ITiledPooling::PoolingMode, bool=0>(nvinfer1::TiledPoolingParams) [1067]"
2.876897,0.005216,22,28,2,256,1,1,22,3.000000,0,,,,,"Tesla V100-DGXS-16GB (0)","1","23","void nvinfer1::tiled_pooling::poolCHW_PQT<int=2, int=2, int=2, int=2, int=2, int=32, int=256, int=3, int=1, bool=1, nvinfer1::ITiledPooling::PoolingMode, bool=0>(nvinfer1::TiledPoolingParams) [1075]"
2.876934,0.004896,16,28,2,256,1,1,26,4.000000,0,,,,,"Tesla V100-DGXS-16GB (0)","1","23","void nvinfer1::tiled_pooling::poolCHW_PQT<int=2, int=2, int=2, int=2, int=2, int=32, int=256, int=4, int=1, bool=1, nvinfer1::ITiledPooling::PoolingMode, bool=0>(nvinfer1::TiledPoolingParams) [1083]"
2.876971,0.005024,13,28,2,256,1,1,30,5.000000,0,,,,,"Tesla V100-DGXS-16GB (0)","1","23","void nvinfer1::tiled_pooling::poolCHW_PQT<int=2, int=2, int=2, int=2, int=2, int=32, int=256, int=5, int=1, bool=1, nvinfer1::ITiledPooling::PoolingMode, bool=0>(nvinfer1::TiledPoolingParams) [1091]"
2.877006,0.004576,11,28,2,256,1,1,31,6.000000,0,,,,,"Tesla V100-DGXS-16GB (0)","1","23","void nvinfer1::tiled_pooling::poolCHW_PQT<int=2, int=2, int=2, int=2, int=2, int=32, int=256, int=6, int=1, bool=1, nvinfer1::ITiledPooling::PoolingMode, bool=0>(nvinfer1::TiledPoolingParams) [1099]"
2.877039,0.004768,10,28,2,256,1,1,32,7.000000,0,,,,,"Tesla V100-DGXS-16GB (0)","1","23","void nvinfer1::tiled_pooling::poolCHW_PQT<int=2, int=2, int=2, int=2, int=2, int=32, int=256, int=7, int=1, bool=1, nvinfer1::ITiledPooling::PoolingMode, bool=0>(nvinfer1::TiledPoolingParams) [1107]"
2.877075,0.004832,8,28,2,256,1,1,32,8.000000,0,,,,,"Tesla V100-DGXS-16GB (0)","1","23","void nvinfer1::tiled_pooling::poolCHW_PQT<int=2, int=2, int=2, int=2, int=2, int=32, int=256, int=8, int=1, bool=1, nvinfer1::ITiledPooling::PoolingMode, bool=0>(nvinfer1::TiledPoolingParams) [1115]"
2.877110,0.013376,64,28,4,128,1,1,16,0.500000,0,,,,,"Tesla V100-DGXS-16GB (0)","1","23","void nvinfer1::tiled_pooling::poolCHW_PQT<int=2, int=2, int=2, int=2, int=2, int=16, int=128, int=1, int=1, bool=1, nvinfer1::ITiledPooling::PoolingMode, bool=0>(nvinfer1::TiledPoolingParams) [1123]"
2.877153,0.007872,32,28,4,128,1,1,17,1.000000,0,,,,,"Tesla V100-DGXS-16GB (0)","1","23","void nvinfer1::tiled_pooling::poolCHW_PQT<int=2, int=2, int=2, int=2, int=2, int=16, int=128, int=2, int=1, bool=1, nvinfer1::ITiledPooling::PoolingMode, bool=0>(nvinfer1::TiledPoolingParams) [1131]"
2.877189,0.006624,22,28,4,128,1,1,22,1.500000,0,,,,,"Tesla V100-DGXS-16GB (0)","1","23","void nvinfer1::tiled_pooling::poolCHW_PQT<int=2, int=2, int=2, int=2, int=2, int=16, int=128, int=3, int=1, bool=1, nvinfer1::ITiledPooling::PoolingMode, bool=0>(nvinfer1::TiledPoolingParams) [1139]"
2.877225,0.005696,16,28,4,128,1,1,26,2.000000,0,,,,,"Tesla V100-DGXS-16GB (0)","1","23","void nvinfer1::tiled_pooling::poolCHW_PQT<int=2, int=2, int=2, int=2, int=2, int=16, int=128, int=4, int=1, bool=1, nvinfer1::ITiledPooling::PoolingMode, bool=0>(nvinfer1::TiledPoolingParams) [1147]"
2.877261,0.005760,13,28,4,128,1,1,30,2.500000,0,,,,,"Tesla V100-DGXS-16GB (0)","1","23","void nvinfer1::tiled_pooling::poolCHW_PQT<int=2, int=2, int=2, int=2, int=2, int=16, int=128, int=5, int=1, bool=1, nvinfer1::ITiledPooling::PoolingMode, bool=0>(nvinfer1::TiledPoolingParams) [1155]"
2.877296,0.005632,11,28,4,128,1,1,31,3.000000,0,,,,,"Tesla V100-DGXS-16GB (0)","1","23","void nvinfer1::tiled_pooling::poolCHW_PQT<int=2, int=2, int=2, int=2, int=2, int=16, int=128, int=6, int=1, bool=1, nvinfer1::ITiledPooling::PoolingMode, bool=0>(nvinfer1::TiledPoolingParams) [1163]"
2.877332,0.005664,10,28,4,128,1,1,32,3.500000,0,,,,,"Tesla V100-DGXS-16GB (0)","1","23","void nvinfer1::tiled_pooling::poolCHW_PQT<int=2, int=2, int=2, int=2, int=2, int=16, int=128, int=7, int=1, bool=1, nvinfer1::ITiledPooling::PoolingMode, bool=0>(nvinfer1::TiledPoolingParams) [1171]"
2.877368,0.005536,8,28,4,128,1,1,32,4.000000,0,,,,,"Tesla V100-DGXS-16GB (0)","1","23","void nvinfer1::tiled_pooling::poolCHW_PQT<int=2, int=2, int=2, int=2, int=2, int=16, int=128, int=8, int=1, bool=1, nvinfer1::ITiledPooling::PoolingMode, bool=0>(nvinfer1::TiledPoolingParams) [1179]"
2.878304,0.001184,,,,,,,,,,0.765625,631.487047,"Device",,"Tesla V100-DGXS-16GB (0)","1","7","[CUDA memset]"
2.878324,0.001184,,,,,,,,,,1.151428,949.697317,"Device",,"Tesla V100-DGXS-16GB (0)","1","7","[CUDA memset]"
2.878784,0.001184,,,,,,,,,,1.000000,824.799409,"Device",,"Tesla V100-DGXS-16GB (0)","1","7","[CUDA memset]"
2.879017,0.001216,,,,,,,,,,0.664429,533.598818,"Device",,"Tesla V100-DGXS-16GB (0)","1","7","[CUDA memset]"
2.879713,0.002784,4,1,1,256,1,1,18,0.000000,0,,,,,"Tesla V100-DGXS-16GB (0)","1","23","cask::computeOffsetsKernel(cask::ComputeOffsetsParams) [1207]"
2.879787,0.109472,,,,,,,,,,0.657959,5.869428,"Pageable","Device","Tesla V100-DGXS-16GB (0)","1","7","[CUDA memcpy HtoD]"
2.879912,0.001440,,,,,,,,,,0.001469,0.995998,"Pageable","Device","Tesla V100-DGXS-16GB (0)","1","7","[CUDA memcpy HtoD]"
2.880454,0.109088,,,,,,,,,,0.657959,5.890089,"Pageable","Device","Tesla V100-DGXS-16GB (0)","1","7","[CUDA memcpy HtoD]"
2.880930,0.001568,,,,,,,,,,0.001469,0.914692,"Pageable","Device","Tesla V100-DGXS-16GB (0)","1","7","[CUDA memcpy HtoD]"
2.880955,0.103583,7,13,1,64,1,1,128,5.250000,0,,,,,"Tesla V100-DGXS-16GB (0)","1","23","trt_volta_scudnn_128x32_relu_small_nn_v1 [1215]"
2.881149,0.001184,,,,,,,,,,0.664429,548.020408,"Device",,"Tesla V100-DGXS-16GB (0)","1","7","[CUDA memset]"
2.881612,0.001920,4,1,1,256,1,1,18,0.000000,0,,,,,"Tesla V100-DGXS-16GB (0)","1","23","cask::computeOffsetsKernel(cask::ComputeOffsetsParams) [1222]"
2.881683,0.110047,,,,,,,,,,0.657959,5.838760,"Pageable","Device","Tesla V100-DGXS-16GB (0)","1","7","[CUDA memcpy HtoD]"
2.881807,0.001440,,,,,,,,,,0.001469,0.995998,"Pageable","Device","Tesla V100-DGXS-16GB (0)","1","7","[CUDA memcpy HtoD]"
2.881887,0.109791,,,,,,,,,,0.657959,5.852375,"Pageable","Device","Tesla V100-DGXS-16GB (0)","1","7","[CUDA memcpy HtoD]"
2.882012,0.001440,,,,,,,,,,0.001469,0.995998,"Pageable","Device","Tesla V100-DGXS-16GB (0)","1","7","[CUDA memcpy HtoD]"
2.882065,0.074688,7,7,1,128,1,1,128,16.000000,0,,,,,"Tesla V100-DGXS-16GB (0)","1","23","trt_volta_scudnn_128x64_relu_medium_nn_v1 [1233]"
2.882223,0.001216,,,,,,,,,,0.664429,533.598818,"Device",,"Tesla V100-DGXS-16GB (0)","1","7","[CUDA memset]"
2.882685,0.001952,4,1,1,256,1,1,18,0.000000,0,,,,,"Tesla V100-DGXS-16GB (0)","1","23","cask::computeOffsetsKernel(cask::ComputeOffsetsParams) [1240]"
2.882754,0.109791,,,,,,,,,,0.657959,5.852375,"Pageable","Device","Tesla V100-DGXS-16GB (0)","1","7","[CUDA memcpy HtoD]"
2.882878,0.001472,,,,,,,,,,0.001469,0.974346,"Pageable","Device","Tesla V100-DGXS-16GB (0)","1","7","[CUDA memcpy HtoD]"
2.882957,0.109792,,,,,,,,,,0.657959,5.852321,"Pageable","Device","Tesla V100-DGXS-16GB (0)","1","7","[CUDA memcpy HtoD]"
2.883082,0.001440,,,,,,,,,,0.001469,0.995998,"Pageable","Device","Tesla V100-DGXS-16GB (0)","1","7","[CUDA memcpy HtoD]"
2.883136,0.100767,7,4,1,256,1,1,128,32.000000,0,,,,,"Tesla V100-DGXS-16GB (0)","1","23","trt_volta_scudnn_128x128_relu_medium_nn_v1 [1251]"
2.883319,0.001216,,,,,,,,,,0.664429,533.598818,"Device",,"Tesla V100-DGXS-16GB (0)","1","7","[CUDA memset]"
2.883777,0.001920,4,1,1,256,1,1,18,0.000000,0,,,,,"Tesla V100-DGXS-16GB (0)","1","23","cask::computeOffsetsKernel(cask::ComputeOffsetsParams) [1258]"
2.883846,0.109855,,,,,,,,,,0.657959,5.848965,"Pageable","Device","Tesla V100-DGXS-16GB (0)","1","7","[CUDA memcpy HtoD]"
2.883970,0.001472,,,,,,,,,,0.001469,0.974346,"Pageable","Device","Tesla V100-DGXS-16GB (0)","1","7","[CUDA memcpy HtoD]"
2.884049,0.109727,,,,,,,,,,0.657959,5.855788,"Pageable","Device","Tesla V100-DGXS-16GB (0)","1","7","[CUDA memcpy HtoD]"
2.884173,0.001472,,,,,,,,,,0.001469,0.974346,"Pageable","Device","Tesla V100-DGXS-16GB (0)","1","7","[CUDA memcpy HtoD]"
2.884225,0.099423,7,4,1,256,1,1,128,32.000000,0,,,,,"Tesla V100-DGXS-16GB (0)","1","23","trt_volta_scudnn_128x128_relu_small_nn_v1 [1269]"
2.884401,0.001184,,,,,,,,,,0.664429,548.020408,"Device",,"Tesla V100-DGXS-16GB (0)","1","7","[CUDA memset]"
2.884858,0.001920,4,1,1,256,1,1,18,0.000000,0,,,,,"Tesla V100-DGXS-16GB (0)","1","23","cask::computeOffsetsKernel(cask::ComputeOffsetsParams) [1276]"
2.884936,0.109760,,,,,,,,,,0.657959,5.854028,"Pageable","Device","Tesla V100-DGXS-16GB (0)","1","7","[CUDA memcpy HtoD]"
2.885060,0.001440,,,,,,,,,,0.001469,0.995998,"Pageable","Device","Tesla V100-DGXS-16GB (0)","1","7","[CUDA memcpy HtoD]"
2.885137,0.109791,,,,,,,,,,0.657959,5.852375,"Pageable","Device","Tesla V100-DGXS-16GB (0)","1","7","[CUDA memcpy HtoD]"
2.885262,0.001472,,,,,,,,,,0.001469,0.974346,"Pageable","Device","Tesla V100-DGXS-16GB (0)","1","7","[CUDA memcpy HtoD]"
2.885315,0.063359,7,7,1,128,1,1,128,16.000000,0,,,,,"Tesla V100-DGXS-16GB (0)","1","23","trt_volta_scudnn_128x64_relu_small_nn_v1 [1287]"
2.885499,0.109663,,,,,,,,,,0.657959,5.859206,"Pageable","Device","Tesla V100-DGXS-16GB (0)","1","7","[CUDA memcpy HtoD]"
2.885625,0.001472,,,,,,,,,,0.001469,0.974346,"Pageable","Device","Tesla V100-DGXS-16GB (0)","1","7","[CUDA memcpy HtoD]"
2.885720,0.109343,,,,,,,,,,0.657959,5.876353,"Pageable","Device","Tesla V100-DGXS-16GB (0)","1","7","[CUDA memcpy HtoD]"
2.885843,0.001440,,,,,,,,,,0.001469,0.995998,"Pageable","Device","Tesla V100-DGXS-16GB (0)","1","7","[CUDA memcpy HtoD]"
2.885892,0.064224,25,13,1,8,8,1,63,2.250000,0,,,,,"Tesla V100-DGXS-16GB (0)","1","23","void cudnn::detail::implicit_convolve_sgemm<float, float, int=1024, int=5, int=5, int=3, int=3, int=3, int=1, bool=1, bool=0, bool=1>(int, int, int, float const *, int, float*, cudnn::detail::implicit_convolve_sgemm<float, float, int=1024, int=5, int=5, int=3, int=3, int=3, int=1, bool=1, bool=0, bool=1>*, kernel_conv_params, int, float, float, int, float, float, int, int) [1325]"
2.885958,0.004608,1,385,2,128,1,1,29,0.000000,0,,,,,"Tesla V100-DGXS-16GB (0)","1","23","void add_tensor_kernel_v3<int=2, float, float, int=128, int=1, int=1, int=4, int=2>(cudnnTensorStruct, float*, cudnnTensorStruct, float const *, float, float) [1335]"
2.885964,0.005312,80,1,1,128,1,1,21,0.000000,0,,,,,"Tesla V100-DGXS-16GB (0)","1","23","void cudnn::detail::activation_fw_4d_kernel<float, float, int=128, int=1, int=4, cudnn::detail::relu_func<float, cudnnNanPropagation_t=1, bool=0>>(cudnnTensorStruct, float const *, cudnn::detail::activation_fw_4d_kernel<float, float, int=128, int=1, int=4, cudnn::detail::relu_func<float, cudnnNanPropagation_t=1, bool=0>>, cudnnTensorStruct*, float, cudnnTensorStruct*, int, cudnnTensorStruct*) [1346]"
2.886084,0.109855,,,,,,,,,,0.657959,5.848965,"Pageable","Device","Tesla V100-DGXS-16GB (0)","1","7","[CUDA memcpy HtoD]"
2.886208,0.001472,,,,,,,,,,0.001469,0.974346,"Pageable","Device","Tesla V100-DGXS-16GB (0)","1","7","[CUDA memcpy HtoD]"
2.886305,0.109887,,,,,,,,,,0.657959,5.847262,"Pageable","Device","Tesla V100-DGXS-16GB (0)","1","7","[CUDA memcpy HtoD]"
2.886427,0.001472,,,,,,,,,,0.001469,0.974346,"Pageable","Device","Tesla V100-DGXS-16GB (0)","1","7","[CUDA memcpy HtoD]"
2.886453,0.002016,7,1,1,128,1,1,16,0.000000,0,,,,,"Tesla V100-DGXS-16GB (0)","1","23","cudnn::gemm::computeOffsetsKernel(cudnn::gemm::ComputeOffsetsParams) [1366]"
2.886469,0.063359,7,7,1,128,1,1,128,16.000000,0,,,,,"Tesla V100-DGXS-16GB (0)","1","23","volta_scudnn_128x64_relu_small_nn_v1 [1371]"
2.886533,0.004064,1,385,2,128,1,1,29,0.000000,0,,,,,"Tesla V100-DGXS-16GB (0)","1","23","void add_tensor_kernel_v3<int=2, float, float, int=128, int=1, int=1, int=4, int=2>(cudnnTensorStruct, float*, cudnnTensorStruct, float const *, float, float) [1380]"
2.886539,0.005056,80,1,1,128,1,1,21,0.000000,0,,,,,"Tesla V100-DGXS-16GB (0)","1","23","void cudnn::detail::activation_fw_4d_kernel<float, float, int=128, int=1, int=4, cudnn::detail::relu_func<float, cudnnNanPropagation_t=1, bool=0>>(cudnnTensorStruct, float const *, cudnn::detail::activation_fw_4d_kernel<float, float, int=128, int=1, int=4, cudnn::detail::relu_func<float, cudnnNanPropagation_t=1, bool=0>>, cudnnTensorStruct*, float, cudnnTensorStruct*, int, cudnnTensorStruct*) [1391]"
2.886657,0.110144,,,,,,,,,,0.657959,5.833618,"Pageable","Device","Tesla V100-DGXS-16GB (0)","1","7","[CUDA memcpy HtoD]"
2.886781,0.001440,,,,,,,,,,0.001469,0.995998,"Pageable","Device","Tesla V100-DGXS-16GB (0)","1","7","[CUDA memcpy HtoD]"
2.888492,0.001184,,,,,,,,,,1.151428,949.697317,"Device",,"Tesla V100-DGXS-16GB (0)","1","7","[CUDA memset]"
2.888517,0.001216,,,,,,,,,,0.287857,231.176321,"Device",,"Tesla V100-DGXS-16GB (0)","1","7","[CUDA memset]"
2.888992,0.001184,,,,,,,,,,1.000000,824.799409,"Device",,"Tesla V100-DGXS-16GB (0)","1","7","[CUDA memset]"
2.889032,0.006720,385,7,1,256,1,1,16,1.000000,0,,,,,"Tesla V100-DGXS-16GB (0)","1","23","void nvinfer1::tiled_pooling::poolCHW_PQT<int=2, int=2, int=2, int=2, int=2, int=32, int=256, int=1, int=1, bool=1, nvinfer1::ITiledPooling::PoolingMode, bool=0>(nvinfer1::TiledPoolingParams) [1423]"
2.889075,0.004768,193,7,1,256,1,1,17,2.000000,0,,,,,"Tesla V100-DGXS-16GB (0)","1","23","void nvinfer1::tiled_pooling::poolCHW_PQT<int=2, int=2, int=2, int=2, int=2, int=32, int=256, int=2, int=1, bool=1, nvinfer1::ITiledPooling::PoolingMode, bool=0>(nvinfer1::TiledPoolingParams) [1431]"
2.889110,0.004448,129,7,1,256,1,1,22,3.000000,0,,,,,"Tesla V100-DGXS-16GB (0)","1","23","void nvinfer1::tiled_pooling::poolCHW_PQT<int=2, int=2, int=2, int=2, int=2, int=32, int=256, int=3, int=1, bool=1, nvinfer1::ITiledPooling::PoolingMode, bool=0>(nvinfer1::TiledPoolingParams) [1439]"
2.889143,0.004096,97,7,1,256,1,1,26,4.000000,0,,,,,"Tesla V100-DGXS-16GB (0)","1","23","void nvinfer1::tiled_pooling::poolCHW_PQT<int=2, int=2, int=2, int=2, int=2, int=32, int=256, int=4, int=1, bool=1, nvinfer1::ITiledPooling::PoolingMode, bool=0>(nvinfer1::TiledPoolingParams) [1447]"
2.889175,0.004096,77,7,1,256,1,1,30,5.000000,0,,,,,"Tesla V100-DGXS-16GB (0)","1","23","void nvinfer1::tiled_pooling::poolCHW_PQT<int=2, int=2, int=2, int=2, int=2, int=32, int=256, int=5, int=1, bool=1, nvinfer1::ITiledPooling::PoolingMode, bool=0>(nvinfer1::TiledPoolingParams) [1455]"
2.889207,0.004128,65,7,1,256,1,1,31,6.000000,0,,,,,"Tesla V100-DGXS-16GB (0)","1","23","void nvinfer1::tiled_pooling::poolCHW_PQT<int=2, int=2, int=2, int=2, int=2, int=32, int=256, int=6, int=1, bool=1, nvinfer1::ITiledPooling::PoolingMode, bool=0>(nvinfer1::TiledPoolingParams) [1463]"
2.889242,0.004224,55,7,1,256,1,1,32,7.000000,0,,,,,"Tesla V100-DGXS-16GB (0)","1","23","void nvinfer1::tiled_pooling::poolCHW_PQT<int=2, int=2, int=2, int=2, int=2, int=32, int=256, int=7, int=1, bool=1, nvinfer1::ITiledPooling::PoolingMode, bool=0>(nvinfer1::TiledPoolingParams) [1471]"
2.889278,0.004480,49,7,1,256,1,1,32,8.000000,0,,,,,"Tesla V100-DGXS-16GB (0)","1","23","void nvinfer1::tiled_pooling::poolCHW_PQT<int=2, int=2, int=2, int=2, int=2, int=32, int=256, int=8, int=1, bool=1, nvinfer1::ITiledPooling::PoolingMode, bool=0>(nvinfer1::TiledPoolingParams) [1479]"
2.889310,0.006176,385,7,1,128,1,1,16,0.500000,0,,,,,"Tesla V100-DGXS-16GB (0)","1","23","void nvinfer1::tiled_pooling::poolCHW_PQT<int=2, int=2, int=2, int=2, int=2, int=16, int=128, int=1, int=1, bool=1, nvinfer1::ITiledPooling::PoolingMode, bool=0>(nvinfer1::TiledPoolingParams) [1487]"
2.889345,0.004352,193,7,1,128,1,1,17,1.000000,0,,,,,"Tesla V100-DGXS-16GB (0)","1","23","void nvinfer1::tiled_pooling::poolCHW_PQT<int=2, int=2, int=2, int=2, int=2, int=16, int=128, int=2, int=1, bool=1, nvinfer1::ITiledPooling::PoolingMode, bool=0>(nvinfer1::TiledPoolingParams) [1495]"
2.889381,0.003936,129,7,1,128,1,1,22,1.500000,0,,,,,"Tesla V100-DGXS-16GB (0)","1","23","void nvinfer1::tiled_pooling::poolCHW_PQT<int=2, int=2, int=2, int=2, int=2, int=16, int=128, int=3, int=1, bool=1, nvinfer1::ITiledPooling::PoolingMode, bool=0>(nvinfer1::TiledPoolingParams) [1503]"
2.889412,0.003712,97,7,1,128,1,1,26,2.000000,0,,,,,"Tesla V100-DGXS-16GB (0)","1","23","void nvinfer1::tiled_pooling::poolCHW_PQT<int=2, int=2, int=2, int=2, int=2, int=16, int=128, int=4, int=1, bool=1, nvinfer1::ITiledPooling::PoolingMode, bool=0>(nvinfer1::TiledPoolingParams) [1511]"
2.889444,0.003904,77,7,1,128,1,1,30,2.500000,0,,,,,"Tesla V100-DGXS-16GB (0)","1","23","void nvinfer1::tiled_pooling::poolCHW_PQT<int=2, int=2, int=2, int=2, int=2, int=16, int=128, int=5, int=1, bool=1, nvinfer1::ITiledPooling::PoolingMode, bool=0>(nvinfer1::TiledPoolingParams) [1519]"
2.889476,0.004000,65,7,1,128,1,1,31,3.000000,0,,,,,"Tesla V100-DGXS-16GB (0)","1","23","void nvinfer1::tiled_pooling::poolCHW_PQT<int=2, int=2, int=2, int=2, int=2, int=16, int=128, int=6, int=1, bool=1, nvinfer1::ITiledPooling::PoolingMode, bool=0>(nvinfer1::TiledPoolingParams) [1527]"
2.889512,0.004384,55,7,1,128,1,1,32,3.500000,0,,,,,"Tesla V100-DGXS-16GB (0)","1","23","void nvinfer1::tiled_pooling::poolCHW_PQT<int=2, int=2, int=2, int=2, int=2, int=16, int=128, int=7, int=1, bool=1, nvinfer1::ITiledPooling::PoolingMode, bool=0>(nvinfer1::TiledPoolingParams) [1535]"
2.889544,0.004320,49,7,1,128,1,1,32,4.000000,0,,,,,"Tesla V100-DGXS-16GB (0)","1","23","void nvinfer1::tiled_pooling::poolCHW_PQT<int=2, int=2, int=2, int=2, int=2, int=16, int=128, int=8, int=1, bool=1, nvinfer1::ITiledPooling::PoolingMode, bool=0>(nvinfer1::TiledPoolingParams) [1543]"
2.890493,0.001184,,,,,,,,,,0.287857,237.424329,"Device",,"Tesla V100-DGXS-16GB (0)","1","7","[CUDA memset]"
2.890955,0.001184,,,,,,,,,,0.071964,59.356082,"Device",,"Tesla V100-DGXS-16GB (0)","1","7","[CUDA memset]"
2.890983,0.001184,,,,,,,,,,1.000000,824.799409,"Device",,"Tesla V100-DGXS-16GB (0)","1","7","[CUDA memset]"
2.891020,0.004416,385,4,1,256,1,1,16,1.000000,0,,,,,"Tesla V100-DGXS-16GB (0)","1","23","void nvinfer1::tiled_pooling::poolCHW_PQT<int=2, int=2, int=2, int=2, int=2, int=32, int=256, int=1, int=1, bool=1, nvinfer1::ITiledPooling::PoolingMode, bool=0>(nvinfer1::TiledPoolingParams) [1564]"
2.891063,0.003264,193,4,1,256,1,1,17,2.000000,0,,,,,"Tesla V100-DGXS-16GB (0)","1","23","void nvinfer1::tiled_pooling::poolCHW_PQT<int=2, int=2, int=2, int=2, int=2, int=32, int=256, int=2, int=1, bool=1, nvinfer1::ITiledPooling::PoolingMode, bool=0>(nvinfer1::TiledPoolingParams) [1572]"
2.891098,0.002976,129,4,1,256,1,1,22,3.000000,0,,,,,"Tesla V100-DGXS-16GB (0)","1","23","void nvinfer1::tiled_pooling::poolCHW_PQT<int=2, int=2, int=2, int=2, int=2, int=32, int=256, int=3, int=1, bool=1, nvinfer1::ITiledPooling::PoolingMode, bool=0>(nvinfer1::TiledPoolingParams) [1580]"
2.891130,0.002880,97,4,1,256,1,1,26,4.000000,0,,,,,"Tesla V100-DGXS-16GB (0)","1","23","void nvinfer1::tiled_pooling::poolCHW_PQT<int=2, int=2, int=2, int=2, int=2, int=32, int=256, int=4, int=1, bool=1, nvinfer1::ITiledPooling::PoolingMode, bool=0>(nvinfer1::TiledPoolingParams) [1588]"
2.891162,0.002848,77,4,1,256,1,1,30,5.000000,0,,,,,"Tesla V100-DGXS-16GB (0)","1","23","void nvinfer1::tiled_pooling::poolCHW_PQT<int=2, int=2, int=2, int=2, int=2, int=32, int=256, int=5, int=1, bool=1, nvinfer1::ITiledPooling::PoolingMode, bool=0>(nvinfer1::TiledPoolingParams) [1596]"
2.891193,0.003104,65,4,1,256,1,1,31,6.000000,0,,,,,"Tesla V100-DGXS-16GB (0)","1","23","void nvinfer1::tiled_pooling::poolCHW_PQT<int=2, int=2, int=2, int=2, int=2, int=32, int=256, int=6, int=1, bool=1, nvinfer1::ITiledPooling::PoolingMode, bool=0>(nvinfer1::TiledPoolingParams) [1604]"
2.891226,0.002976,55,4,1,256,1,1,32,7.000000,0,,,,,"Tesla V100-DGXS-16GB (0)","1","23","void nvinfer1::tiled_pooling::poolCHW_PQT<int=2, int=2, int=2, int=2, int=2, int=32, int=256, int=7, int=1, bool=1, nvinfer1::ITiledPooling::PoolingMode, bool=0>(nvinfer1::TiledPoolingParams) [1612]"
2.891257,0.003232,49,4,1,256,1,1,32,8.000000,0,,,,,"Tesla V100-DGXS-16GB (0)","1","23","void nvinfer1::tiled_pooling::poolCHW_PQT<int=2, int=2, int=2, int=2, int=2, int=32, int=256, int=8, int=1, bool=1, nvinfer1::ITiledPooling::PoolingMode, bool=0>(nvinfer1::TiledPoolingParams) [1620]"
2.891289,0.004192,385,4,1,128,1,1,16,0.500000,0,,,,,"Tesla V100-DGXS-16GB (0)","1","23","void nvinfer1::tiled_pooling::poolCHW_PQT<int=2, int=2, int=2, int=2, int=2, int=16, int=128, int=1, int=1, bool=1, nvinfer1::ITiledPooling::PoolingMode, bool=0>(nvinfer1::TiledPoolingParams) [1628]"
2.891321,0.003232,193,4,1,128,1,1,17,1.000000,0,,,,,"Tesla V100-DGXS-16GB (0)","1","23","void nvinfer1::tiled_pooling::poolCHW_PQT<int=2, int=2, int=2, int=2, int=2, int=16, int=128, int=2, int=1, bool=1, nvinfer1::ITiledPooling::PoolingMode, bool=0>(nvinfer1::TiledPoolingParams) [1636]"
2.891353,0.002784,129,4,1,128,1,1,22,1.500000,0,,,,,"Tesla V100-DGXS-16GB (0)","1","23","void nvinfer1::tiled_pooling::poolCHW_PQT<int=2, int=2, int=2, int=2, int=2, int=16, int=128, int=3, int=1, bool=1, nvinfer1::ITiledPooling::PoolingMode, bool=0>(nvinfer1::TiledPoolingParams) [1644]"
2.891384,0.002720,97,4,1,128,1,1,26,2.000000,0,,,,,"Tesla V100-DGXS-16GB (0)","1","23","void nvinfer1::tiled_pooling::poolCHW_PQT<int=2, int=2, int=2, int=2, int=2, int=16, int=128, int=4, int=1, bool=1, nvinfer1::ITiledPooling::PoolingMode, bool=0>(nvinfer1::TiledPoolingParams) [1652]"
2.891417,0.002784,77,4,1,128,1,1,30,2.500000,0,,,,,"Tesla V100-DGXS-16GB (0)","1","23","void nvinfer1::tiled_pooling::poolCHW_PQT<int=2, int=2, int=2, int=2, int=2, int=16, int=128, int=5, int=1, bool=1, nvinfer1::ITiledPooling::PoolingMode, bool=0>(nvinfer1::TiledPoolingParams) [1660]"
2.891449,0.002848,65,4,1,128,1,1,31,3.000000,0,,,,,"Tesla V100-DGXS-16GB (0)","1","23","void nvinfer1::tiled_pooling::poolCHW_PQT<int=2, int=2, int=2, int=2, int=2, int=16, int=128, int=6, int=1, bool=1, nvinfer1::ITiledPooling::PoolingMode, bool=0>(nvinfer1::TiledPoolingParams) [1668]"
2.891481,0.002656,55,4,1,128,1,1,32,3.500000,0,,,,,"Tesla V100-DGXS-16GB (0)","1","23","void nvinfer1::tiled_pooling::poolCHW_PQT<int=2, int=2, int=2, int=2, int=2, int=16, int=128, int=7, int=1, bool=1, nvinfer1::ITiledPooling::PoolingMode, bool=0>(nvinfer1::TiledPoolingParams) [1676]"
2.891512,0.002816,49,4,1,128,1,1,32,4.000000,0,,,,,"Tesla V100-DGXS-16GB (0)","1","23","void nvinfer1::tiled_pooling::poolCHW_PQT<int=2, int=2, int=2, int=2, int=2, int=16, int=128, int=8, int=1, bool=1, nvinfer1::ITiledPooling::PoolingMode, bool=0>(nvinfer1::TiledPoolingParams) [1684]"
2.892440,0.001216,,,,,,,,,,0.071964,57.794080,"Device",,"Tesla V100-DGXS-16GB (0)","1","7","[CUDA memset]"
2.892467,0.001216,,,,,,,,,,0.047852,38.429310,"Device",,"Tesla V100-DGXS-16GB (0)","1","7","[CUDA memset]"
2.892935,0.001184,,,,,,,,,,1.000000,824.799409,"Device",,"Tesla V100-DGXS-16GB (0)","1","7","[CUDA memset]"
2.897507,0.562524,,,,,,,,,,3.383789,5.874383,"Pageable","Device","Tesla V100-DGXS-16GB (0)","1","7","[CUDA memcpy HtoD]"
2.898085,0.001376,,,,,,,,,,0.000977,0.693077,"Pageable","Device","Tesla V100-DGXS-16GB (0)","1","7","[CUDA memcpy HtoD]"
2.898120,0.295549,8,2,1,32,1,1,72,0.250000,0,,,,,"Tesla V100-DGXS-16GB (0)","1","23","void fused::fusedConvolutionReluKernel<fused::SrcChwcPtr_FltTex_Reader<float, int=1, int=1, int=1>, fused::KpqkPtrWriter<float, int=1, int=1>, float, float, int=7, int=4, int=1, int=3, int=3, int=1, int=1>(fused::ConvolutionParams<floatSrcType, int=1, int=1Type>, float) [1716]"
2.900573,0.565244,,,,,,,,,,3.383789,5.846115,"Pageable","Device","Tesla V100-DGXS-16GB (0)","1","7","[CUDA memcpy HtoD]"
2.901153,0.001408,,,,,,,,,,0.000977,0.677326,"Pageable","Device","Tesla V100-DGXS-16GB (0)","1","7","[CUDA memcpy HtoD]"
2.901186,0.453597,4,1,2,32,1,1,127,0.250000,0,,,,,"Tesla V100-DGXS-16GB (0)","1","23","void fused::fusedConvolutionReluKernel<fused::SrcChwcPtr_FltTex_Reader<float, int=1, int=1, int=2>, fused::KpqkPtrWriter<float, int=1, int=2>, float, float, int=4, int=8, int=1, int=3, int=3, int=1, int=1>(fused::ConvolutionParams<floatSrcType, int=2, int=1Type>, float) [1734]"
2.903534,0.568155,,,,,,,,,,3.383789,5.816162,"Pageable","Device","Tesla V100-DGXS-16GB (0)","1","7","[CUDA memcpy HtoD]"
2.904118,0.001408,,,,,,,,,,0.000977,0.677326,"Pageable","Device","Tesla V100-DGXS-16GB (0)","1","7","[CUDA memcpy HtoD]"
2.904151,0.373885,4,2,2,32,1,1,128,0.250000,0,,,,,"Tesla V100-DGXS-16GB (0)","1","23","void fused::fusedConvolutionReluKernel<fused::SrcChwcPtr_FltTex_Reader<float, int=1, int=1, int=2>, fused::KpqkPtrWriter<float, int=1, int=2>, float, float, int=5, int=5, int=1, int=3, int=3, int=1, int=1>(fused::ConvolutionParams<floatSrcType, int=2, int=1Type>, float) [1752]"
2.906422,0.564187,,,,,,,,,,3.383789,5.857068,"Pageable","Device","Tesla V100-DGXS-16GB (0)","1","7","[CUDA memcpy HtoD]"
2.907002,0.001408,,,,,,,,,,0.000977,0.677326,"Pageable","Device","Tesla V100-DGXS-16GB (0)","1","7","[CUDA memcpy HtoD]"
2.907035,0.632251,2,2,2,32,1,1,168,0.500000,0,,,,,"Tesla V100-DGXS-16GB (0)","1","23","void fused::fusedConvolutionReluKernel<fused::SrcChwcPtr_FltTex_Reader<float, int=1, int=1, int=4>, fused::KpqkPtrWriter<float, int=1, int=4>, float, float, int=4, int=5, int=1, int=3, int=3, int=1, int=1>(fused::ConvolutionParams<floatSrcType, int=4, int=1Type>, float) [1770]"
2.909563,0.563964,,,,,,,,,,3.383789,5.859384,"Pageable","Device","Tesla V100-DGXS-16GB (0)","1","7","[CUDA memcpy HtoD]"
2.910142,0.001408,,,,,,,,,,0.000977,0.677326,"Pageable","Device","Tesla V100-DGXS-16GB (0)","1","7","[CUDA memcpy HtoD]"
2.910175,0.497821,4,2,1,32,1,1,137,0.250000,0,,,,,"Tesla V100-DGXS-16GB (0)","1","23","void fused::fusedConvolutionReluKernel<fused::SrcChwcPtr_FltTex_Reader<float, int=1, int=1, int=2>, fused::KpqkPtrWriter<float, int=1, int=2>, float, float, int=7, int=5, int=1, int=3, int=3, int=1, int=1>(fused::ConvolutionParams<floatSrcType, int=2, int=1Type>, float) [1788]"
2.912558,0.563164,,,,,,,,,,3.383789,5.867707,"Pageable","Device","Tesla V100-DGXS-16GB (0)","1","7","[CUDA memcpy HtoD]"
2.913136,0.001376,,,,,,,,,,0.000977,0.693077,"Pageable","Device","Tesla V100-DGXS-16GB (0)","1","7","[CUDA memcpy HtoD]"
2.913169,0.404605,4,1,2,32,1,1,128,0.250000,0,,,,,"Tesla V100-DGXS-16GB (0)","1","23","void fused::fusedConvolutionReluKernel<fused::SrcChwcPtr_FltTex_Reader<float, int=1, int=1, int=2>, fused::KpqkPtrWriter<float, int=1, int=2>, float, float, int=4, int=7, int=1, int=3, int=3, int=1, int=1>(fused::ConvolutionParams<floatSrcType, int=2, int=1Type>, float) [1806]"
2.920588,0.566012,,,,,,,,,,3.383789,5.838183,"Pageable","Device","Tesla V100-DGXS-16GB (0)","1","7","[CUDA memcpy HtoD]"
2.921167,0.001408,,,,,,,,,,0.000977,0.677326,"Pageable","Device","Tesla V100-DGXS-16GB (0)","1","7","[CUDA memcpy HtoD]"
2.921200,0.347101,4,3,1,32,1,1,106,0.250000,0,,,,,"Tesla V100-DGXS-16GB (0)","1","23","void fused::fusedConvolutionReluKernel<fused::SrcChwcPtr_FltTex_Reader<float, int=1, int=1, int=2>, fused::KpqkPtrWriter<float, int=1, int=2>, float, float, int=7, int=3, int=1, int=3, int=3, int=1, int=1>(fused::ConvolutionParams<floatSrcType, int=2, int=1Type>, float) [1824]"
2.923437,0.564316,,,,,,,,,,3.383789,5.855729,"Pageable","Device","Tesla V100-DGXS-16GB (0)","1","7","[CUDA memcpy HtoD]"
2.924018,0.001407,,,,,,,,,,0.000977,0.677807,"Pageable","Device","Tesla V100-DGXS-16GB (0)","1","7","[CUDA memcpy HtoD]"
2.924052,0.410461,8,2,1,32,1,1,72,0.250000,0,,,,,"Tesla V100-DGXS-16GB (0)","1","23","void fused::fusedConvolutionReluKernel<fused::SrcChwcPtr_FltTex_Reader<float, int=1, int=1, int=1>, fused::KpqkPtrWriter<float, int=1, int=1>, float, float, int=7, int=5, int=1, int=3, int=3, int=1, int=1>(fused::ConvolutionParams<floatSrcType, int=1, int=1Type>, float) [1842]"
2.926361,0.563995,,,,,,,,,,3.383789,5.859062,"Pageable","Device","Tesla V100-DGXS-16GB (0)","1","7","[CUDA memcpy HtoD]"
2.926938,0.001408,,,,,,,,,,0.000977,0.677326,"Pageable","Device","Tesla V100-DGXS-16GB (0)","1","7","[CUDA memcpy HtoD]"
2.926971,0.409405,4,2,1,32,1,1,129,0.250000,0,,,,,"Tesla V100-DGXS-16GB (0)","1","23","void fused::fusedConvolutionReluKernel<fused::SrcChwcPtr_FltTex_Reader<float, int=1, int=1, int=2>, fused::KpqkPtrWriter<float, int=1, int=2>, float, float, int=7, int=4, int=1, int=3, int=3, int=1, int=1>(fused::ConvolutionParams<floatSrcType, int=2, int=1Type>, float) [1860]"
2.929271,0.563323,,,,,,,,,,3.383789,5.866051,"Pageable","Device","Tesla V100-DGXS-16GB (0)","1","7","[CUDA memcpy HtoD]"
2.929850,0.001408,,,,,,,,,,0.000977,0.677326,"Pageable","Device","Tesla V100-DGXS-16GB (0)","1","7","[CUDA memcpy HtoD]"
2.929883,0.497340,4,1,2,32,1,1,139,0.250000,0,,,,,"Tesla V100-DGXS-16GB (0)","1","23","void fused::fusedConvolutionReluKernel<fused::SrcChwcPtr_FltTex_Reader<float, int=1, int=1, int=2>, fused::KpqkPtrWriter<float, int=1, int=2>, float, float, int=5, int=7, int=1, int=3, int=3, int=1, int=1>(fused::ConvolutionParams<floatSrcType, int=2, int=1Type>, float) [1878]"
2.932262,0.563004,,,,,,,,,,3.383789,5.869375,"Pageable","Device","Tesla V100-DGXS-16GB (0)","1","7","[CUDA memcpy HtoD]"
2.932840,0.001408,,,,,,,,,,0.000977,0.677326,"Pageable","Device","Tesla V100-DGXS-16GB (0)","1","7","[CUDA memcpy HtoD]"
2.932871,0.493373,4,2,1,32,1,1,137,0.250000,0,,,,,"Tesla V100-DGXS-16GB (0)","1","23","void fused::fusedConvolutionReluKernel<fused::SrcChwcPtr_FltTex_Reader<float, int=1, int=1, int=2>, fused::KpqkPtrWriter<float, int=1, int=2>, float, float, int=7, int=5, int=1, int=3, int=3, int=1, int=1>(fused::ConvolutionParams<floatSrcType, int=2, int=1Type>, float) [1896]"
2.945282,0.564508,,,,,,,,,,3.383789,5.853737,"Pageable","Device","Tesla V100-DGXS-16GB (0)","1","7","[CUDA memcpy HtoD]"
2.945862,0.001376,,,,,,,,,,0.000977,0.693077,"Pageable","Device","Tesla V100-DGXS-16GB (0)","1","7","[CUDA memcpy HtoD]"
2.945894,0.449372,4,1,2,32,1,1,127,0.250000,0,,,,,"Tesla V100-DGXS-16GB (0)","1","23","void fused::fusedConvolutionReluKernel<fused::SrcChwcPtr_FltTex_Reader<float, int=1, int=1, int=2>, fused::KpqkPtrWriter<float, int=1, int=2>, float, float, int=4, int=8, int=1, int=3, int=3, int=1, int=1>(fused::ConvolutionParams<floatSrcType, int=2, int=1Type>, float) [1914]"
2.947525,0.001184,,,,,,,,,,3.385132,2792.054737,"Device",,"Tesla V100-DGXS-16GB (0)","1","7","[CUDA memset]"
2.949686,0.002560,1,1,1,256,1,1,18,0.000000,0,,,,,"Tesla V100-DGXS-16GB (0)","1","23","cask::computeOffsetsKernel(cask::ComputeOffsetsParams) [1928]"
2.949787,0.565756,,,,,,,,,,3.383789,5.840825,"Pageable","Device","Tesla V100-DGXS-16GB (0)","1","7","[CUDA memcpy HtoD]"
2.950366,0.001408,,,,,,,,,,0.000977,0.677326,"Pageable","Device","Tesla V100-DGXS-16GB (0)","1","7","[CUDA memcpy HtoD]"
2.950935,0.565307,,,,,,,,,,3.383789,5.845464,"Pageable","Device","Tesla V100-DGXS-16GB (0)","1","7","[CUDA memcpy HtoD]"
2.951516,0.001376,,,,,,,,,,0.000977,0.693077,"Pageable","Device","Tesla V100-DGXS-16GB (0)","1","7","[CUDA memcpy HtoD]"
2.951544,0.704123,1,2,1,256,1,1,160,32.000000,0,,,,,"Tesla V100-DGXS-16GB (0)","1","23","trt_volta_scudnn_128x128_relu_xregs_large_nn_v1 [1936]"
2.952783,0.001216,,,,,,,,,,3.385132,2718.579612,"Device",,"Tesla V100-DGXS-16GB (0)","1","7","[CUDA memset]"
2.954939,0.002752,1,1,1,256,1,1,18,0.000000,0,,,,,"Tesla V100-DGXS-16GB (0)","1","23","cask::computeOffsetsKernel(cask::ComputeOffsetsParams) [1943]"
2.955039,0.564123,,,,,,,,,,3.383789,5.857732,"Pageable","Device","Tesla V100-DGXS-16GB (0)","1","7","[CUDA memcpy HtoD]"
2.955620,0.001408,,,,,,,,,,0.000977,0.677326,"Pageable","Device","Tesla V100-DGXS-16GB (0)","1","7","[CUDA memcpy HtoD]"
2.956878,0.564475,,,,,,,,,,3.383789,5.854079,"Pageable","Device","Tesla V100-DGXS-16GB (0)","1","7","[CUDA memcpy HtoD]"
2.957456,0.001408,,,,,,,,,,0.000977,0.677326,"Pageable","Device","Tesla V100-DGXS-16GB (0)","1","7","[CUDA memcpy HtoD]"
2.957917,0.659547,1,8,1,64,1,1,128,5.250000,0,,,,,"Tesla V100-DGXS-16GB (0)","1","23","trt_volta_scudnn_128x32_relu_small_nn_v1 [1954]"
2.959114,0.001216,,,,,,,,,,3.385132,2718.579612,"Device",,"Tesla V100-DGXS-16GB (0)","1","7","[CUDA memset]"
2.961267,0.002816,1,1,1,256,1,1,18,0.000000,0,,,,,"Tesla V100-DGXS-16GB (0)","1","23","cask::computeOffsetsKernel(cask::ComputeOffsetsParams) [1961]"
2.961366,0.563259,,,,,,,,,,3.383789,5.866718,"Pageable","Device","Tesla V100-DGXS-16GB (0)","1","7","[CUDA memcpy HtoD]"
2.961946,0.001504,,,,,,,,,,0.000977,0.634092,"Pageable","Device","Tesla V100-DGXS-16GB (0)","1","7","[CUDA memcpy HtoD]"
2.962512,0.563100,,,,,,,,,,3.383789,5.868374,"Pageable","Device","Tesla V100-DGXS-16GB (0)","1","7","[CUDA memcpy HtoD]"
2.963088,0.001408,,,,,,,,,,0.000977,0.677326,"Pageable","Device","Tesla V100-DGXS-16GB (0)","1","7","[CUDA memcpy HtoD]"
2.963560,0.505788,1,4,1,128,1,1,128,16.000000,0,,,,,"Tesla V100-DGXS-16GB (0)","1","23","trt_volta_scudnn_128x64_relu_medium_nn_v1 [1972]"
2.964604,0.001184,,,,,,,,,,3.385132,2792.054737,"Device",,"Tesla V100-DGXS-16GB (0)","1","7","[CUDA memset]"
2.966753,0.002880,1,1,1,256,1,1,18,0.000000,0,,,,,"Tesla V100-DGXS-16GB (0)","1","23","cask::computeOffsetsKernel(cask::ComputeOffsetsParams) [1979]"
2.966852,0.562396,,,,,,,,,,3.383789,5.875720,"Pageable","Device","Tesla V100-DGXS-16GB (0)","1","7","[CUDA memcpy HtoD]"
2.967431,0.001376,,,,,,,,,,0.000977,0.693077,"Pageable","Device","Tesla V100-DGXS-16GB (0)","1","7","[CUDA memcpy HtoD]"
2.967996,0.561756,,,,,,,,,,3.383789,5.882414,"Pageable","Device","Tesla V100-DGXS-16GB (0)","1","7","[CUDA memcpy HtoD]"
2.968570,0.001408,,,,,,,,,,0.000977,0.677326,"Pageable","Device","Tesla V100-DGXS-16GB (0)","1","7","[CUDA memcpy HtoD]"
2.969051,0.517693,1,4,1,128,1,1,160,16.000000,0,,,,,"Tesla V100-DGXS-16GB (0)","1","23","trt_volta_scudnn_128x64_relu_xregs_large_nn_v1 [1990]"
2.970109,0.001216,,,,,,,,,,3.385132,2718.579612,"Device",,"Tesla V100-DGXS-16GB (0)","1","7","[CUDA memset]"
2.972253,0.002944,1,1,1,256,1,1,18,0.000000,0,,,,,"Tesla V100-DGXS-16GB (0)","1","23","cask::computeOffsetsKernel(cask::ComputeOffsetsParams) [1997]"
2.972353,0.562556,,,,,,,,,,3.383789,5.874049,"Pageable","Device","Tesla V100-DGXS-16GB (0)","1","7","[CUDA memcpy HtoD]"
2.972931,0.001408,,,,,,,,,,0.000977,0.677326,"Pageable","Device","Tesla V100-DGXS-16GB (0)","1","7","[CUDA memcpy HtoD]"
2.975547,0.564028,,,,,,,,,,3.383789,5.858719,"Pageable","Device","Tesla V100-DGXS-16GB (0)","1","7","[CUDA memcpy HtoD]"
2.976127,0.001376,,,,,,,,,,0.000977,0.693077,"Pageable","Device","Tesla V100-DGXS-16GB (0)","1","7","[CUDA memcpy HtoD]"
2.976593,0.692283,1,2,1,256,1,1,128,32.000000,0,,,,,"Tesla V100-DGXS-16GB (0)","1","23","trt_volta_scudnn_128x128_relu_medium_nn_v1 [2008]"
2.977824,0.001184,,,,,,,,,,3.385132,2792.054737,"Device",,"Tesla V100-DGXS-16GB (0)","1","7","[CUDA memset]"
2.979966,0.002880,1,1,1,256,1,1,18,0.000000,0,,,,,"Tesla V100-DGXS-16GB (0)","1","23","cask::computeOffsetsKernel(cask::ComputeOffsetsParams) [2015]"
2.980065,0.564700,,,,,,,,,,3.383789,5.851747,"Pageable","Device","Tesla V100-DGXS-16GB (0)","1","7","[CUDA memcpy HtoD]"
2.980645,0.001632,,,,,,,,,,0.000977,0.584359,"Pageable","Device","Tesla V100-DGXS-16GB (0)","1","7","[CUDA memcpy HtoD]"
2.981213,0.563484,,,,,,,,,,3.383789,5.864375,"Pageable","Device","Tesla V100-DGXS-16GB (0)","1","7","[CUDA memcpy HtoD]"
2.981790,0.001408,,,,,,,,,,0.000977,0.677326,"Pageable","Device","Tesla V100-DGXS-16GB (0)","1","7","[CUDA memcpy HtoD]"
2.982260,0.668155,1,2,1,256,1,1,128,32.000000,0,,,,,"Tesla V100-DGXS-16GB (0)","1","23","trt_volta_scudnn_128x128_relu_small_nn_v1 [2026]"
2.983466,0.001216,,,,,,,,,,3.385132,2718.579612,"Device",,"Tesla V100-DGXS-16GB (0)","1","7","[CUDA memset]"
2.985617,0.002752,1,1,1,256,1,1,18,0.000000,0,,,,,"Tesla V100-DGXS-16GB (0)","1","23","cask::computeOffsetsKernel(cask::ComputeOffsetsParams) [2033]"
2.985717,0.563996,,,,,,,,,,3.383789,5.859051,"Pageable","Device","Tesla V100-DGXS-16GB (0)","1","7","[CUDA memcpy HtoD]"
2.986294,0.001408,,,,,,,,,,0.000977,0.677326,"Pageable","Device","Tesla V100-DGXS-16GB (0)","1","7","[CUDA memcpy HtoD]"
2.986858,0.563931,,,,,,,,,,3.383789,5.859727,"Pageable","Device","Tesla V100-DGXS-16GB (0)","1","7","[CUDA memcpy HtoD]"
2.987435,0.001408,,,,,,,,,,0.000977,0.677326,"Pageable","Device","Tesla V100-DGXS-16GB (0)","1","7","[CUDA memcpy HtoD]"
2.987927,0.421693,1,4,1,128,1,1,128,16.000000,0,,,,,"Tesla V100-DGXS-16GB (0)","1","23","trt_volta_scudnn_128x64_relu_small_nn_v1 [2044]"
2.988964,0.563419,,,,,,,,,,3.383789,5.865052,"Pageable","Device","Tesla V100-DGXS-16GB (0)","1","7","[CUDA memcpy HtoD]"
2.989541,0.001408,,,,,,,,,,0.000977,0.677326,"Pageable","Device","Tesla V100-DGXS-16GB (0)","1","7","[CUDA memcpy HtoD]"
2.990326,0.564508,,,,,,,,,,3.383789,5.853737,"Pageable","Device","Tesla V100-DGXS-16GB (0)","1","7","[CUDA memcpy HtoD]"
2.990904,0.001408,,,,,,,,,,0.000977,0.677326,"Pageable","Device","Tesla V100-DGXS-16GB (0)","1","7","[CUDA memcpy HtoD]"
2.990970,0.437053,2,8,1,8,8,1,64,2.250000,0,,,,,"Tesla V100-DGXS-16GB (0)","1","23","void cudnn::detail::implicit_convolve_sgemm<float, float, int=128, int=5, int=5, int=3, int=3, int=3, int=1, bool=1, bool=0, bool=1>(int, int, int, float const *, int, float*, cudnn::detail::implicit_convolve_sgemm<float, float, int=128, int=5, int=5, int=3, int=3, int=3, int=1, bool=1, bool=0, bool=1>*, kernel_conv_params, int, float, float, int, float, float, int, int) [2082]"
2.991409,0.003936,1,256,1,128,1,1,29,0.000000,0,,,,,"Tesla V100-DGXS-16GB (0)","1","23","void add_tensor_kernel_v3<int=2, float, float, int=128, int=1, int=1, int=4, int=2>(cudnnTensorStruct, float*, cudnnTensorStruct, float const *, float, float) [2092]"
2.991414,0.003104,128,1,1,128,1,1,21,0.000000,0,,,,,"Tesla V100-DGXS-16GB (0)","1","23","void cudnn::detail::activation_fw_4d_kernel<float, float, int=128, int=1, int=4, cudnn::detail::relu_func<float, cudnnNanPropagation_t=1, bool=0>>(cudnnTensorStruct, float const *, cudnn::detail::activation_fw_4d_kernel<float, float, int=128, int=1, int=4, cudnn::detail::relu_func<float, cudnnNanPropagation_t=1, bool=0>>, cudnnTensorStruct*, float, cudnnTensorStruct*, int, cudnnTensorStruct*) [2103]"
2.992222,0.565052,,,,,,,,,,3.383789,5.848102,"Pageable","Device","Tesla V100-DGXS-16GB (0)","1","7","[CUDA memcpy HtoD]"
2.992801,0.001376,,,,,,,,,,0.000977,0.693077,"Pageable","Device","Tesla V100-DGXS-16GB (0)","1","7","[CUDA memcpy HtoD]"
2.995600,0.564348,,,,,,,,,,3.383789,5.855397,"Pageable","Device","Tesla V100-DGXS-16GB (0)","1","7","[CUDA memcpy HtoD]"
2.996177,0.001408,,,,,,,,,,0.000977,0.677326,"Pageable","Device","Tesla V100-DGXS-16GB (0)","1","7","[CUDA memcpy HtoD]"
2.996212,0.002176,1,1,1,128,1,1,16,0.000000,0,,,,,"Tesla V100-DGXS-16GB (0)","1","23","cudnn::gemm::computeOffsetsKernel(cudnn::gemm::ComputeOffsetsParams) [2123]"
2.996232,0.382237,1,4,1,128,1,1,128,16.000000,0,,,,,"Tesla V100-DGXS-16GB (0)","1","23","volta_scudnn_128x64_relu_small_nn_v1 [2128]"
2.996616,0.002528,1,256,1,128,1,1,29,0.000000,0,,,,,"Tesla V100-DGXS-16GB (0)","1","23","void add_tensor_kernel_v3<int=2, float, float, int=128, int=1, int=1, int=4, int=2>(cudnnTensorStruct, float*, cudnnTensorStruct, float const *, float, float) [2137]"
2.996620,0.002080,128,1,1,128,1,1,21,0.000000,0,,,,,"Tesla V100-DGXS-16GB (0)","1","23","void cudnn::detail::activation_fw_4d_kernel<float, float, int=128, int=1, int=4, cudnn::detail::relu_func<float, cudnnNanPropagation_t=1, bool=0>>(cudnnTensorStruct, float const *, cudnn::detail::activation_fw_4d_kernel<float, float, int=128, int=1, int=4, cudnn::detail::relu_func<float, cudnnNanPropagation_t=1, bool=0>>, cudnnTensorStruct*, float, cudnnTensorStruct*, int, cudnnTensorStruct*) [2148]"
2.997435,0.564156,,,,,,,,,,3.383789,5.857390,"Pageable","Device","Tesla V100-DGXS-16GB (0)","1","7","[CUDA memcpy HtoD]"
2.998013,0.001376,,,,,,,,,,0.000977,0.693077,"Pageable","Device","Tesla V100-DGXS-16GB (0)","1","7","[CUDA memcpy HtoD]"
2.998787,0.564092,,,,,,,,,,3.383789,5.858054,"Pageable","Device","Tesla V100-DGXS-16GB (0)","1","7","[CUDA memcpy HtoD]"
2.999365,0.001408,,,,,,,,,,0.000977,0.677326,"Pageable","Device","Tesla V100-DGXS-16GB (0)","1","7","[CUDA memcpy HtoD]"
2.999399,0.035615,1,14,1,512,1,1,25,0.000000,0,,,,,"Tesla V100-DGXS-16GB (0)","1","23","void im2col4d_kernel<float, int>(im2col4d_params, cudnnConvolutionStruct, cudnnTensor4dStruct, float const *, float*, int) [2173]"
2.999448,0.166911,2,8,1,8,8,1,62,2.250000,0,,,,,"Tesla V100-DGXS-16GB (0)","1","23","void cudnn::detail::explicit_convolve_sgemm<float, int, int=1024, int=5, int=5, int=3, int=3, int=3, int=0, bool=1>(int, int, int, float const *, int, float const , int, cudnn::detail::explicit_convolve_sgemm<float, int, int=1024, int=5, int=5, int=3, int=3, int=3, int=0, bool=1>*, kernel_conv_params, int, int, float, float, int, float const *, float const *) [2194]"
2.999616,0.002496,1,256,1,128,1,1,29,0.000000,0,,,,,"Tesla V100-DGXS-16GB (0)","1","23","void add_tensor_kernel_v3<int=2, float, float, int=128, int=1, int=1, int=4, int=2>(cudnnTensorStruct, float*, cudnnTensorStruct, float const *, float, float) [2205]"
2.999619,0.002112,128,1,1,128,1,1,21,0.000000,0,,,,,"Tesla V100-DGXS-16GB (0)","1","23","void cudnn::detail::activation_fw_4d_kernel<float, float, int=128, int=1, int=4, cudnn::detail::relu_func<float, cudnnNanPropagation_t=1, bool=0>>(cudnnTensorStruct, float const *, cudnn::detail::activation_fw_4d_kernel<float, float, int=128, int=1, int=4, cudnn::detail::relu_func<float, cudnnNanPropagation_t=1, bool=0>>, cudnnTensorStruct*, float, cudnnTensorStruct*, int, cudnnTensorStruct*) [2216]"
3.000422,0.563420,,,,,,,,,,3.383789,5.865041,"Pageable","Device","Tesla V100-DGXS-16GB (0)","1","7","[CUDA memcpy HtoD]"
3.001000,0.001376,,,,,,,,,,0.000977,0.693077,"Pageable","Device","Tesla V100-DGXS-16GB (0)","1","7","[CUDA memcpy HtoD]"
3.001787,0.565467,,,,,,,,,,3.383789,5.843810,"Pageable","Device","Tesla V100-DGXS-16GB (0)","1","7","[CUDA memcpy HtoD]"
3.002367,0.001408,,,,,,,,,,0.000977,0.677326,"Pageable","Device","Tesla V100-DGXS-16GB (0)","1","7","[CUDA memcpy HtoD]"
3.003148,0.565660,,,,,,,,,,3.383789,5.841816,"Pageable","Device","Tesla V100-DGXS-16GB (0)","1","7","[CUDA memcpy HtoD]"
3.003728,0.001408,,,,,,,,,,0.000977,0.677326,"Pageable","Device","Tesla V100-DGXS-16GB (0)","1","7","[CUDA memcpy HtoD]"
3.004845,0.001184,,,,,,,,,,0.047852,39.467940,"Device",,"Tesla V100-DGXS-16GB (0)","1","7","[CUDA memset]"
3.004869,0.001216,,,,,,,,,,0.008789,7.058445,"Device",,"Tesla V100-DGXS-16GB (0)","1","7","[CUDA memset]"
3.005356,0.001216,,,,,,,,,,1.000000,803.094161,"Device",,"Tesla V100-DGXS-16GB (0)","1","7","[CUDA memset]"
3.005404,0.003072,256,2,1,256,1,1,16,1.000000,0,,,,,"Tesla V100-DGXS-16GB (0)","1","23","void nvinfer1::tiled_pooling::poolCHW_PQT<int=2, int=2, int=2, int=2, int=2, int=32, int=256, int=1, int=1, bool=1, nvinfer1::ITiledPooling::PoolingMode, bool=0>(nvinfer1::TiledPoolingParams) [2260]"
3.005448,0.002624,128,2,1,256,1,1,17,2.000000,0,,,,,"Tesla V100-DGXS-16GB (0)","1","23","void nvinfer1::tiled_pooling::poolCHW_PQT<int=2, int=2, int=2, int=2, int=2, int=32, int=256, int=2, int=1, bool=1, nvinfer1::ITiledPooling::PoolingMode, bool=0>(nvinfer1::TiledPoolingParams) [2268]"
3.005483,0.003104,86,2,1,256,1,1,22,3.000000,0,,,,,"Tesla V100-DGXS-16GB (0)","1","23","void nvinfer1::tiled_pooling::poolCHW_PQT<int=2, int=2, int=2, int=2, int=2, int=32, int=256, int=3, int=1, bool=1, nvinfer1::ITiledPooling::PoolingMode, bool=0>(nvinfer1::TiledPoolingParams) [2276]"
3.005517,0.002912,64,2,1,256,1,1,26,4.000000,0,,,,,"Tesla V100-DGXS-16GB (0)","1","23","void nvinfer1::tiled_pooling::poolCHW_PQT<int=2, int=2, int=2, int=2, int=2, int=32, int=256, int=4, int=1, bool=1, nvinfer1::ITiledPooling::PoolingMode, bool=0>(nvinfer1::TiledPoolingParams) [2284]"
3.005550,0.003296,52,2,1,256,1,1,30,5.000000,0,,,,,"Tesla V100-DGXS-16GB (0)","1","23","void nvinfer1::tiled_pooling::poolCHW_PQT<int=2, int=2, int=2, int=2, int=2, int=32, int=256, int=5, int=1, bool=1, nvinfer1::ITiledPooling::PoolingMode, bool=0>(nvinfer1::TiledPoolingParams) [2292]"
3.005583,0.003584,43,2,1,256,1,1,31,6.000000,0,,,,,"Tesla V100-DGXS-16GB (0)","1","23","void nvinfer1::tiled_pooling::poolCHW_PQT<int=2, int=2, int=2, int=2, int=2, int=32, int=256, int=6, int=1, bool=1, nvinfer1::ITiledPooling::PoolingMode, bool=0>(nvinfer1::TiledPoolingParams) [2300]"
3.005616,0.003839,37,2,1,256,1,1,32,7.000000,0,,,,,"Tesla V100-DGXS-16GB (0)","1","23","void nvinfer1::tiled_pooling::poolCHW_PQT<int=2, int=2, int=2, int=2, int=2, int=32, int=256, int=7, int=1, bool=1, nvinfer1::ITiledPooling::PoolingMode, bool=0>(nvinfer1::TiledPoolingParams) [2308]"
3.005649,0.004160,32,2,1,256,1,1,32,8.000000,0,,,,,"Tesla V100-DGXS-16GB (0)","1","23","void nvinfer1::tiled_pooling::poolCHW_PQT<int=2, int=2, int=2, int=2, int=2, int=32, int=256, int=8, int=1, bool=1, nvinfer1::ITiledPooling::PoolingMode, bool=0>(nvinfer1::TiledPoolingParams) [2316]"
3.005682,0.002912,256,2,1,128,1,1,16,0.500000,0,,,,,"Tesla V100-DGXS-16GB (0)","1","23","void nvinfer1::tiled_pooling::poolCHW_PQT<int=2, int=2, int=2, int=2, int=2, int=16, int=128, int=1, int=1, bool=1, nvinfer1::ITiledPooling::PoolingMode, bool=0>(nvinfer1::TiledPoolingParams) [2324]"
3.005715,0.002496,128,2,1,128,1,1,17,1.000000,0,,,,,"Tesla V100-DGXS-16GB (0)","1","23","void nvinfer1::tiled_pooling::poolCHW_PQT<int=2, int=2, int=2, int=2, int=2, int=16, int=128, int=2, int=1, bool=1, nvinfer1::ITiledPooling::PoolingMode, bool=0>(nvinfer1::TiledPoolingParams) [2332]"
3.005751,0.002847,86,2,1,128,1,1,22,1.500000,0,,,,,"Tesla V100-DGXS-16GB (0)","1","23","void nvinfer1::tiled_pooling::poolCHW_PQT<int=2, int=2, int=2, int=2, int=2, int=16, int=128, int=3, int=1, bool=1, nvinfer1::ITiledPooling::PoolingMode, bool=0>(nvinfer1::TiledPoolingParams) [2340]"
3.005784,0.003008,64,2,1,128,1,1,26,2.000000,0,,,,,"Tesla V100-DGXS-16GB (0)","1","23","void nvinfer1::tiled_pooling::poolCHW_PQT<int=2, int=2, int=2, int=2, int=2, int=16, int=128, int=4, int=1, bool=1, nvinfer1::ITiledPooling::PoolingMode, bool=0>(nvinfer1::TiledPoolingParams) [2348]"
3.005817,0.003232,52,2,1,128,1,1,30,2.500000,0,,,,,"Tesla V100-DGXS-16GB (0)","1","23","void nvinfer1::tiled_pooling::poolCHW_PQT<int=2, int=2, int=2, int=2, int=2, int=16, int=128, int=5, int=1, bool=1, nvinfer1::ITiledPooling::PoolingMode, bool=0>(nvinfer1::TiledPoolingParams) [2356]"
3.005849,0.003584,43,2,1,128,1,1,31,3.000000,0,,,,,"Tesla V100-DGXS-16GB (0)","1","23","void nvinfer1::tiled_pooling::poolCHW_PQT<int=2, int=2, int=2, int=2, int=2, int=16, int=128, int=6, int=1, bool=1, nvinfer1::ITiledPooling::PoolingMode, bool=0>(nvinfer1::TiledPoolingParams) [2364]"
3.005882,0.003807,37,2,1,128,1,1,32,3.500000,0,,,,,"Tesla V100-DGXS-16GB (0)","1","23","void nvinfer1::tiled_pooling::poolCHW_PQT<int=2, int=2, int=2, int=2, int=2, int=16, int=128, int=7, int=1, bool=1, nvinfer1::ITiledPooling::PoolingMode, bool=0>(nvinfer1::TiledPoolingParams) [2372]"
3.005914,0.004224,32,2,1,128,1,1,32,4.000000,0,,,,,"Tesla V100-DGXS-16GB (0)","1","23","void nvinfer1::tiled_pooling::poolCHW_PQT<int=2, int=2, int=2, int=2, int=2, int=16, int=128, int=8, int=1, bool=1, nvinfer1::ITiledPooling::PoolingMode, bool=0>(nvinfer1::TiledPoolingParams) [2380]"
3.006214,0.001184,,,,,,,,,,0.008789,7.249214,"Device",,"Tesla V100-DGXS-16GB (0)","1","7","[CUDA memset]"
3.007403,0.001184,,,,,,,,,,0.003815,3.146360,"Device",,"Tesla V100-DGXS-16GB (0)","1","7","[CUDA memset]"
3.007865,0.001216,,,,,,,,,,1.000000,803.094161,"Device",,"Tesla V100-DGXS-16GB (0)","1","7","[CUDA memset]"
3.008464,1.447221,,,,,,,,,,8.789062,5.930724,"Pageable","Device","Tesla V100-DGXS-16GB (0)","1","7","[CUDA memcpy HtoD]"
3.009927,0.001696,,,,,,,,,,0.003815,2.196516,"Pageable","Device","Tesla V100-DGXS-16GB (0)","1","7","[CUDA memcpy HtoD]"
3.009972,0.026015,125,1,1,128,1,1,32,1.500000,0,,,,,"Tesla V100-DGXS-16GB (0)","1","23","void gemv2T_kernel_val<float, float, float, int=128, int=16, int=2, int=4, bool=0>(int, int, float, float const *, int, float const *, int, float, float*, int) [2414]"
3.009999,0.003616,1,4,1,16,16,1,16,0.000000,0,,,,,"Tesla V100-DGXS-16GB (0)","1","23","void add_tensor_kernel_v3<int=2, float, float, int=16, int=16, int=1, int=16, int=4>(cudnnTensorStruct, float*, cudnnTensorStruct, float const *, float, float) [2423]"
3.019860,1.464085,,,,,,,,,,8.789062,5.862412,"Pageable","Device","Tesla V100-DGXS-16GB (0)","1","7","[CUDA memcpy HtoD]"
3.021341,0.001696,,,,,,,,,,0.003815,2.196516,"Pageable","Device","Tesla V100-DGXS-16GB (0)","1","7","[CUDA memcpy HtoD]"
3.021374,0.030144,63,1,1,128,1,1,56,2.500000,0,,,,,"Tesla V100-DGXS-16GB (0)","1","23","void gemv2N_kernel_val<float, float, float, int=128, int=8, int=4, int=4, int=1>(float, float, cublasGemv2Params_v2<float, float, float>) [2439]"
3.021405,0.002560,1,4,1,16,16,1,16,0.000000,0,,,,,"Tesla V100-DGXS-16GB (0)","1","23","void add_tensor_kernel_v3<int=2, float, float, int=16, int=16, int=1, int=16, int=4>(cudnnTensorStruct, float*, cudnnTensorStruct, float const *, float, float) [2448]"
3.028233,0.001216,,,,,,,,,,0.574219,461.151725,"Device",,"Tesla V100-DGXS-16GB (0)","1","7","[CUDA memset]"
3.028700,0.001216,,,,,,,,,,0.003815,3.063561,"Device",,"Tesla V100-DGXS-16GB (0)","1","7","[CUDA memset]"
3.029174,0.001216,,,,,,,,,,3.062500,2459.475869,"Device",,"Tesla V100-DGXS-16GB (0)","1","7","[CUDA memset]"
3.029194,0.001216,,,,,,,,,,1.000000,803.094161,"Device",,"Tesla V100-DGXS-16GB (0)","1","7","[CUDA memset]"
3.029210,0.001216,,,,,,,,,,0.765625,614.868967,"Device",,"Tesla V100-DGXS-16GB (0)","1","7","[CUDA memset]"
3.029801,0.564348,,,,,,,,,,3.383789,5.855397,"Pageable","Device","Tesla V100-DGXS-16GB (0)","1","7","[CUDA memcpy HtoD]"
3.030384,0.001376,,,,,,,,,,0.000977,0.693077,"Pageable","Device","Tesla V100-DGXS-16GB (0)","1","7","[CUDA memcpy HtoD]"
3.037989,0.001184,,,,,,,,,,0.014648,12.082023,"Device",,"Tesla V100-DGXS-16GB (0)","1","32","[CUDA memset]"
3.039483,0.001536,,,,,,,,,,0.000107,0.067909,"Pageable","Device","Tesla V100-DGXS-16GB (0)","1","7","[CUDA memcpy HtoD]"
3.040194,0.001536,,,,,,,,,,0.000107,0.067909,"Pageable","Device","Tesla V100-DGXS-16GB (0)","1","7","[CUDA memcpy HtoD]"
3.040953,0.001216,,,,,,,,,,0.073608,59.114475,"Device",,"Tesla V100-DGXS-16GB (0)","1","7","[CUDA memset]"
3.040969,0.002816,50,1,1,256,1,1,18,0.000000,0,,,,,"Tesla V100-DGXS-16GB (0)","1","7","cask::computeOffsetsKernel(cask::ComputeOffsetsParams) [2725]"
3.040985,0.001376,,,,,,,,,,0.000732,0.519808,"Pageable","Device","Tesla V100-DGXS-16GB (0)","1","7","[CUDA memcpy HtoD]"
3.040995,0.001312,,,,,,,,,,0.000244,0.181721,"Pageable","Device","Tesla V100-DGXS-16GB (0)","1","7","[CUDA memcpy HtoD]"
3.041019,0.001376,,,,,,,,,,0.000732,0.519808,"Pageable","Device","Tesla V100-DGXS-16GB (0)","1","7","[CUDA memcpy HtoD]"
3.041040,0.001312,,,,,,,,,,0.000244,0.181721,"Pageable","Device","Tesla V100-DGXS-16GB (0)","1","7","[CUDA memcpy HtoD]"
3.041555,0.001216,,,,,,,,,,0.664429,533.598818,"Device",,"Tesla V100-DGXS-16GB (0)","1","7","[CUDA memset]"
3.042017,0.001696,4,1,1,256,1,1,18,0.000000,0,,,,,"Tesla V100-DGXS-16GB (0)","1","7","cask::computeOffsetsKernel(cask::ComputeOffsetsParams) [2734]"
3.042092,0.110111,,,,,,,,,,0.657959,5.835367,"Pageable","Device","Tesla V100-DGXS-16GB (0)","1","7","[CUDA memcpy HtoD]"
3.042215,0.001472,,,,,,,,,,0.001469,0.974346,"Pageable","Device","Tesla V100-DGXS-16GB (0)","1","7","[CUDA memcpy HtoD]"
3.042298,0.110047,,,,,,,,,,0.657959,5.838760,"Pageable","Device","Tesla V100-DGXS-16GB (0)","1","7","[CUDA memcpy HtoD]"
3.042422,0.001440,,,,,,,,,,0.001469,0.995998,"Pageable","Device","Tesla V100-DGXS-16GB (0)","1","7","[CUDA memcpy HtoD]"
3.042993,0.563900,,,,,,,,,,3.383789,5.860049,"Pageable","Device","Tesla V100-DGXS-16GB (0)","1","7","[CUDA memcpy HtoD]"
3.043570,0.001408,,,,,,,,,,0.000977,0.677326,"Pageable","Device","Tesla V100-DGXS-16GB (0)","1","7","[CUDA memcpy HtoD]"
3.050778,1.457141,,,,,,,,,,8.789062,5.890349,"Pageable","Device","Tesla V100-DGXS-16GB (0)","1","7","[CUDA memcpy HtoD]"
3.052252,0.001696,,,,,,,,,,0.003815,2.196516,"Pageable","Device","Tesla V100-DGXS-16GB (0)","1","7","[CUDA memcpy HtoD]"
3.059802,0.001504,,,,,,,,,,0.014648,9.511379,"Device",,"Tesla V100-DGXS-16GB (0)","1","41","[CUDA memset]"
3.060869,0.001568,,,,,,,,,,0.000107,0.066523,"Pageable","Device","Tesla V100-DGXS-16GB (0)","1","7","[CUDA memcpy HtoD]"
3.061621,0.001536,,,,,,,,,,0.000107,0.067909,"Pageable","Device","Tesla V100-DGXS-16GB (0)","1","7","[CUDA memcpy HtoD]"
3.062658,0.096415,,,,,,,,,,0.574219,5.816113,"Pageable","Device","Tesla V100-DGXS-16GB (0)","1","43","[CUDA memcpy HtoD]"
3.062764,0.006080,192,1,1,128,1,1,22,0.000000,0,,,,,"Tesla V100-DGXS-16GB (0)","1","43","void cudnn::detail::activation_fw_4d_kernel<float, float, int=128, int=1, int=4, cudnn::detail::sigmoid_func<float>>(cudnnTensorStruct, float const *, cudnn::detail::activation_fw_4d_kernel<float, float, int=128, int=1, int=4, cudnn::detail::sigmoid_func<float>>, cudnnTensorStruct*, float, cudnnTensorStruct*, int, cudnnTensorStruct*) [3025]"
3.062772,0.003744,1,56,7,128,1,1,26,2.000000,0,,,,,"Tesla V100-DGXS-16GB (0)","1","43","void nvinfer1::tiled_pooling::poolCHW_PQT<int=2, int=2, int=2, int=2, int=2, int=16, int=128, int=4, int=1, bool=1, nvinfer1::ITiledPooling::PoolingMode, bool=0>(nvinfer1::TiledPoolingParams) [3029]"
3.062777,0.015232,98,2,1,64,1,1,128,5.250000,0,,,,,"Tesla V100-DGXS-16GB (0)","1","43","trt_volta_scudnn_128x32_relu_small_nn_v1 [3031]"
3.062794,0.005312,11,28,2,256,1,1,31,6.000000,0,,,,,"Tesla V100-DGXS-16GB (0)","1","43","void nvinfer1::tiled_pooling::poolCHW_PQT<int=2, int=2, int=2, int=2, int=2, int=32, int=256, int=6, int=1, bool=1, nvinfer1::ITiledPooling::PoolingMode, bool=0>(nvinfer1::TiledPoolingParams) [3035]"
3.062801,0.064128,7,7,1,128,1,1,128,16.000000,0,,,,,"Tesla V100-DGXS-16GB (0)","1","43","trt_volta_scudnn_128x64_relu_small_nn_v1 [3037]"
3.062866,0.003488,97,7,1,128,1,1,26,2.000000,0,,,,,"Tesla V100-DGXS-16GB (0)","1","43","void nvinfer1::tiled_pooling::poolCHW_PQT<int=2, int=2, int=2, int=2, int=2, int=16, int=128, int=4, int=1, bool=1, nvinfer1::ITiledPooling::PoolingMode, bool=0>(nvinfer1::TiledPoolingParams) [3041]"
3.062870,0.002496,97,4,1,128,1,1,26,2.000000,0,,,,,"Tesla V100-DGXS-16GB (0)","1","43","void nvinfer1::tiled_pooling::poolCHW_PQT<int=2, int=2, int=2, int=2, int=2, int=16, int=128, int=4, int=1, bool=1, nvinfer1::ITiledPooling::PoolingMode, bool=0>(nvinfer1::TiledPoolingParams) [3045]"
3.062874,0.034784,1,14,1,512,1,1,25,0.000000,0,,,,,"Tesla V100-DGXS-16GB (0)","1","43","void im2col4d_kernel<float, int>(im2col4d_params, cudnnConvolutionStruct, cudnnTensor4dStruct, float const *, float*, int) [3054]"
3.062911,0.252638,2,8,1,8,8,1,62,2.250000,0,,,,,"Tesla V100-DGXS-16GB (0)","1","43","void cudnn::detail::explicit_convolve_sgemm<float, int, int=1024, int=5, int=5, int=3, int=3, int=3, int=0, bool=1>(int, int, int, float const *, int, float const , int, cudnn::detail::explicit_convolve_sgemm<float, int, int=1024, int=5, int=5, int=3, int=3, int=3, int=0, bool=1>*, kernel_conv_params, int, int, float, float, int, float const *, float const *) [3075]"
3.063165,0.004448,1,256,1,128,1,1,29,0.000000,0,,,,,"Tesla V100-DGXS-16GB (0)","1","43","void add_tensor_kernel_v3<int=2, float, float, int=128, int=1, int=1, int=4, int=2>(cudnnTensorStruct, float*, cudnnTensorStruct, float const *, float, float) [3086]"
3.063170,0.003104,128,1,1,128,1,1,21,0.000000,0,,,,,"Tesla V100-DGXS-16GB (0)","1","43","void cudnn::detail::activation_fw_4d_kernel<float, float, int=128, int=1, int=4, cudnn::detail::relu_func<float, cudnnNanPropagation_t=1, bool=0>>(cudnnTensorStruct, float const *, cudnn::detail::activation_fw_4d_kernel<float, float, int=128, int=1, int=4, cudnn::detail::relu_func<float, cudnnNanPropagation_t=1, bool=0>>, cudnnTensorStruct*, float, cudnnTensorStruct*, int, cudnnTensorStruct*) [3097]"
3.063175,0.002944,256,2,1,128,1,1,16,0.500000,0,,,,,"Tesla V100-DGXS-16GB (0)","1","43","void nvinfer1::tiled_pooling::poolCHW_PQT<int=2, int=2, int=2, int=2, int=2, int=16, int=128, int=1, int=1, bool=1, nvinfer1::ITiledPooling::PoolingMode, bool=0>(nvinfer1::TiledPoolingParams) [3101]"
3.063179,0.026879,63,1,1,128,1,1,56,2.500000,0,,,,,"Tesla V100-DGXS-16GB (0)","1","43","void gemv2N_kernel_val<float, float, float, int=128, int=8, int=4, int=4, int=1>(float, float, cublasGemv2Params_v2<float, float, float>) [3107]"
3.063207,0.003776,1,4,1,16,16,1,16,0.000000,0,,,,,"Tesla V100-DGXS-16GB (0)","1","43","void add_tensor_kernel_v3<int=2, float, float, int=16, int=16, int=1, int=16, int=4>(cudnnTensorStruct, float*, cudnnTensorStruct, float const *, float, float) [3116]"
3.063215,0.002432,,,,,,,,,,0.003815,1.531781,"Device","Pageable","Tesla V100-DGXS-16GB (0)","1","43","[CUDA memcpy DtoH]"
