==11484== NVPROF is profiling process 11484, command: python vgg_generator_RT.py 2466
==11484== Profiling application: python vgg_generator_RT.py 2466
==11484== Profiling result:
"Start","Duration","Grid X","Grid Y","Grid Z","Block X","Block Y","Block Z","Registers Per Thread","Static SMem","Dynamic SMem","Size","Throughput","SrcMemType","DstMemType","Device","Context","Stream","Name"
s,ms,,,,,,,,KB,B,MB,GB/s,,,,,,
2.375289,0.001152,,,,,,,,,,0.014648,12.417634,"Device",,"Tesla V100-DGXS-16GB (0)","1","22","[CUDA memset]"
2.376861,0.001536,,,,,,,,,,0.000107,0.067909,"Pageable","Device","Tesla V100-DGXS-16GB (0)","1","7","[CUDA memcpy HtoD]"
2.770920,0.001248,,,,,,,,,,0.000107,0.083580,"Pageable","Device","Tesla V100-DGXS-16GB (0)","1","7","[CUDA memcpy HtoD]"
3.049876,0.001216,,,,,,,,,,0.574219,461.151725,"Device",,"Tesla V100-DGXS-16GB (0)","1","7","[CUDA memset]"
3.049923,0.001216,,,,,,,,,,0.574219,461.151725,"Device",,"Tesla V100-DGXS-16GB (0)","1","7","[CUDA memset]"
3.050696,0.001216,,,,,,,,,,1.000000,803.094161,"Device",,"Tesla V100-DGXS-16GB (0)","1","7","[CUDA memset]"
3.050789,0.005632,192,1,1,128,1,1,22,0.000000,0,,,,,"Tesla V100-DGXS-16GB (0)","1","23","void cudnn::detail::activation_fw_4d_kernel<float, float, int=128, int=1, int=4, cudnn::detail::sigmoid_func<float>>(cudnnTensorStruct, float const *, cudnn::detail::activation_fw_4d_kernel<float, float, int=128, int=1, int=4, cudnn::detail::sigmoid_func<float>>, cudnnTensorStruct*, float, cudnnTensorStruct*, int, cudnnTensorStruct*) [510]"
3.052292,0.001248,,,,,,,,,,0.574219,449.327322,"Device",,"Tesla V100-DGXS-16GB (0)","1","7","[CUDA memset]"
3.053096,0.001216,,,,,,,,,,24.500000,19675.806949,"Device",,"Tesla V100-DGXS-16GB (0)","1","7","[CUDA memset]"
3.053132,0.001216,,,,,,,,,,1.000000,803.094161,"Device",,"Tesla V100-DGXS-16GB (0)","1","7","[CUDA memset]"
3.053636,0.001248,,,,,,,,,,0.292603,228.962073,"Device",,"Tesla V100-DGXS-16GB (0)","1","7","[CUDA memset]"
3.053678,0.003712,197,1,1,256,1,1,18,0.000000,0,,,,,"Tesla V100-DGXS-16GB (0)","1","23","cask::computeOffsetsKernel(cask::ComputeOffsetsParams) [538]"
3.053707,0.001824,,,,,,,,,,0.004395,2.352815,"Pageable","Device","Tesla V100-DGXS-16GB (0)","1","7","[CUDA memcpy HtoD]"
3.053722,0.001376,,,,,,,,,,0.000488,0.346539,"Pageable","Device","Tesla V100-DGXS-16GB (0)","1","7","[CUDA memcpy HtoD]"
3.053770,0.001824,,,,,,,,,,0.004395,2.352815,"Pageable","Device","Tesla V100-DGXS-16GB (0)","1","7","[CUDA memcpy HtoD]"
3.053802,0.001376,,,,,,,,,,0.000488,0.346539,"Pageable","Device","Tesla V100-DGXS-16GB (0)","1","7","[CUDA memcpy HtoD]"
3.053839,0.054432,392,4,1,64,1,1,128,5.250000,0,,,,,"Tesla V100-DGXS-16GB (0)","1","23","trt_volta_scudnn_128x32_relu_small_nn_v1 [546]"
3.054033,0.001216,,,,,,,,,,0.292603,234.987391,"Device",,"Tesla V100-DGXS-16GB (0)","1","7","[CUDA memset]"
3.054069,0.003232,197,1,1,256,1,1,18,0.000000,0,,,,,"Tesla V100-DGXS-16GB (0)","1","23","cask::computeOffsetsKernel(cask::ComputeOffsetsParams) [553]"
3.054090,0.001792,,,,,,,,,,0.004395,2.394829,"Pageable","Device","Tesla V100-DGXS-16GB (0)","1","7","[CUDA memcpy HtoD]"
3.054102,0.001408,,,,,,,,,,0.000488,0.338663,"Pageable","Device","Tesla V100-DGXS-16GB (0)","1","7","[CUDA memcpy HtoD]"
3.054140,0.001824,,,,,,,,,,0.004395,2.352815,"Pageable","Device","Tesla V100-DGXS-16GB (0)","1","7","[CUDA memcpy HtoD]"
3.054167,0.001344,,,,,,,,,,0.000488,0.354790,"Pageable","Device","Tesla V100-DGXS-16GB (0)","1","7","[CUDA memcpy HtoD]"
3.054237,0.056832,392,2,1,128,1,1,128,16.000000,0,,,,,"Tesla V100-DGXS-16GB (0)","1","23","trt_volta_scudnn_128x64_relu_medium_nn_v1 [564]"
3.054418,0.001248,,,,,,,,,,0.292603,228.962073,"Device",,"Tesla V100-DGXS-16GB (0)","1","7","[CUDA memset]"
3.054446,0.003296,197,1,1,256,1,1,18,0.000000,0,,,,,"Tesla V100-DGXS-16GB (0)","1","23","cask::computeOffsetsKernel(cask::ComputeOffsetsParams) [571]"
3.054466,0.001824,,,,,,,,,,0.004395,2.352815,"Pageable","Device","Tesla V100-DGXS-16GB (0)","1","7","[CUDA memcpy HtoD]"
3.054478,0.001376,,,,,,,,,,0.000488,0.346539,"Pageable","Device","Tesla V100-DGXS-16GB (0)","1","7","[CUDA memcpy HtoD]"
3.054505,0.001824,,,,,,,,,,0.004395,2.352815,"Pageable","Device","Tesla V100-DGXS-16GB (0)","1","7","[CUDA memcpy HtoD]"
3.054525,0.001344,,,,,,,,,,0.000488,0.354790,"Pageable","Device","Tesla V100-DGXS-16GB (0)","1","7","[CUDA memcpy HtoD]"
3.054602,0.060224,392,1,1,256,1,1,128,32.000000,0,,,,,"Tesla V100-DGXS-16GB (0)","1","23","trt_volta_scudnn_128x128_relu_medium_nn_v1 [582]"
3.054788,0.001216,,,,,,,,,,0.292603,234.987391,"Device",,"Tesla V100-DGXS-16GB (0)","1","7","[CUDA memset]"
3.054816,0.003360,197,1,1,256,1,1,18,0.000000,0,,,,,"Tesla V100-DGXS-16GB (0)","1","23","cask::computeOffsetsKernel(cask::ComputeOffsetsParams) [589]"
3.054835,0.001823,,,,,,,,,,0.004395,2.354106,"Pageable","Device","Tesla V100-DGXS-16GB (0)","1","7","[CUDA memcpy HtoD]"
3.054848,0.001408,,,,,,,,,,0.000488,0.338663,"Pageable","Device","Tesla V100-DGXS-16GB (0)","1","7","[CUDA memcpy HtoD]"
3.054883,0.001792,,,,,,,,,,0.004395,2.394829,"Pageable","Device","Tesla V100-DGXS-16GB (0)","1","7","[CUDA memcpy HtoD]"
3.054910,0.001376,,,,,,,,,,0.000488,0.346539,"Pageable","Device","Tesla V100-DGXS-16GB (0)","1","7","[CUDA memcpy HtoD]"
3.054973,0.057184,392,1,1,256,1,1,128,32.000000,0,,,,,"Tesla V100-DGXS-16GB (0)","1","23","trt_volta_scudnn_128x128_relu_small_nn_v1 [600]"
3.055151,0.001216,,,,,,,,,,0.292603,234.987391,"Device",,"Tesla V100-DGXS-16GB (0)","1","7","[CUDA memset]"
3.055178,0.003264,197,1,1,256,1,1,18,0.000000,0,,,,,"Tesla V100-DGXS-16GB (0)","1","23","cask::computeOffsetsKernel(cask::ComputeOffsetsParams) [607]"
3.055197,0.001824,,,,,,,,,,0.004395,2.352815,"Pageable","Device","Tesla V100-DGXS-16GB (0)","1","7","[CUDA memcpy HtoD]"
3.055209,0.001376,,,,,,,,,,0.000488,0.346539,"Pageable","Device","Tesla V100-DGXS-16GB (0)","1","7","[CUDA memcpy HtoD]"
3.055237,0.001824,,,,,,,,,,0.004395,2.352815,"Pageable","Device","Tesla V100-DGXS-16GB (0)","1","7","[CUDA memcpy HtoD]"
3.055256,0.001376,,,,,,,,,,0.000488,0.346539,"Pageable","Device","Tesla V100-DGXS-16GB (0)","1","7","[CUDA memcpy HtoD]"
3.055329,0.055711,392,2,1,128,1,1,128,16.000000,0,,,,,"Tesla V100-DGXS-16GB (0)","1","23","trt_volta_scudnn_128x64_relu_small_nn_v1 [618]"
3.055487,0.001824,,,,,,,,,,0.004395,2.352815,"Pageable","Device","Tesla V100-DGXS-16GB (0)","1","7","[CUDA memcpy HtoD]"
3.055514,0.001376,,,,,,,,,,0.000488,0.346539,"Pageable","Device","Tesla V100-DGXS-16GB (0)","1","7","[CUDA memcpy HtoD]"
3.055576,0.001824,,,,,,,,,,0.004395,2.352815,"Pageable","Device","Tesla V100-DGXS-16GB (0)","1","7","[CUDA memcpy HtoD]"
3.055601,0.001376,,,,,,,,,,0.000488,0.346539,"Pageable","Device","Tesla V100-DGXS-16GB (0)","1","7","[CUDA memcpy HtoD]"
3.055731,0.134815,784,1,1,8,32,1,64,6.250000,0,,,,,"Tesla V100-DGXS-16GB (0)","1","23","void cudnn::detail::implicit_convolve_sgemm<float, float, int=1024, int=6, int=7, int=3, int=3, int=5, int=1, bool=1, bool=0, bool=1>(int, int, int, float const *, int, float*, cudnn::detail::implicit_convolve_sgemm<float, float, int=1024, int=6, int=7, int=3, int=3, int=5, int=1, bool=1, bool=0, bool=1>*, kernel_conv_params, int, float, float, int, float, float, int, int) [656]"
3.055868,0.071903,1,128,10,128,1,1,29,0.000000,0,,,,,"Tesla V100-DGXS-16GB (0)","1","23","void add_tensor_kernel_v3<int=2, float, float, int=128, int=1, int=1, int=4, int=2>(cudnnTensorStruct, float*, cudnnTensorStruct, float const *, float, float) [666]"
3.055941,0.067936,2048,1,1,128,1,1,21,0.000000,0,,,,,"Tesla V100-DGXS-16GB (0)","1","23","void cudnn::detail::activation_fw_4d_kernel<float, float, int=128, int=1, int=4, cudnn::detail::relu_func<float, cudnnNanPropagation_t=1, bool=0>>(cudnnTensorStruct, float const *, cudnn::detail::activation_fw_4d_kernel<float, float, int=128, int=1, int=4, cudnn::detail::relu_func<float, cudnnNanPropagation_t=1, bool=0>>, cudnnTensorStruct*, float, cudnnTensorStruct*, int, cudnnTensorStruct*) [677]"
3.056108,0.001824,,,,,,,,,,0.004395,2.352815,"Pageable","Device","Tesla V100-DGXS-16GB (0)","1","7","[CUDA memcpy HtoD]"
3.056134,0.001376,,,,,,,,,,0.000488,0.346539,"Pageable","Device","Tesla V100-DGXS-16GB (0)","1","7","[CUDA memcpy HtoD]"
3.056197,0.001824,,,,,,,,,,0.004395,2.352815,"Pageable","Device","Tesla V100-DGXS-16GB (0)","1","7","[CUDA memcpy HtoD]"
3.056222,0.001376,,,,,,,,,,0.000488,0.346539,"Pageable","Device","Tesla V100-DGXS-16GB (0)","1","7","[CUDA memcpy HtoD]"
3.056270,0.003232,393,1,1,128,1,1,16,0.000000,0,,,,,"Tesla V100-DGXS-16GB (0)","1","23","cudnn::gemm::computeOffsetsKernel(cudnn::gemm::ComputeOffsetsParams) [697]"
3.056304,0.056096,392,2,1,128,1,1,128,16.000000,0,,,,,"Tesla V100-DGXS-16GB (0)","1","23","volta_scudnn_128x64_relu_small_nn_v1 [702]"
3.056361,0.069599,1,128,10,128,1,1,29,0.000000,0,,,,,"Tesla V100-DGXS-16GB (0)","1","23","void add_tensor_kernel_v3<int=2, float, float, int=128, int=1, int=1, int=4, int=2>(cudnnTensorStruct, float*, cudnnTensorStruct, float const *, float, float) [711]"
3.056433,0.067872,2048,1,1,128,1,1,21,0.000000,0,,,,,"Tesla V100-DGXS-16GB (0)","1","23","void cudnn::detail::activation_fw_4d_kernel<float, float, int=128, int=1, int=4, cudnn::detail::relu_func<float, cudnnNanPropagation_t=1, bool=0>>(cudnnTensorStruct, float const *, cudnn::detail::activation_fw_4d_kernel<float, float, int=128, int=1, int=4, cudnn::detail::relu_func<float, cudnnNanPropagation_t=1, bool=0>>, cudnnTensorStruct*, float, cudnnTensorStruct*, int, cudnnTensorStruct*) [722]"
3.056607,0.001792,,,,,,,,,,0.004395,2.394829,"Pageable","Device","Tesla V100-DGXS-16GB (0)","1","7","[CUDA memcpy HtoD]"
3.056632,0.001344,,,,,,,,,,0.000488,0.354790,"Pageable","Device","Tesla V100-DGXS-16GB (0)","1","7","[CUDA memcpy HtoD]"
3.056693,0.002048,,,,,,,,,,0.004395,2.095476,"Pageable","Device","Tesla V100-DGXS-16GB (0)","1","7","[CUDA memcpy HtoD]"
3.056718,0.001344,,,,,,,,,,0.000488,0.354790,"Pageable","Device","Tesla V100-DGXS-16GB (0)","1","7","[CUDA memcpy HtoD]"
3.056774,0.001792,,,,,,,,,,0.004395,2.394829,"Pageable","Device","Tesla V100-DGXS-16GB (0)","1","7","[CUDA memcpy HtoD]"
3.056798,0.001375,,,,,,,,,,0.000488,0.346791,"Pageable","Device","Tesla V100-DGXS-16GB (0)","1","7","[CUDA memcpy HtoD]"
3.058419,0.001216,,,,,,,,,,24.500000,19675.806949,"Device",,"Tesla V100-DGXS-16GB (0)","1","7","[CUDA memset]"
3.059337,0.001568,,,,,,,,,,98.000000,61035.156250,"Device",,"Tesla V100-DGXS-16GB (0)","1","7","[CUDA memset]"
3.059456,0.001216,,,,,,,,,,1.000000,803.094161,"Device",,"Tesla V100-DGXS-16GB (0)","1","7","[CUDA memset]"
3.078530,2.041392,,,,,,,,,,12.250000,5.860163,"Pageable","Device","Tesla V100-DGXS-16GB (0)","1","7","[CUDA memcpy HtoD]"
3.081193,0.001824,,,,,,,,,,0.001953,1.045696,"Pageable","Device","Tesla V100-DGXS-16GB (0)","1","7","[CUDA memcpy HtoD]"
3.081277,50.673884,16,56,75,32,1,1,72,0.375000,0,,,,,"Tesla V100-DGXS-16GB (0)","1","23","void fused::fusedConvolutionReluKernel<fused::SrcChwcPtr_FltTex_Reader<float, int=1, int=1, int=1>, fused::KpqkPtrWriter<float, int=1, int=1>, float, float, int=3, int=4, int=1, int=7, int=7, int=1, int=1>(fused::ConvolutionParams<floatSrcType, int=1, int=1Type>, float) [777]"
3.133779,0.001215,,,,,,,,,,12.539185,10078.434100,"Device",,"Tesla V100-DGXS-16GB (0)","1","7","[CUDA memset]"
3.142947,0.003200,197,1,1,256,1,1,18,0.000000,0,,,,,"Tesla V100-DGXS-16GB (0)","1","23","cask::computeOffsetsKernel(cask::ComputeOffsetsParams) [791]"
3.143118,2.040241,,,,,,,,,,12.250000,5.863469,"Pageable","Device","Tesla V100-DGXS-16GB (0)","1","7","[CUDA memcpy HtoD]"
3.145178,0.001536,,,,,,,,,,0.001953,1.241763,"Pageable","Device","Tesla V100-DGXS-16GB (0)","1","7","[CUDA memcpy HtoD]"
3.146994,2.027024,,,,,,,,,,12.250000,5.901702,"Pageable","Device","Tesla V100-DGXS-16GB (0)","1","7","[CUDA memcpy HtoD]"
3.149546,0.001664,,,,,,,,,,0.001953,1.146243,"Pageable","Device","Tesla V100-DGXS-16GB (0)","1","7","[CUDA memcpy HtoD]"
3.149595,24.922049,392,4,1,256,1,1,160,32.000000,0,,,,,"Tesla V100-DGXS-16GB (0)","1","23","trt_volta_scudnn_128x128_relu_xregs_large_nn_v1 [799]"
3.175386,0.001184,,,,,,,,,,12.539185,10342.312020,"Device",,"Tesla V100-DGXS-16GB (0)","1","7","[CUDA memset]"
3.183306,0.003264,197,1,1,256,1,1,18,0.000000,0,,,,,"Tesla V100-DGXS-16GB (0)","1","23","cask::computeOffsetsKernel(cask::ComputeOffsetsParams) [806]"
3.183446,2.025873,,,,,,,,,,12.250000,5.905055,"Pageable","Device","Tesla V100-DGXS-16GB (0)","1","7","[CUDA memcpy HtoD]"
3.185490,0.001568,,,,,,,,,,0.001953,1.216421,"Pageable","Device","Tesla V100-DGXS-16GB (0)","1","7","[CUDA memcpy HtoD]"
3.186951,2.012113,,,,,,,,,,12.250000,5.945437,"Pageable","Device","Tesla V100-DGXS-16GB (0)","1","7","[CUDA memcpy HtoD]"
3.188979,0.001536,,,,,,,,,,0.001953,1.241763,"Pageable","Device","Tesla V100-DGXS-16GB (0)","1","7","[CUDA memcpy HtoD]"
3.189589,23.836170,392,8,1,128,1,1,128,16.000000,0,,,,,"Tesla V100-DGXS-16GB (0)","1","23","trt_volta_scudnn_128x64_relu_medium_nn_v1 [817]"
3.214342,0.001184,,,,,,,,,,12.539185,10342.312020,"Device",,"Tesla V100-DGXS-16GB (0)","1","7","[CUDA memset]"
3.222285,0.003040,197,1,1,256,1,1,18,0.000000,0,,,,,"Tesla V100-DGXS-16GB (0)","1","23","cask::computeOffsetsKernel(cask::ComputeOffsetsParams) [824]"
3.222446,2.028433,,,,,,,,,,12.250000,5.897602,"Pageable","Device","Tesla V100-DGXS-16GB (0)","1","7","[CUDA memcpy HtoD]"
3.224489,0.001472,,,,,,,,,,0.001953,1.295753,"Pageable","Device","Tesla V100-DGXS-16GB (0)","1","7","[CUDA memcpy HtoD]"
3.226910,2.016689,,,,,,,,,,12.250000,5.931946,"Pageable","Device","Tesla V100-DGXS-16GB (0)","1","7","[CUDA memcpy HtoD]"
3.228944,0.001472,,,,,,,,,,0.001953,1.295753,"Pageable","Device","Tesla V100-DGXS-16GB (0)","1","7","[CUDA memcpy HtoD]"
3.229540,22.564468,392,8,1,128,1,1,160,16.000000,0,,,,,"Tesla V100-DGXS-16GB (0)","1","23","trt_volta_scudnn_128x64_relu_xregs_large_nn_v1 [835]"
3.253041,0.001184,,,,,,,,,,12.539185,10342.312020,"Device",,"Tesla V100-DGXS-16GB (0)","1","7","[CUDA memset]"
3.261011,0.003200,197,1,1,256,1,1,18,0.000000,0,,,,,"Tesla V100-DGXS-16GB (0)","1","23","cask::computeOffsetsKernel(cask::ComputeOffsetsParams) [842]"
3.261180,2.021681,,,,,,,,,,12.250000,5.917299,"Pageable","Device","Tesla V100-DGXS-16GB (0)","1","7","[CUDA memcpy HtoD]"
3.263219,0.001440,,,,,,,,,,0.001953,1.324548,"Pageable","Device","Tesla V100-DGXS-16GB (0)","1","7","[CUDA memcpy HtoD]"
3.264094,2.013777,,,,,,,,,,12.250000,5.940524,"Pageable","Device","Tesla V100-DGXS-16GB (0)","1","7","[CUDA memcpy HtoD]"
3.266124,0.001440,,,,,,,,,,0.001953,1.324548,"Pageable","Device","Tesla V100-DGXS-16GB (0)","1","7","[CUDA memcpy HtoD]"
3.267115,22.246934,392,4,1,256,1,1,128,32.000000,0,,,,,"Tesla V100-DGXS-16GB (0)","1","23","trt_volta_scudnn_128x128_relu_medium_nn_v1 [853]"
3.290229,2.039665,,,,,,,,,,12.250000,5.865125,"Pageable","Device","Tesla V100-DGXS-16GB (0)","1","7","[CUDA memcpy HtoD]"
3.292286,0.001472,,,,,,,,,,0.001953,1.295753,"Pageable","Device","Tesla V100-DGXS-16GB (0)","1","7","[CUDA memcpy HtoD]"
3.293242,2.034417,,,,,,,,,,12.250000,5.880255,"Pageable","Device","Tesla V100-DGXS-16GB (0)","1","7","[CUDA memcpy HtoD]"
3.295290,0.001472,,,,,,,,,,0.001953,1.295753,"Pageable","Device","Tesla V100-DGXS-16GB (0)","1","7","[CUDA memcpy HtoD]"
3.295372,25.793339,784,2,1,8,32,1,124,10.250000,0,,,,,"Tesla V100-DGXS-16GB (0)","1","23","void cudnn::detail::implicit_convolve_sgemm<float, float, int=512, int=6, int=8, int=3, int=3, int=5, int=1, bool=1, bool=0, bool=1>(int, int, int, float const *, int, float*, cudnn::detail::implicit_convolve_sgemm<float, float, int=512, int=6, int=8, int=3, int=3, int=5, int=1, bool=1, bool=0, bool=1>*, kernel_conv_params, int, float, float, int, float, float, int, int) [891]"
3.321167,0.275966,1,512,3,128,1,1,29,0.000000,0,,,,,"Tesla V100-DGXS-16GB (0)","1","23","void add_tensor_kernel_v3<int=2, float, float, int=128, int=1, int=1, int=4, int=2>(cudnnTensorStruct, float*, cudnnTensorStruct, float const *, float, float) [901]"
3.321445,0.265278,8192,1,1,128,1,1,21,0.000000,0,,,,,"Tesla V100-DGXS-16GB (0)","1","23","void cudnn::detail::activation_fw_4d_kernel<float, float, int=128, int=1, int=4, cudnn::detail::relu_func<float, cudnnNanPropagation_t=1, bool=0>>(cudnnTensorStruct, float const *, cudnn::detail::activation_fw_4d_kernel<float, float, int=128, int=1, int=4, cudnn::detail::relu_func<float, cudnnNanPropagation_t=1, bool=0>>, cudnnTensorStruct*, float, cudnnTensorStruct*, int, cudnnTensorStruct*) [912]"
3.323448,2.040464,,,,,,,,,,12.250000,5.862829,"Pageable","Device","Tesla V100-DGXS-16GB (0)","1","7","[CUDA memcpy HtoD]"
3.325505,0.001472,,,,,,,,,,0.001953,1.295753,"Pageable","Device","Tesla V100-DGXS-16GB (0)","1","7","[CUDA memcpy HtoD]"
3.326444,2.038768,,,,,,,,,,12.250000,5.867706,"Pageable","Device","Tesla V100-DGXS-16GB (0)","1","7","[CUDA memcpy HtoD]"
3.328499,0.001472,,,,,,,,,,0.001953,1.295753,"Pageable","Device","Tesla V100-DGXS-16GB (0)","1","7","[CUDA memcpy HtoD]"
3.328555,0.003136,393,1,1,128,1,1,16,0.000000,0,,,,,"Tesla V100-DGXS-16GB (0)","1","23","cudnn::gemm::computeOffsetsKernel(cudnn::gemm::ComputeOffsetsParams) [932]"
3.328588,22.893521,392,8,1,128,1,1,128,16.000000,0,,,,,"Tesla V100-DGXS-16GB (0)","1","23","volta_scudnn_128x64_relu_medium_nn_v1 [937]"
3.351482,0.272542,1,512,3,128,1,1,29,0.000000,0,,,,,"Tesla V100-DGXS-16GB (0)","1","23","void add_tensor_kernel_v3<int=2, float, float, int=128, int=1, int=1, int=4, int=2>(cudnnTensorStruct, float*, cudnnTensorStruct, float const *, float, float) [946]"
3.351756,0.265470,8192,1,1,128,1,1,21,0.000000,0,,,,,"Tesla V100-DGXS-16GB (0)","1","23","void cudnn::detail::activation_fw_4d_kernel<float, float, int=128, int=1, int=4, cudnn::detail::relu_func<float, cudnnNanPropagation_t=1, bool=0>>(cudnnTensorStruct, float const *, cudnn::detail::activation_fw_4d_kernel<float, float, int=128, int=1, int=4, cudnn::detail::relu_func<float, cudnnNanPropagation_t=1, bool=0>>, cudnnTensorStruct*, float, cudnnTensorStruct*, int, cudnnTensorStruct*) [957]"
3.353044,2.037008,,,,,,,,,,12.250000,5.872775,"Pageable","Device","Tesla V100-DGXS-16GB (0)","1","7","[CUDA memcpy HtoD]"
3.355099,0.001472,,,,,,,,,,0.001953,1.295753,"Pageable","Device","Tesla V100-DGXS-16GB (0)","1","7","[CUDA memcpy HtoD]"
3.356035,2.034416,,,,,,,,,,12.250000,5.880258,"Pageable","Device","Tesla V100-DGXS-16GB (0)","1","7","[CUDA memcpy HtoD]"
3.358084,0.001472,,,,,,,,,,0.001953,1.295753,"Pageable","Device","Tesla V100-DGXS-16GB (0)","1","7","[CUDA memcpy HtoD]"
3.359009,2.036145,,,,,,,,,,12.250000,5.875265,"Pageable","Device","Tesla V100-DGXS-16GB (0)","1","7","[CUDA memcpy HtoD]"
3.361062,0.001472,,,,,,,,,,0.001953,1.295753,"Pageable","Device","Tesla V100-DGXS-16GB (0)","1","7","[CUDA memcpy HtoD]"
3.377389,0.001472,,,,,,,,,,98.000000,65015.709918,"Device",,"Tesla V100-DGXS-16GB (0)","1","7","[CUDA memset]"
3.377948,0.001152,,,,,,,,,,6.125000,5192.226834,"Device",,"Tesla V100-DGXS-16GB (0)","1","7","[CUDA memset]"
3.377971,0.001152,,,,,,,,,,1.000000,847.710503,"Device",,"Tesla V100-DGXS-16GB (0)","1","7","[CUDA memset]"
3.387088,2.041392,,,,,,,,,,12.250000,5.860163,"Pageable","Device","Tesla V100-DGXS-16GB (0)","1","7","[CUDA memcpy HtoD]"
3.389146,0.001600,,,,,,,,,,0.000488,0.298023,"Pageable","Device","Tesla V100-DGXS-16GB (0)","1","7","[CUDA memcpy HtoD]"
3.389199,9.805493,4,28,38,32,1,1,102,0.625000,0,,,,,"Tesla V100-DGXS-16GB (0)","1","23","void fused::fusedConvolutionReluKernel<fused::SrcChwcPtr_FltTex_Reader<float, int=1, int=1, int=1>, fused::KpqkPtrWriter<float, int=1, int=1>, float, float, int=3, int=4, int=1, int=7, int=7, int=2, int=2>(fused::ConvolutionParams<floatSrcType, int=1, int=1Type>, float) [1012]"
3.408129,2.038064,,,,,,,,,,12.250000,5.869733,"Pageable","Device","Tesla V100-DGXS-16GB (0)","1","7","[CUDA memcpy HtoD]"
3.410184,0.001312,,,,,,,,,,0.000488,0.363443,"Pageable","Device","Tesla V100-DGXS-16GB (0)","1","7","[CUDA memcpy HtoD]"
3.410235,10.169810,2,28,38,32,1,1,136,0.625000,0,,,,,"Tesla V100-DGXS-16GB (0)","1","23","void fused::fusedConvolutionReluKernel<fused::SrcChwcPtr_FltTex_Reader<float, int=1, int=1, int=2>, fused::KpqkPtrWriter<float, int=1, int=2>, float, float, int=3, int=4, int=1, int=7, int=7, int=2, int=2>(fused::ConvolutionParams<floatSrcType, int=2, int=1Type>, float) [1030]"
3.430427,2.038320,,,,,,,,,,12.250000,5.868995,"Pageable","Device","Tesla V100-DGXS-16GB (0)","1","7","[CUDA memcpy HtoD]"
3.432483,0.001280,,,,,,,,,,0.000488,0.372529,"Pageable","Device","Tesla V100-DGXS-16GB (0)","1","7","[CUDA memcpy HtoD]"
3.432550,10.126259,2,28,38,32,1,1,136,0.625000,0,,,,,"Tesla V100-DGXS-16GB (0)","1","23","void fused::fusedConvolutionReluKernel<fused::SrcChwcPtr_FltTex_Reader<float, int=1, int=1, int=2>, fused::KpqkPtrWriter<float, int=1, int=2>, float, float, int=3, int=4, int=1, int=7, int=7, int=2, int=2>(fused::ConvolutionParams<floatSrcType, int=2, int=1Type>, float) [1048]"
3.444211,0.001152,,,,,,,,,,12.322876,10446.231398,"Device",,"Tesla V100-DGXS-16GB (0)","1","7","[CUDA memset]"
3.452081,0.002752,50,1,1,256,1,1,18,0.000000,0,,,,,"Tesla V100-DGXS-16GB (0)","1","23","cask::computeOffsetsKernel(cask::ComputeOffsetsParams) [1062]"
3.452219,2.039505,,,,,,,,,,12.250000,5.865585,"Pageable","Device","Tesla V100-DGXS-16GB (0)","1","7","[CUDA memcpy HtoD]"
3.454273,0.001280,,,,,,,,,,0.000488,0.372529,"Pageable","Device","Tesla V100-DGXS-16GB (0)","1","7","[CUDA memcpy HtoD]"
3.455002,2.038416,,,,,,,,,,12.250000,5.868719,"Pageable","Device","Tesla V100-DGXS-16GB (0)","1","7","[CUDA memcpy HtoD]"
3.457055,0.001280,,,,,,,,,,0.000488,0.372529,"Pageable","Device","Tesla V100-DGXS-16GB (0)","1","7","[CUDA memcpy HtoD]"
3.457090,8.584894,98,1,1,256,1,1,160,32.000000,0,,,,,"Tesla V100-DGXS-16GB (0)","1","23","trt_volta_scudnn_128x128_relu_xregs_large_nn_v1 [1070]"
3.466397,0.001120,,,,,,,,,,12.322876,10744.695153,"Device",,"Tesla V100-DGXS-16GB (0)","1","7","[CUDA memset]"
3.474254,0.002592,50,1,1,256,1,1,18,0.000000,0,,,,,"Tesla V100-DGXS-16GB (0)","1","23","cask::computeOffsetsKernel(cask::ComputeOffsetsParams) [1077]"
3.474381,2.038896,,,,,,,,,,12.250000,5.867337,"Pageable","Device","Tesla V100-DGXS-16GB (0)","1","7","[CUDA memcpy HtoD]"
3.476436,0.001280,,,,,,,,,,0.000488,0.372529,"Pageable","Device","Tesla V100-DGXS-16GB (0)","1","7","[CUDA memcpy HtoD]"
3.477154,2.041872,,,,,,,,,,12.250000,5.858786,"Pageable","Device","Tesla V100-DGXS-16GB (0)","1","7","[CUDA memcpy HtoD]"
3.479213,0.001280,,,,,,,,,,0.000488,0.372529,"Pageable","Device","Tesla V100-DGXS-16GB (0)","1","7","[CUDA memcpy HtoD]"
3.479769,6.566894,98,2,1,128,1,1,128,16.000000,0,,,,,"Tesla V100-DGXS-16GB (0)","1","23","trt_volta_scudnn_128x64_relu_medium_nn_v1 [1088]"
3.487072,0.001152,,,,,,,,,,12.322876,10446.231398,"Device",,"Tesla V100-DGXS-16GB (0)","1","7","[CUDA memset]"
3.494925,0.002720,50,1,1,256,1,1,18,0.000000,0,,,,,"Tesla V100-DGXS-16GB (0)","1","23","cask::computeOffsetsKernel(cask::ComputeOffsetsParams) [1095]"
3.495050,2.037648,,,,,,,,,,12.250000,5.870931,"Pageable","Device","Tesla V100-DGXS-16GB (0)","1","7","[CUDA memcpy HtoD]"
3.497105,0.001280,,,,,,,,,,0.000488,0.372529,"Pageable","Device","Tesla V100-DGXS-16GB (0)","1","7","[CUDA memcpy HtoD]"
3.499131,2.035728,,,,,,,,,,12.250000,5.876468,"Pageable","Device","Tesla V100-DGXS-16GB (0)","1","7","[CUDA memcpy HtoD]"
3.501182,0.001280,,,,,,,,,,0.000488,0.372529,"Pageable","Device","Tesla V100-DGXS-16GB (0)","1","7","[CUDA memcpy HtoD]"
3.501746,6.435439,98,2,1,128,1,1,160,16.000000,0,,,,,"Tesla V100-DGXS-16GB (0)","1","23","trt_volta_scudnn_128x64_relu_xregs_large_nn_v1 [1106]"
3.510691,0.001152,,,,,,,,,,12.322876,10446.231398,"Device",,"Tesla V100-DGXS-16GB (0)","1","7","[CUDA memset]"
3.518553,0.002784,50,1,1,256,1,1,18,0.000000,0,,,,,"Tesla V100-DGXS-16GB (0)","1","23","cask::computeOffsetsKernel(cask::ComputeOffsetsParams) [1113]"
3.518683,2.040465,,,,,,,,,,12.250000,5.862826,"Pageable","Device","Tesla V100-DGXS-16GB (0)","1","7","[CUDA memcpy HtoD]"
3.520740,0.001280,,,,,,,,,,0.000488,0.372529,"Pageable","Device","Tesla V100-DGXS-16GB (0)","1","7","[CUDA memcpy HtoD]"
3.521466,2.043697,,,,,,,,,,12.250000,5.853554,"Pageable","Device","Tesla V100-DGXS-16GB (0)","1","7","[CUDA memcpy HtoD]"
3.523526,0.001279,,,,,,,,,,0.000488,0.372820,"Pageable","Device","Tesla V100-DGXS-16GB (0)","1","7","[CUDA memcpy HtoD]"
3.524077,8.466272,98,1,1,256,1,1,128,32.000000,0,,,,,"Tesla V100-DGXS-16GB (0)","1","23","trt_volta_scudnn_128x128_relu_medium_nn_v1 [1124]"
3.533320,2.030992,,,,,,,,,,12.250000,5.890171,"Pageable","Device","Tesla V100-DGXS-16GB (0)","1","7","[CUDA memcpy HtoD]"
3.535366,0.001280,,,,,,,,,,0.000488,0.372529,"Pageable","Device","Tesla V100-DGXS-16GB (0)","1","7","[CUDA memcpy HtoD]"
3.536278,2.030417,,,,,,,,,,12.250000,5.891839,"Pageable","Device","Tesla V100-DGXS-16GB (0)","1","7","[CUDA memcpy HtoD]"
3.538325,0.001280,,,,,,,,,,0.000488,0.372529,"Pageable","Device","Tesla V100-DGXS-16GB (0)","1","7","[CUDA memcpy HtoD]"
3.538403,7.500711,196,1,1,8,32,1,71,6.250000,0,,,,,"Tesla V100-DGXS-16GB (0)","1","23","void cudnn::detail::implicit_convolve_sgemm<float, float, int=128, int=6, int=7, int=3, int=3, int=5, int=1, bool=1, bool=0, bool=1>(int, int, int, float const *, int, float*, cudnn::detail::implicit_convolve_sgemm<float, float, int=128, int=6, int=7, int=3, int=3, int=5, int=1, bool=1, bool=0, bool=1>*, kernel_conv_params, int, float, float, int, float, float, int, int) [1162]"
3.545906,0.013983,1,128,9,128,1,1,29,0.000000,0,,,,,"Tesla V100-DGXS-16GB (0)","1","23","void add_tensor_kernel_v3<int=2, float, float, int=128, int=1, int=1, int=4, int=2>(cudnnTensorStruct, float*, cudnnTensorStruct, float const *, float, float) [1172]"
3.545921,0.011648,512,1,1,128,1,1,21,0.000000,0,,,,,"Tesla V100-DGXS-16GB (0)","1","23","void cudnn::detail::activation_fw_4d_kernel<float, float, int=128, int=1, int=4, cudnn::detail::relu_func<float, cudnnNanPropagation_t=1, bool=0>>(cudnnTensorStruct, float const *, cudnn::detail::activation_fw_4d_kernel<float, float, int=128, int=1, int=4, cudnn::detail::relu_func<float, cudnnNanPropagation_t=1, bool=0>>, cudnnTensorStruct*, float, cudnnTensorStruct*, int, cudnnTensorStruct*) [1183]"
3.546890,2.043664,,,,,,,,,,12.250000,5.853648,"Pageable","Device","Tesla V100-DGXS-16GB (0)","1","7","[CUDA memcpy HtoD]"
3.548951,0.001280,,,,,,,,,,0.000488,0.372529,"Pageable","Device","Tesla V100-DGXS-16GB (0)","1","7","[CUDA memcpy HtoD]"
3.551322,2.038129,,,,,,,,,,12.250000,5.869545,"Pageable","Device","Tesla V100-DGXS-16GB (0)","1","7","[CUDA memcpy HtoD]"
3.553374,0.001280,,,,,,,,,,0.000488,0.372529,"Pageable","Device","Tesla V100-DGXS-16GB (0)","1","7","[CUDA memcpy HtoD]"
3.553416,0.002272,99,1,1,128,1,1,16,0.000000,0,,,,,"Tesla V100-DGXS-16GB (0)","1","23","cudnn::gemm::computeOffsetsKernel(cudnn::gemm::ComputeOffsetsParams) [1203]"
3.553448,6.565934,98,2,1,128,1,1,128,16.000000,0,,,,,"Tesla V100-DGXS-16GB (0)","1","23","volta_scudnn_128x64_relu_medium_nn_v1 [1208]"
3.560015,0.013376,1,128,9,128,1,1,29,0.000000,0,,,,,"Tesla V100-DGXS-16GB (0)","1","23","void add_tensor_kernel_v3<int=2, float, float, int=128, int=1, int=1, int=4, int=2>(cudnnTensorStruct, float*, cudnnTensorStruct, float const *, float, float) [1217]"
3.560030,0.012672,512,1,1,128,1,1,21,0.000000,0,,,,,"Tesla V100-DGXS-16GB (0)","1","23","void cudnn::detail::activation_fw_4d_kernel<float, float, int=128, int=1, int=4, cudnn::detail::relu_func<float, cudnnNanPropagation_t=1, bool=0>>(cudnnTensorStruct, float const *, cudnn::detail::activation_fw_4d_kernel<float, float, int=128, int=1, int=4, cudnn::detail::relu_func<float, cudnnNanPropagation_t=1, bool=0>>, cudnnTensorStruct*, float, cudnnTensorStruct*, int, cudnnTensorStruct*) [1228]"
3.561005,2.032049,,,,,,,,,,12.250000,5.887107,"Pageable","Device","Tesla V100-DGXS-16GB (0)","1","7","[CUDA memcpy HtoD]"
3.563053,0.001280,,,,,,,,,,0.000488,0.372529,"Pageable","Device","Tesla V100-DGXS-16GB (0)","1","7","[CUDA memcpy HtoD]"
3.565495,0.001472,,,,,,,,,,6.125000,4063.481870,"Device",,"Tesla V100-DGXS-16GB (0)","1","7","[CUDA memset]"
3.566549,0.001152,,,,,,,,,,12.250000,10384.453668,"Device",,"Tesla V100-DGXS-16GB (0)","1","7","[CUDA memset]"
3.566573,0.001152,,,,,,,,,,1.000000,847.710503,"Device",,"Tesla V100-DGXS-16GB (0)","1","7","[CUDA memset]"
3.567496,0.001152,,,,,,,,,,2.287964,1939.531002,"Device",,"Tesla V100-DGXS-16GB (0)","1","7","[CUDA memset]"
3.569286,0.002816,25,1,1,256,1,1,18,0.000000,0,,,,,"Tesla V100-DGXS-16GB (0)","1","23","cask::computeOffsetsKernel(cask::ComputeOffsetsParams) [1267]"
3.569406,0.376285,,,,,,,,,,2.250000,5.839365,"Pageable","Device","Tesla V100-DGXS-16GB (0)","1","7","[CUDA memcpy HtoD]"
3.569800,0.001408,,,,,,,,,,0.001953,1.354651,"Pageable","Device","Tesla V100-DGXS-16GB (0)","1","7","[CUDA memcpy HtoD]"
3.570782,0.375549,,,,,,,,,,2.250000,5.850809,"Pageable","Device","Tesla V100-DGXS-16GB (0)","1","7","[CUDA memcpy HtoD]"
3.571542,0.001536,,,,,,,,,,0.001953,1.241763,"Pageable","Device","Tesla V100-DGXS-16GB (0)","1","7","[CUDA memcpy HtoD]"
3.571576,0.615900,49,4,1,256,1,1,160,32.000000,0,,,,,"Tesla V100-DGXS-16GB (0)","1","23","trt_volta_scudnn_128x128_relu_xregs_large_nn_v1 [1275]"
3.572823,0.001152,,,,,,,,,,2.287964,1939.531002,"Device",,"Tesla V100-DGXS-16GB (0)","1","7","[CUDA memset]"
3.574588,0.002592,25,1,1,256,1,1,18,0.000000,0,,,,,"Tesla V100-DGXS-16GB (0)","1","23","cask::computeOffsetsKernel(cask::ComputeOffsetsParams) [1282]"
3.574707,0.378109,,,,,,,,,,2.250000,5.811196,"Pageable","Device","Tesla V100-DGXS-16GB (0)","1","7","[CUDA memcpy HtoD]"
3.575102,0.001440,,,,,,,,,,0.001953,1.324548,"Pageable","Device","Tesla V100-DGXS-16GB (0)","1","7","[CUDA memcpy HtoD]"
3.575755,0.375421,,,,,,,,,,2.250000,5.852804,"Pageable","Device","Tesla V100-DGXS-16GB (0)","1","7","[CUDA memcpy HtoD]"
3.576147,0.001440,,,,,,,,,,0.001953,1.324548,"Pageable","Device","Tesla V100-DGXS-16GB (0)","1","7","[CUDA memcpy HtoD]"
3.576674,0.644731,49,16,1,64,1,1,128,5.250000,0,,,,,"Tesla V100-DGXS-16GB (0)","1","23","trt_volta_scudnn_128x32_relu_small_nn_v1 [1293]"
3.579341,0.001152,,,,,,,,,,2.287964,1939.531002,"Device",,"Tesla V100-DGXS-16GB (0)","1","7","[CUDA memset]"
3.581114,0.002432,25,1,1,256,1,1,18,0.000000,0,,,,,"Tesla V100-DGXS-16GB (0)","1","23","cask::computeOffsetsKernel(cask::ComputeOffsetsParams) [1300]"
3.581233,0.374973,,,,,,,,,,2.250000,5.859797,"Pageable","Device","Tesla V100-DGXS-16GB (0)","1","7","[CUDA memcpy HtoD]"
3.581622,0.001440,,,,,,,,,,0.001953,1.324548,"Pageable","Device","Tesla V100-DGXS-16GB (0)","1","7","[CUDA memcpy HtoD]"
3.582272,0.375357,,,,,,,,,,2.250000,5.853802,"Pageable","Device","Tesla V100-DGXS-16GB (0)","1","7","[CUDA memcpy HtoD]"
3.582662,0.001600,,,,,,,,,,0.001953,1.192093,"Pageable","Device","Tesla V100-DGXS-16GB (0)","1","7","[CUDA memcpy HtoD]"
3.583895,0.544668,49,8,1,128,1,1,128,16.000000,0,,,,,"Tesla V100-DGXS-16GB (0)","1","23","trt_volta_scudnn_128x64_relu_medium_nn_v1 [1311]"
3.585084,0.001152,,,,,,,,,,2.287964,1939.531002,"Device",,"Tesla V100-DGXS-16GB (0)","1","7","[CUDA memset]"
3.586848,0.002496,25,1,1,256,1,1,18,0.000000,0,,,,,"Tesla V100-DGXS-16GB (0)","1","23","cask::computeOffsetsKernel(cask::ComputeOffsetsParams) [1318]"
3.586967,0.376029,,,,,,,,,,2.250000,5.843341,"Pageable","Device","Tesla V100-DGXS-16GB (0)","1","7","[CUDA memcpy HtoD]"
3.587360,0.001440,,,,,,,,,,0.001953,1.324548,"Pageable","Device","Tesla V100-DGXS-16GB (0)","1","7","[CUDA memcpy HtoD]"
3.588017,0.375517,,,,,,,,,,2.250000,5.851308,"Pageable","Device","Tesla V100-DGXS-16GB (0)","1","7","[CUDA memcpy HtoD]"
3.588408,0.001440,,,,,,,,,,0.001953,1.324548,"Pageable","Device","Tesla V100-DGXS-16GB (0)","1","7","[CUDA memcpy HtoD]"
3.588927,0.517820,49,8,1,128,1,1,160,16.000000,0,,,,,"Tesla V100-DGXS-16GB (0)","1","23","trt_volta_scudnn_128x64_relu_xregs_large_nn_v1 [1329]"
3.590066,0.001152,,,,,,,,,,2.287964,1939.531002,"Device",,"Tesla V100-DGXS-16GB (0)","1","7","[CUDA memset]"
3.591824,0.002432,25,1,1,256,1,1,18,0.000000,0,,,,,"Tesla V100-DGXS-16GB (0)","1","23","cask::computeOffsetsKernel(cask::ComputeOffsetsParams) [1336]"
3.591943,0.376829,,,,,,,,,,2.250000,5.830936,"Pageable","Device","Tesla V100-DGXS-16GB (0)","1","7","[CUDA memcpy HtoD]"
3.592337,0.001408,,,,,,,,,,0.001953,1.354651,"Pageable","Device","Tesla V100-DGXS-16GB (0)","1","7","[CUDA memcpy HtoD]"
3.592997,0.376381,,,,,,,,,,2.250000,5.837876,"Pageable","Device","Tesla V100-DGXS-16GB (0)","1","7","[CUDA memcpy HtoD]"
3.593396,0.001408,,,,,,,,,,0.001953,1.354651,"Pageable","Device","Tesla V100-DGXS-16GB (0)","1","7","[CUDA memcpy HtoD]"
3.593909,0.600187,49,4,1,256,1,1,128,32.000000,0,,,,,"Tesla V100-DGXS-16GB (0)","1","23","trt_volta_scudnn_128x128_relu_medium_nn_v1 [1347]"
3.595134,0.001152,,,,,,,,,,2.287964,1939.531002,"Device",,"Tesla V100-DGXS-16GB (0)","1","7","[CUDA memset]"
3.596902,0.002464,25,1,1,256,1,1,18,0.000000,0,,,,,"Tesla V100-DGXS-16GB (0)","1","23","cask::computeOffsetsKernel(cask::ComputeOffsetsParams) [1354]"
3.597020,0.376061,,,,,,,,,,2.250000,5.842844,"Pageable","Device","Tesla V100-DGXS-16GB (0)","1","7","[CUDA memcpy HtoD]"
3.597413,0.001440,,,,,,,,,,0.001953,1.324548,"Pageable","Device","Tesla V100-DGXS-16GB (0)","1","7","[CUDA memcpy HtoD]"
3.599299,0.375485,,,,,,,,,,2.250000,5.851807,"Pageable","Device","Tesla V100-DGXS-16GB (0)","1","7","[CUDA memcpy HtoD]"
3.599689,0.001440,,,,,,,,,,0.001953,1.324548,"Pageable","Device","Tesla V100-DGXS-16GB (0)","1","7","[CUDA memcpy HtoD]"
3.600207,0.598171,49,4,1,256,1,1,128,32.000000,0,,,,,"Tesla V100-DGXS-16GB (0)","1","23","trt_volta_scudnn_128x128_relu_small_nn_v1 [1365]"
3.601438,0.001152,,,,,,,,,,2.287964,1939.531002,"Device",,"Tesla V100-DGXS-16GB (0)","1","7","[CUDA memset]"
3.603195,0.002432,25,1,1,256,1,1,18,0.000000,0,,,,,"Tesla V100-DGXS-16GB (0)","1","23","cask::computeOffsetsKernel(cask::ComputeOffsetsParams) [1372]"
3.603317,0.375837,,,,,,,,,,2.250000,5.846326,"Pageable","Device","Tesla V100-DGXS-16GB (0)","1","7","[CUDA memcpy HtoD]"
3.603706,0.001440,,,,,,,,,,0.001953,1.324548,"Pageable","Device","Tesla V100-DGXS-16GB (0)","1","7","[CUDA memcpy HtoD]"
3.604357,0.376029,,,,,,,,,,2.250000,5.843341,"Pageable","Device","Tesla V100-DGXS-16GB (0)","1","7","[CUDA memcpy HtoD]"
3.604747,0.001408,,,,,,,,,,0.001953,1.354651,"Pageable","Device","Tesla V100-DGXS-16GB (0)","1","7","[CUDA memcpy HtoD]"
3.605269,0.614651,49,8,1,128,1,1,128,16.000000,0,,,,,"Tesla V100-DGXS-16GB (0)","1","23","trt_volta_scudnn_128x64_relu_small_nn_v1 [1383]"
3.606586,0.376189,,,,,,,,,,2.250000,5.840856,"Pageable","Device","Tesla V100-DGXS-16GB (0)","1","7","[CUDA memcpy HtoD]"
3.606979,0.001408,,,,,,,,,,0.001953,1.354651,"Pageable","Device","Tesla V100-DGXS-16GB (0)","1","7","[CUDA memcpy HtoD]"
3.607880,0.375741,,,,,,,,,,2.250000,5.847820,"Pageable","Device","Tesla V100-DGXS-16GB (0)","1","7","[CUDA memcpy HtoD]"
3.608272,0.001440,,,,,,,,,,0.001953,1.324548,"Pageable","Device","Tesla V100-DGXS-16GB (0)","1","7","[CUDA memcpy HtoD]"
3.608347,0.622395,98,4,1,8,32,1,71,6.250000,0,,,,,"Tesla V100-DGXS-16GB (0)","1","23","void cudnn::detail::implicit_convolve_sgemm<float, float, int=128, int=6, int=7, int=3, int=3, int=5, int=1, bool=1, bool=0, bool=1>(int, int, int, float const *, int, float*, cudnn::detail::implicit_convolve_sgemm<float, float, int=128, int=6, int=7, int=3, int=3, int=5, int=1, bool=1, bool=0, bool=1>*, kernel_conv_params, int, float, float, int, float, float, int, int) [1421]"
3.608971,0.036768,1,512,3,128,1,1,29,0.000000,0,,,,,"Tesla V100-DGXS-16GB (0)","1","23","void add_tensor_kernel_v3<int=2, float, float, int=128, int=1, int=1, int=4, int=2>(cudnnTensorStruct, float*, cudnnTensorStruct, float const *, float, float) [1431]"
3.609010,0.035519,1024,1,1,128,1,1,21,0.000000,0,,,,,"Tesla V100-DGXS-16GB (0)","1","23","void cudnn::detail::activation_fw_4d_kernel<float, float, int=128, int=1, int=4, cudnn::detail::relu_func<float, cudnnNanPropagation_t=1, bool=0>>(cudnnTensorStruct, float const *, cudnn::detail::activation_fw_4d_kernel<float, float, int=128, int=1, int=4, cudnn::detail::relu_func<float, cudnnNanPropagation_t=1, bool=0>>, cudnnTensorStruct*, float, cudnnTensorStruct*, int, cudnnTensorStruct*) [1442]"
3.609968,0.376637,,,,,,,,,,2.250000,5.833908,"Pageable","Device","Tesla V100-DGXS-16GB (0)","1","7","[CUDA memcpy HtoD]"
3.610362,0.001408,,,,,,,,,,0.001953,1.354651,"Pageable","Device","Tesla V100-DGXS-16GB (0)","1","7","[CUDA memcpy HtoD]"
3.611255,0.376542,,,,,,,,,,2.250000,5.835380,"Pageable","Device","Tesla V100-DGXS-16GB (0)","1","7","[CUDA memcpy HtoD]"
3.611648,0.001440,,,,,,,,,,0.001953,1.324548,"Pageable","Device","Tesla V100-DGXS-16GB (0)","1","7","[CUDA memcpy HtoD]"
3.611690,0.002016,50,1,1,128,1,1,16,0.000000,0,,,,,"Tesla V100-DGXS-16GB (0)","1","23","cudnn::gemm::computeOffsetsKernel(cudnn::gemm::ComputeOffsetsParams) [1462]"
3.611712,0.610427,49,8,1,128,1,1,128,16.000000,0,,,,,"Tesla V100-DGXS-16GB (0)","1","23","volta_scudnn_128x64_relu_small_nn_v1 [1467]"
3.612323,0.033568,1,512,3,128,1,1,29,0.000000,0,,,,,"Tesla V100-DGXS-16GB (0)","1","23","void add_tensor_kernel_v3<int=2, float, float, int=128, int=1, int=1, int=4, int=2>(cudnnTensorStruct, float*, cudnnTensorStruct, float const *, float, float) [1476]"
3.612358,0.035232,1024,1,1,128,1,1,21,0.000000,0,,,,,"Tesla V100-DGXS-16GB (0)","1","23","void cudnn::detail::activation_fw_4d_kernel<float, float, int=128, int=1, int=4, cudnn::detail::relu_func<float, cudnnNanPropagation_t=1, bool=0>>(cudnnTensorStruct, float const *, cudnn::detail::activation_fw_4d_kernel<float, float, int=128, int=1, int=4, cudnn::detail::relu_func<float, cudnnNanPropagation_t=1, bool=0>>, cudnnTensorStruct*, float, cudnnTensorStruct*, int, cudnnTensorStruct*) [1487]"
3.613328,0.375357,,,,,,,,,,2.250000,5.853802,"Pageable","Device","Tesla V100-DGXS-16GB (0)","1","7","[CUDA memcpy HtoD]"
3.613718,0.001408,,,,,,,,,,0.001953,1.354651,"Pageable","Device","Tesla V100-DGXS-16GB (0)","1","7","[CUDA memcpy HtoD]"
3.615698,0.001472,,,,,,,,,,12.250000,8126.963740,"Device",,"Tesla V100-DGXS-16GB (0)","1","7","[CUDA memset]"
3.616242,0.001152,,,,,,,,,,3.062500,2596.113417,"Device",,"Tesla V100-DGXS-16GB (0)","1","7","[CUDA memset]"
3.616264,0.001152,,,,,,,,,,1.000000,847.710503,"Device",,"Tesla V100-DGXS-16GB (0)","1","7","[CUDA memset]"
3.648570,4.127969,,,,,,,,,,25.000000,5.914304,"Pageable","Device","Tesla V100-DGXS-16GB (0)","1","7","[CUDA memcpy HtoD]"
3.653150,0.001664,,,,,,,,,,0.001953,1.146243,"Pageable","Device","Tesla V100-DGXS-16GB (0)","1","7","[CUDA memcpy HtoD]"
3.653209,1.783314,16,7,14,32,1,1,84,0.500000,0,,,,,"Tesla V100-DGXS-16GB (0)","1","23","void fused::fusedConvolutionReluKernel<fused::SrcChwcPtr_FltTex_Reader<float, int=1, int=1, int=1>, fused::KpqkPtrWriter<float, int=1, int=1>, float, float, int=4, int=4, int=1, int=5, int=5, int=2, int=2>(fused::ConvolutionParams<floatSrcType, int=1, int=1Type>, float) [1530]"
3.656398,0.001152,,,,,,,,,,25.010986,21202.075813,"Device",,"Tesla V100-DGXS-16GB (0)","1","7","[CUDA memset]"
3.674803,0.002752,7,1,1,256,1,1,18,0.000000,0,,,,,"Tesla V100-DGXS-16GB (0)","1","23","cask::computeOffsetsKernel(cask::ComputeOffsetsParams) [1544]"
3.674965,4.142592,,,,,,,,,,25.000000,5.893427,"Pageable","Device","Tesla V100-DGXS-16GB (0)","1","7","[CUDA memcpy HtoD]"
3.679123,0.001440,,,,,,,,,,0.001953,1.324548,"Pageable","Device","Tesla V100-DGXS-16GB (0)","1","7","[CUDA memcpy HtoD]"
3.679995,4.136705,,,,,,,,,,25.000000,5.901814,"Pageable","Device","Tesla V100-DGXS-16GB (0)","1","7","[CUDA memcpy HtoD]"
3.684592,0.001664,,,,,,,,,,0.001953,1.146243,"Pageable","Device","Tesla V100-DGXS-16GB (0)","1","7","[CUDA memcpy HtoD]"
3.684638,2.261231,13,4,1,256,1,1,160,32.000000,0,,,,,"Tesla V100-DGXS-16GB (0)","1","23","trt_volta_scudnn_128x128_relu_xregs_large_nn_v1 [1552]"
3.687565,0.001120,,,,,,,,,,25.010986,21807.849407,"Device",,"Tesla V100-DGXS-16GB (0)","1","7","[CUDA memset]"
3.705989,0.002816,7,1,1,256,1,1,18,0.000000,0,,,,,"Tesla V100-DGXS-16GB (0)","1","23","cask::computeOffsetsKernel(cask::ComputeOffsetsParams) [1559]"
3.706151,4.139392,,,,,,,,,,25.000000,5.897983,"Pageable","Device","Tesla V100-DGXS-16GB (0)","1","7","[CUDA memcpy HtoD]"
3.710306,0.001440,,,,,,,,,,0.001953,1.324548,"Pageable","Device","Tesla V100-DGXS-16GB (0)","1","7","[CUDA memcpy HtoD]"
3.711155,4.137089,,,,,,,,,,25.000000,5.901266,"Pageable","Device","Tesla V100-DGXS-16GB (0)","1","7","[CUDA memcpy HtoD]"
3.715308,0.001440,,,,,,,,,,0.001953,1.324548,"Pageable","Device","Tesla V100-DGXS-16GB (0)","1","7","[CUDA memcpy HtoD]"
3.715926,2.600076,13,16,1,64,1,1,128,5.250000,0,,,,,"Tesla V100-DGXS-16GB (0)","1","23","trt_volta_scudnn_128x32_relu_small_nn_v1 [1570]"
3.719324,0.001152,,,,,,,,,,25.010986,21202.075813,"Device",,"Tesla V100-DGXS-16GB (0)","1","7","[CUDA memset]"
3.737486,0.002400,7,1,1,256,1,1,18,0.000000,0,,,,,"Tesla V100-DGXS-16GB (0)","1","23","cask::computeOffsetsKernel(cask::ComputeOffsetsParams) [1577]"
3.737644,4.136224,,,,,,,,,,25.000000,5.902500,"Pageable","Device","Tesla V100-DGXS-16GB (0)","1","7","[CUDA memcpy HtoD]"
3.741799,0.001408,,,,,,,,,,0.001953,1.354651,"Pageable","Device","Tesla V100-DGXS-16GB (0)","1","7","[CUDA memcpy HtoD]"
3.742648,4.140416,,,,,,,,,,25.000000,5.896524,"Pageable","Device","Tesla V100-DGXS-16GB (0)","1","7","[CUDA memcpy HtoD]"
3.746803,0.001792,,,,,,,,,,0.001953,1.064369,"Pageable","Device","Tesla V100-DGXS-16GB (0)","1","7","[CUDA memcpy HtoD]"
3.747408,2.304783,13,8,1,128,1,1,128,16.000000,0,,,,,"Tesla V100-DGXS-16GB (0)","1","23","trt_volta_scudnn_128x64_relu_medium_nn_v1 [1588]"
3.750501,0.001152,,,,,,,,,,25.010986,21202.075813,"Device",,"Tesla V100-DGXS-16GB (0)","1","7","[CUDA memset]"
3.767491,0.002592,7,1,1,256,1,1,18,0.000000,0,,,,,"Tesla V100-DGXS-16GB (0)","1","23","cask::computeOffsetsKernel(cask::ComputeOffsetsParams) [1595]"
3.767647,4.111488,,,,,,,,,,25.000000,5.938011,"Pageable","Device","Tesla V100-DGXS-16GB (0)","1","7","[CUDA memcpy HtoD]"
3.771774,0.001440,,,,,,,,,,0.001953,1.324548,"Pageable","Device","Tesla V100-DGXS-16GB (0)","1","7","[CUDA memcpy HtoD]"
3.772623,4.096545,,,,,,,,,,25.000000,5.959672,"Pageable","Device","Tesla V100-DGXS-16GB (0)","1","7","[CUDA memcpy HtoD]"
3.776737,0.001440,,,,,,,,,,0.001953,1.324548,"Pageable","Device","Tesla V100-DGXS-16GB (0)","1","7","[CUDA memcpy HtoD]"
3.777354,2.289038,13,8,1,128,1,1,160,16.000000,0,,,,,"Tesla V100-DGXS-16GB (0)","1","23","trt_volta_scudnn_128x64_relu_xregs_large_nn_v1 [1606]"
3.780395,0.001152,,,,,,,,,,25.010986,21202.075813,"Device",,"Tesla V100-DGXS-16GB (0)","1","7","[CUDA memset]"
3.795775,0.002592,7,1,1,256,1,1,18,0.000000,0,,,,,"Tesla V100-DGXS-16GB (0)","1","23","cask::computeOffsetsKernel(cask::ComputeOffsetsParams) [1613]"
3.795935,4.106720,,,,,,,,,,25.000000,5.944906,"Pageable","Device","Tesla V100-DGXS-16GB (0)","1","7","[CUDA memcpy HtoD]"
3.800058,0.001408,,,,,,,,,,0.001953,1.354651,"Pageable","Device","Tesla V100-DGXS-16GB (0)","1","7","[CUDA memcpy HtoD]"
3.800887,4.108769,,,,,,,,,,25.000000,5.941941,"Pageable","Device","Tesla V100-DGXS-16GB (0)","1","7","[CUDA memcpy HtoD]"
3.805012,0.001440,,,,,,,,,,0.001953,1.324548,"Pageable","Device","Tesla V100-DGXS-16GB (0)","1","7","[CUDA memcpy HtoD]"
3.805596,2.215279,13,4,1,256,1,1,128,32.000000,0,,,,,"Tesla V100-DGXS-16GB (0)","1","23","trt_volta_scudnn_128x128_relu_medium_nn_v1 [1624]"
3.808534,0.001184,,,,,,,,,,25.010986,20629.046737,"Device",,"Tesla V100-DGXS-16GB (0)","1","7","[CUDA memset]"
3.823593,0.002944,7,1,1,256,1,1,18,0.000000,0,,,,,"Tesla V100-DGXS-16GB (0)","1","23","cask::computeOffsetsKernel(cask::ComputeOffsetsParams) [1631]"
3.823749,4.118689,,,,,,,,,,25.000000,5.927630,"Pageable","Device","Tesla V100-DGXS-16GB (0)","1","7","[CUDA memcpy HtoD]"
3.827883,0.001760,,,,,,,,,,0.001953,1.083721,"Pageable","Device","Tesla V100-DGXS-16GB (0)","1","7","[CUDA memcpy HtoD]"
3.828675,4.102976,,,,,,,,,,25.000000,5.950330,"Pageable","Device","Tesla V100-DGXS-16GB (0)","1","7","[CUDA memcpy HtoD]"
3.832793,0.001408,,,,,,,,,,0.001953,1.354651,"Pageable","Device","Tesla V100-DGXS-16GB (0)","1","7","[CUDA memcpy HtoD]"
3.833389,2.166287,13,4,1,256,1,1,128,32.000000,0,,,,,"Tesla V100-DGXS-16GB (0)","1","23","trt_volta_scudnn_128x128_relu_small_nn_v1 [1642]"
3.836296,0.001152,,,,,,,,,,25.010986,21202.075813,"Device",,"Tesla V100-DGXS-16GB (0)","1","7","[CUDA memset]"
3.851435,0.002432,7,1,1,256,1,1,18,0.000000,0,,,,,"Tesla V100-DGXS-16GB (0)","1","23","cask::computeOffsetsKernel(cask::ComputeOffsetsParams) [1649]"
3.851597,4.110336,,,,,,,,,,25.000000,5.939676,"Pageable","Device","Tesla V100-DGXS-16GB (0)","1","7","[CUDA memcpy HtoD]"
3.855725,0.001440,,,,,,,,,,0.001953,1.324548,"Pageable","Device","Tesla V100-DGXS-16GB (0)","1","7","[CUDA memcpy HtoD]"
3.856543,4.123616,,,,,,,,,,25.000000,5.920547,"Pageable","Device","Tesla V100-DGXS-16GB (0)","1","7","[CUDA memcpy HtoD]"
3.860684,0.001408,,,,,,,,,,0.001953,1.354651,"Pageable","Device","Tesla V100-DGXS-16GB (0)","1","7","[CUDA memcpy HtoD]"
3.861965,2.232303,13,8,1,128,1,1,128,16.000000,0,,,,,"Tesla V100-DGXS-16GB (0)","1","23","trt_volta_scudnn_128x64_relu_small_nn_v1 [1660]"
3.865024,4.120673,,,,,,,,,,25.000000,5.924776,"Pageable","Device","Tesla V100-DGXS-16GB (0)","1","7","[CUDA memcpy HtoD]"
3.869162,0.001440,,,,,,,,,,0.001953,1.324548,"Pageable","Device","Tesla V100-DGXS-16GB (0)","1","7","[CUDA memcpy HtoD]"
3.870293,4.128160,,,,,,,,,,25.000000,5.914030,"Pageable","Device","Tesla V100-DGXS-16GB (0)","1","7","[CUDA memcpy HtoD]"
3.874437,0.001440,,,,,,,,,,0.001953,1.324548,"Pageable","Device","Tesla V100-DGXS-16GB (0)","1","7","[CUDA memcpy HtoD]"
3.874522,2.835339,49,16,1,8,8,1,64,2.250000,0,,,,,"Tesla V100-DGXS-16GB (0)","1","23","void cudnn::detail::implicit_convolve_sgemm<float, float, int=128, int=5, int=5, int=3, int=3, int=3, int=1, bool=1, bool=0, bool=1>(int, int, int, float const *, int, float*, cudnn::detail::implicit_convolve_sgemm<float, float, int=128, int=5, int=5, int=3, int=3, int=3, int=1, bool=1, bool=0, bool=1>*, kernel_conv_params, int, float, float, int, float, float, int, int) [1698]"
3.877359,0.007232,1,512,2,128,1,1,29,0.000000,0,,,,,"Tesla V100-DGXS-16GB (0)","1","23","void add_tensor_kernel_v3<int=2, float, float, int=128, int=1, int=1, int=4, int=2>(cudnnTensorStruct, float*, cudnnTensorStruct, float const *, float, float) [1708]"
3.877367,0.005664,256,1,1,128,1,1,21,0.000000,0,,,,,"Tesla V100-DGXS-16GB (0)","1","23","void cudnn::detail::activation_fw_4d_kernel<float, float, int=128, int=1, int=4, cudnn::detail::relu_func<float, cudnnNanPropagation_t=1, bool=0>>(cudnnTensorStruct, float const *, cudnn::detail::activation_fw_4d_kernel<float, float, int=128, int=1, int=4, cudnn::detail::relu_func<float, cudnnNanPropagation_t=1, bool=0>>, cudnnTensorStruct*, float, cudnnTensorStruct*, int, cudnnTensorStruct*) [1719]"
3.879485,4.152448,,,,,,,,,,25.000000,5.879438,"Pageable","Device","Tesla V100-DGXS-16GB (0)","1","7","[CUDA memcpy HtoD]"
3.883652,0.001408,,,,,,,,,,0.001953,1.354651,"Pageable","Device","Tesla V100-DGXS-16GB (0)","1","7","[CUDA memcpy HtoD]"
3.885182,4.152128,,,,,,,,,,25.000000,5.879892,"Pageable","Device","Tesla V100-DGXS-16GB (0)","1","7","[CUDA memcpy HtoD]"
3.889348,0.001408,,,,,,,,,,0.001953,1.354651,"Pageable","Device","Tesla V100-DGXS-16GB (0)","1","7","[CUDA memcpy HtoD]"
3.889388,0.002144,13,1,1,128,1,1,16,0.000000,0,,,,,"Tesla V100-DGXS-16GB (0)","1","23","cudnn::gemm::computeOffsetsKernel(cudnn::gemm::ComputeOffsetsParams) [1739]"
3.889411,2.228559,13,8,1,128,1,1,128,16.000000,0,,,,,"Tesla V100-DGXS-16GB (0)","1","23","volta_scudnn_128x64_relu_small_nn_v1 [1744]"
3.891641,0.007072,1,512,2,128,1,1,29,0.000000,0,,,,,"Tesla V100-DGXS-16GB (0)","1","23","void add_tensor_kernel_v3<int=2, float, float, int=128, int=1, int=1, int=4, int=2>(cudnnTensorStruct, float*, cudnnTensorStruct, float const *, float, float) [1753]"
3.891649,0.005664,256,1,1,128,1,1,21,0.000000,0,,,,,"Tesla V100-DGXS-16GB (0)","1","23","void cudnn::detail::activation_fw_4d_kernel<float, float, int=128, int=1, int=4, cudnn::detail::relu_func<float, cudnnNanPropagation_t=1, bool=0>>(cudnnTensorStruct, float const *, cudnn::detail::activation_fw_4d_kernel<float, float, int=128, int=1, int=4, cudnn::detail::relu_func<float, cudnnNanPropagation_t=1, bool=0>>, cudnnTensorStruct*, float, cudnnTensorStruct*, int, cudnnTensorStruct*) [1764]"
3.892805,4.157760,,,,,,,,,,25.000000,5.871927,"Pageable","Device","Tesla V100-DGXS-16GB (0)","1","7","[CUDA memcpy HtoD]"
3.896977,0.001440,,,,,,,,,,0.001953,1.324548,"Pageable","Device","Tesla V100-DGXS-16GB (0)","1","7","[CUDA memcpy HtoD]"
3.904113,0.001152,,,,,,,,,,3.062500,2596.113417,"Device",,"Tesla V100-DGXS-16GB (0)","1","7","[CUDA memset]"
3.904132,0.001152,,,,,,,,,,0.382812,324.514177,"Device",,"Tesla V100-DGXS-16GB (0)","1","7","[CUDA memset]"
3.904654,0.001152,,,,,,,,,,1.000000,847.710503,"Device",,"Tesla V100-DGXS-16GB (0)","1","7","[CUDA memset]"
3.915776,2.080400,,,,,,,,,,12.500000,5.867637,"Pageable","Device","Tesla V100-DGXS-16GB (0)","1","7","[CUDA memcpy HtoD]"
3.917871,0.001632,,,,,,,,,,0.000977,0.584359,"Pageable","Device","Tesla V100-DGXS-16GB (0)","1","7","[CUDA memcpy HtoD]"
3.917919,0.860185,8,4,7,32,1,1,84,0.500000,0,,,,,"Tesla V100-DGXS-16GB (0)","1","23","void fused::fusedConvolutionReluKernel<fused::SrcChwcPtr_FltTex_Reader<float, int=1, int=1, int=1>, fused::KpqkPtrWriter<float, int=1, int=1>, float, float, int=4, int=4, int=1, int=5, int=5, int=2, int=2>(fused::ConvolutionParams<floatSrcType, int=1, int=1Type>, float) [1807]"
3.922371,0.001408,,,,,,,,,,12.503296,8672.052486,"Device",,"Tesla V100-DGXS-16GB (0)","1","7","[CUDA memset]"
3.929829,0.002720,2,1,1,256,1,1,18,0.000000,0,,,,,"Tesla V100-DGXS-16GB (0)","1","23","cask::computeOffsetsKernel(cask::ComputeOffsetsParams) [1821]"
3.929936,2.079056,,,,,,,,,,12.500000,5.871430,"Pageable","Device","Tesla V100-DGXS-16GB (0)","1","7","[CUDA memcpy HtoD]"
3.932029,0.001312,,,,,,,,,,0.000977,0.726886,"Pageable","Device","Tesla V100-DGXS-16GB (0)","1","7","[CUDA memcpy HtoD]"
3.932637,2.076816,,,,,,,,,,12.500000,5.877763,"Pageable","Device","Tesla V100-DGXS-16GB (0)","1","7","[CUDA memcpy HtoD]"
3.934727,0.001312,,,,,,,,,,0.000977,0.726886,"Pageable","Device","Tesla V100-DGXS-16GB (0)","1","7","[CUDA memcpy HtoD]"
3.934758,2.271695,4,2,1,256,1,1,160,32.000000,0,,,,,"Tesla V100-DGXS-16GB (0)","1","23","trt_volta_scudnn_128x128_relu_xregs_large_nn_v1 [1829]"
3.937608,0.001152,,,,,,,,,,12.503296,10599.175261,"Device",,"Tesla V100-DGXS-16GB (0)","1","7","[CUDA memset]"
3.945073,0.002528,2,1,1,256,1,1,18,0.000000,0,,,,,"Tesla V100-DGXS-16GB (0)","1","23","cask::computeOffsetsKernel(cask::ComputeOffsetsParams) [1836]"
3.945184,2.080336,,,,,,,,,,12.500000,5.867817,"Pageable","Device","Tesla V100-DGXS-16GB (0)","1","7","[CUDA memcpy HtoD]"
3.947280,0.001344,,,,,,,,,,0.000977,0.709579,"Pageable","Device","Tesla V100-DGXS-16GB (0)","1","7","[CUDA memcpy HtoD]"
3.947878,2.076656,,,,,,,,,,12.500000,5.878215,"Pageable","Device","Tesla V100-DGXS-16GB (0)","1","7","[CUDA memcpy HtoD]"
3.949970,0.001312,,,,,,,,,,0.000977,0.726886,"Pageable","Device","Tesla V100-DGXS-16GB (0)","1","7","[CUDA memcpy HtoD]"
3.950465,1.755539,4,8,1,64,1,1,128,5.250000,0,,,,,"Tesla V100-DGXS-16GB (0)","1","23","trt_volta_scudnn_128x32_relu_small_nn_v1 [1847]"
3.952816,0.001440,,,,,,,,,,12.503296,8479.340209,"Device",,"Tesla V100-DGXS-16GB (0)","1","7","[CUDA memset]"
3.960274,0.002752,2,1,1,256,1,1,18,0.000000,0,,,,,"Tesla V100-DGXS-16GB (0)","1","23","cask::computeOffsetsKernel(cask::ComputeOffsetsParams) [1854]"
3.960380,2.076496,,,,,,,,,,12.500000,5.878668,"Pageable","Device","Tesla V100-DGXS-16GB (0)","1","7","[CUDA memcpy HtoD]"
3.962473,0.001344,,,,,,,,,,0.000977,0.709579,"Pageable","Device","Tesla V100-DGXS-16GB (0)","1","7","[CUDA memcpy HtoD]"
3.964737,2.077521,,,,,,,,,,12.500000,5.875768,"Pageable","Device","Tesla V100-DGXS-16GB (0)","1","7","[CUDA memcpy HtoD]"
3.966828,0.001344,,,,,,,,,,0.000977,0.709579,"Pageable","Device","Tesla V100-DGXS-16GB (0)","1","7","[CUDA memcpy HtoD]"
3.967320,1.507316,4,4,1,128,1,1,128,16.000000,0,,,,,"Tesla V100-DGXS-16GB (0)","1","23","trt_volta_scudnn_128x64_relu_medium_nn_v1 [1865]"
3.969427,0.001152,,,,,,,,,,12.503296,10599.175261,"Device",,"Tesla V100-DGXS-16GB (0)","1","7","[CUDA memset]"
3.976881,0.002784,2,1,1,256,1,1,18,0.000000,0,,,,,"Tesla V100-DGXS-16GB (0)","1","23","cask::computeOffsetsKernel(cask::ComputeOffsetsParams) [1872]"
3.976987,2.080208,,,,,,,,,,12.500000,5.868178,"Pageable","Device","Tesla V100-DGXS-16GB (0)","1","7","[CUDA memcpy HtoD]"
3.979081,0.001312,,,,,,,,,,0.000977,0.726886,"Pageable","Device","Tesla V100-DGXS-16GB (0)","1","7","[CUDA memcpy HtoD]"
3.982061,2.076336,,,,,,,,,,12.500000,5.879121,"Pageable","Device","Tesla V100-DGXS-16GB (0)","1","7","[CUDA memcpy HtoD]"
3.984151,0.001312,,,,,,,,,,0.000977,0.726886,"Pageable","Device","Tesla V100-DGXS-16GB (0)","1","7","[CUDA memcpy HtoD]"
3.984957,1.511988,4,4,1,128,1,1,160,16.000000,0,,,,,"Tesla V100-DGXS-16GB (0)","1","23","trt_volta_scudnn_128x64_relu_xregs_large_nn_v1 [1883]"
3.987069,0.001152,,,,,,,,,,12.503296,10599.175261,"Device",,"Tesla V100-DGXS-16GB (0)","1","7","[CUDA memset]"
3.994527,0.002688,2,1,1,256,1,1,18,0.000000,0,,,,,"Tesla V100-DGXS-16GB (0)","1","23","cask::computeOffsetsKernel(cask::ComputeOffsetsParams) [1890]"
3.994635,2.079536,,,,,,,,,,12.500000,5.870075,"Pageable","Device","Tesla V100-DGXS-16GB (0)","1","7","[CUDA memcpy HtoD]"
3.996729,0.001344,,,,,,,,,,0.000977,0.709579,"Pageable","Device","Tesla V100-DGXS-16GB (0)","1","7","[CUDA memcpy HtoD]"
3.997327,2.077905,,,,,,,,,,12.500000,5.874682,"Pageable","Device","Tesla V100-DGXS-16GB (0)","1","7","[CUDA memcpy HtoD]"
3.999421,0.001312,,,,,,,,,,0.000977,0.726886,"Pageable","Device","Tesla V100-DGXS-16GB (0)","1","7","[CUDA memcpy HtoD]"
4.001263,2.215823,4,2,1,256,1,1,128,32.000000,0,,,,,"Tesla V100-DGXS-16GB (0)","1","23","trt_volta_scudnn_128x128_relu_medium_nn_v1 [1901]"
4.004999,0.001152,,,,,,,,,,12.503296,10599.175261,"Device",,"Tesla V100-DGXS-16GB (0)","1","7","[CUDA memset]"
4.012458,0.002688,2,1,1,256,1,1,18,0.000000,0,,,,,"Tesla V100-DGXS-16GB (0)","1","23","cask::computeOffsetsKernel(cask::ComputeOffsetsParams) [1908]"
4.012575,2.080496,,,,,,,,,,12.500000,5.867366,"Pageable","Device","Tesla V100-DGXS-16GB (0)","1","7","[CUDA memcpy HtoD]"
4.014671,0.001312,,,,,,,,,,0.000977,0.726886,"Pageable","Device","Tesla V100-DGXS-16GB (0)","1","7","[CUDA memcpy HtoD]"
4.015284,2.076592,,,,,,,,,,12.500000,5.878397,"Pageable","Device","Tesla V100-DGXS-16GB (0)","1","7","[CUDA memcpy HtoD]"
4.017376,0.001312,,,,,,,,,,0.000977,0.726886,"Pageable","Device","Tesla V100-DGXS-16GB (0)","1","7","[CUDA memcpy HtoD]"
4.017867,2.161455,4,2,1,256,1,1,128,32.000000,0,,,,,"Tesla V100-DGXS-16GB (0)","1","23","trt_volta_scudnn_128x128_relu_small_nn_v1 [1919]"
4.020875,0.001152,,,,,,,,,,12.503296,10599.175261,"Device",,"Tesla V100-DGXS-16GB (0)","1","7","[CUDA memset]"
4.028330,0.002528,2,1,1,256,1,1,18,0.000000,0,,,,,"Tesla V100-DGXS-16GB (0)","1","23","cask::computeOffsetsKernel(cask::ComputeOffsetsParams) [1926]"
4.028440,2.081008,,,,,,,,,,12.500000,5.865922,"Pageable","Device","Tesla V100-DGXS-16GB (0)","1","7","[CUDA memcpy HtoD]"
4.030534,0.001344,,,,,,,,,,0.000977,0.709579,"Pageable","Device","Tesla V100-DGXS-16GB (0)","1","7","[CUDA memcpy HtoD]"
4.032032,2.076561,,,,,,,,,,12.500000,5.878484,"Pageable","Device","Tesla V100-DGXS-16GB (0)","1","7","[CUDA memcpy HtoD]"
4.034122,0.001344,,,,,,,,,,0.000977,0.709579,"Pageable","Device","Tesla V100-DGXS-16GB (0)","1","7","[CUDA memcpy HtoD]"
4.034624,1.320117,4,4,1,128,1,1,128,16.000000,0,,,,,"Tesla V100-DGXS-16GB (0)","1","23","trt_volta_scudnn_128x64_relu_small_nn_v1 [1937]"
4.036609,2.079249,,,,,,,,,,12.500000,5.870885,"Pageable","Device","Tesla V100-DGXS-16GB (0)","1","7","[CUDA memcpy HtoD]"
4.038704,0.001312,,,,,,,,,,0.000977,0.726886,"Pageable","Device","Tesla V100-DGXS-16GB (0)","1","7","[CUDA memcpy HtoD]"
4.045033,2.078160,,,,,,,,,,12.500000,5.873961,"Pageable","Device","Tesla V100-DGXS-16GB (0)","1","7","[CUDA memcpy HtoD]"
4.047124,0.001344,,,,,,,,,,0.000977,0.709579,"Pageable","Device","Tesla V100-DGXS-16GB (0)","1","7","[CUDA memcpy HtoD]"
4.047193,1.551348,13,8,1,8,8,1,64,2.250000,0,,,,,"Tesla V100-DGXS-16GB (0)","1","23","void cudnn::detail::implicit_convolve_sgemm<float, float, int=128, int=5, int=5, int=3, int=3, int=3, int=1, bool=1, bool=0, bool=1>(int, int, int, float const *, int, float*, cudnn::detail::implicit_convolve_sgemm<float, float, int=128, int=5, int=5, int=3, int=3, int=3, int=1, bool=1, bool=0, bool=1>*, kernel_conv_params, int, float, float, int, float, float, int, int) [1975]"
4.048745,0.004352,1,256,1,128,1,1,29,0.000000,0,,,,,"Tesla V100-DGXS-16GB (0)","1","23","void add_tensor_kernel_v3<int=2, float, float, int=128, int=1, int=1, int=4, int=2>(cudnnTensorStruct, float*, cudnnTensorStruct, float const *, float, float) [1985]"
4.048751,0.003232,128,1,1,128,1,1,21,0.000000,0,,,,,"Tesla V100-DGXS-16GB (0)","1","23","void cudnn::detail::activation_fw_4d_kernel<float, float, int=128, int=1, int=4, cudnn::detail::relu_func<float, cudnnNanPropagation_t=1, bool=0>>(cudnnTensorStruct, float const *, cudnn::detail::activation_fw_4d_kernel<float, float, int=128, int=1, int=4, cudnn::detail::relu_func<float, cudnnNanPropagation_t=1, bool=0>>, cudnnTensorStruct*, float, cudnnTensorStruct*, int, cudnnTensorStruct*) [1996]"
4.049601,2.080080,,,,,,,,,,12.500000,5.868539,"Pageable","Device","Tesla V100-DGXS-16GB (0)","1","7","[CUDA memcpy HtoD]"
4.051696,0.001312,,,,,,,,,,0.000977,0.726886,"Pageable","Device","Tesla V100-DGXS-16GB (0)","1","7","[CUDA memcpy HtoD]"
4.052571,2.077137,,,,,,,,,,12.500000,5.876854,"Pageable","Device","Tesla V100-DGXS-16GB (0)","1","7","[CUDA memcpy HtoD]"
4.054663,0.001504,,,,,,,,,,0.000977,0.634092,"Pageable","Device","Tesla V100-DGXS-16GB (0)","1","7","[CUDA memcpy HtoD]"
4.054698,0.002400,4,1,1,128,1,1,16,0.000000,0,,,,,"Tesla V100-DGXS-16GB (0)","1","23","cudnn::gemm::computeOffsetsKernel(cudnn::gemm::ComputeOffsetsParams) [2016]"
4.054721,1.298390,4,4,1,128,1,1,128,16.000000,0,,,,,"Tesla V100-DGXS-16GB (0)","1","23","volta_scudnn_128x64_relu_small_nn_v1 [2021]"
4.056020,0.003936,1,256,1,128,1,1,29,0.000000,0,,,,,"Tesla V100-DGXS-16GB (0)","1","23","void add_tensor_kernel_v3<int=2, float, float, int=128, int=1, int=1, int=4, int=2>(cudnnTensorStruct, float*, cudnnTensorStruct, float const *, float, float) [2030]"
4.056025,0.002976,128,1,1,128,1,1,21,0.000000,0,,,,,"Tesla V100-DGXS-16GB (0)","1","23","void cudnn::detail::activation_fw_4d_kernel<float, float, int=128, int=1, int=4, cudnn::detail::relu_func<float, cudnnNanPropagation_t=1, bool=0>>(cudnnTensorStruct, float const *, cudnn::detail::activation_fw_4d_kernel<float, float, int=128, int=1, int=4, cudnn::detail::relu_func<float, cudnnNanPropagation_t=1, bool=0>>, cudnnTensorStruct*, float, cudnnTensorStruct*, int, cudnnTensorStruct*) [2041]"
4.056867,2.075344,,,,,,,,,,12.500000,5.881932,"Pageable","Device","Tesla V100-DGXS-16GB (0)","1","7","[CUDA memcpy HtoD]"
4.058956,0.001312,,,,,,,,,,0.000977,0.726886,"Pageable","Device","Tesla V100-DGXS-16GB (0)","1","7","[CUDA memcpy HtoD]"
4.062066,0.001120,,,,,,,,,,0.382812,333.786011,"Device",,"Tesla V100-DGXS-16GB (0)","1","7","[CUDA memset]"
4.062533,0.001152,,,,,,,,,,0.191406,162.257089,"Device",,"Tesla V100-DGXS-16GB (0)","1","7","[CUDA memset]"
4.062553,0.001152,,,,,,,,,,1.000000,847.710503,"Device",,"Tesla V100-DGXS-16GB (0)","1","7","[CUDA memset]"
4.063266,0.001152,,,,,,,,,,0.878296,744.540658,"Device",,"Tesla V100-DGXS-16GB (0)","1","7","[CUDA memset]"
4.063876,0.002496,2,1,1,256,1,1,18,0.000000,0,,,,,"Tesla V100-DGXS-16GB (0)","1","23","cask::computeOffsetsKernel(cask::ComputeOffsetsParams) [2080]"
4.063968,0.145215,,,,,,,,,,0.875000,5.884325,"Pageable","Device","Tesla V100-DGXS-16GB (0)","1","7","[CUDA memcpy HtoD]"
4.064127,0.001280,,,,,,,,,,0.000488,0.372529,"Pageable","Device","Tesla V100-DGXS-16GB (0)","1","7","[CUDA memcpy HtoD]"
4.064230,0.145439,,,,,,,,,,0.875000,5.875262,"Pageable","Device","Tesla V100-DGXS-16GB (0)","1","7","[CUDA memcpy HtoD]"
4.064387,0.001280,,,,,,,,,,0.000488,0.372529,"Pageable","Device","Tesla V100-DGXS-16GB (0)","1","7","[CUDA memcpy HtoD]"
4.064409,0.221374,4,4,1,64,1,1,128,5.250000,0,,,,,"Tesla V100-DGXS-16GB (0)","1","23","trt_volta_scudnn_128x32_relu_small_nn_v1 [2088]"
4.065179,0.001152,,,,,,,,,,0.878296,744.540658,"Device",,"Tesla V100-DGXS-16GB (0)","1","7","[CUDA memset]"
4.065780,0.001760,2,1,1,256,1,1,18,0.000000,0,,,,,"Tesla V100-DGXS-16GB (0)","1","23","cask::computeOffsetsKernel(cask::ComputeOffsetsParams) [2095]"
4.065870,0.144415,,,,,,,,,,0.875000,5.916921,"Pageable","Device","Tesla V100-DGXS-16GB (0)","1","7","[CUDA memcpy HtoD]"
4.066030,0.001312,,,,,,,,,,0.000488,0.363443,"Pageable","Device","Tesla V100-DGXS-16GB (0)","1","7","[CUDA memcpy HtoD]"
4.066127,0.145215,,,,,,,,,,0.875000,5.884325,"Pageable","Device","Tesla V100-DGXS-16GB (0)","1","7","[CUDA memcpy HtoD]"
4.066287,0.001280,,,,,,,,,,0.000488,0.372529,"Pageable","Device","Tesla V100-DGXS-16GB (0)","1","7","[CUDA memcpy HtoD]"
4.066553,0.246238,4,2,1,128,1,1,128,16.000000,0,,,,,"Tesla V100-DGXS-16GB (0)","1","23","trt_volta_scudnn_128x64_relu_medium_nn_v1 [2106]"
4.067344,0.001152,,,,,,,,,,0.878296,744.540658,"Device",,"Tesla V100-DGXS-16GB (0)","1","7","[CUDA memset]"
4.067946,0.001760,2,1,1,256,1,1,18,0.000000,0,,,,,"Tesla V100-DGXS-16GB (0)","1","23","cask::computeOffsetsKernel(cask::ComputeOffsetsParams) [2113]"
4.068037,0.145215,,,,,,,,,,0.875000,5.884325,"Pageable","Device","Tesla V100-DGXS-16GB (0)","1","7","[CUDA memcpy HtoD]"
4.068196,0.001536,,,,,,,,,,0.000488,0.310441,"Pageable","Device","Tesla V100-DGXS-16GB (0)","1","7","[CUDA memcpy HtoD]"
4.068292,0.144895,,,,,,,,,,0.875000,5.897320,"Pageable","Device","Tesla V100-DGXS-16GB (0)","1","7","[CUDA memcpy HtoD]"
4.068450,0.001280,,,,,,,,,,0.000488,0.372529,"Pageable","Device","Tesla V100-DGXS-16GB (0)","1","7","[CUDA memcpy HtoD]"
4.068721,0.349789,4,1,1,256,1,1,128,32.000000,0,,,,,"Tesla V100-DGXS-16GB (0)","1","23","trt_volta_scudnn_128x128_relu_medium_nn_v1 [2124]"
4.069617,0.001152,,,,,,,,,,0.878296,744.540658,"Device",,"Tesla V100-DGXS-16GB (0)","1","7","[CUDA memset]"
4.070218,0.001728,2,1,1,256,1,1,18,0.000000,0,,,,,"Tesla V100-DGXS-16GB (0)","1","23","cask::computeOffsetsKernel(cask::ComputeOffsetsParams) [2131]"
4.070308,0.145151,,,,,,,,,,0.875000,5.886919,"Pageable","Device","Tesla V100-DGXS-16GB (0)","1","7","[CUDA memcpy HtoD]"
4.070467,0.001280,,,,,,,,,,0.000488,0.372529,"Pageable","Device","Tesla V100-DGXS-16GB (0)","1","7","[CUDA memcpy HtoD]"
4.070564,0.144383,,,,,,,,,,0.875000,5.918233,"Pageable","Device","Tesla V100-DGXS-16GB (0)","1","7","[CUDA memcpy HtoD]"
4.070722,0.001280,,,,,,,,,,0.000488,0.372529,"Pageable","Device","Tesla V100-DGXS-16GB (0)","1","7","[CUDA memcpy HtoD]"
4.070978,0.314301,4,1,1,256,1,1,128,32.000000,0,,,,,"Tesla V100-DGXS-16GB (0)","1","23","trt_volta_scudnn_128x128_relu_small_nn_v1 [2142]"
4.071833,0.001248,,,,,,,,,,0.878296,687.268300,"Device",,"Tesla V100-DGXS-16GB (0)","1","7","[CUDA memset]"
4.072434,0.001760,2,1,1,256,1,1,18,0.000000,0,,,,,"Tesla V100-DGXS-16GB (0)","1","23","cask::computeOffsetsKernel(cask::ComputeOffsetsParams) [2149]"
4.072525,0.145023,,,,,,,,,,0.875000,5.892115,"Pageable","Device","Tesla V100-DGXS-16GB (0)","1","7","[CUDA memcpy HtoD]"
4.072684,0.001280,,,,,,,,,,0.000488,0.372529,"Pageable","Device","Tesla V100-DGXS-16GB (0)","1","7","[CUDA memcpy HtoD]"
4.072782,0.144319,,,,,,,,,,0.875000,5.920857,"Pageable","Device","Tesla V100-DGXS-16GB (0)","1","7","[CUDA memcpy HtoD]"
4.072939,0.001280,,,,,,,,,,0.000488,0.372529,"Pageable","Device","Tesla V100-DGXS-16GB (0)","1","7","[CUDA memcpy HtoD]"
4.073202,0.183199,4,2,1,128,1,1,128,16.000000,0,,,,,"Tesla V100-DGXS-16GB (0)","1","23","trt_volta_scudnn_128x64_relu_small_nn_v1 [2160]"
4.073980,0.144479,,,,,,,,,,0.875000,5.914300,"Pageable","Device","Tesla V100-DGXS-16GB (0)","1","7","[CUDA memcpy HtoD]"
4.074138,0.001280,,,,,,,,,,0.000488,0.372529,"Pageable","Device","Tesla V100-DGXS-16GB (0)","1","7","[CUDA memcpy HtoD]"
4.074910,0.144927,,,,,,,,,,0.875000,5.896018,"Pageable","Device","Tesla V100-DGXS-16GB (0)","1","7","[CUDA memcpy HtoD]"
4.075068,0.001280,,,,,,,,,,0.000488,0.372529,"Pageable","Device","Tesla V100-DGXS-16GB (0)","1","7","[CUDA memcpy HtoD]"
4.075128,0.193023,13,4,1,8,8,1,64,2.250000,0,,,,,"Tesla V100-DGXS-16GB (0)","1","23","void cudnn::detail::implicit_convolve_sgemm<float, float, int=128, int=5, int=5, int=3, int=3, int=3, int=1, bool=1, bool=0, bool=1>(int, int, int, float const *, int, float*, cudnn::detail::implicit_convolve_sgemm<float, float, int=128, int=5, int=5, int=3, int=3, int=3, int=1, bool=1, bool=0, bool=1>*, kernel_conv_params, int, float, float, int, float, float, int, int) [2198]"
4.075322,0.003840,1,128,1,128,1,1,29,0.000000,0,,,,,"Tesla V100-DGXS-16GB (0)","1","23","void add_tensor_kernel_v3<int=2, float, float, int=128, int=1, int=1, int=4, int=2>(cudnnTensorStruct, float*, cudnnTensorStruct, float const *, float, float) [2208]"
4.075327,0.003616,128,1,1,128,1,1,21,0.000000,0,,,,,"Tesla V100-DGXS-16GB (0)","1","23","void cudnn::detail::activation_fw_4d_kernel<float, float, int=128, int=1, int=4, cudnn::detail::relu_func<float, cudnnNanPropagation_t=1, bool=0>>(cudnnTensorStruct, float const *, cudnn::detail::activation_fw_4d_kernel<float, float, int=128, int=1, int=4, cudnn::detail::relu_func<float, cudnnNanPropagation_t=1, bool=0>>, cudnnTensorStruct*, float, cudnnTensorStruct*, int, cudnnTensorStruct*) [2219]"
4.076128,0.144094,,,,,,,,,,0.875000,5.930102,"Pageable","Device","Tesla V100-DGXS-16GB (0)","1","7","[CUDA memcpy HtoD]"
4.076286,0.001280,,,,,,,,,,0.000488,0.372529,"Pageable","Device","Tesla V100-DGXS-16GB (0)","1","7","[CUDA memcpy HtoD]"
4.077061,0.144831,,,,,,,,,,0.875000,5.899926,"Pageable","Device","Tesla V100-DGXS-16GB (0)","1","7","[CUDA memcpy HtoD]"
4.077218,0.001248,,,,,,,,,,0.000488,0.382081,"Pageable","Device","Tesla V100-DGXS-16GB (0)","1","7","[CUDA memcpy HtoD]"
4.077251,0.001984,4,1,1,128,1,1,16,0.000000,0,,,,,"Tesla V100-DGXS-16GB (0)","1","23","cudnn::gemm::computeOffsetsKernel(cudnn::gemm::ComputeOffsetsParams) [2239]"
4.077268,0.183102,4,2,1,128,1,1,128,16.000000,0,,,,,"Tesla V100-DGXS-16GB (0)","1","23","volta_scudnn_128x64_relu_small_nn_v1 [2244]"
4.077452,0.003168,1,128,1,128,1,1,29,0.000000,0,,,,,"Tesla V100-DGXS-16GB (0)","1","23","void add_tensor_kernel_v3<int=2, float, float, int=128, int=1, int=1, int=4, int=2>(cudnnTensorStruct, float*, cudnnTensorStruct, float const *, float, float) [2253]"
4.077457,0.002880,128,1,1,128,1,1,21,0.000000,0,,,,,"Tesla V100-DGXS-16GB (0)","1","23","void cudnn::detail::activation_fw_4d_kernel<float, float, int=128, int=1, int=4, cudnn::detail::relu_func<float, cudnnNanPropagation_t=1, bool=0>>(cudnnTensorStruct, float const *, cudnn::detail::activation_fw_4d_kernel<float, float, int=128, int=1, int=4, cudnn::detail::relu_func<float, cudnnNanPropagation_t=1, bool=0>>, cudnnTensorStruct*, float, cudnnTensorStruct*, int, cudnnTensorStruct*) [2264]"
4.078249,0.144607,,,,,,,,,,0.875000,5.909065,"Pageable","Device","Tesla V100-DGXS-16GB (0)","1","7","[CUDA memcpy HtoD]"
4.078407,0.001280,,,,,,,,,,0.000488,0.372529,"Pageable","Device","Tesla V100-DGXS-16GB (0)","1","7","[CUDA memcpy HtoD]"
4.079177,0.145279,,,,,,,,,,0.875000,5.881732,"Pageable","Device","Tesla V100-DGXS-16GB (0)","1","7","[CUDA memcpy HtoD]"
4.079338,0.001280,,,,,,,,,,0.000488,0.372529,"Pageable","Device","Tesla V100-DGXS-16GB (0)","1","7","[CUDA memcpy HtoD]"
4.081443,0.144543,,,,,,,,,,0.875000,5.911682,"Pageable","Device","Tesla V100-DGXS-16GB (0)","1","7","[CUDA memcpy HtoD]"
4.081601,0.001280,,,,,,,,,,0.000488,0.372529,"Pageable","Device","Tesla V100-DGXS-16GB (0)","1","7","[CUDA memcpy HtoD]"
4.082956,0.001152,,,,,,,,,,0.191406,162.257089,"Device",,"Tesla V100-DGXS-16GB (0)","1","7","[CUDA memset]"
4.082984,0.001152,,,,,,,,,,0.047852,40.564272,"Device",,"Tesla V100-DGXS-16GB (0)","1","7","[CUDA memset]"
4.083447,0.001152,,,,,,,,,,1.000000,847.710503,"Device",,"Tesla V100-DGXS-16GB (0)","1","7","[CUDA memset]"
4.083508,0.003552,128,7,1,256,1,1,16,1.000000,0,,,,,"Tesla V100-DGXS-16GB (0)","1","23","void nvinfer1::tiled_pooling::poolCHW_PQT<int=2, int=2, int=2, int=2, int=2, int=32, int=256, int=1, int=1, bool=1, nvinfer1::ITiledPooling::PoolingMode, bool=0>(nvinfer1::TiledPoolingParams) [2308]"
4.083554,0.002720,64,7,1,256,1,1,17,2.000000,0,,,,,"Tesla V100-DGXS-16GB (0)","1","23","void nvinfer1::tiled_pooling::poolCHW_PQT<int=2, int=2, int=2, int=2, int=2, int=32, int=256, int=2, int=1, bool=1, nvinfer1::ITiledPooling::PoolingMode, bool=0>(nvinfer1::TiledPoolingParams) [2316]"
4.083588,0.002624,43,7,1,256,1,1,22,3.000000,0,,,,,"Tesla V100-DGXS-16GB (0)","1","23","void nvinfer1::tiled_pooling::poolCHW_PQT<int=2, int=2, int=2, int=2, int=2, int=32, int=256, int=3, int=1, bool=1, nvinfer1::ITiledPooling::PoolingMode, bool=0>(nvinfer1::TiledPoolingParams) [2324]"
4.083620,0.003008,32,7,1,256,1,1,26,4.000000,0,,,,,"Tesla V100-DGXS-16GB (0)","1","23","void nvinfer1::tiled_pooling::poolCHW_PQT<int=2, int=2, int=2, int=2, int=2, int=32, int=256, int=4, int=1, bool=1, nvinfer1::ITiledPooling::PoolingMode, bool=0>(nvinfer1::TiledPoolingParams) [2332]"
4.083651,0.003104,26,7,1,256,1,1,30,5.000000,0,,,,,"Tesla V100-DGXS-16GB (0)","1","23","void nvinfer1::tiled_pooling::poolCHW_PQT<int=2, int=2, int=2, int=2, int=2, int=32, int=256, int=5, int=1, bool=1, nvinfer1::ITiledPooling::PoolingMode, bool=0>(nvinfer1::TiledPoolingParams) [2340]"
4.083682,0.003136,22,7,1,256,1,1,31,6.000000,0,,,,,"Tesla V100-DGXS-16GB (0)","1","23","void nvinfer1::tiled_pooling::poolCHW_PQT<int=2, int=2, int=2, int=2, int=2, int=32, int=256, int=6, int=1, bool=1, nvinfer1::ITiledPooling::PoolingMode, bool=0>(nvinfer1::TiledPoolingParams) [2348]"
4.083713,0.003584,19,7,1,256,1,1,32,7.000000,0,,,,,"Tesla V100-DGXS-16GB (0)","1","23","void nvinfer1::tiled_pooling::poolCHW_PQT<int=2, int=2, int=2, int=2, int=2, int=32, int=256, int=7, int=1, bool=1, nvinfer1::ITiledPooling::PoolingMode, bool=0>(nvinfer1::TiledPoolingParams) [2356]"
4.083747,0.003872,16,7,1,256,1,1,32,8.000000,0,,,,,"Tesla V100-DGXS-16GB (0)","1","23","void nvinfer1::tiled_pooling::poolCHW_PQT<int=2, int=2, int=2, int=2, int=2, int=32, int=256, int=8, int=1, bool=1, nvinfer1::ITiledPooling::PoolingMode, bool=0>(nvinfer1::TiledPoolingParams) [2364]"
4.083779,0.003264,128,7,1,128,1,1,16,0.500000,0,,,,,"Tesla V100-DGXS-16GB (0)","1","23","void nvinfer1::tiled_pooling::poolCHW_PQT<int=2, int=2, int=2, int=2, int=2, int=16, int=128, int=1, int=1, bool=1, nvinfer1::ITiledPooling::PoolingMode, bool=0>(nvinfer1::TiledPoolingParams) [2372]"
4.083810,0.002592,64,7,1,128,1,1,17,1.000000,0,,,,,"Tesla V100-DGXS-16GB (0)","1","23","void nvinfer1::tiled_pooling::poolCHW_PQT<int=2, int=2, int=2, int=2, int=2, int=16, int=128, int=2, int=1, bool=1, nvinfer1::ITiledPooling::PoolingMode, bool=0>(nvinfer1::TiledPoolingParams) [2380]"
4.083841,0.002720,43,7,1,128,1,1,22,1.500000,0,,,,,"Tesla V100-DGXS-16GB (0)","1","23","void nvinfer1::tiled_pooling::poolCHW_PQT<int=2, int=2, int=2, int=2, int=2, int=16, int=128, int=3, int=1, bool=1, nvinfer1::ITiledPooling::PoolingMode, bool=0>(nvinfer1::TiledPoolingParams) [2388]"
4.083872,0.002848,32,7,1,128,1,1,26,2.000000,0,,,,,"Tesla V100-DGXS-16GB (0)","1","23","void nvinfer1::tiled_pooling::poolCHW_PQT<int=2, int=2, int=2, int=2, int=2, int=16, int=128, int=4, int=1, bool=1, nvinfer1::ITiledPooling::PoolingMode, bool=0>(nvinfer1::TiledPoolingParams) [2396]"
4.083904,0.003072,26,7,1,128,1,1,30,2.500000,0,,,,,"Tesla V100-DGXS-16GB (0)","1","23","void nvinfer1::tiled_pooling::poolCHW_PQT<int=2, int=2, int=2, int=2, int=2, int=16, int=128, int=5, int=1, bool=1, nvinfer1::ITiledPooling::PoolingMode, bool=0>(nvinfer1::TiledPoolingParams) [2404]"
4.083934,0.003264,22,7,1,128,1,1,31,3.000000,0,,,,,"Tesla V100-DGXS-16GB (0)","1","23","void nvinfer1::tiled_pooling::poolCHW_PQT<int=2, int=2, int=2, int=2, int=2, int=16, int=128, int=6, int=1, bool=1, nvinfer1::ITiledPooling::PoolingMode, bool=0>(nvinfer1::TiledPoolingParams) [2412]"
4.083965,0.003584,19,7,1,128,1,1,32,3.500000,0,,,,,"Tesla V100-DGXS-16GB (0)","1","23","void nvinfer1::tiled_pooling::poolCHW_PQT<int=2, int=2, int=2, int=2, int=2, int=16, int=128, int=7, int=1, bool=1, nvinfer1::ITiledPooling::PoolingMode, bool=0>(nvinfer1::TiledPoolingParams) [2420]"
4.083999,0.004000,16,7,1,128,1,1,32,4.000000,0,,,,,"Tesla V100-DGXS-16GB (0)","1","23","void nvinfer1::tiled_pooling::poolCHW_PQT<int=2, int=2, int=2, int=2, int=2, int=16, int=128, int=8, int=1, bool=1, nvinfer1::ITiledPooling::PoolingMode, bool=0>(nvinfer1::TiledPoolingParams) [2428]"
4.085626,0.001120,,,,,,,,,,0.047852,41.723251,"Device",,"Tesla V100-DGXS-16GB (0)","1","7","[CUDA memset]"
4.085648,0.001152,,,,,,,,,,0.010254,8.692344,"Device",,"Tesla V100-DGXS-16GB (0)","1","7","[CUDA memset]"
4.086128,0.001152,,,,,,,,,,1.000000,847.710503,"Device",,"Tesla V100-DGXS-16GB (0)","1","7","[CUDA memset]"
4.086166,0.002304,128,4,1,256,1,1,16,1.000000,0,,,,,"Tesla V100-DGXS-16GB (0)","1","23","void nvinfer1::tiled_pooling::poolCHW_PQT<int=2, int=2, int=2, int=2, int=2, int=32, int=256, int=1, int=1, bool=1, nvinfer1::ITiledPooling::PoolingMode, bool=0>(nvinfer1::TiledPoolingParams) [2449]"
4.086207,0.001984,64,4,1,256,1,1,17,2.000000,0,,,,,"Tesla V100-DGXS-16GB (0)","1","23","void nvinfer1::tiled_pooling::poolCHW_PQT<int=2, int=2, int=2, int=2, int=2, int=32, int=256, int=2, int=1, bool=1, nvinfer1::ITiledPooling::PoolingMode, bool=0>(nvinfer1::TiledPoolingParams) [2457]"
4.086239,0.001984,43,4,1,256,1,1,22,3.000000,0,,,,,"Tesla V100-DGXS-16GB (0)","1","23","void nvinfer1::tiled_pooling::poolCHW_PQT<int=2, int=2, int=2, int=2, int=2, int=32, int=256, int=3, int=1, bool=1, nvinfer1::ITiledPooling::PoolingMode, bool=0>(nvinfer1::TiledPoolingParams) [2465]"
4.086269,0.002048,32,4,1,256,1,1,26,4.000000,0,,,,,"Tesla V100-DGXS-16GB (0)","1","23","void nvinfer1::tiled_pooling::poolCHW_PQT<int=2, int=2, int=2, int=2, int=2, int=32, int=256, int=4, int=1, bool=1, nvinfer1::ITiledPooling::PoolingMode, bool=0>(nvinfer1::TiledPoolingParams) [2473]"
4.086299,0.002272,26,4,1,256,1,1,30,5.000000,0,,,,,"Tesla V100-DGXS-16GB (0)","1","23","void nvinfer1::tiled_pooling::poolCHW_PQT<int=2, int=2, int=2, int=2, int=2, int=32, int=256, int=5, int=1, bool=1, nvinfer1::ITiledPooling::PoolingMode, bool=0>(nvinfer1::TiledPoolingParams) [2481]"
4.086328,0.002400,22,4,1,256,1,1,31,6.000000,0,,,,,"Tesla V100-DGXS-16GB (0)","1","23","void nvinfer1::tiled_pooling::poolCHW_PQT<int=2, int=2, int=2, int=2, int=2, int=32, int=256, int=6, int=1, bool=1, nvinfer1::ITiledPooling::PoolingMode, bool=0>(nvinfer1::TiledPoolingParams) [2489]"
4.086356,0.002272,19,4,1,256,1,1,32,7.000000,0,,,,,"Tesla V100-DGXS-16GB (0)","1","23","void nvinfer1::tiled_pooling::poolCHW_PQT<int=2, int=2, int=2, int=2, int=2, int=32, int=256, int=7, int=1, bool=1, nvinfer1::ITiledPooling::PoolingMode, bool=0>(nvinfer1::TiledPoolingParams) [2497]"
4.086389,0.002400,16,4,1,256,1,1,32,8.000000,0,,,,,"Tesla V100-DGXS-16GB (0)","1","23","void nvinfer1::tiled_pooling::poolCHW_PQT<int=2, int=2, int=2, int=2, int=2, int=32, int=256, int=8, int=1, bool=1, nvinfer1::ITiledPooling::PoolingMode, bool=0>(nvinfer1::TiledPoolingParams) [2505]"
4.086419,0.002368,128,4,1,128,1,1,16,0.500000,0,,,,,"Tesla V100-DGXS-16GB (0)","1","23","void nvinfer1::tiled_pooling::poolCHW_PQT<int=2, int=2, int=2, int=2, int=2, int=16, int=128, int=1, int=1, bool=1, nvinfer1::ITiledPooling::PoolingMode, bool=0>(nvinfer1::TiledPoolingParams) [2513]"
4.086448,0.002080,64,4,1,128,1,1,17,1.000000,0,,,,,"Tesla V100-DGXS-16GB (0)","1","23","void nvinfer1::tiled_pooling::poolCHW_PQT<int=2, int=2, int=2, int=2, int=2, int=16, int=128, int=2, int=1, bool=1, nvinfer1::ITiledPooling::PoolingMode, bool=0>(nvinfer1::TiledPoolingParams) [2521]"
4.086477,0.001920,43,4,1,128,1,1,22,1.500000,0,,,,,"Tesla V100-DGXS-16GB (0)","1","23","void nvinfer1::tiled_pooling::poolCHW_PQT<int=2, int=2, int=2, int=2, int=2, int=16, int=128, int=3, int=1, bool=1, nvinfer1::ITiledPooling::PoolingMode, bool=0>(nvinfer1::TiledPoolingParams) [2529]"
4.086510,0.001952,32,4,1,128,1,1,26,2.000000,0,,,,,"Tesla V100-DGXS-16GB (0)","1","23","void nvinfer1::tiled_pooling::poolCHW_PQT<int=2, int=2, int=2, int=2, int=2, int=16, int=128, int=4, int=1, bool=1, nvinfer1::ITiledPooling::PoolingMode, bool=0>(nvinfer1::TiledPoolingParams) [2537]"
4.086539,0.002016,26,4,1,128,1,1,30,2.500000,0,,,,,"Tesla V100-DGXS-16GB (0)","1","23","void nvinfer1::tiled_pooling::poolCHW_PQT<int=2, int=2, int=2, int=2, int=2, int=16, int=128, int=5, int=1, bool=1, nvinfer1::ITiledPooling::PoolingMode, bool=0>(nvinfer1::TiledPoolingParams) [2545]"
4.086568,0.002080,22,4,1,128,1,1,31,3.000000,0,,,,,"Tesla V100-DGXS-16GB (0)","1","23","void nvinfer1::tiled_pooling::poolCHW_PQT<int=2, int=2, int=2, int=2, int=2, int=16, int=128, int=6, int=1, bool=1, nvinfer1::ITiledPooling::PoolingMode, bool=0>(nvinfer1::TiledPoolingParams) [2553]"
4.086596,0.002272,19,4,1,128,1,1,32,3.500000,0,,,,,"Tesla V100-DGXS-16GB (0)","1","23","void nvinfer1::tiled_pooling::poolCHW_PQT<int=2, int=2, int=2, int=2, int=2, int=16, int=128, int=7, int=1, bool=1, nvinfer1::ITiledPooling::PoolingMode, bool=0>(nvinfer1::TiledPoolingParams) [2561]"
4.086629,0.002400,16,4,1,128,1,1,32,4.000000,0,,,,,"Tesla V100-DGXS-16GB (0)","1","23","void nvinfer1::tiled_pooling::poolCHW_PQT<int=2, int=2, int=2, int=2, int=2, int=16, int=128, int=8, int=1, bool=1, nvinfer1::ITiledPooling::PoolingMode, bool=0>(nvinfer1::TiledPoolingParams) [2569]"
4.086929,0.001152,,,,,,,,,,0.010254,8.692344,"Device",,"Tesla V100-DGXS-16GB (0)","1","7","[CUDA memset]"
4.087410,0.001152,,,,,,,,,,0.003815,3.233759,"Device",,"Tesla V100-DGXS-16GB (0)","1","7","[CUDA memset]"
4.087873,0.001152,,,,,,,,,,1.000000,847.710503,"Device",,"Tesla V100-DGXS-16GB (0)","1","7","[CUDA memset]"
4.088472,1.689011,,,,,,,,,,10.253906,5.928665,"Pageable","Device","Tesla V100-DGXS-16GB (0)","1","7","[CUDA memcpy HtoD]"
4.090176,0.001600,,,,,,,,,,0.003815,2.328306,"Pageable","Device","Tesla V100-DGXS-16GB (0)","1","7","[CUDA memcpy HtoD]"
4.090215,0.028672,125,1,1,128,1,1,32,1.500000,0,,,,,"Tesla V100-DGXS-16GB (0)","1","23","void gemv2T_kernel_val<float, float, float, int=128, int=16, int=2, int=4, bool=0>(int, int, float, float const *, int, float const *, int, float, float*, int) [2603]"
4.090245,0.003296,1,4,1,16,16,1,16,0.000000,0,,,,,"Tesla V100-DGXS-16GB (0)","1","23","void add_tensor_kernel_v3<int=2, float, float, int=16, int=16, int=1, int=16, int=4>(cudnnTensorStruct, float*, cudnnTensorStruct, float const *, float, float) [2612]"
4.100964,1.705875,,,,,,,,,,10.253906,5.870055,"Pageable","Device","Tesla V100-DGXS-16GB (0)","1","7","[CUDA memcpy HtoD]"
4.102684,0.001632,,,,,,,,,,0.003815,2.282653,"Pageable","Device","Tesla V100-DGXS-16GB (0)","1","7","[CUDA memcpy HtoD]"
4.102718,0.031776,63,1,1,128,1,1,56,2.500000,0,,,,,"Tesla V100-DGXS-16GB (0)","1","23","void gemv2N_kernel_val<float, float, float, int=128, int=8, int=4, int=4, int=1>(float, float, cublasGemv2Params_v2<float, float, float>) [2628]"
4.102750,0.002272,1,4,1,16,16,1,16,0.000000,0,,,,,"Tesla V100-DGXS-16GB (0)","1","23","void add_tensor_kernel_v3<int=2, float, float, int=16, int=16, int=1, int=16, int=4>(cudnnTensorStruct, float*, cudnnTensorStruct, float const *, float, float) [2637]"
4.105186,0.001152,,,,,,,,,,0.574219,486.771266,"Device",,"Tesla V100-DGXS-16GB (0)","1","7","[CUDA memset]"
4.105660,0.001184,,,,,,,,,,0.003815,3.146360,"Device",,"Tesla V100-DGXS-16GB (0)","1","7","[CUDA memset]"
4.106193,0.001472,,,,,,,,,,98.000000,65015.709918,"Device",,"Tesla V100-DGXS-16GB (0)","1","7","[CUDA memset]"
4.106665,0.001152,,,,,,,,,,24.500000,20768.907335,"Device",,"Tesla V100-DGXS-16GB (0)","1","7","[CUDA memset]"
4.106698,0.001152,,,,,,,,,,1.000000,847.710503,"Device",,"Tesla V100-DGXS-16GB (0)","1","7","[CUDA memset]"
4.112953,0.001152,,,,,,,,,,0.014648,12.417634,"Device",,"Tesla V100-DGXS-16GB (0)","1","32","[CUDA memset]"
4.114491,0.001568,,,,,,,,,,0.000107,0.066523,"Pageable","Device","Tesla V100-DGXS-16GB (0)","1","7","[CUDA memcpy HtoD]"
4.115211,0.001472,,,,,,,,,,0.000107,0.070861,"Pageable","Device","Tesla V100-DGXS-16GB (0)","1","7","[CUDA memcpy HtoD]"
4.115519,0.001152,,,,,,,,,,0.292603,248.042246,"Device",,"Tesla V100-DGXS-16GB (0)","1","7","[CUDA memset]"
4.115550,0.003008,197,1,1,256,1,1,18,0.000000,0,,,,,"Tesla V100-DGXS-16GB (0)","1","7","cask::computeOffsetsKernel(cask::ComputeOffsetsParams) [2908]"
4.115564,0.001664,,,,,,,,,,0.004395,2.579047,"Pageable","Device","Tesla V100-DGXS-16GB (0)","1","7","[CUDA memcpy HtoD]"
4.115578,0.001280,,,,,,,,,,0.000488,0.372529,"Pageable","Device","Tesla V100-DGXS-16GB (0)","1","7","[CUDA memcpy HtoD]"
4.115600,0.001632,,,,,,,,,,0.004395,2.629617,"Pageable","Device","Tesla V100-DGXS-16GB (0)","1","7","[CUDA memcpy HtoD]"
4.115615,0.001472,,,,,,,,,,0.000488,0.323938,"Pageable","Device","Tesla V100-DGXS-16GB (0)","1","7","[CUDA memcpy HtoD]"
4.116180,0.001152,,,,,,,,,,12.539185,10629.598465,"Device",,"Tesla V100-DGXS-16GB (0)","1","7","[CUDA memset]"
4.122614,0.002208,197,1,1,256,1,1,18,0.000000,0,,,,,"Tesla V100-DGXS-16GB (0)","1","7","cask::computeOffsetsKernel(cask::ComputeOffsetsParams) [2917]"
4.122728,2.039760,,,,,,,,,,12.250000,5.864852,"Pageable","Device","Tesla V100-DGXS-16GB (0)","1","7","[CUDA memcpy HtoD]"
4.124782,0.001440,,,,,,,,,,0.001953,1.324548,"Pageable","Device","Tesla V100-DGXS-16GB (0)","1","7","[CUDA memcpy HtoD]"
4.125392,2.034289,,,,,,,,,,12.250000,5.880625,"Pageable","Device","Tesla V100-DGXS-16GB (0)","1","7","[CUDA memcpy HtoD]"
4.127439,0.001664,,,,,,,,,,0.001953,1.146243,"Pageable","Device","Tesla V100-DGXS-16GB (0)","1","7","[CUDA memcpy HtoD]"
4.128017,0.001152,,,,,,,,,,12.322876,10446.231398,"Device",,"Tesla V100-DGXS-16GB (0)","1","7","[CUDA memset]"
4.134403,0.001664,50,1,1,256,1,1,18,0.000000,0,,,,,"Tesla V100-DGXS-16GB (0)","1","7","cask::computeOffsetsKernel(cask::ComputeOffsetsParams) [2926]"
4.134509,2.038608,,,,,,,,,,12.250000,5.868166,"Pageable","Device","Tesla V100-DGXS-16GB (0)","1","7","[CUDA memcpy HtoD]"
4.136561,0.001312,,,,,,,,,,0.000488,0.363443,"Pageable","Device","Tesla V100-DGXS-16GB (0)","1","7","[CUDA memcpy HtoD]"
4.137155,2.037777,,,,,,,,,,12.250000,5.870559,"Pageable","Device","Tesla V100-DGXS-16GB (0)","1","7","[CUDA memcpy HtoD]"
4.139208,0.001280,,,,,,,,,,0.000488,0.372529,"Pageable","Device","Tesla V100-DGXS-16GB (0)","1","7","[CUDA memcpy HtoD]"
4.141024,0.001120,,,,,,,,,,2.287964,1994.946173,"Device",,"Tesla V100-DGXS-16GB (0)","1","7","[CUDA memset]"
4.142463,0.001504,25,1,1,256,1,1,18,0.000000,0,,,,,"Tesla V100-DGXS-16GB (0)","1","7","cask::computeOffsetsKernel(cask::ComputeOffsetsParams) [2935]"
4.142564,0.376573,,,,,,,,,,2.250000,5.834900,"Pageable","Device","Tesla V100-DGXS-16GB (0)","1","7","[CUDA memcpy HtoD]"
4.142953,0.001440,,,,,,,,,,0.001953,1.324548,"Pageable","Device","Tesla V100-DGXS-16GB (0)","1","7","[CUDA memcpy HtoD]"
4.143526,0.375549,,,,,,,,,,2.250000,5.850809,"Pageable","Device","Tesla V100-DGXS-16GB (0)","1","7","[CUDA memcpy HtoD]"
4.143917,0.001408,,,,,,,,,,0.001953,1.354651,"Pageable","Device","Tesla V100-DGXS-16GB (0)","1","7","[CUDA memcpy HtoD]"
4.167360,4.126944,,,,,,,,,,25.000000,5.915773,"Pageable","Device","Tesla V100-DGXS-16GB (0)","1","7","[CUDA memcpy HtoD]"
4.171504,0.001408,,,,,,,,,,0.001953,1.354651,"Pageable","Device","Tesla V100-DGXS-16GB (0)","1","7","[CUDA memcpy HtoD]"
4.182904,2.078288,,,,,,,,,,12.500000,5.873599,"Pageable","Device","Tesla V100-DGXS-16GB (0)","1","7","[CUDA memcpy HtoD]"
4.184996,0.001440,,,,,,,,,,0.000977,0.662274,"Pageable","Device","Tesla V100-DGXS-16GB (0)","1","7","[CUDA memcpy HtoD]"
4.185097,0.001120,,,,,,,,,,0.878296,765.813248,"Device",,"Tesla V100-DGXS-16GB (0)","1","7","[CUDA memset]"
4.185706,0.001600,2,1,1,256,1,1,18,0.000000,0,,,,,"Tesla V100-DGXS-16GB (0)","1","7","cask::computeOffsetsKernel(cask::ComputeOffsetsParams) [2956]"
4.185796,0.144959,,,,,,,,,,0.875000,5.894716,"Pageable","Device","Tesla V100-DGXS-16GB (0)","1","7","[CUDA memcpy HtoD]"
4.185955,0.001280,,,,,,,,,,0.000488,0.372529,"Pageable","Device","Tesla V100-DGXS-16GB (0)","1","7","[CUDA memcpy HtoD]"
4.186049,0.145055,,,,,,,,,,0.875000,5.890815,"Pageable","Device","Tesla V100-DGXS-16GB (0)","1","7","[CUDA memcpy HtoD]"
4.186207,0.001280,,,,,,,,,,0.000488,0.372529,"Pageable","Device","Tesla V100-DGXS-16GB (0)","1","7","[CUDA memcpy HtoD]"
4.195593,1.706355,,,,,,,,,,10.253906,5.868404,"Pageable","Device","Tesla V100-DGXS-16GB (0)","1","7","[CUDA memcpy HtoD]"
4.197316,0.001600,,,,,,,,,,0.003815,2.328306,"Pageable","Device","Tesla V100-DGXS-16GB (0)","1","7","[CUDA memcpy HtoD]"
4.204211,0.001472,,,,,,,,,,0.014648,9.718149,"Device",,"Tesla V100-DGXS-16GB (0)","1","41","[CUDA memset]"
4.205550,0.001472,,,,,,,,,,0.000107,0.070861,"Pageable","Device","Tesla V100-DGXS-16GB (0)","1","7","[CUDA memcpy HtoD]"
4.208322,0.001472,,,,,,,,,,0.000107,0.070861,"Pageable","Device","Tesla V100-DGXS-16GB (0)","1","7","[CUDA memcpy HtoD]"
4.211677,0.097343,,,,,,,,,,0.574219,5.760666,"Pageable","Device","Tesla V100-DGXS-16GB (0)","1","43","[CUDA memcpy HtoD]"
4.211790,0.006272,192,1,1,128,1,1,22,0.000000,0,,,,,"Tesla V100-DGXS-16GB (0)","1","43","void cudnn::detail::activation_fw_4d_kernel<float, float, int=128, int=1, int=4, cudnn::detail::sigmoid_func<float>>(cudnnTensorStruct, float const *, cudnn::detail::activation_fw_4d_kernel<float, float, int=128, int=1, int=4, cudnn::detail::sigmoid_func<float>>, cudnnTensorStruct*, float, cudnnTensorStruct*, int, cudnnTensorStruct*) [3243]"
4.211797,0.053312,392,2,1,128,1,1,128,16.000000,0,,,,,"Tesla V100-DGXS-16GB (0)","1","43","trt_volta_scudnn_128x64_relu_small_nn_v1 [3245]"
4.211852,21.166494,392,4,1,256,1,1,128,32.000000,0,,,,,"Tesla V100-DGXS-16GB (0)","1","43","trt_volta_scudnn_128x128_relu_medium_nn_v1 [3247]"
4.233020,6.433775,98,2,1,128,1,1,160,16.000000,0,,,,,"Tesla V100-DGXS-16GB (0)","1","43","trt_volta_scudnn_128x64_relu_xregs_large_nn_v1 [3249]"
4.239455,0.513756,49,8,1,128,1,1,160,16.000000,0,,,,,"Tesla V100-DGXS-16GB (0)","1","43","trt_volta_scudnn_128x64_relu_xregs_large_nn_v1 [3251]"
4.239970,1.722259,16,7,14,32,1,1,84,0.500000,0,,,,,"Tesla V100-DGXS-16GB (0)","1","43","void fused::fusedConvolutionReluKernel<fused::SrcChwcPtr_FltTex_Reader<float, int=1, int=1, int=1>, fused::KpqkPtrWriter<float, int=1, int=1>, float, float, int=4, int=4, int=1, int=5, int=5, int=2, int=2>(fused::ConvolutionParams<floatSrcType, int=1, int=1Type>, float) [3256]"
4.241694,0.848313,8,4,7,32,1,1,84,0.500000,0,,,,,"Tesla V100-DGXS-16GB (0)","1","43","void fused::fusedConvolutionReluKernel<fused::SrcChwcPtr_FltTex_Reader<float, int=1, int=1, int=1>, fused::KpqkPtrWriter<float, int=1, int=1>, float, float, int=4, int=4, int=1, int=5, int=5, int=2, int=2>(fused::ConvolutionParams<floatSrcType, int=1, int=1Type>, float) [3261]"
4.242543,0.192735,4,2,1,128,1,1,128,16.000000,0,,,,,"Tesla V100-DGXS-16GB (0)","1","43","trt_volta_scudnn_128x64_relu_small_nn_v1 [3263]"
4.242738,0.003040,26,7,1,256,1,1,30,5.000000,0,,,,,"Tesla V100-DGXS-16GB (0)","1","43","void nvinfer1::tiled_pooling::poolCHW_PQT<int=2, int=2, int=2, int=2, int=2, int=32, int=256, int=5, int=1, bool=1, nvinfer1::ITiledPooling::PoolingMode, bool=0>(nvinfer1::TiledPoolingParams) [3267]"
4.242742,0.003168,22,4,1,128,1,1,31,3.000000,0,,,,,"Tesla V100-DGXS-16GB (0)","1","43","void nvinfer1::tiled_pooling::poolCHW_PQT<int=2, int=2, int=2, int=2, int=2, int=16, int=128, int=6, int=1, bool=1, nvinfer1::ITiledPooling::PoolingMode, bool=0>(nvinfer1::TiledPoolingParams) [3271]"
4.242746,0.027712,63,1,1,128,1,1,56,2.500000,0,,,,,"Tesla V100-DGXS-16GB (0)","1","43","void gemv2N_kernel_val<float, float, float, int=128, int=8, int=4, int=4, int=1>(float, float, cublasGemv2Params_v2<float, float, float>) [3277]"
4.242775,0.003328,1,4,1,16,16,1,16,0.000000,0,,,,,"Tesla V100-DGXS-16GB (0)","1","43","void add_tensor_kernel_v3<int=2, float, float, int=16, int=16, int=1, int=16, int=4>(cudnnTensorStruct, float*, cudnnTensorStruct, float const *, float, float) [3286]"
4.242787,0.002976,,,,,,,,,,0.003815,1.251778,"Device","Pageable","Tesla V100-DGXS-16GB (0)","1","43","[CUDA memcpy DtoH]"
