==36616== NVPROF is profiling process 36616, command: python vgg_generator_RT.py 1920
==36616== Profiling application: python vgg_generator_RT.py 1920
==36616== Profiling result:
"Device","Context","Stream","Kernel","dram_write_transactions","dram_read_transactions"
,,,,,
"Tesla V100-DGXS-16GB (0)","1","23","void cudnn::detail::activation_fw_4d_kernel<float, float, int=128, int=1, int=4, cudnn::detail::sigmoid_func<float>>(cudnnTensorStruct, float const *, cudnn::detail::activation_fw_4d_kernel<float, float, int=128, int=1, int=4, cudnn::detail::sigmoid_func<float>>, cudnnTensorStruct*, float, cudnnTensorStruct*, int, cudnnTensorStruct*)",20980,345
"Tesla V100-DGXS-16GB (0)","1","23","void fused::fusedConvolutionReluKernel<fused::SrcChwcPtr_FltTex_Reader<float, int=1, int=1, int=1>, fused::KpqkPtrWriter<float, int=1, int=1>, float, float, int=4, int=4, int=1, int=5, int=5, int=1, int=1>(fused::ConvolutionParams<floatSrcType, int=1, int=1Type>, float)",2634008,862578
"Tesla V100-DGXS-16GB (0)","1","23","void fused::fusedConvolutionReluKernel<fused::SrcChwcPtr_FltTex_Reader<float, int=1, int=1, int=2>, fused::KpqkPtrWriter<float, int=1, int=2>, float, float, int=3, int=5, int=1, int=5, int=5, int=1, int=1>(fused::ConvolutionParams<floatSrcType, int=2, int=1Type>, float)",2805109,958983
"Tesla V100-DGXS-16GB (0)","1","23","void fused::fusedConvolutionReluKernel<fused::SrcChwcPtr_FltTex_Reader<float, int=1, int=1, int=1>, fused::KpqkPtrWriter<float, int=1, int=1>, float, float, int=5, int=5, int=1, int=5, int=5, int=1, int=1>(fused::ConvolutionParams<floatSrcType, int=1, int=1Type>, float)",2860120,1045581
"Tesla V100-DGXS-16GB (0)","1","23","void fused::fusedConvolutionReluKernel<fused::SrcChwcPtr_FltTex_Reader<float, int=1, int=1, int=4>, fused::KpqkPtrWriter<float, int=1, int=4>, float, float, int=5, int=3, int=1, int=5, int=5, int=1, int=1>(fused::ConvolutionParams<floatSrcType, int=4, int=1Type>, float)",3188335,1265208
"Tesla V100-DGXS-16GB (0)","1","23","void fused::fusedConvolutionReluKernel<fused::SrcChwcPtr_FltTex_Reader<float, int=1, int=1, int=2>, fused::KpqkPtrWriter<float, int=1, int=2>, float, float, int=2, int=5, int=1, int=5, int=5, int=1, int=1>(fused::ConvolutionParams<floatSrcType, int=2, int=1Type>, float)",2816903,985206
"Tesla V100-DGXS-16GB (0)","1","23","void fused::fusedConvolutionReluKernel<fused::SrcChwcPtr_FltTex_Reader<float, int=1, int=1, int=2>, fused::KpqkPtrWriter<float, int=1, int=2>, float, float, int=5, int=2, int=1, int=5, int=5, int=1, int=1>(fused::ConvolutionParams<floatSrcType, int=2, int=1Type>, float)",2908233,1051845
"Tesla V100-DGXS-16GB (0)","1","23","void fused::fusedConvolutionReluKernel<fused::SrcChwcPtr_FltTex_Reader<float, int=1, int=1, int=1>, fused::KpqkPtrWriter<float, int=1, int=1>, float, float, int=4, int=4, int=1, int=5, int=5, int=1, int=1>(fused::ConvolutionParams<floatSrcType, int=1, int=1Type>, float)",2706010,883314
"Tesla V100-DGXS-16GB (0)","1","23","void fused::fusedConvolutionReluKernel<fused::SrcChwcPtr_FltTex_Reader<float, int=1, int=1, int=1>, fused::KpqkPtrWriter<float, int=1, int=1>, float, float, int=3, int=4, int=1, int=5, int=5, int=1, int=1>(fused::ConvolutionParams<floatSrcType, int=1, int=1Type>, float)",2542400,662854
"Tesla V100-DGXS-16GB (0)","1","23","void fused::fusedConvolutionReluKernel<fused::SrcChwcPtr_FltTex_Reader<float, int=1, int=1, int=1>, fused::KpqkPtrWriter<float, int=1, int=1>, float, float, int=2, int=4, int=1, int=5, int=5, int=1, int=1>(fused::ConvolutionParams<floatSrcType, int=1, int=1Type>, float)",2356367,403731
"Tesla V100-DGXS-16GB (0)","1","23","void fused::fusedConvolutionReluKernel<fused::SrcChwcPtr_FltTex_Reader<float, int=1, int=1, int=2>, fused::KpqkPtrWriter<float, int=1, int=2>, float, float, int=2, int=4, int=1, int=5, int=5, int=1, int=1>(fused::ConvolutionParams<floatSrcType, int=2, int=1Type>, float)",2797532,965608
"Tesla V100-DGXS-16GB (0)","1","23","void fused::fusedConvolutionReluKernel<fused::SrcChwcPtr_FltTex_Reader<float, int=1, int=1, int=2>, fused::KpqkPtrWriter<float, int=1, int=2>, float, float, int=2, int=5, int=1, int=5, int=5, int=1, int=1>(fused::ConvolutionParams<floatSrcType, int=2, int=1Type>, float)",2866035,1035373
"Tesla V100-DGXS-16GB (0)","1","23","cask::computeOffsetsKernel(cask::ComputeOffsetsParams)",10398,92
"Tesla V100-DGXS-16GB (0)","1","23","trt_volta_scudnn_128x128_relu_xregs_large_nn_v1",1648544,59911
"Tesla V100-DGXS-16GB (0)","1","23","cask::computeOffsetsKernel(cask::ComputeOffsetsParams)",11630,92
"Tesla V100-DGXS-16GB (0)","1","23","trt_volta_scudnn_128x32_relu_small_nn_v1",1605968,89613
"Tesla V100-DGXS-16GB (0)","1","23","cask::computeOffsetsKernel(cask::ComputeOffsetsParams)",9345,92
"Tesla V100-DGXS-16GB (0)","1","23","trt_volta_scudnn_128x64_relu_medium_nn_v1",1598562,100275
"Tesla V100-DGXS-16GB (0)","1","23","cask::computeOffsetsKernel(cask::ComputeOffsetsParams)",9397,92
"Tesla V100-DGXS-16GB (0)","1","23","trt_volta_scudnn_128x64_relu_xregs_large_nn_v1",1600333,106537
"Tesla V100-DGXS-16GB (0)","1","23","cask::computeOffsetsKernel(cask::ComputeOffsetsParams)",9165,92
"Tesla V100-DGXS-16GB (0)","1","23","trt_volta_scudnn_128x128_relu_medium_nn_v1",1589539,53579
"Tesla V100-DGXS-16GB (0)","1","23","cask::computeOffsetsKernel(cask::ComputeOffsetsParams)",11399,92
"Tesla V100-DGXS-16GB (0)","1","23","trt_volta_scudnn_128x128_relu_small_nn_v1",1601126,54502
"Tesla V100-DGXS-16GB (0)","1","23","cask::computeOffsetsKernel(cask::ComputeOffsetsParams)",10737,92
"Tesla V100-DGXS-16GB (0)","1","23","trt_volta_scudnn_128x64_relu_small_nn_v1",1601494,101704
"Tesla V100-DGXS-16GB (0)","1","23","void cudnn::detail::implicit_convolve_sgemm<float, float, int=1024, int=6, int=7, int=3, int=3, int=5, int=1, bool=1, bool=0, bool=1>(int, int, int, float const *, int, float*, cudnn::detail::implicit_convolve_sgemm<float, float, int=1024, int=6, int=7, int=3, int=3, int=5, int=1, bool=1, bool=0, bool=1>*, kernel_conv_params, int, float, float, int, float, float, int, int)",3359175,716858
"Tesla V100-DGXS-16GB (0)","1","23","void add_tensor_kernel_v3<int=2, float, float, int=128, int=1, int=1, int=4, int=2>(cudnnTensorStruct, float*, cudnnTensorStruct, float const *, float, float)",1661988,1605969
"Tesla V100-DGXS-16GB (0)","1","23","void cudnn::detail::activation_fw_4d_kernel<float, float, int=128, int=1, int=4, cudnn::detail::relu_func<float, cudnnNanPropagation_t=1, bool=0>>(cudnnTensorStruct, float const *, cudnn::detail::activation_fw_4d_kernel<float, float, int=128, int=1, int=4, cudnn::detail::relu_func<float, cudnnNanPropagation_t=1, bool=0>>, cudnnTensorStruct*, float, cudnnTensorStruct*, int, cudnnTensorStruct*)",1610145,1600321
"Tesla V100-DGXS-16GB (0)","1","23","cudnn::gemm::computeOffsetsKernel(cudnn::gemm::ComputeOffsetsParams)",8621,76
"Tesla V100-DGXS-16GB (0)","1","23","volta_scudnn_128x128_relu_small_nn_v1",1600825,52782
"Tesla V100-DGXS-16GB (0)","1","23","void add_tensor_kernel_v3<int=2, float, float, int=128, int=1, int=1, int=4, int=2>(cudnnTensorStruct, float*, cudnnTensorStruct, float const *, float, float)",1606774,1606002
"Tesla V100-DGXS-16GB (0)","1","23","void cudnn::detail::activation_fw_4d_kernel<float, float, int=128, int=1, int=4, cudnn::detail::relu_func<float, cudnnNanPropagation_t=1, bool=0>>(cudnnTensorStruct, float const *, cudnn::detail::activation_fw_4d_kernel<float, float, int=128, int=1, int=4, cudnn::detail::relu_func<float, cudnnNanPropagation_t=1, bool=0>>, cudnnTensorStruct*, float, cudnnTensorStruct*, int, cudnnTensorStruct*)",1610540,1600669
"Tesla V100-DGXS-16GB (0)","1","23","void nvinfer1::tiled_pooling::poolCHW_PQT<int=2, int=2, int=2, int=2, int=2, int=32, int=256, int=1, int=1, bool=1, nvinfer1::ITiledPooling::PoolingMode, bool=0>(nvinfer1::TiledPoolingParams)",476937,1605715
"Tesla V100-DGXS-16GB (0)","1","23","void nvinfer1::tiled_pooling::poolCHW_PQT<int=2, int=2, int=2, int=2, int=2, int=32, int=256, int=2, int=1, bool=1, nvinfer1::ITiledPooling::PoolingMode, bool=0>(nvinfer1::TiledPoolingParams)",394106,1605719
"Tesla V100-DGXS-16GB (0)","1","23","void nvinfer1::tiled_pooling::poolCHW_PQT<int=2, int=2, int=2, int=2, int=2, int=32, int=256, int=3, int=1, bool=1, nvinfer1::ITiledPooling::PoolingMode, bool=0>(nvinfer1::TiledPoolingParams)",398218,1605735
"Tesla V100-DGXS-16GB (0)","1","23","void nvinfer1::tiled_pooling::poolCHW_PQT<int=2, int=2, int=2, int=2, int=2, int=32, int=256, int=4, int=1, bool=1, nvinfer1::ITiledPooling::PoolingMode, bool=0>(nvinfer1::TiledPoolingParams)",399350,1605751
"Tesla V100-DGXS-16GB (0)","1","23","void nvinfer1::tiled_pooling::poolCHW_PQT<int=2, int=2, int=2, int=2, int=2, int=32, int=256, int=5, int=1, bool=1, nvinfer1::ITiledPooling::PoolingMode, bool=0>(nvinfer1::TiledPoolingParams)",399813,1605759
"Tesla V100-DGXS-16GB (0)","1","23","void nvinfer1::tiled_pooling::poolCHW_PQT<int=2, int=2, int=2, int=2, int=2, int=32, int=256, int=6, int=1, bool=1, nvinfer1::ITiledPooling::PoolingMode, bool=0>(nvinfer1::TiledPoolingParams)",400269,1605775
"Tesla V100-DGXS-16GB (0)","1","23","void nvinfer1::tiled_pooling::poolCHW_PQT<int=2, int=2, int=2, int=2, int=2, int=32, int=256, int=7, int=1, bool=1, nvinfer1::ITiledPooling::PoolingMode, bool=0>(nvinfer1::TiledPoolingParams)",400559,1605791
"Tesla V100-DGXS-16GB (0)","1","23","void nvinfer1::tiled_pooling::poolCHW_PQT<int=2, int=2, int=2, int=2, int=2, int=32, int=256, int=8, int=1, bool=1, nvinfer1::ITiledPooling::PoolingMode, bool=0>(nvinfer1::TiledPoolingParams)",402932,1605799
"Tesla V100-DGXS-16GB (0)","1","23","void nvinfer1::tiled_pooling::poolCHW_PQT<int=2, int=2, int=2, int=2, int=2, int=16, int=128, int=1, int=1, bool=1, nvinfer1::ITiledPooling::PoolingMode, bool=0>(nvinfer1::TiledPoolingParams)",414409,1605703
"Tesla V100-DGXS-16GB (0)","1","23","void nvinfer1::tiled_pooling::poolCHW_PQT<int=2, int=2, int=2, int=2, int=2, int=16, int=128, int=2, int=1, bool=1, nvinfer1::ITiledPooling::PoolingMode, bool=0>(nvinfer1::TiledPoolingParams)",390429,1605719
"Tesla V100-DGXS-16GB (0)","1","23","void nvinfer1::tiled_pooling::poolCHW_PQT<int=2, int=2, int=2, int=2, int=2, int=16, int=128, int=3, int=1, bool=1, nvinfer1::ITiledPooling::PoolingMode, bool=0>(nvinfer1::TiledPoolingParams)",398844,1605735
"Tesla V100-DGXS-16GB (0)","1","23","void nvinfer1::tiled_pooling::poolCHW_PQT<int=2, int=2, int=2, int=2, int=2, int=16, int=128, int=4, int=1, bool=1, nvinfer1::ITiledPooling::PoolingMode, bool=0>(nvinfer1::TiledPoolingParams)",400347,1605751
"Tesla V100-DGXS-16GB (0)","1","23","void nvinfer1::tiled_pooling::poolCHW_PQT<int=2, int=2, int=2, int=2, int=2, int=16, int=128, int=5, int=1, bool=1, nvinfer1::ITiledPooling::PoolingMode, bool=0>(nvinfer1::TiledPoolingParams)",399577,1605759
"Tesla V100-DGXS-16GB (0)","1","23","void nvinfer1::tiled_pooling::poolCHW_PQT<int=2, int=2, int=2, int=2, int=2, int=16, int=128, int=6, int=1, bool=1, nvinfer1::ITiledPooling::PoolingMode, bool=0>(nvinfer1::TiledPoolingParams)",400351,1605775
"Tesla V100-DGXS-16GB (0)","1","23","void nvinfer1::tiled_pooling::poolCHW_PQT<int=2, int=2, int=2, int=2, int=2, int=16, int=128, int=7, int=1, bool=1, nvinfer1::ITiledPooling::PoolingMode, bool=0>(nvinfer1::TiledPoolingParams)",400924,1605783
"Tesla V100-DGXS-16GB (0)","1","23","void nvinfer1::tiled_pooling::poolCHW_PQT<int=2, int=2, int=2, int=2, int=2, int=16, int=128, int=8, int=1, bool=1, nvinfer1::ITiledPooling::PoolingMode, bool=0>(nvinfer1::TiledPoolingParams)",403074,1605815
"Tesla V100-DGXS-16GB (0)","1","23","void fused::fusedConvolutionReluKernel<fused::SrcChwcPtr_FltTex_Reader<float, int=1, int=1, int=1>, fused::KpqkPtrWriter<float, int=1, int=1>, float, float, int=4, int=4, int=1, int=5, int=5, int=1, int=1>(fused::ConvolutionParams<floatSrcType, int=1, int=1Type>, float)",514042,771999
"Tesla V100-DGXS-16GB (0)","1","23","void fused::fusedConvolutionReluKernel<fused::SrcChwcPtr_FltTex_Reader<float, int=1, int=1, int=1>, fused::KpqkPtrWriter<float, int=1, int=1>, float, float, int=5, int=5, int=2, int=5, int=5, int=1, int=1>(fused::ConvolutionParams<floatSrcType, int=1, int=1Type>, float)",481575,1546690
"Tesla V100-DGXS-16GB (0)","1","23","void fused::fusedConvolutionReluKernel<fused::SrcChwcPtr_FltTex_Reader<float, int=1, int=1, int=1>, fused::KpqkPtrWriter<float, int=1, int=1>, float, float, int=5, int=5, int=1, int=5, int=5, int=1, int=1>(fused::ConvolutionParams<floatSrcType, int=1, int=1Type>, float)",450827,855862
"Tesla V100-DGXS-16GB (0)","1","23","void fused::fusedConvolutionReluKernel<fused::SrcChwcPtr_FltTex_Reader<float, int=1, int=1, int=1>, fused::KpqkPtrWriter<float, int=1, int=1>, float, float, int=4, int=6, int=8, int=5, int=5, int=1, int=1>(fused::ConvolutionParams<floatSrcType, int=1, int=1Type>, float)",364785,592596
"Tesla V100-DGXS-16GB (0)","1","23","void fused::fusedConvolutionReluKernel<fused::SrcChwcPtr_FltTex_Reader<float, int=1, int=1, int=1>, fused::KpqkPtrWriter<float, int=1, int=1>, float, float, int=6, int=5, int=8, int=5, int=5, int=1, int=1>(fused::ConvolutionParams<floatSrcType, int=1, int=1Type>, float)",360924,544564
"Tesla V100-DGXS-16GB (0)","1","23","void fused::fusedConvolutionReluKernel<fused::SrcChwcPtr_FltTex_Reader<float, int=1, int=1, int=1>, fused::KpqkPtrWriter<float, int=1, int=1>, float, float, int=3, int=5, int=4, int=5, int=5, int=1, int=1>(fused::ConvolutionParams<floatSrcType, int=1, int=1Type>, float)",377576,608881
"Tesla V100-DGXS-16GB (0)","1","23","void fused::fusedConvolutionReluKernel<fused::SrcChwcPtr_FltTex_Reader<float, int=1, int=1, int=1>, fused::KpqkPtrWriter<float, int=1, int=1>, float, float, int=4, int=5, int=4, int=5, int=5, int=1, int=1>(fused::ConvolutionParams<floatSrcType, int=1, int=1Type>, float)",379183,854305
"Tesla V100-DGXS-16GB (0)","1","23","void fused::fusedConvolutionReluKernel<fused::SrcChwcPtr_FltTex_Reader<float, int=1, int=1, int=1>, fused::KpqkPtrWriter<float, int=1, int=1>, float, float, int=5, int=5, int=4, int=5, int=5, int=1, int=1>(fused::ConvolutionParams<floatSrcType, int=1, int=1Type>, float)",395178,810355
"Tesla V100-DGXS-16GB (0)","1","23","void fused::fusedConvolutionReluKernel<fused::SrcChwcPtr_FltTex_Reader<float, int=1, int=1, int=1>, fused::KpqkPtrWriter<float, int=1, int=1>, float, float, int=3, int=5, int=2, int=5, int=5, int=1, int=1>(fused::ConvolutionParams<floatSrcType, int=1, int=1Type>, float)",428361,930619
"Tesla V100-DGXS-16GB (0)","1","23","void fused::fusedConvolutionReluKernel<fused::SrcChwcPtr_FltTex_Reader<float, int=1, int=1, int=1>, fused::KpqkPtrWriter<float, int=1, int=1>, float, float, int=5, int=6, int=8, int=5, int=5, int=1, int=1>(fused::ConvolutionParams<floatSrcType, int=1, int=1Type>, float)",351709,516402
"Tesla V100-DGXS-16GB (0)","1","23","void fused::fusedConvolutionReluKernel<fused::SrcChwcPtr_FltTex_Reader<float, int=1, int=1, int=1>, fused::KpqkPtrWriter<float, int=1, int=1>, float, float, int=4, int=4, int=1, int=5, int=5, int=1, int=1>(fused::ConvolutionParams<floatSrcType, int=1, int=1Type>, float)",431132,783818
"Tesla V100-DGXS-16GB (0)","1","23","void fused::fusedConvolutionReluKernel<fused::SrcChwcPtr_FltTex_Reader<float, int=1, int=1, int=1>, fused::KpqkPtrWriter<float, int=1, int=1>, float, float, int=3, int=4, int=1, int=5, int=5, int=1, int=1>(fused::ConvolutionParams<floatSrcType, int=1, int=1Type>, float)",446735,886578
"Tesla V100-DGXS-16GB (0)","1","23","void fused::fusedConvolutionReluKernel<fused::SrcChwcPtr_FltTex_Reader<float, int=1, int=1, int=1>, fused::KpqkPtrWriter<float, int=1, int=1>, float, float, int=5, int=4, int=2, int=5, int=5, int=1, int=1>(fused::ConvolutionParams<floatSrcType, int=1, int=1Type>, float)",442901,1194231
"Tesla V100-DGXS-16GB (0)","1","23","void fused::fusedConvolutionReluKernel<fused::SrcChwcPtr_FltTex_Reader<float, int=1, int=1, int=1>, fused::KpqkPtrWriter<float, int=1, int=1>, float, float, int=4, int=4, int=8, int=5, int=5, int=1, int=1>(fused::ConvolutionParams<floatSrcType, int=1, int=1Type>, float)",354299,486151
"Tesla V100-DGXS-16GB (0)","1","23","void fused::fusedConvolutionReluKernel<fused::SrcChwcPtr_FltTex_Reader<float, int=1, int=1, int=1>, fused::KpqkPtrWriter<float, int=1, int=1>, float, float, int=3, int=4, int=8, int=5, int=5, int=1, int=1>(fused::ConvolutionParams<floatSrcType, int=1, int=1Type>, float)",342929,489114
"Tesla V100-DGXS-16GB (0)","1","23","void fused::fusedConvolutionReluKernel<fused::SrcChwcPtr_FltTex_Reader<float, int=1, int=1, int=1>, fused::KpqkPtrWriter<float, int=1, int=1>, float, float, int=2, int=4, int=1, int=5, int=5, int=1, int=1>(fused::ConvolutionParams<floatSrcType, int=1, int=1Type>, float)",455242,1440076
"Tesla V100-DGXS-16GB (0)","1","23","void fused::fusedConvolutionReluKernel<fused::SrcChwcPtr_FltTex_Reader<float, int=1, int=1, int=1>, fused::KpqkPtrWriter<float, int=1, int=1>, float, float, int=4, int=4, int=4, int=5, int=5, int=1, int=1>(fused::ConvolutionParams<floatSrcType, int=1, int=1Type>, float)",376646,629180
"Tesla V100-DGXS-16GB (0)","1","23","void fused::fusedConvolutionReluKernel<fused::SrcChwcPtr_FltTex_Reader<float, int=1, int=1, int=1>, fused::KpqkPtrWriter<float, int=1, int=1>, float, float, int=4, int=6, int=4, int=5, int=5, int=1, int=1>(fused::ConvolutionParams<floatSrcType, int=1, int=1Type>, float)",449071,1151180
"Tesla V100-DGXS-16GB (0)","1","23","void fused::fusedConvolutionReluKernel<fused::SrcChwcPtr_FltTex_Reader<float, int=1, int=1, int=1>, fused::KpqkPtrWriter<float, int=1, int=1>, float, float, int=4, int=4, int=2, int=5, int=5, int=1, int=1>(fused::ConvolutionParams<floatSrcType, int=1, int=1Type>, float)",417246,874627
"Tesla V100-DGXS-16GB (0)","1","23","void fused::fusedConvolutionReluKernel<fused::SrcChwcPtr_FltTex_Reader<float, int=1, int=1, int=1>, fused::KpqkPtrWriter<float, int=1, int=1>, float, float, int=3, int=5, int=4, int=5, int=5, int=1, int=1>(fused::ConvolutionParams<floatSrcType, int=1, int=1Type>, float)",377467,605175
"Tesla V100-DGXS-16GB (0)","1","23","void fused::fusedConvolutionReluKernel<fused::SrcChwcPtr_FltTex_Reader<float, int=1, int=1, int=1>, fused::KpqkPtrWriter<float, int=1, int=1>, float, float, int=6, int=4, int=2, int=5, int=5, int=1, int=1>(fused::ConvolutionParams<floatSrcType, int=1, int=1Type>, float)",442302,1477476
"Tesla V100-DGXS-16GB (0)","1","23","cask::computeOffsetsKernel(cask::ComputeOffsetsParams)",1581,97
"Tesla V100-DGXS-16GB (0)","1","23","trt_volta_scudnn_128x128_relu_xregs_large_nn_v1",380547,1041814
"Tesla V100-DGXS-16GB (0)","1","23","cask::computeOffsetsKernel(cask::ComputeOffsetsParams)",3301,92
"Tesla V100-DGXS-16GB (0)","1","23","trt_volta_scudnn_128x32_relu_small_nn_v1",371701,993222
"Tesla V100-DGXS-16GB (0)","1","23","cask::computeOffsetsKernel(cask::ComputeOffsetsParams)",3903,100
"Tesla V100-DGXS-16GB (0)","1","23","trt_volta_scudnn_128x64_relu_medium_nn_v1",340391,574398
"Tesla V100-DGXS-16GB (0)","1","23","cask::computeOffsetsKernel(cask::ComputeOffsetsParams)",3919,92
"Tesla V100-DGXS-16GB (0)","1","23","trt_volta_scudnn_128x64_relu_xregs_large_nn_v1",431119,744962
"Tesla V100-DGXS-16GB (0)","1","23","cask::computeOffsetsKernel(cask::ComputeOffsetsParams)",3272,92
"Tesla V100-DGXS-16GB (0)","1","23","trt_volta_scudnn_128x128_relu_medium_nn_v1",400663,670320
"Tesla V100-DGXS-16GB (0)","1","23","cask::computeOffsetsKernel(cask::ComputeOffsetsParams)",3355,92
"Tesla V100-DGXS-16GB (0)","1","23","trt_volta_scudnn_128x128_relu_small_nn_v1",400987,671209
"Tesla V100-DGXS-16GB (0)","1","23","cask::computeOffsetsKernel(cask::ComputeOffsetsParams)",3445,92
"Tesla V100-DGXS-16GB (0)","1","23","trt_volta_scudnn_128x64_relu_small_nn_v1",338692,582417
"Tesla V100-DGXS-16GB (0)","1","23","void cudnn::detail::implicit_convolve_sgemm<float, float, int=1024, int=6, int=7, int=3, int=3, int=5, int=1, bool=1, bool=0, bool=1>(int, int, int, float const *, int, float*, cudnn::detail::implicit_convolve_sgemm<float, float, int=1024, int=6, int=7, int=3, int=3, int=5, int=1, bool=1, bool=0, bool=1>*, kernel_conv_params, int, float, float, int, float, float, int, int)",589661,681964
"Tesla V100-DGXS-16GB (0)","1","23","void add_tensor_kernel_v3<int=2, float, float, int=128, int=1, int=1, int=4, int=2>(cudnnTensorStruct, float*, cudnnTensorStruct, float const *, float, float)",108849,185731
"Tesla V100-DGXS-16GB (0)","1","23","void cudnn::detail::activation_fw_4d_kernel<float, float, int=128, int=1, int=4, cudnn::detail::relu_func<float, cudnnNanPropagation_t=1, bool=0>>(cudnnTensorStruct, float const *, cudnn::detail::activation_fw_4d_kernel<float, float, int=128, int=1, int=4, cudnn::detail::relu_func<float, cudnnNanPropagation_t=1, bool=0>>, cudnnTensorStruct*, float, cudnnTensorStruct*, int, cudnnTensorStruct*)",197960,41586
"Tesla V100-DGXS-16GB (0)","1","23","cudnn::gemm::computeOffsetsKernel(cudnn::gemm::ComputeOffsetsParams)",3130,76
"Tesla V100-DGXS-16GB (0)","1","23","volta_scudnn_128x64_relu_small_nn_v1",208741,540996
"Tesla V100-DGXS-16GB (0)","1","23","void add_tensor_kernel_v3<int=2, float, float, int=128, int=1, int=1, int=4, int=2>(cudnnTensorStruct, float*, cudnnTensorStruct, float const *, float, float)",138529,92655
"Tesla V100-DGXS-16GB (0)","1","23","void cudnn::detail::activation_fw_4d_kernel<float, float, int=128, int=1, int=4, cudnn::detail::relu_func<float, cudnnNanPropagation_t=1, bool=0>>(cudnnTensorStruct, float const *, cudnn::detail::activation_fw_4d_kernel<float, float, int=128, int=1, int=4, cudnn::detail::relu_func<float, cudnnNanPropagation_t=1, bool=0>>, cudnnTensorStruct*, float, cudnnTensorStruct*, int, cudnnTensorStruct*)",198489,41576
"Tesla V100-DGXS-16GB (0)","1","23","void fused::fusedConvolutionReluKernel<fused::SrcChwcPtr_FltTex_Reader<float, int=1, int=1, int=1>, fused::KpqkPtrWriter<float, int=1, int=1>, float, float, int=4, int=4, int=1, int=5, int=5, int=1, int=1>(fused::ConvolutionParams<floatSrcType, int=1, int=1Type>, float)",1691524,13358707
"Tesla V100-DGXS-16GB (0)","1","23","void fused::fusedConvolutionReluKernel<fused::SrcChwcPtr_FltTex_Reader<float, int=1, int=1, int=2>, fused::KpqkPtrWriter<float, int=1, int=2>, float, float, int=3, int=5, int=1, int=5, int=5, int=1, int=1>(fused::ConvolutionParams<floatSrcType, int=2, int=1Type>, float)",1895833,3760380
"Tesla V100-DGXS-16GB (0)","1","23","void fused::fusedConvolutionReluKernel<fused::SrcChwcPtr_FltTex_Reader<float, int=1, int=1, int=1>, fused::KpqkPtrWriter<float, int=1, int=1>, float, float, int=5, int=5, int=1, int=5, int=5, int=1, int=1>(fused::ConvolutionParams<floatSrcType, int=1, int=1Type>, float)",1930857,12987935
"Tesla V100-DGXS-16GB (0)","1","23","void fused::fusedConvolutionReluKernel<fused::SrcChwcPtr_FltTex_Reader<float, int=1, int=1, int=4>, fused::KpqkPtrWriter<float, int=1, int=4>, float, float, int=5, int=3, int=1, int=5, int=5, int=1, int=1>(fused::ConvolutionParams<floatSrcType, int=4, int=1Type>, float)",2164531,2743555
"Tesla V100-DGXS-16GB (0)","1","23","void fused::fusedConvolutionReluKernel<fused::SrcChwcPtr_FltTex_Reader<float, int=1, int=1, int=2>, fused::KpqkPtrWriter<float, int=1, int=2>, float, float, int=2, int=5, int=1, int=5, int=5, int=1, int=1>(fused::ConvolutionParams<floatSrcType, int=2, int=1Type>, float)",1984715,11714430
"Tesla V100-DGXS-16GB (0)","1","23","void fused::fusedConvolutionReluKernel<fused::SrcChwcPtr_FltTex_Reader<float, int=1, int=1, int=2>, fused::KpqkPtrWriter<float, int=1, int=2>, float, float, int=5, int=2, int=1, int=5, int=5, int=1, int=1>(fused::ConvolutionParams<floatSrcType, int=2, int=1Type>, float)",2902740,27957781
"Tesla V100-DGXS-16GB (0)","1","23","void fused::fusedConvolutionReluKernel<fused::SrcChwcPtr_FltTex_Reader<float, int=1, int=1, int=1>, fused::KpqkPtrWriter<float, int=1, int=1>, float, float, int=4, int=4, int=1, int=5, int=5, int=1, int=1>(fused::ConvolutionParams<floatSrcType, int=1, int=1Type>, float)",1694862,13320450
"Tesla V100-DGXS-16GB (0)","1","23","void fused::fusedConvolutionReluKernel<fused::SrcChwcPtr_FltTex_Reader<float, int=1, int=1, int=1>, fused::KpqkPtrWriter<float, int=1, int=1>, float, float, int=3, int=4, int=1, int=5, int=5, int=1, int=1>(fused::ConvolutionParams<floatSrcType, int=1, int=1Type>, float)",1723004,28481583
"Tesla V100-DGXS-16GB (0)","1","23","void fused::fusedConvolutionReluKernel<fused::SrcChwcPtr_FltTex_Reader<float, int=1, int=1, int=1>, fused::KpqkPtrWriter<float, int=1, int=1>, float, float, int=2, int=4, int=1, int=5, int=5, int=1, int=1>(fused::ConvolutionParams<floatSrcType, int=1, int=1Type>, float)",1732584,56371925
"Tesla V100-DGXS-16GB (0)","1","23","void fused::fusedConvolutionReluKernel<fused::SrcChwcPtr_FltTex_Reader<float, int=1, int=1, int=2>, fused::KpqkPtrWriter<float, int=1, int=2>, float, float, int=2, int=4, int=1, int=5, int=5, int=1, int=1>(fused::ConvolutionParams<floatSrcType, int=2, int=1Type>, float)",1776097,27347162
"Tesla V100-DGXS-16GB (0)","1","23","void fused::fusedConvolutionReluKernel<fused::SrcChwcPtr_FltTex_Reader<float, int=1, int=1, int=2>, fused::KpqkPtrWriter<float, int=1, int=2>, float, float, int=2, int=5, int=1, int=5, int=5, int=1, int=1>(fused::ConvolutionParams<floatSrcType, int=2, int=1Type>, float)",1963346,11680329
"Tesla V100-DGXS-16GB (0)","1","23","cask::computeOffsetsKernel(cask::ComputeOffsetsParams)",3592,100
"Tesla V100-DGXS-16GB (0)","1","23","trt_volta_scudnn_128x128_relu_xregs_large_nn_v1",923353,1302897
"Tesla V100-DGXS-16GB (0)","1","23","cask::computeOffsetsKernel(cask::ComputeOffsetsParams)",3723,92
"Tesla V100-DGXS-16GB (0)","1","23","trt_volta_scudnn_128x32_relu_small_nn_v1",940967,946827
"Tesla V100-DGXS-16GB (0)","1","23","cask::computeOffsetsKernel(cask::ComputeOffsetsParams)",3684,92
"Tesla V100-DGXS-16GB (0)","1","23","trt_volta_scudnn_128x64_relu_medium_nn_v1",939763,935497
"Tesla V100-DGXS-16GB (0)","1","23","cask::computeOffsetsKernel(cask::ComputeOffsetsParams)",3607,92
"Tesla V100-DGXS-16GB (0)","1","23","trt_volta_scudnn_128x64_relu_xregs_large_nn_v1",963382,1066785
"Tesla V100-DGXS-16GB (0)","1","23","cask::computeOffsetsKernel(cask::ComputeOffsetsParams)",3784,92
"Tesla V100-DGXS-16GB (0)","1","23","trt_volta_scudnn_128x128_relu_medium_nn_v1",945580,926841
"Tesla V100-DGXS-16GB (0)","1","23","cask::computeOffsetsKernel(cask::ComputeOffsetsParams)",3727,92
"Tesla V100-DGXS-16GB (0)","1","23","trt_volta_scudnn_128x128_relu_small_nn_v1",938361,953890
"Tesla V100-DGXS-16GB (0)","1","23","cask::computeOffsetsKernel(cask::ComputeOffsetsParams)",3628,100
"Tesla V100-DGXS-16GB (0)","1","23","trt_volta_scudnn_128x64_relu_small_nn_v1",942067,921360
"Tesla V100-DGXS-16GB (0)","1","23","void cudnn::detail::implicit_convolve_sgemm<float, float, int=1024, int=6, int=7, int=3, int=3, int=5, int=1, bool=1, bool=0, bool=1>(int, int, int, float const *, int, float*, cudnn::detail::implicit_convolve_sgemm<float, float, int=1024, int=6, int=7, int=3, int=3, int=5, int=1, bool=1, bool=0, bool=1>*, kernel_conv_params, int, float, float, int, float, float, int, int)",1795815,1104761
"Tesla V100-DGXS-16GB (0)","1","23","void add_tensor_kernel_v3<int=2, float, float, int=128, int=1, int=1, int=4, int=2>(cudnnTensorStruct, float*, cudnnTensorStruct, float const *, float, float)",837461,802853
"Tesla V100-DGXS-16GB (0)","1","23","void cudnn::detail::activation_fw_4d_kernel<float, float, int=128, int=1, int=4, cudnn::detail::relu_func<float, cudnnNanPropagation_t=1, bool=0>>(cudnnTensorStruct, float const *, cudnn::detail::activation_fw_4d_kernel<float, float, int=128, int=1, int=4, cudnn::detail::relu_func<float, cudnnNanPropagation_t=1, bool=0>>, cudnnTensorStruct*, float, cudnnTensorStruct*, int, cudnnTensorStruct*)",809144,800707
"Tesla V100-DGXS-16GB (0)","1","23","cudnn::gemm::computeOffsetsKernel(cudnn::gemm::ComputeOffsetsParams)",7608,76
"Tesla V100-DGXS-16GB (0)","1","23","volta_scudnn_128x64_relu_small_nn_v1",932076,914180
"Tesla V100-DGXS-16GB (0)","1","23","void add_tensor_kernel_v3<int=2, float, float, int=128, int=1, int=1, int=4, int=2>(cudnnTensorStruct, float*, cudnnTensorStruct, float const *, float, float)",793846,794985
"Tesla V100-DGXS-16GB (0)","1","23","void cudnn::detail::activation_fw_4d_kernel<float, float, int=128, int=1, int=4, cudnn::detail::relu_func<float, cudnnNanPropagation_t=1, bool=0>>(cudnnTensorStruct, float const *, cudnn::detail::activation_fw_4d_kernel<float, float, int=128, int=1, int=4, cudnn::detail::relu_func<float, cudnnNanPropagation_t=1, bool=0>>, cudnnTensorStruct*, float, cudnnTensorStruct*, int, cudnnTensorStruct*)",808735,800769
"Tesla V100-DGXS-16GB (0)","1","23","void fused::fusedConvolutionReluKernel<fused::SrcChwcPtr_FltTex_Reader<float, int=1, int=1, int=1>, fused::KpqkPtrWriter<float, int=1, int=1>, float, float, int=4, int=4, int=1, int=5, int=5, int=1, int=1>(fused::ConvolutionParams<floatSrcType, int=1, int=1Type>, float)",309774,982204
"Tesla V100-DGXS-16GB (0)","1","23","void fused::fusedConvolutionReluKernel<fused::SrcChwcPtr_FltTex_Reader<float, int=1, int=1, int=1>, fused::KpqkPtrWriter<float, int=1, int=1>, float, float, int=5, int=5, int=2, int=5, int=5, int=1, int=1>(fused::ConvolutionParams<floatSrcType, int=1, int=1Type>, float)",258187,1226801
"Tesla V100-DGXS-16GB (0)","1","23","void fused::fusedConvolutionReluKernel<fused::SrcChwcPtr_FltTex_Reader<float, int=1, int=1, int=2>, fused::KpqkPtrWriter<float, int=1, int=2>, float, float, int=4, int=5, int=2, int=5, int=5, int=1, int=1>(fused::ConvolutionParams<floatSrcType, int=2, int=1Type>, float)",258754,1138359
"Tesla V100-DGXS-16GB (0)","1","23","void fused::fusedConvolutionReluKernel<fused::SrcChwcPtr_FltTex_Reader<float, int=1, int=1, int=2>, fused::KpqkPtrWriter<float, int=1, int=2>, float, float, int=3, int=5, int=1, int=5, int=5, int=1, int=1>(fused::ConvolutionParams<floatSrcType, int=2, int=1Type>, float)",204747,1003753
"Tesla V100-DGXS-16GB (0)","1","23","void fused::fusedConvolutionReluKernel<fused::SrcChwcPtr_FltTex_Reader<float, int=1, int=1, int=1>, fused::KpqkPtrWriter<float, int=1, int=1>, float, float, int=5, int=5, int=1, int=5, int=5, int=1, int=1>(fused::ConvolutionParams<floatSrcType, int=1, int=1Type>, float)",210779,1034338
"Tesla V100-DGXS-16GB (0)","1","23","void fused::fusedConvolutionReluKernel<fused::SrcChwcPtr_FltTex_Reader<float, int=1, int=1, int=1>, fused::KpqkPtrWriter<float, int=1, int=1>, float, float, int=4, int=6, int=8, int=5, int=5, int=1, int=1>(fused::ConvolutionParams<floatSrcType, int=1, int=1Type>, float)",240520,1650882
"Tesla V100-DGXS-16GB (0)","1","23","void fused::fusedConvolutionReluKernel<fused::SrcChwcPtr_FltTex_Reader<float, int=1, int=1, int=1>, fused::KpqkPtrWriter<float, int=1, int=1>, float, float, int=6, int=5, int=8, int=5, int=5, int=1, int=1>(fused::ConvolutionParams<floatSrcType, int=1, int=1Type>, float)",244655,1544040
"Tesla V100-DGXS-16GB (0)","1","23","void fused::fusedConvolutionReluKernel<fused::SrcChwcPtr_FltTex_Reader<float, int=1, int=1, int=2>, fused::KpqkPtrWriter<float, int=1, int=2>, float, float, int=3, int=5, int=8, int=5, int=5, int=1, int=1>(fused::ConvolutionParams<floatSrcType, int=2, int=1Type>, float)",242030,1502060
"Tesla V100-DGXS-16GB (0)","1","23","void fused::fusedConvolutionReluKernel<fused::SrcChwcPtr_FltTex_Reader<float, int=1, int=1, int=4>, fused::KpqkPtrWriter<float, int=1, int=4>, float, float, int=5, int=3, int=2, int=5, int=5, int=1, int=1>(fused::ConvolutionParams<floatSrcType, int=4, int=1Type>, float)",252514,1217676
"Tesla V100-DGXS-16GB (0)","1","23","void fused::fusedConvolutionReluKernel<fused::SrcChwcPtr_FltTex_Reader<float, int=1, int=1, int=1>, fused::KpqkPtrWriter<float, int=1, int=1>, float, float, int=3, int=5, int=4, int=5, int=5, int=1, int=1>(fused::ConvolutionParams<floatSrcType, int=1, int=1Type>, float)",238987,1271302
"Tesla V100-DGXS-16GB (0)","1","23","void fused::fusedConvolutionReluKernel<fused::SrcChwcPtr_FltTex_Reader<float, int=1, int=1, int=1>, fused::KpqkPtrWriter<float, int=1, int=1>, float, float, int=4, int=5, int=4, int=5, int=5, int=1, int=1>(fused::ConvolutionParams<floatSrcType, int=1, int=1Type>, float)",239940,1297712
"Tesla V100-DGXS-16GB (0)","1","23","void fused::fusedConvolutionReluKernel<fused::SrcChwcPtr_FltTex_Reader<float, int=1, int=1, int=2>, fused::KpqkPtrWriter<float, int=1, int=2>, float, float, int=3, int=5, int=4, int=5, int=5, int=1, int=1>(fused::ConvolutionParams<floatSrcType, int=2, int=1Type>, float)",249740,1227754
"Tesla V100-DGXS-16GB (0)","1","23","void fused::fusedConvolutionReluKernel<fused::SrcChwcPtr_FltTex_Reader<float, int=1, int=1, int=1>, fused::KpqkPtrWriter<float, int=1, int=1>, float, float, int=5, int=5, int=4, int=5, int=5, int=1, int=1>(fused::ConvolutionParams<floatSrcType, int=1, int=1Type>, float)",243668,1244286
"Tesla V100-DGXS-16GB (0)","1","23","void fused::fusedConvolutionReluKernel<fused::SrcChwcPtr_FltTex_Reader<float, int=1, int=1, int=2>, fused::KpqkPtrWriter<float, int=1, int=2>, float, float, int=2, int=5, int=2, int=5, int=5, int=1, int=1>(fused::ConvolutionParams<floatSrcType, int=2, int=1Type>, float)",285108,1278734
"Tesla V100-DGXS-16GB (0)","1","23","void fused::fusedConvolutionReluKernel<fused::SrcChwcPtr_FltTex_Reader<float, int=1, int=1, int=4>, fused::KpqkPtrWriter<float, int=1, int=4>, float, float, int=5, int=3, int=1, int=5, int=5, int=1, int=1>(fused::ConvolutionParams<floatSrcType, int=4, int=1Type>, float)",280735,1113469
"Tesla V100-DGXS-16GB (0)","1","23","void fused::fusedConvolutionReluKernel<fused::SrcChwcPtr_FltTex_Reader<float, int=1, int=1, int=2>, fused::KpqkPtrWriter<float, int=1, int=2>, float, float, int=2, int=5, int=1, int=5, int=5, int=1, int=1>(fused::ConvolutionParams<floatSrcType, int=2, int=1Type>, float)",211564,1008494
"Tesla V100-DGXS-16GB (0)","1","23","void fused::fusedConvolutionReluKernel<fused::SrcChwcPtr_FltTex_Reader<float, int=1, int=1, int=2>, fused::KpqkPtrWriter<float, int=1, int=2>, float, float, int=5, int=2, int=1, int=5, int=5, int=1, int=1>(fused::ConvolutionParams<floatSrcType, int=2, int=1Type>, float)",249989,1080159
"Tesla V100-DGXS-16GB (0)","1","23","void fused::fusedConvolutionReluKernel<fused::SrcChwcPtr_FltTex_Reader<float, int=1, int=2, int=2>, fused::KpqkPtrWriter<float, int=1, int=2>, float, float, int=2, int=6, int=2, int=5, int=5, int=1, int=1>(fused::ConvolutionParams<floatSrcType, int=2, int=1Type>, float)",255210,1297228
"Tesla V100-DGXS-16GB (0)","1","23","void fused::fusedConvolutionReluKernel<fused::SrcChwcPtr_FltTex_Reader<float, int=1, int=1, int=4>, fused::KpqkPtrWriter<float, int=1, int=4>, float, float, int=3, int=5, int=8, int=5, int=5, int=1, int=1>(fused::ConvolutionParams<floatSrcType, int=4, int=1Type>, float)",242473,1802500
"Tesla V100-DGXS-16GB (0)","1","23","void fused::fusedConvolutionReluKernel<fused::SrcChwcPtr_FltTex_Reader<float, int=1, int=1, int=1>, fused::KpqkPtrWriter<float, int=1, int=1>, float, float, int=3, int=5, int=2, int=5, int=5, int=1, int=1>(fused::ConvolutionParams<floatSrcType, int=1, int=1Type>, float)",254012,1238781
"Tesla V100-DGXS-16GB (0)","1","23","void fused::fusedConvolutionReluKernel<fused::SrcChwcPtr_FltTex_Reader<float, int=1, int=1, int=1>, fused::KpqkPtrWriter<float, int=1, int=1>, float, float, int=5, int=6, int=8, int=5, int=5, int=1, int=1>(fused::ConvolutionParams<floatSrcType, int=1, int=1Type>, float)",241550,1545311
"Tesla V100-DGXS-16GB (0)","1","23","void fused::fusedConvolutionReluKernel<fused::SrcChwcPtr_FltTex_Reader<float, int=1, int=1, int=1>, fused::KpqkPtrWriter<float, int=1, int=1>, float, float, int=4, int=4, int=1, int=5, int=5, int=1, int=1>(fused::ConvolutionParams<floatSrcType, int=1, int=1Type>, float)",217976,977088
"Tesla V100-DGXS-16GB (0)","1","23","void fused::fusedConvolutionReluKernel<fused::SrcChwcPtr_FltTex_Reader<float, int=1, int=1, int=1>, fused::KpqkPtrWriter<float, int=1, int=1>, float, float, int=3, int=4, int=1, int=5, int=5, int=1, int=1>(fused::ConvolutionParams<floatSrcType, int=1, int=1Type>, float)",205688,1024998
"Tesla V100-DGXS-16GB (0)","1","23","void fused::fusedConvolutionReluKernel<fused::SrcChwcPtr_FltTex_Reader<float, int=1, int=1, int=4>, fused::KpqkPtrWriter<float, int=1, int=4>, float, float, int=3, int=4, int=8, int=5, int=5, int=1, int=1>(fused::ConvolutionParams<floatSrcType, int=4, int=1Type>, float)",240700,1621875
"Tesla V100-DGXS-16GB (0)","1","23","void fused::fusedConvolutionReluKernel<fused::SrcChwcPtr_FltTex_Reader<float, int=1, int=1, int=1>, fused::KpqkPtrWriter<float, int=1, int=1>, float, float, int=5, int=4, int=2, int=5, int=5, int=1, int=1>(fused::ConvolutionParams<floatSrcType, int=1, int=1Type>, float)",277009,1209505
"Tesla V100-DGXS-16GB (0)","1","23","void fused::fusedConvolutionReluKernel<fused::SrcChwcPtr_FltTex_Reader<float, int=1, int=1, int=2>, fused::KpqkPtrWriter<float, int=1, int=2>, float, float, int=2, int=5, int=2, int=5, int=5, int=1, int=1>(fused::ConvolutionParams<floatSrcType, int=2, int=1Type>, float)",289393,1253238
"Tesla V100-DGXS-16GB (0)","1","23","void fused::fusedConvolutionReluKernel<fused::SrcChwcPtr_FltTex_Reader<float, int=1, int=1, int=2>, fused::KpqkPtrWriter<float, int=1, int=2>, float, float, int=2, int=4, int=4, int=5, int=5, int=1, int=1>(fused::ConvolutionParams<floatSrcType, int=2, int=1Type>, float)",248989,1442914
"Tesla V100-DGXS-16GB (0)","1","23","void fused::fusedConvolutionReluKernel<fused::SrcChwcPtr_FltTex_Reader<float, int=1, int=1, int=1>, fused::KpqkPtrWriter<float, int=1, int=1>, float, float, int=4, int=4, int=8, int=5, int=5, int=1, int=1>(fused::ConvolutionParams<floatSrcType, int=1, int=1Type>, float)",242239,1477275
"Tesla V100-DGXS-16GB (0)","1","23","void fused::fusedConvolutionReluKernel<fused::SrcChwcPtr_FltTex_Reader<float, int=1, int=2, int=2>, fused::KpqkPtrWriter<float, int=1, int=2>, float, float, int=2, int=5, int=4, int=5, int=5, int=1, int=1>(fused::ConvolutionParams<floatSrcType, int=2, int=1Type>, float)",252471,1308261
"Tesla V100-DGXS-16GB (0)","1","23","void fused::fusedConvolutionReluKernel<fused::SrcChwcPtr_FltTex_Reader<float, int=1, int=1, int=2>, fused::KpqkPtrWriter<float, int=1, int=2>, float, float, int=4, int=4, int=8, int=5, int=5, int=1, int=1>(fused::ConvolutionParams<floatSrcType, int=2, int=1Type>, float)",240567,1427499
"Tesla V100-DGXS-16GB (0)","1","23","void fused::fusedConvolutionReluKernel<fused::SrcChwcPtr_FltTex_Reader<float, int=1, int=1, int=1>, fused::KpqkPtrWriter<float, int=1, int=1>, float, float, int=3, int=4, int=8, int=5, int=5, int=1, int=1>(fused::ConvolutionParams<floatSrcType, int=1, int=1Type>, float)",260793,2981697
"Tesla V100-DGXS-16GB (0)","1","23","void fused::fusedConvolutionReluKernel<fused::SrcChwcPtr_FltTex_Reader<float, int=1, int=1, int=2>, fused::KpqkPtrWriter<float, int=1, int=2>, float, float, int=2, int=3, int=2, int=5, int=5, int=1, int=1>(fused::ConvolutionParams<floatSrcType, int=2, int=1Type>, float)",385669,4830194
"Tesla V100-DGXS-16GB (0)","1","23","void fused::fusedConvolutionReluKernel<fused::SrcChwcPtr_FltTex_Reader<float, int=1, int=1, int=2>, fused::KpqkPtrWriter<float, int=1, int=2>, float, float, int=5, int=3, int=8, int=5, int=5, int=1, int=1>(fused::ConvolutionParams<floatSrcType, int=2, int=1Type>, float)",242979,1514285
"Tesla V100-DGXS-16GB (0)","1","23","void fused::fusedConvolutionReluKernel<fused::SrcChwcPtr_FltTex_Reader<float, int=1, int=1, int=2>, fused::KpqkPtrWriter<float, int=1, int=2>, float, float, int=2, int=5, int=4, int=5, int=5, int=1, int=1>(fused::ConvolutionParams<floatSrcType, int=2, int=1Type>, float)",260558,1440545
"Tesla V100-DGXS-16GB (0)","1","23","void fused::fusedConvolutionReluKernel<fused::SrcChwcPtr_FltTex_Reader<float, int=1, int=1, int=1>, fused::KpqkPtrWriter<float, int=1, int=1>, float, float, int=2, int=4, int=1, int=5, int=5, int=1, int=1>(fused::ConvolutionParams<floatSrcType, int=1, int=1Type>, float)",265403,1122885
"Tesla V100-DGXS-16GB (0)","1","23","void fused::fusedConvolutionReluKernel<fused::SrcChwcPtr_FltTex_Reader<float, int=1, int=1, int=2>, fused::KpqkPtrWriter<float, int=1, int=2>, float, float, int=2, int=4, int=1, int=5, int=5, int=1, int=1>(fused::ConvolutionParams<floatSrcType, int=2, int=1Type>, float)",203967,992021
"Tesla V100-DGXS-16GB (0)","1","23","void fused::fusedConvolutionReluKernel<fused::SrcChwcPtr_FltTex_Reader<float, int=1, int=1, int=2>, fused::KpqkPtrWriter<float, int=1, int=2>, float, float, int=3, int=5, int=8, int=5, int=5, int=1, int=1>(fused::ConvolutionParams<floatSrcType, int=2, int=1Type>, float)",240708,1496384
"Tesla V100-DGXS-16GB (0)","1","23","void fused::fusedConvolutionReluKernel<fused::SrcChwcPtr_FltTex_Reader<float, int=1, int=1, int=1>, fused::KpqkPtrWriter<float, int=1, int=1>, float, float, int=4, int=4, int=4, int=5, int=5, int=1, int=1>(fused::ConvolutionParams<floatSrcType, int=1, int=1Type>, float)",238333,1218041
"Tesla V100-DGXS-16GB (0)","1","23","void fused::fusedConvolutionReluKernel<fused::SrcChwcPtr_FltTex_Reader<float, int=1, int=1, int=2>, fused::KpqkPtrWriter<float, int=1, int=2>, float, float, int=2, int=5, int=1, int=5, int=5, int=1, int=1>(fused::ConvolutionParams<floatSrcType, int=2, int=1Type>, float)",214540,993434
"Tesla V100-DGXS-16GB (0)","1","23","void fused::fusedConvolutionReluKernel<fused::SrcChwcPtr_FltTex_Reader<float, int=1, int=1, int=1>, fused::KpqkPtrWriter<float, int=1, int=1>, float, float, int=4, int=6, int=4, int=5, int=5, int=1, int=1>(fused::ConvolutionParams<floatSrcType, int=1, int=1Type>, float)",273749,1239677
"Tesla V100-DGXS-16GB (0)","1","23","void fused::fusedConvolutionReluKernel<fused::SrcChwcPtr_FltTex_Reader<float, int=1, int=1, int=1>, fused::KpqkPtrWriter<float, int=1, int=1>, float, float, int=4, int=4, int=2, int=5, int=5, int=1, int=1>(fused::ConvolutionParams<floatSrcType, int=1, int=1Type>, float)",238352,1080467
"Tesla V100-DGXS-16GB (0)","1","23","void fused::fusedConvolutionReluKernel<fused::SrcChwcPtr_FltTex_Reader<float, int=1, int=1, int=2>, fused::KpqkPtrWriter<float, int=1, int=2>, float, float, int=4, int=3, int=8, int=5, int=5, int=1, int=1>(fused::ConvolutionParams<floatSrcType, int=2, int=1Type>, float)",245100,1637797
"Tesla V100-DGXS-16GB (0)","1","23","void fused::fusedConvolutionReluKernel<fused::SrcChwcPtr_FltTex_Reader<float, int=1, int=1, int=1>, fused::KpqkPtrWriter<float, int=1, int=1>, float, float, int=3, int=5, int=4, int=5, int=5, int=1, int=1>(fused::ConvolutionParams<floatSrcType, int=1, int=1Type>, float)",237499,1278313
"Tesla V100-DGXS-16GB (0)","1","23","void fused::fusedConvolutionReluKernel<fused::SrcChwcPtr_FltTex_Reader<float, int=1, int=1, int=1>, fused::KpqkPtrWriter<float, int=1, int=1>, float, float, int=6, int=4, int=2, int=5, int=5, int=1, int=1>(fused::ConvolutionParams<floatSrcType, int=1, int=1Type>, float)",264410,1327952
"Tesla V100-DGXS-16GB (0)","1","23","cask::computeOffsetsKernel(cask::ComputeOffsetsParams)",1436,92
"Tesla V100-DGXS-16GB (0)","1","23","trt_volta_scudnn_128x128_relu_xregs_large_nn_v1",272583,1038233
"Tesla V100-DGXS-16GB (0)","1","23","cask::computeOffsetsKernel(cask::ComputeOffsetsParams)",3170,92
"Tesla V100-DGXS-16GB (0)","1","23","trt_volta_scudnn_128x32_relu_small_nn_v1",278377,1742836
"Tesla V100-DGXS-16GB (0)","1","23","cask::computeOffsetsKernel(cask::ComputeOffsetsParams)",3305,92
"Tesla V100-DGXS-16GB (0)","1","23","trt_volta_scudnn_128x64_relu_medium_nn_v1",273069,1003464
"Tesla V100-DGXS-16GB (0)","1","23","cask::computeOffsetsKernel(cask::ComputeOffsetsParams)",3267,100
"Tesla V100-DGXS-16GB (0)","1","23","trt_volta_scudnn_128x64_relu_xregs_large_nn_v1",265961,999882
"Tesla V100-DGXS-16GB (0)","1","23","cask::computeOffsetsKernel(cask::ComputeOffsetsParams)",3364,92
"Tesla V100-DGXS-16GB (0)","1","23","trt_volta_scudnn_128x128_relu_medium_nn_v1",285140,1030706
"Tesla V100-DGXS-16GB (0)","1","23","cask::computeOffsetsKernel(cask::ComputeOffsetsParams)",3269,92
"Tesla V100-DGXS-16GB (0)","1","23","trt_volta_scudnn_128x128_relu_small_nn_v1",283582,1032685
"Tesla V100-DGXS-16GB (0)","1","23","cask::computeOffsetsKernel(cask::ComputeOffsetsParams)",3248,92
"Tesla V100-DGXS-16GB (0)","1","23","trt_volta_scudnn_128x64_relu_small_nn_v1",277080,1015855
"Tesla V100-DGXS-16GB (0)","1","23","void cudnn::detail::implicit_convolve_sgemm<float, float, int=128, int=5, int=5, int=3, int=3, int=3, int=1, bool=1, bool=0, bool=1>(int, int, int, float const *, int, float*, cudnn::detail::implicit_convolve_sgemm<float, float, int=128, int=5, int=5, int=3, int=3, int=3, int=1, bool=1, bool=0, bool=1>*, kernel_conv_params, int, float, float, int, float, float, int, int)",230247,1058362
"Tesla V100-DGXS-16GB (0)","1","23","void add_tensor_kernel_v3<int=2, float, float, int=128, int=1, int=1, int=4, int=2>(cudnnTensorStruct, float*, cudnnTensorStruct, float const *, float, float)",15261,23054
"Tesla V100-DGXS-16GB (0)","1","23","void cudnn::detail::activation_fw_4d_kernel<float, float, int=128, int=1, int=4, cudnn::detail::relu_func<float, cudnnNanPropagation_t=1, bool=0>>(cudnnTensorStruct, float const *, cudnn::detail::activation_fw_4d_kernel<float, float, int=128, int=1, int=4, cudnn::detail::relu_func<float, cudnnNanPropagation_t=1, bool=0>>, cudnnTensorStruct*, float, cudnnTensorStruct*, int, cudnnTensorStruct*)",35254,160
"Tesla V100-DGXS-16GB (0)","1","23","cudnn::gemm::computeOffsetsKernel(cudnn::gemm::ComputeOffsetsParams)",3208,76
"Tesla V100-DGXS-16GB (0)","1","23","volta_scudnn_128x64_relu_small_nn_v1",152265,998008
"Tesla V100-DGXS-16GB (0)","1","23","void add_tensor_kernel_v3<int=2, float, float, int=128, int=1, int=1, int=4, int=2>(cudnnTensorStruct, float*, cudnnTensorStruct, float const *, float, float)",16926,55638
"Tesla V100-DGXS-16GB (0)","1","23","void cudnn::detail::activation_fw_4d_kernel<float, float, int=128, int=1, int=4, cudnn::detail::relu_func<float, cudnnNanPropagation_t=1, bool=0>>(cudnnTensorStruct, float const *, cudnn::detail::activation_fw_4d_kernel<float, float, int=128, int=1, int=4, cudnn::detail::relu_func<float, cudnnNanPropagation_t=1, bool=0>>, cudnnTensorStruct*, float, cudnnTensorStruct*, int, cudnnTensorStruct*)",34584,160
"Tesla V100-DGXS-16GB (0)","1","23","void fused::fusedConvolutionReluKernel<fused::SrcChwcPtr_FltTex_Reader<float, int=1, int=1, int=1>, fused::KpqkPtrWriter<float, int=1, int=1>, float, float, int=3, int=4, int=1, int=7, int=7, int=2, int=2>(fused::ConvolutionParams<floatSrcType, int=1, int=1Type>, float)",483185,570137
"Tesla V100-DGXS-16GB (0)","1","23","cask::computeOffsetsKernel(cask::ComputeOffsetsParams)",1136,92
"Tesla V100-DGXS-16GB (0)","1","23","trt_volta_scudnn_128x128_relu_xregs_large_nn_v1",317978,380293
"Tesla V100-DGXS-16GB (0)","1","23","cask::computeOffsetsKernel(cask::ComputeOffsetsParams)",1136,92
"Tesla V100-DGXS-16GB (0)","1","23","trt_volta_scudnn_128x64_relu_medium_nn_v1",307376,309521
"Tesla V100-DGXS-16GB (0)","1","23","cask::computeOffsetsKernel(cask::ComputeOffsetsParams)",1148,92
"Tesla V100-DGXS-16GB (0)","1","23","trt_volta_scudnn_128x64_relu_xregs_large_nn_v1",307051,308885
"Tesla V100-DGXS-16GB (0)","1","23","cask::computeOffsetsKernel(cask::ComputeOffsetsParams)",1172,92
"Tesla V100-DGXS-16GB (0)","1","23","trt_volta_scudnn_128x128_relu_medium_nn_v1",305134,350611
"Tesla V100-DGXS-16GB (0)","1","23","void cudnn::detail::implicit_convolve_sgemm<float, float, int=128, int=6, int=7, int=3, int=3, int=5, int=1, bool=1, bool=0, bool=1>(int, int, int, float const *, int, float*, cudnn::detail::implicit_convolve_sgemm<float, float, int=128, int=6, int=7, int=3, int=3, int=5, int=1, bool=1, bool=0, bool=1>*, kernel_conv_params, int, float, float, int, float, float, int, int)",289843,232483
"Tesla V100-DGXS-16GB (0)","1","23","void add_tensor_kernel_v3<int=2, float, float, int=128, int=1, int=1, int=4, int=2>(cudnnTensorStruct, float*, cudnnTensorStruct, float const *, float, float)",117785,20430
"Tesla V100-DGXS-16GB (0)","1","23","void cudnn::detail::activation_fw_4d_kernel<float, float, int=128, int=1, int=4, cudnn::detail::relu_func<float, cudnnNanPropagation_t=1, bool=0>>(cudnnTensorStruct, float const *, cudnn::detail::activation_fw_4d_kernel<float, float, int=128, int=1, int=4, cudnn::detail::relu_func<float, cudnnNanPropagation_t=1, bool=0>>, cudnnTensorStruct*, float, cudnnTensorStruct*, int, cudnnTensorStruct*)",152403,144
"Tesla V100-DGXS-16GB (0)","1","23","cudnn::gemm::computeOffsetsKernel(cudnn::gemm::ComputeOffsetsParams)",912,76
"Tesla V100-DGXS-16GB (0)","1","23","volta_scudnn_128x64_relu_medium_nn_v1",175737,209878
"Tesla V100-DGXS-16GB (0)","1","23","void add_tensor_kernel_v3<int=2, float, float, int=128, int=1, int=1, int=4, int=2>(cudnnTensorStruct, float*, cudnnTensorStruct, float const *, float, float)",115673,64799
"Tesla V100-DGXS-16GB (0)","1","23","void cudnn::detail::activation_fw_4d_kernel<float, float, int=128, int=1, int=4, cudnn::detail::relu_func<float, cudnnNanPropagation_t=1, bool=0>>(cudnnTensorStruct, float const *, cudnn::detail::activation_fw_4d_kernel<float, float, int=128, int=1, int=4, cudnn::detail::relu_func<float, cudnnNanPropagation_t=1, bool=0>>, cudnnTensorStruct*, float, cudnnTensorStruct*, int, cudnnTensorStruct*)",153898,144
"Tesla V100-DGXS-16GB (0)","1","23","void fused::fusedConvolutionReluKernel<fused::SrcChwcPtr_FltTex_Reader<float, int=1, int=1, int=1>, fused::KpqkPtrWriter<float, int=1, int=1>, float, float, int=3, int=4, int=1, int=7, int=7, int=1, int=1>(fused::ConvolutionParams<floatSrcType, int=1, int=1Type>, float)",327345,2050658
"Tesla V100-DGXS-16GB (0)","1","23","cask::computeOffsetsKernel(cask::ComputeOffsetsParams)",1136,92
"Tesla V100-DGXS-16GB (0)","1","23","trt_volta_scudnn_128x128_relu_xregs_large_nn_v1",229786,870150
"Tesla V100-DGXS-16GB (0)","1","23","cask::computeOffsetsKernel(cask::ComputeOffsetsParams)",1120,92
"Tesla V100-DGXS-16GB (0)","1","23","trt_volta_scudnn_128x64_relu_medium_nn_v1",282495,1209667
"Tesla V100-DGXS-16GB (0)","1","23","cask::computeOffsetsKernel(cask::ComputeOffsetsParams)",1052,92
"Tesla V100-DGXS-16GB (0)","1","23","trt_volta_scudnn_128x64_relu_xregs_large_nn_v1",274130,1187061
"Tesla V100-DGXS-16GB (0)","1","23","cask::computeOffsetsKernel(cask::ComputeOffsetsParams)",1100,92
"Tesla V100-DGXS-16GB (0)","1","23","trt_volta_scudnn_128x128_relu_medium_nn_v1",229350,872095
"Tesla V100-DGXS-16GB (0)","1","23","void cudnn::detail::implicit_convolve_sgemm<float, float, int=128, int=5, int=5, int=3, int=3, int=3, int=1, bool=1, bool=0, bool=1>(int, int, int, float const *, int, float*, cudnn::detail::implicit_convolve_sgemm<float, float, int=128, int=5, int=5, int=3, int=3, int=3, int=1, bool=1, bool=0, bool=1>*, kernel_conv_params, int, float, float, int, float, float, int, int)",340818,1416746
"Tesla V100-DGXS-16GB (0)","1","23","void add_tensor_kernel_v3<int=2, float, float, int=128, int=1, int=1, int=4, int=2>(cudnnTensorStruct, float*, cudnnTensorStruct, float const *, float, float)",13909,32214
"Tesla V100-DGXS-16GB (0)","1","23","void cudnn::detail::activation_fw_4d_kernel<float, float, int=128, int=1, int=4, cudnn::detail::relu_func<float, cudnnNanPropagation_t=1, bool=0>>(cudnnTensorStruct, float const *, cudnn::detail::activation_fw_4d_kernel<float, float, int=128, int=1, int=4, cudnn::detail::relu_func<float, cudnnNanPropagation_t=1, bool=0>>, cudnnTensorStruct*, float, cudnnTensorStruct*, int, cudnnTensorStruct*)",48735,160
"Tesla V100-DGXS-16GB (0)","1","23","cudnn::gemm::computeOffsetsKernel(cudnn::gemm::ComputeOffsetsParams)",2256,76
"Tesla V100-DGXS-16GB (0)","1","23","volta_scudnn_128x64_relu_medium_nn_v1",278154,1186147
"Tesla V100-DGXS-16GB (0)","1","23","void add_tensor_kernel_v3<int=2, float, float, int=128, int=1, int=1, int=4, int=2>(cudnnTensorStruct, float*, cudnnTensorStruct, float const *, float, float)",12953,52222
"Tesla V100-DGXS-16GB (0)","1","23","void cudnn::detail::activation_fw_4d_kernel<float, float, int=128, int=1, int=4, cudnn::detail::relu_func<float, cudnnNanPropagation_t=1, bool=0>>(cudnnTensorStruct, float const *, cudnn::detail::activation_fw_4d_kernel<float, float, int=128, int=1, int=4, cudnn::detail::relu_func<float, cudnnNanPropagation_t=1, bool=0>>, cudnnTensorStruct*, float, cudnnTensorStruct*, int, cudnnTensorStruct*)",48605,160
"Tesla V100-DGXS-16GB (0)","1","23","void fused::fusedConvolutionReluKernel<fused::SrcChwcPtr_FltTex_Reader<float, int=1, int=1, int=1>, fused::KpqkPtrWriter<float, int=1, int=1>, float, float, int=3, int=4, int=1, int=7, int=7, int=1, int=1>(fused::ConvolutionParams<floatSrcType, int=1, int=1Type>, float)",580944,22069337
"Tesla V100-DGXS-16GB (0)","1","23","cask::computeOffsetsKernel(cask::ComputeOffsetsParams)",1108,92
"Tesla V100-DGXS-16GB (0)","1","23","trt_volta_scudnn_128x128_relu_xregs_large_nn_v1",390067,1191988
"Tesla V100-DGXS-16GB (0)","1","23","cask::computeOffsetsKernel(cask::ComputeOffsetsParams)",1080,100
"Tesla V100-DGXS-16GB (0)","1","23","trt_volta_scudnn_128x64_relu_medium_nn_v1",334652,1208645
"Tesla V100-DGXS-16GB (0)","1","23","cask::computeOffsetsKernel(cask::ComputeOffsetsParams)",1080,92
"Tesla V100-DGXS-16GB (0)","1","23","trt_volta_scudnn_128x64_relu_xregs_large_nn_v1",332637,1201665
"Tesla V100-DGXS-16GB (0)","1","23","cask::computeOffsetsKernel(cask::ComputeOffsetsParams)",908,92
"Tesla V100-DGXS-16GB (0)","1","23","trt_volta_scudnn_128x128_relu_medium_nn_v1",350566,1307091
"Tesla V100-DGXS-16GB (0)","1","23","void cudnn::detail::implicit_convolve_sgemm<float, float, int=1024, int=6, int=7, int=3, int=3, int=5, int=1, bool=1, bool=0, bool=1>(int, int, int, float const *, int, float*, cudnn::detail::implicit_convolve_sgemm<float, float, int=1024, int=6, int=7, int=3, int=3, int=5, int=1, bool=1, bool=0, bool=1>*, kernel_conv_params, int, float, float, int, float, float, int, int)",477073,1572733
"Tesla V100-DGXS-16GB (0)","1","23","void add_tensor_kernel_v3<int=2, float, float, int=128, int=1, int=1, int=4, int=2>(cudnnTensorStruct, float*, cudnnTensorStruct, float const *, float, float)",176287,92683
"Tesla V100-DGXS-16GB (0)","1","23","void cudnn::detail::activation_fw_4d_kernel<float, float, int=128, int=1, int=4, cudnn::detail::relu_func<float, cudnnNanPropagation_t=1, bool=0>>(cudnnTensorStruct, float const *, cudnn::detail::activation_fw_4d_kernel<float, float, int=128, int=1, int=4, cudnn::detail::relu_func<float, cudnnNanPropagation_t=1, bool=0>>, cudnnTensorStruct*, float, cudnnTensorStruct*, int, cudnnTensorStruct*)",185894,34032
"Tesla V100-DGXS-16GB (0)","1","23","cudnn::gemm::computeOffsetsKernel(cudnn::gemm::ComputeOffsetsParams)",2304,76
"Tesla V100-DGXS-16GB (0)","1","23","volta_scudnn_128x64_relu_medium_nn_v1",332466,1185635
"Tesla V100-DGXS-16GB (0)","1","23","void add_tensor_kernel_v3<int=2, float, float, int=128, int=1, int=1, int=4, int=2>(cudnnTensorStruct, float*, cudnnTensorStruct, float const *, float, float)",148067,101641
"Tesla V100-DGXS-16GB (0)","1","23","void cudnn::detail::activation_fw_4d_kernel<float, float, int=128, int=1, int=4, cudnn::detail::relu_func<float, cudnnNanPropagation_t=1, bool=0>>(cudnnTensorStruct, float const *, cudnn::detail::activation_fw_4d_kernel<float, float, int=128, int=1, int=4, cudnn::detail::relu_func<float, cudnnNanPropagation_t=1, bool=0>>, cudnnTensorStruct*, float, cudnnTensorStruct*, int, cudnnTensorStruct*)",187962,37208
"Tesla V100-DGXS-16GB (0)","1","23","void nvinfer1::tiled_pooling::poolCHW_PQT<int=2, int=2, int=2, int=2, int=2, int=32, int=256, int=1, int=1, bool=1, nvinfer1::ITiledPooling::PoolingMode, bool=0>(nvinfer1::TiledPoolingParams)",147741,200804
"Tesla V100-DGXS-16GB (0)","1","23","void nvinfer1::tiled_pooling::poolCHW_PQT<int=2, int=2, int=2, int=2, int=2, int=32, int=256, int=2, int=1, bool=1, nvinfer1::ITiledPooling::PoolingMode, bool=0>(nvinfer1::TiledPoolingParams)",47825,200785
"Tesla V100-DGXS-16GB (0)","1","23","void nvinfer1::tiled_pooling::poolCHW_PQT<int=2, int=2, int=2, int=2, int=2, int=32, int=256, int=3, int=1, bool=1, nvinfer1::ITiledPooling::PoolingMode, bool=0>(nvinfer1::TiledPoolingParams)",47989,200694
"Tesla V100-DGXS-16GB (0)","1","23","void nvinfer1::tiled_pooling::poolCHW_PQT<int=2, int=2, int=2, int=2, int=2, int=32, int=256, int=4, int=1, bool=1, nvinfer1::ITiledPooling::PoolingMode, bool=0>(nvinfer1::TiledPoolingParams)",44753,200413
"Tesla V100-DGXS-16GB (0)","1","23","void nvinfer1::tiled_pooling::poolCHW_PQT<int=2, int=2, int=2, int=2, int=2, int=32, int=256, int=5, int=1, bool=1, nvinfer1::ITiledPooling::PoolingMode, bool=0>(nvinfer1::TiledPoolingParams)",44015,199777
"Tesla V100-DGXS-16GB (0)","1","23","void nvinfer1::tiled_pooling::poolCHW_PQT<int=2, int=2, int=2, int=2, int=2, int=32, int=256, int=6, int=1, bool=1, nvinfer1::ITiledPooling::PoolingMode, bool=0>(nvinfer1::TiledPoolingParams)",42495,198141
"Tesla V100-DGXS-16GB (0)","1","23","void nvinfer1::tiled_pooling::poolCHW_PQT<int=2, int=2, int=2, int=2, int=2, int=32, int=256, int=7, int=1, bool=1, nvinfer1::ITiledPooling::PoolingMode, bool=0>(nvinfer1::TiledPoolingParams)",44034,196883
"Tesla V100-DGXS-16GB (0)","1","23","void nvinfer1::tiled_pooling::poolCHW_PQT<int=2, int=2, int=2, int=2, int=2, int=32, int=256, int=8, int=1, bool=1, nvinfer1::ITiledPooling::PoolingMode, bool=0>(nvinfer1::TiledPoolingParams)",46074,186988
"Tesla V100-DGXS-16GB (0)","1","23","void nvinfer1::tiled_pooling::poolCHW_PQT<int=2, int=2, int=2, int=2, int=2, int=16, int=128, int=1, int=1, bool=1, nvinfer1::ITiledPooling::PoolingMode, bool=0>(nvinfer1::TiledPoolingParams)",64373,257745
"Tesla V100-DGXS-16GB (0)","1","23","void nvinfer1::tiled_pooling::poolCHW_PQT<int=2, int=2, int=2, int=2, int=2, int=16, int=128, int=2, int=1, bool=1, nvinfer1::ITiledPooling::PoolingMode, bool=0>(nvinfer1::TiledPoolingParams)",52213,261403
"Tesla V100-DGXS-16GB (0)","1","23","void nvinfer1::tiled_pooling::poolCHW_PQT<int=2, int=2, int=2, int=2, int=2, int=16, int=128, int=3, int=1, bool=1, nvinfer1::ITiledPooling::PoolingMode, bool=0>(nvinfer1::TiledPoolingParams)",51053,256993
"Tesla V100-DGXS-16GB (0)","1","23","void nvinfer1::tiled_pooling::poolCHW_PQT<int=2, int=2, int=2, int=2, int=2, int=16, int=128, int=4, int=1, bool=1, nvinfer1::ITiledPooling::PoolingMode, bool=0>(nvinfer1::TiledPoolingParams)",55455,247480
"Tesla V100-DGXS-16GB (0)","1","23","void nvinfer1::tiled_pooling::poolCHW_PQT<int=2, int=2, int=2, int=2, int=2, int=16, int=128, int=5, int=1, bool=1, nvinfer1::ITiledPooling::PoolingMode, bool=0>(nvinfer1::TiledPoolingParams)",53849,238628
"Tesla V100-DGXS-16GB (0)","1","23","void nvinfer1::tiled_pooling::poolCHW_PQT<int=2, int=2, int=2, int=2, int=2, int=16, int=128, int=6, int=1, bool=1, nvinfer1::ITiledPooling::PoolingMode, bool=0>(nvinfer1::TiledPoolingParams)",49397,232672
"Tesla V100-DGXS-16GB (0)","1","23","void nvinfer1::tiled_pooling::poolCHW_PQT<int=2, int=2, int=2, int=2, int=2, int=16, int=128, int=7, int=1, bool=1, nvinfer1::ITiledPooling::PoolingMode, bool=0>(nvinfer1::TiledPoolingParams)",43829,229113
"Tesla V100-DGXS-16GB (0)","1","23","void nvinfer1::tiled_pooling::poolCHW_PQT<int=2, int=2, int=2, int=2, int=2, int=16, int=128, int=8, int=1, bool=1, nvinfer1::ITiledPooling::PoolingMode, bool=0>(nvinfer1::TiledPoolingParams)",49610,213293
"Tesla V100-DGXS-16GB (0)","1","23","void fused::fusedConvolutionReluKernel<fused::SrcChwcPtr_FltTex_Reader<float, int=1, int=1, int=1>, fused::KpqkPtrWriter<float, int=1, int=1>, float, float, int=3, int=4, int=1, int=7, int=7, int=1, int=1>(fused::ConvolutionParams<floatSrcType, int=1, int=1Type>, float)",229610,355062
"Tesla V100-DGXS-16GB (0)","1","23","cask::computeOffsetsKernel(cask::ComputeOffsetsParams)",440,92
"Tesla V100-DGXS-16GB (0)","1","23","trt_volta_scudnn_128x128_relu_xregs_large_nn_v1",222402,355279
"Tesla V100-DGXS-16GB (0)","1","23","cask::computeOffsetsKernel(cask::ComputeOffsetsParams)",452,92
"Tesla V100-DGXS-16GB (0)","1","23","trt_volta_scudnn_128x64_relu_medium_nn_v1",223160,355313
"Tesla V100-DGXS-16GB (0)","1","23","cask::computeOffsetsKernel(cask::ComputeOffsetsParams)",412,92
"Tesla V100-DGXS-16GB (0)","1","23","trt_volta_scudnn_128x64_relu_xregs_large_nn_v1",222140,355313
"Tesla V100-DGXS-16GB (0)","1","23","cask::computeOffsetsKernel(cask::ComputeOffsetsParams)",476,92
"Tesla V100-DGXS-16GB (0)","1","23","trt_volta_scudnn_128x128_relu_medium_nn_v1",222909,355265
"Tesla V100-DGXS-16GB (0)","1","23","void cudnn::detail::implicit_convolve_sgemm<float, float, int=128, int=5, int=5, int=3, int=3, int=3, int=1, bool=1, bool=0, bool=1>(int, int, int, float const *, int, float*, cudnn::detail::implicit_convolve_sgemm<float, float, int=128, int=5, int=5, int=3, int=3, int=3, int=1, bool=1, bool=0, bool=1>*, kernel_conv_params, int, float, float, int, float, float, int, int)",223313,276747
"Tesla V100-DGXS-16GB (0)","1","23","void add_tensor_kernel_v3<int=2, float, float, int=128, int=1, int=1, int=4, int=2>(cudnnTensorStruct, float*, cudnnTensorStruct, float const *, float, float)",0,168
"Tesla V100-DGXS-16GB (0)","1","23","void cudnn::detail::activation_fw_4d_kernel<float, float, int=128, int=1, int=4, cudnn::detail::relu_func<float, cudnnNanPropagation_t=1, bool=0>>(cudnnTensorStruct, float const *, cudnn::detail::activation_fw_4d_kernel<float, float, int=128, int=1, int=4, cudnn::detail::relu_func<float, cudnnNanPropagation_t=1, bool=0>>, cudnnTensorStruct*, float, cudnnTensorStruct*, int, cudnnTensorStruct*)",0,144
"Tesla V100-DGXS-16GB (0)","1","23","cudnn::gemm::computeOffsetsKernel(cudnn::gemm::ComputeOffsetsParams)",880,76
"Tesla V100-DGXS-16GB (0)","1","23","volta_scudnn_128x64_relu_medium_nn_v1",213500,272638
"Tesla V100-DGXS-16GB (0)","1","23","void add_tensor_kernel_v3<int=2, float, float, int=128, int=1, int=1, int=4, int=2>(cudnnTensorStruct, float*, cudnnTensorStruct, float const *, float, float)",0,168
"Tesla V100-DGXS-16GB (0)","1","23","void cudnn::detail::activation_fw_4d_kernel<float, float, int=128, int=1, int=4, cudnn::detail::relu_func<float, cudnnNanPropagation_t=1, bool=0>>(cudnnTensorStruct, float const *, cudnn::detail::activation_fw_4d_kernel<float, float, int=128, int=1, int=4, cudnn::detail::relu_func<float, cudnnNanPropagation_t=1, bool=0>>, cudnnTensorStruct*, float, cudnnTensorStruct*, int, cudnnTensorStruct*)",0,144
"Tesla V100-DGXS-16GB (0)","1","23","void nvinfer1::tiled_pooling::poolCHW_PQT<int=2, int=2, int=2, int=2, int=2, int=32, int=256, int=1, int=1, bool=1, nvinfer1::ITiledPooling::PoolingMode, bool=0>(nvinfer1::TiledPoolingParams)",18801,76
"Tesla V100-DGXS-16GB (0)","1","23","void nvinfer1::tiled_pooling::poolCHW_PQT<int=2, int=2, int=2, int=2, int=2, int=32, int=256, int=2, int=1, bool=1, nvinfer1::ITiledPooling::PoolingMode, bool=0>(nvinfer1::TiledPoolingParams)",5428,80
"Tesla V100-DGXS-16GB (0)","1","23","void nvinfer1::tiled_pooling::poolCHW_PQT<int=2, int=2, int=2, int=2, int=2, int=32, int=256, int=3, int=1, bool=1, nvinfer1::ITiledPooling::PoolingMode, bool=0>(nvinfer1::TiledPoolingParams)",1588,96
"Tesla V100-DGXS-16GB (0)","1","23","void nvinfer1::tiled_pooling::poolCHW_PQT<int=2, int=2, int=2, int=2, int=2, int=32, int=256, int=4, int=1, bool=1, nvinfer1::ITiledPooling::PoolingMode, bool=0>(nvinfer1::TiledPoolingParams)",358,104
"Tesla V100-DGXS-16GB (0)","1","23","void nvinfer1::tiled_pooling::poolCHW_PQT<int=2, int=2, int=2, int=2, int=2, int=32, int=256, int=5, int=1, bool=1, nvinfer1::ITiledPooling::PoolingMode, bool=0>(nvinfer1::TiledPoolingParams)",312,112
"Tesla V100-DGXS-16GB (0)","1","23","void nvinfer1::tiled_pooling::poolCHW_PQT<int=2, int=2, int=2, int=2, int=2, int=32, int=256, int=6, int=1, bool=1, nvinfer1::ITiledPooling::PoolingMode, bool=0>(nvinfer1::TiledPoolingParams)",262,136
"Tesla V100-DGXS-16GB (0)","1","23","void nvinfer1::tiled_pooling::poolCHW_PQT<int=2, int=2, int=2, int=2, int=2, int=32, int=256, int=7, int=1, bool=1, nvinfer1::ITiledPooling::PoolingMode, bool=0>(nvinfer1::TiledPoolingParams)",208,144
"Tesla V100-DGXS-16GB (0)","1","23","void nvinfer1::tiled_pooling::poolCHW_PQT<int=2, int=2, int=2, int=2, int=2, int=32, int=256, int=8, int=1, bool=1, nvinfer1::ITiledPooling::PoolingMode, bool=0>(nvinfer1::TiledPoolingParams)",800,160
"Tesla V100-DGXS-16GB (0)","1","23","void nvinfer1::tiled_pooling::poolCHW_PQT<int=2, int=2, int=2, int=2, int=2, int=16, int=128, int=1, int=1, bool=1, nvinfer1::ITiledPooling::PoolingMode, bool=0>(nvinfer1::TiledPoolingParams)",100,64
"Tesla V100-DGXS-16GB (0)","1","23","void nvinfer1::tiled_pooling::poolCHW_PQT<int=2, int=2, int=2, int=2, int=2, int=16, int=128, int=2, int=1, bool=1, nvinfer1::ITiledPooling::PoolingMode, bool=0>(nvinfer1::TiledPoolingParams)",288,72
"Tesla V100-DGXS-16GB (0)","1","23","void nvinfer1::tiled_pooling::poolCHW_PQT<int=2, int=2, int=2, int=2, int=2, int=16, int=128, int=3, int=1, bool=1, nvinfer1::ITiledPooling::PoolingMode, bool=0>(nvinfer1::TiledPoolingParams)",180,96
"Tesla V100-DGXS-16GB (0)","1","23","void nvinfer1::tiled_pooling::poolCHW_PQT<int=2, int=2, int=2, int=2, int=2, int=16, int=128, int=4, int=1, bool=1, nvinfer1::ITiledPooling::PoolingMode, bool=0>(nvinfer1::TiledPoolingParams)",228,104
"Tesla V100-DGXS-16GB (0)","1","23","void nvinfer1::tiled_pooling::poolCHW_PQT<int=2, int=2, int=2, int=2, int=2, int=16, int=128, int=5, int=1, bool=1, nvinfer1::ITiledPooling::PoolingMode, bool=0>(nvinfer1::TiledPoolingParams)",360,112
"Tesla V100-DGXS-16GB (0)","1","23","void nvinfer1::tiled_pooling::poolCHW_PQT<int=2, int=2, int=2, int=2, int=2, int=16, int=128, int=6, int=1, bool=1, nvinfer1::ITiledPooling::PoolingMode, bool=0>(nvinfer1::TiledPoolingParams)",180,128
"Tesla V100-DGXS-16GB (0)","1","23","void nvinfer1::tiled_pooling::poolCHW_PQT<int=2, int=2, int=2, int=2, int=2, int=16, int=128, int=7, int=1, bool=1, nvinfer1::ITiledPooling::PoolingMode, bool=0>(nvinfer1::TiledPoolingParams)",172,144
"Tesla V100-DGXS-16GB (0)","1","23","void nvinfer1::tiled_pooling::poolCHW_PQT<int=2, int=2, int=2, int=2, int=2, int=16, int=128, int=8, int=1, bool=1, nvinfer1::ITiledPooling::PoolingMode, bool=0>(nvinfer1::TiledPoolingParams)",800,160
"Tesla V100-DGXS-16GB (0)","1","23","void fused::fusedConvolutionReluKernel<fused::SrcChwcPtr_FltTex_Reader<float, int=1, int=1, int=1>, fused::KpqkPtrWriter<float, int=1, int=1>, float, float, int=7, int=4, int=1, int=3, int=3, int=1, int=1>(fused::ConvolutionParams<floatSrcType, int=1, int=1Type>, float)",9523,648
"Tesla V100-DGXS-16GB (0)","1","23","void fused::fusedConvolutionReluKernel<fused::SrcChwcPtr_FltTex_Reader<float, int=1, int=1, int=2>, fused::KpqkPtrWriter<float, int=1, int=2>, float, float, int=4, int=8, int=1, int=3, int=3, int=1, int=1>(fused::ConvolutionParams<floatSrcType, int=2, int=1Type>, float)",302,992
"Tesla V100-DGXS-16GB (0)","1","23","void fused::fusedConvolutionReluKernel<fused::SrcChwcPtr_FltTex_Reader<float, int=1, int=1, int=2>, fused::KpqkPtrWriter<float, int=1, int=2>, float, float, int=5, int=5, int=1, int=3, int=3, int=1, int=1>(fused::ConvolutionParams<floatSrcType, int=2, int=1Type>, float)",34,832
"Tesla V100-DGXS-16GB (0)","1","23","void fused::fusedConvolutionReluKernel<fused::SrcChwcPtr_FltTex_Reader<float, int=1, int=1, int=4>, fused::KpqkPtrWriter<float, int=1, int=4>, float, float, int=4, int=5, int=1, int=3, int=3, int=1, int=1>(fused::ConvolutionParams<floatSrcType, int=4, int=1Type>, float)",482,968
"Tesla V100-DGXS-16GB (0)","1","23","void fused::fusedConvolutionReluKernel<fused::SrcChwcPtr_FltTex_Reader<float, int=1, int=1, int=2>, fused::KpqkPtrWriter<float, int=1, int=2>, float, float, int=7, int=5, int=1, int=3, int=3, int=1, int=1>(fused::ConvolutionParams<floatSrcType, int=2, int=1Type>, float)",34,1128
"Tesla V100-DGXS-16GB (0)","1","23","void fused::fusedConvolutionReluKernel<fused::SrcChwcPtr_FltTex_Reader<float, int=1, int=1, int=2>, fused::KpqkPtrWriter<float, int=1, int=2>, float, float, int=4, int=7, int=1, int=3, int=3, int=1, int=1>(fused::ConvolutionParams<floatSrcType, int=2, int=1Type>, float)",38,944
"Tesla V100-DGXS-16GB (0)","1","23","void fused::fusedConvolutionReluKernel<fused::SrcChwcPtr_FltTex_Reader<float, int=1, int=1, int=2>, fused::KpqkPtrWriter<float, int=1, int=2>, float, float, int=7, int=3, int=1, int=3, int=3, int=1, int=1>(fused::ConvolutionParams<floatSrcType, int=2, int=1Type>, float)",702,720
"Tesla V100-DGXS-16GB (0)","1","23","void fused::fusedConvolutionReluKernel<fused::SrcChwcPtr_FltTex_Reader<float, int=1, int=1, int=1>, fused::KpqkPtrWriter<float, int=1, int=1>, float, float, int=7, int=5, int=1, int=3, int=3, int=1, int=1>(fused::ConvolutionParams<floatSrcType, int=1, int=1Type>, float)",34,824
"Tesla V100-DGXS-16GB (0)","1","23","void fused::fusedConvolutionReluKernel<fused::SrcChwcPtr_FltTex_Reader<float, int=1, int=1, int=2>, fused::KpqkPtrWriter<float, int=1, int=2>, float, float, int=7, int=4, int=1, int=3, int=3, int=1, int=1>(fused::ConvolutionParams<floatSrcType, int=2, int=1Type>, float)",54,888
"Tesla V100-DGXS-16GB (0)","1","23","void fused::fusedConvolutionReluKernel<fused::SrcChwcPtr_FltTex_Reader<float, int=1, int=1, int=2>, fused::KpqkPtrWriter<float, int=1, int=2>, float, float, int=5, int=7, int=1, int=3, int=3, int=1, int=1>(fused::ConvolutionParams<floatSrcType, int=2, int=1Type>, float)",206,1152
"Tesla V100-DGXS-16GB (0)","1","23","void fused::fusedConvolutionReluKernel<fused::SrcChwcPtr_FltTex_Reader<float, int=1, int=1, int=2>, fused::KpqkPtrWriter<float, int=1, int=2>, float, float, int=7, int=5, int=1, int=3, int=3, int=1, int=1>(fused::ConvolutionParams<floatSrcType, int=2, int=1Type>, float)",26,0
"Tesla V100-DGXS-16GB (0)","1","23","void fused::fusedConvolutionReluKernel<fused::SrcChwcPtr_FltTex_Reader<float, int=1, int=1, int=2>, fused::KpqkPtrWriter<float, int=1, int=2>, float, float, int=4, int=8, int=1, int=3, int=3, int=1, int=1>(fused::ConvolutionParams<floatSrcType, int=2, int=1Type>, float)",26,0
"Tesla V100-DGXS-16GB (0)","1","23","cask::computeOffsetsKernel(cask::ComputeOffsetsParams)",0,88
"Tesla V100-DGXS-16GB (0)","1","23","trt_volta_scudnn_128x128_relu_xregs_large_nn_v1",6119,736
"Tesla V100-DGXS-16GB (0)","1","23","cask::computeOffsetsKernel(cask::ComputeOffsetsParams)",144,0
"Tesla V100-DGXS-16GB (0)","1","23","trt_volta_scudnn_128x32_relu_small_nn_v1",11532,624
"Tesla V100-DGXS-16GB (0)","1","23","cask::computeOffsetsKernel(cask::ComputeOffsetsParams)",144,0
"Tesla V100-DGXS-16GB (0)","1","23","trt_volta_scudnn_128x64_relu_medium_nn_v1",9756,776
"Tesla V100-DGXS-16GB (0)","1","23","cask::computeOffsetsKernel(cask::ComputeOffsetsParams)",0,0
"Tesla V100-DGXS-16GB (0)","1","23","trt_volta_scudnn_128x64_relu_xregs_large_nn_v1",85,776
"Tesla V100-DGXS-16GB (0)","1","23","cask::computeOffsetsKernel(cask::ComputeOffsetsParams)",0,0
"Tesla V100-DGXS-16GB (0)","1","23","trt_volta_scudnn_128x128_relu_medium_nn_v1",25,728
"Tesla V100-DGXS-16GB (0)","1","23","cask::computeOffsetsKernel(cask::ComputeOffsetsParams)",0,0
"Tesla V100-DGXS-16GB (0)","1","23","trt_volta_scudnn_128x128_relu_small_nn_v1",13,720
"Tesla V100-DGXS-16GB (0)","1","23","cask::computeOffsetsKernel(cask::ComputeOffsetsParams)",0,0
"Tesla V100-DGXS-16GB (0)","1","23","trt_volta_scudnn_128x64_relu_small_nn_v1",17,752
"Tesla V100-DGXS-16GB (0)","1","23","void cudnn::detail::implicit_convolve_sgemm<float, float, int=128, int=5, int=5, int=3, int=3, int=3, int=1, bool=1, bool=0, bool=1>(int, int, int, float const *, int, float*, cudnn::detail::implicit_convolve_sgemm<float, float, int=128, int=5, int=5, int=3, int=3, int=3, int=1, bool=1, bool=0, bool=1>*, kernel_conv_params, int, float, float, int, float, float, int, int)",31,608
"Tesla V100-DGXS-16GB (0)","1","23","void add_tensor_kernel_v3<int=2, float, float, int=128, int=1, int=1, int=4, int=2>(cudnnTensorStruct, float*, cudnnTensorStruct, float const *, float, float)",0,160
"Tesla V100-DGXS-16GB (0)","1","23","void cudnn::detail::activation_fw_4d_kernel<float, float, int=128, int=1, int=4, cudnn::detail::relu_func<float, cudnnNanPropagation_t=1, bool=0>>(cudnnTensorStruct, float const *, cudnn::detail::activation_fw_4d_kernel<float, float, int=128, int=1, int=4, cudnn::detail::relu_func<float, cudnnNanPropagation_t=1, bool=0>>, cudnnTensorStruct*, float, cudnnTensorStruct*, int, cudnnTensorStruct*)",0,136
"Tesla V100-DGXS-16GB (0)","1","23","cudnn::gemm::computeOffsetsKernel(cudnn::gemm::ComputeOffsetsParams)",20,72
"Tesla V100-DGXS-16GB (0)","1","23","volta_scudnn_128x64_relu_small_nn_v1",37,752
"Tesla V100-DGXS-16GB (0)","1","23","void add_tensor_kernel_v3<int=2, float, float, int=128, int=1, int=1, int=4, int=2>(cudnnTensorStruct, float*, cudnnTensorStruct, float const *, float, float)",0,0
"Tesla V100-DGXS-16GB (0)","1","23","void cudnn::detail::activation_fw_4d_kernel<float, float, int=128, int=1, int=4, cudnn::detail::relu_func<float, cudnnNanPropagation_t=1, bool=0>>(cudnnTensorStruct, float const *, cudnn::detail::activation_fw_4d_kernel<float, float, int=128, int=1, int=4, cudnn::detail::relu_func<float, cudnnNanPropagation_t=1, bool=0>>, cudnnTensorStruct*, float, cudnnTensorStruct*, int, cudnnTensorStruct*)",0,0
"Tesla V100-DGXS-16GB (0)","1","23","void im2col4d_kernel<float, int>(im2col4d_params, cudnnConvolutionStruct, cudnnTensor4dStruct, float const *, float*, int)",18794,112
"Tesla V100-DGXS-16GB (0)","1","23","void cudnn::detail::explicit_convolve_sgemm<float, int, int=128, int=5, int=5, int=3, int=3, int=3, int=0, bool=1>(int, int, int, float const *, int, float const , int, cudnn::detail::explicit_convolve_sgemm<float, int, int=128, int=5, int=5, int=3, int=3, int=3, int=0, bool=1>*, kernel_conv_params, int, int, float, float, int, float const *, float const *)",1329,496
"Tesla V100-DGXS-16GB (0)","1","23","void add_tensor_kernel_v3<int=2, float, float, int=128, int=1, int=1, int=4, int=2>(cudnnTensorStruct, float*, cudnnTensorStruct, float const *, float, float)",0,0
"Tesla V100-DGXS-16GB (0)","1","23","void cudnn::detail::activation_fw_4d_kernel<float, float, int=128, int=1, int=4, cudnn::detail::relu_func<float, cudnnNanPropagation_t=1, bool=0>>(cudnnTensorStruct, float const *, cudnn::detail::activation_fw_4d_kernel<float, float, int=128, int=1, int=4, cudnn::detail::relu_func<float, cudnnNanPropagation_t=1, bool=0>>, cudnnTensorStruct*, float, cudnnTensorStruct*, int, cudnnTensorStruct*)",0,0
"Tesla V100-DGXS-16GB (0)","1","23","void cudnn::winograd::generateWinogradTilesKernel<int=0, float, float>(cudnn::winograd::GenerateWinogradTilesParams<float, float>)",2188,216
"Tesla V100-DGXS-16GB (0)","1","23","void cudnn::winograd::winograd3x3Kernel<float, float, int=1, int=4, int=8, bool=0>(cudnn::maxwell::winograd::KernelParams)",10087,984
"Tesla V100-DGXS-16GB (0)","1","23","void add_tensor_kernel_v3<int=2, float, float, int=128, int=1, int=1, int=4, int=2>(cudnnTensorStruct, float*, cudnnTensorStruct, float const *, float, float)",0,0
"Tesla V100-DGXS-16GB (0)","1","23","void cudnn::detail::activation_fw_4d_kernel<float, float, int=128, int=1, int=4, cudnn::detail::relu_func<float, cudnnNanPropagation_t=1, bool=0>>(cudnnTensorStruct, float const *, cudnn::detail::activation_fw_4d_kernel<float, float, int=128, int=1, int=4, cudnn::detail::relu_func<float, cudnnNanPropagation_t=1, bool=0>>, cudnnTensorStruct*, float, cudnnTensorStruct*, int, cudnnTensorStruct*)",0,0
"Tesla V100-DGXS-16GB (0)","1","23","void fused::fusedConvolutionReluKernel<fused::SrcChwcPtr_FltTex_Reader<float, int=1, int=1, int=1>, fused::KpqkPtrWriter<float, int=1, int=1>, float, float, int=4, int=4, int=1, int=5, int=5, int=2, int=2>(fused::ConvolutionParams<floatSrcType, int=1, int=1Type>, float)",205773,61606
"Tesla V100-DGXS-16GB (0)","1","23","cask::computeOffsetsKernel(cask::ComputeOffsetsParams)",156,92
"Tesla V100-DGXS-16GB (0)","1","23","trt_volta_scudnn_128x128_relu_xregs_large_nn_v1",208781,199001
"Tesla V100-DGXS-16GB (0)","1","23","cask::computeOffsetsKernel(cask::ComputeOffsetsParams)",152,92
"Tesla V100-DGXS-16GB (0)","1","23","trt_volta_scudnn_128x32_relu_small_nn_v1",211678,199037
"Tesla V100-DGXS-16GB (0)","1","23","cask::computeOffsetsKernel(cask::ComputeOffsetsParams)",155,92
"Tesla V100-DGXS-16GB (0)","1","23","trt_volta_scudnn_128x64_relu_medium_nn_v1",211418,199589
"Tesla V100-DGXS-16GB (0)","1","23","cask::computeOffsetsKernel(cask::ComputeOffsetsParams)",144,92
"Tesla V100-DGXS-16GB (0)","1","23","trt_volta_scudnn_128x64_relu_xregs_large_nn_v1",210875,199189
"Tesla V100-DGXS-16GB (0)","1","23","cask::computeOffsetsKernel(cask::ComputeOffsetsParams)",152,92
"Tesla V100-DGXS-16GB (0)","1","23","trt_volta_scudnn_128x128_relu_medium_nn_v1",210567,199141
"Tesla V100-DGXS-16GB (0)","1","23","cask::computeOffsetsKernel(cask::ComputeOffsetsParams)",149,92
"Tesla V100-DGXS-16GB (0)","1","23","trt_volta_scudnn_128x128_relu_small_nn_v1",210092,199134
"Tesla V100-DGXS-16GB (0)","1","23","cask::computeOffsetsKernel(cask::ComputeOffsetsParams)",156,92
"Tesla V100-DGXS-16GB (0)","1","23","trt_volta_scudnn_128x64_relu_small_nn_v1",211936,199166
"Tesla V100-DGXS-16GB (0)","1","23","void cudnn::detail::implicit_convolve_sgemm<float, float, int=128, int=5, int=5, int=3, int=3, int=3, int=1, bool=1, bool=0, bool=1>(int, int, int, float const *, int, float*, cudnn::detail::implicit_convolve_sgemm<float, float, int=128, int=5, int=5, int=3, int=3, int=3, int=1, bool=1, bool=0, bool=1>*, kernel_conv_params, int, float, float, int, float, float, int, int)",31573,13059
"Tesla V100-DGXS-16GB (0)","1","23","void add_tensor_kernel_v3<int=2, float, float, int=128, int=1, int=1, int=4, int=2>(cudnnTensorStruct, float*, cudnnTensorStruct, float const *, float, float)",148,164
"Tesla V100-DGXS-16GB (0)","1","23","void cudnn::detail::activation_fw_4d_kernel<float, float, int=128, int=1, int=4, cudnn::detail::relu_func<float, cudnnNanPropagation_t=1, bool=0>>(cudnnTensorStruct, float const *, cudnn::detail::activation_fw_4d_kernel<float, float, int=128, int=1, int=4, cudnn::detail::relu_func<float, cudnnNanPropagation_t=1, bool=0>>, cudnnTensorStruct*, float, cudnnTensorStruct*, int, cudnnTensorStruct*)",136,160
"Tesla V100-DGXS-16GB (0)","1","23","cudnn::gemm::computeOffsetsKernel(cudnn::gemm::ComputeOffsetsParams)",120,76
"Tesla V100-DGXS-16GB (0)","1","23","volta_scudnn_128x64_relu_small_nn_v1",28901,14062
"Tesla V100-DGXS-16GB (0)","1","23","void add_tensor_kernel_v3<int=2, float, float, int=128, int=1, int=1, int=4, int=2>(cudnnTensorStruct, float*, cudnnTensorStruct, float const *, float, float)",168,162
"Tesla V100-DGXS-16GB (0)","1","23","void cudnn::detail::activation_fw_4d_kernel<float, float, int=128, int=1, int=4, cudnn::detail::relu_func<float, cudnnNanPropagation_t=1, bool=0>>(cudnnTensorStruct, float const *, cudnn::detail::activation_fw_4d_kernel<float, float, int=128, int=1, int=4, cudnn::detail::relu_func<float, cudnnNanPropagation_t=1, bool=0>>, cudnnTensorStruct*, float, cudnnTensorStruct*, int, cudnnTensorStruct*)",136,160
"Tesla V100-DGXS-16GB (0)","1","23","void im2col4d_kernel<float, int>(im2col4d_params, cudnnConvolutionStruct, cudnnTensor4dStruct, float const *, float*, int)",32397,3267
"Tesla V100-DGXS-16GB (0)","1","23","void cudnn::detail::explicit_convolve_sgemm<float, int, int=128, int=5, int=5, int=3, int=3, int=3, int=0, bool=1>(int, int, int, float const *, int, float const , int, cudnn::detail::explicit_convolve_sgemm<float, int, int=128, int=5, int=5, int=3, int=3, int=3, int=0, bool=1>*, kernel_conv_params, int, int, float, float, int, float const *, float const *)",28862,55305
"Tesla V100-DGXS-16GB (0)","1","23","void add_tensor_kernel_v3<int=2, float, float, int=128, int=1, int=1, int=4, int=2>(cudnnTensorStruct, float*, cudnnTensorStruct, float const *, float, float)",148,170
"Tesla V100-DGXS-16GB (0)","1","23","void cudnn::detail::activation_fw_4d_kernel<float, float, int=128, int=1, int=4, cudnn::detail::relu_func<float, cudnnNanPropagation_t=1, bool=0>>(cudnnTensorStruct, float const *, cudnn::detail::activation_fw_4d_kernel<float, float, int=128, int=1, int=4, cudnn::detail::relu_func<float, cudnnNanPropagation_t=1, bool=0>>, cudnnTensorStruct*, float, cudnnTensorStruct*, int, cudnnTensorStruct*)",68,160
"Tesla V100-DGXS-16GB (0)","1","23","cask::computeOffsetsKernel(cask::ComputeOffsetsParams)",140,92
"Tesla V100-DGXS-16GB (0)","1","23","trt_volta_scudnn_128x128_relu_xregs_large_nn_v1",198736,135211
"Tesla V100-DGXS-16GB (0)","1","23","cask::computeOffsetsKernel(cask::ComputeOffsetsParams)",152,92
"Tesla V100-DGXS-16GB (0)","1","23","trt_volta_scudnn_128x64_relu_medium_nn_v1",208620,149039
"Tesla V100-DGXS-16GB (0)","1","23","cask::computeOffsetsKernel(cask::ComputeOffsetsParams)",144,92
"Tesla V100-DGXS-16GB (0)","1","23","trt_volta_scudnn_128x64_relu_xregs_large_nn_v1",208138,149041
"Tesla V100-DGXS-16GB (0)","1","23","cask::computeOffsetsKernel(cask::ComputeOffsetsParams)",152,92
"Tesla V100-DGXS-16GB (0)","1","23","trt_volta_scudnn_128x128_relu_medium_nn_v1",208084,149039
"Tesla V100-DGXS-16GB (0)","1","23","void cudnn::detail::implicit_convolve_sgemm<float, float, int=128, int=5, int=5, int=3, int=3, int=3, int=1, bool=1, bool=0, bool=1>(int, int, int, float const *, int, float*, cudnn::detail::implicit_convolve_sgemm<float, float, int=128, int=5, int=5, int=3, int=3, int=3, int=1, bool=1, bool=0, bool=1>*, kernel_conv_params, int, float, float, int, float, float, int, int)",46493,10605
"Tesla V100-DGXS-16GB (0)","1","23","void add_tensor_kernel_v3<int=2, float, float, int=128, int=1, int=1, int=4, int=2>(cudnnTensorStruct, float*, cudnnTensorStruct, float const *, float, float)",0,148
"Tesla V100-DGXS-16GB (0)","1","23","void cudnn::detail::activation_fw_4d_kernel<float, float, int=128, int=1, int=4, cudnn::detail::relu_func<float, cudnnNanPropagation_t=1, bool=0>>(cudnnTensorStruct, float const *, cudnn::detail::activation_fw_4d_kernel<float, float, int=128, int=1, int=4, cudnn::detail::relu_func<float, cudnnNanPropagation_t=1, bool=0>>, cudnnTensorStruct*, float, cudnnTensorStruct*, int, cudnnTensorStruct*)",4,136
"Tesla V100-DGXS-16GB (0)","1","23","cudnn::gemm::computeOffsetsKernel(cudnn::gemm::ComputeOffsetsParams)",120,76
"Tesla V100-DGXS-16GB (0)","1","23","volta_scudnn_128x64_relu_medium_nn_v1",13311,3847
"Tesla V100-DGXS-16GB (0)","1","23","void add_tensor_kernel_v3<int=2, float, float, int=128, int=1, int=1, int=4, int=2>(cudnnTensorStruct, float*, cudnnTensorStruct, float const *, float, float)",60,148
"Tesla V100-DGXS-16GB (0)","1","23","void cudnn::detail::activation_fw_4d_kernel<float, float, int=128, int=1, int=4, cudnn::detail::relu_func<float, cudnnNanPropagation_t=1, bool=0>>(cudnnTensorStruct, float const *, cudnn::detail::activation_fw_4d_kernel<float, float, int=128, int=1, int=4, cudnn::detail::relu_func<float, cudnnNanPropagation_t=1, bool=0>>, cudnnTensorStruct*, float, cudnnTensorStruct*, int, cudnnTensorStruct*)",16,136
"Tesla V100-DGXS-16GB (0)","1","23","void fused::fusedConvolutionReluKernel<fused::SrcChwcPtr_FltTex_Reader<float, int=1, int=1, int=1>, fused::KpqkPtrWriter<float, int=1, int=1>, float, float, int=7, int=4, int=1, int=3, int=3, int=2, int=2>(fused::ConvolutionParams<floatSrcType, int=1, int=1Type>, float)",8562,733
"Tesla V100-DGXS-16GB (0)","1","23","cask::computeOffsetsKernel(cask::ComputeOffsetsParams)",216,88
"Tesla V100-DGXS-16GB (0)","1","23","trt_volta_scudnn_128x128_relu_xregs_large_nn_v1",76,736
"Tesla V100-DGXS-16GB (0)","1","23","cask::computeOffsetsKernel(cask::ComputeOffsetsParams)",16,0
"Tesla V100-DGXS-16GB (0)","1","23","trt_volta_scudnn_128x32_relu_small_nn_v1",20,624
"Tesla V100-DGXS-16GB (0)","1","23","cask::computeOffsetsKernel(cask::ComputeOffsetsParams)",8,0
"Tesla V100-DGXS-16GB (0)","1","23","trt_volta_scudnn_128x64_relu_medium_nn_v1",12,776
"Tesla V100-DGXS-16GB (0)","1","23","cask::computeOffsetsKernel(cask::ComputeOffsetsParams)",0,0
"Tesla V100-DGXS-16GB (0)","1","23","trt_volta_scudnn_128x64_relu_xregs_large_nn_v1",8,776
"Tesla V100-DGXS-16GB (0)","1","23","cask::computeOffsetsKernel(cask::ComputeOffsetsParams)",0,0
"Tesla V100-DGXS-16GB (0)","1","23","trt_volta_scudnn_128x128_relu_medium_nn_v1",4,728
"Tesla V100-DGXS-16GB (0)","1","23","cask::computeOffsetsKernel(cask::ComputeOffsetsParams)",0,0
"Tesla V100-DGXS-16GB (0)","1","23","trt_volta_scudnn_128x128_relu_small_nn_v1",0,720
"Tesla V100-DGXS-16GB (0)","1","23","cask::computeOffsetsKernel(cask::ComputeOffsetsParams)",0,0
"Tesla V100-DGXS-16GB (0)","1","23","trt_volta_scudnn_128x64_relu_small_nn_v1",4,752
"Tesla V100-DGXS-16GB (0)","1","23","void cudnn::detail::implicit_convolve_sgemm<float, float, int=128, int=5, int=5, int=3, int=3, int=3, int=1, bool=1, bool=0, bool=1>(int, int, int, float const *, int, float*, cudnn::detail::implicit_convolve_sgemm<float, float, int=128, int=5, int=5, int=3, int=3, int=3, int=1, bool=1, bool=0, bool=1>*, kernel_conv_params, int, float, float, int, float, float, int, int)",12,600
"Tesla V100-DGXS-16GB (0)","1","23","void add_tensor_kernel_v3<int=2, float, float, int=128, int=1, int=1, int=4, int=2>(cudnnTensorStruct, float*, cudnnTensorStruct, float const *, float, float)",0,136
"Tesla V100-DGXS-16GB (0)","1","23","void cudnn::detail::activation_fw_4d_kernel<float, float, int=128, int=1, int=4, cudnn::detail::relu_func<float, cudnnNanPropagation_t=1, bool=0>>(cudnnTensorStruct, float const *, cudnn::detail::activation_fw_4d_kernel<float, float, int=128, int=1, int=4, cudnn::detail::relu_func<float, cudnnNanPropagation_t=1, bool=0>>, cudnnTensorStruct*, float, cudnnTensorStruct*, int, cudnnTensorStruct*)",0,136
"Tesla V100-DGXS-16GB (0)","1","23","cudnn::gemm::computeOffsetsKernel(cudnn::gemm::ComputeOffsetsParams)",4,72
"Tesla V100-DGXS-16GB (0)","1","23","volta_scudnn_128x64_relu_small_nn_v1",104,752
"Tesla V100-DGXS-16GB (0)","1","23","void add_tensor_kernel_v3<int=2, float, float, int=128, int=1, int=1, int=4, int=2>(cudnnTensorStruct, float*, cudnnTensorStruct, float const *, float, float)",0,8
"Tesla V100-DGXS-16GB (0)","1","23","void cudnn::detail::activation_fw_4d_kernel<float, float, int=128, int=1, int=4, cudnn::detail::relu_func<float, cudnnNanPropagation_t=1, bool=0>>(cudnnTensorStruct, float const *, cudnn::detail::activation_fw_4d_kernel<float, float, int=128, int=1, int=4, cudnn::detail::relu_func<float, cudnnNanPropagation_t=1, bool=0>>, cudnnTensorStruct*, float, cudnnTensorStruct*, int, cudnnTensorStruct*)",0,0
"Tesla V100-DGXS-16GB (0)","1","23","void im2col4d_kernel<float, int>(im2col4d_params, cudnnConvolutionStruct, cudnnTensor4dStruct, float const *, float*, int)",967,112
"Tesla V100-DGXS-16GB (0)","1","23","void cudnn::detail::explicit_convolve_sgemm<float, int, int=1024, int=5, int=5, int=3, int=3, int=3, int=0, bool=1>(int, int, int, float const *, int, float const , int, cudnn::detail::explicit_convolve_sgemm<float, int, int=1024, int=5, int=5, int=3, int=3, int=3, int=0, bool=1>*, kernel_conv_params, int, int, float, float, int, float const *, float const *)",0,496
"Tesla V100-DGXS-16GB (0)","1","23","void add_tensor_kernel_v3<int=2, float, float, int=128, int=1, int=1, int=4, int=2>(cudnnTensorStruct, float*, cudnnTensorStruct, float const *, float, float)",0,0
"Tesla V100-DGXS-16GB (0)","1","23","void cudnn::detail::activation_fw_4d_kernel<float, float, int=128, int=1, int=4, cudnn::detail::relu_func<float, cudnnNanPropagation_t=1, bool=0>>(cudnnTensorStruct, float const *, cudnn::detail::activation_fw_4d_kernel<float, float, int=128, int=1, int=4, cudnn::detail::relu_func<float, cudnnNanPropagation_t=1, bool=0>>, cudnnTensorStruct*, float, cudnnTensorStruct*, int, cudnnTensorStruct*)",0,0
"Tesla V100-DGXS-16GB (0)","1","23","void gemv2T_kernel_val<float, float, float, int=128, int=16, int=2, int=4, bool=0>(int, int, float, float const *, int, float const *, int, float, float*, int)",25239,211
"Tesla V100-DGXS-16GB (0)","1","23","void add_tensor_kernel_v3<int=2, float, float, int=16, int=16, int=1, int=16, int=4>(cudnnTensorStruct, float*, cudnnTensorStruct, float const *, float, float)",8,135
"Tesla V100-DGXS-16GB (0)","1","23","void gemv2N_kernel_val<float, float, float, int=128, int=8, int=4, int=4, int=1>(float, float, cublasGemv2Params_v2<float, float, float>)",11354,216
"Tesla V100-DGXS-16GB (0)","1","23","void add_tensor_kernel_v3<int=2, float, float, int=16, int=16, int=1, int=16, int=4>(cudnnTensorStruct, float*, cudnnTensorStruct, float const *, float, float)",8,0
"Tesla V100-DGXS-16GB (0)","1","7","cask::computeOffsetsKernel(cask::ComputeOffsetsParams)",23790,96
"Tesla V100-DGXS-16GB (0)","1","7","cask::computeOffsetsKernel(cask::ComputeOffsetsParams)",4157,16
"Tesla V100-DGXS-16GB (0)","1","7","cask::computeOffsetsKernel(cask::ComputeOffsetsParams)",3524,1
"Tesla V100-DGXS-16GB (0)","1","7","cask::computeOffsetsKernel(cask::ComputeOffsetsParams)",912,1
"Tesla V100-DGXS-16GB (0)","1","7","cask::computeOffsetsKernel(cask::ComputeOffsetsParams)",924,4
"Tesla V100-DGXS-16GB (0)","1","7","cask::computeOffsetsKernel(cask::ComputeOffsetsParams)",964,4
"Tesla V100-DGXS-16GB (0)","1","7","cask::computeOffsetsKernel(cask::ComputeOffsetsParams)",300,1
"Tesla V100-DGXS-16GB (0)","1","7","cask::computeOffsetsKernel(cask::ComputeOffsetsParams)",152,0
"Tesla V100-DGXS-16GB (0)","1","7","cask::computeOffsetsKernel(cask::ComputeOffsetsParams)",64,4
"Tesla V100-DGXS-16GB (0)","1","7","cask::computeOffsetsKernel(cask::ComputeOffsetsParams)",60,1
"Tesla V100-DGXS-16GB (0)","1","7","cask::computeOffsetsKernel(cask::ComputeOffsetsParams)",60,0
"Tesla V100-DGXS-16GB (0)","1","43","void cudnn::detail::activation_fw_4d_kernel<float, float, int=128, int=1, int=4, cudnn::detail::sigmoid_func<float>>(cudnnTensorStruct, float const *, cudnn::detail::activation_fw_4d_kernel<float, float, int=128, int=1, int=4, cudnn::detail::sigmoid_func<float>>, cudnnTensorStruct*, float, cudnnTensorStruct*, int, cudnnTensorStruct*)",45479,201
"Tesla V100-DGXS-16GB (0)","1","43","trt_volta_scudnn_128x64_relu_medium_nn_v1",1630398,97630
"Tesla V100-DGXS-16GB (0)","1","43","void nvinfer1::tiled_pooling::poolCHW_PQT<int=2, int=2, int=2, int=2, int=2, int=16, int=128, int=4, int=1, bool=1, nvinfer1::ITiledPooling::PoolingMode, bool=0>(nvinfer1::TiledPoolingParams)",449372,1600979
"Tesla V100-DGXS-16GB (0)","1","43","trt_volta_scudnn_128x64_relu_medium_nn_v1",161308,557313
"Tesla V100-DGXS-16GB (0)","1","43","trt_volta_scudnn_128x64_relu_small_nn_v1",809764,835612
"Tesla V100-DGXS-16GB (0)","1","43","void fused::fusedConvolutionReluKernel<fused::SrcChwcPtr_FltTex_Reader<float, int=1, int=1, int=1>, fused::KpqkPtrWriter<float, int=1, int=1>, float, float, int=4, int=4, int=1, int=5, int=5, int=1, int=1>(fused::ConvolutionParams<floatSrcType, int=1, int=1Type>, float)",181684,1003188
"Tesla V100-DGXS-16GB (0)","1","43","trt_volta_scudnn_128x64_relu_xregs_large_nn_v1",156011,241555
"Tesla V100-DGXS-16GB (0)","1","43","trt_volta_scudnn_128x128_relu_medium_nn_v1",102849,849893
"Tesla V100-DGXS-16GB (0)","1","43","trt_volta_scudnn_128x64_relu_xregs_large_nn_v1",199960,1188985
"Tesla V100-DGXS-16GB (0)","1","43","void nvinfer1::tiled_pooling::poolCHW_PQT<int=2, int=2, int=2, int=2, int=2, int=16, int=128, int=1, int=1, bool=1, nvinfer1::ITiledPooling::PoolingMode, bool=0>(nvinfer1::TiledPoolingParams)",123684,194790
"Tesla V100-DGXS-16GB (0)","1","43","trt_volta_scudnn_128x64_relu_medium_nn_v1",35941,339008
"Tesla V100-DGXS-16GB (0)","1","43","void nvinfer1::tiled_pooling::poolCHW_PQT<int=2, int=2, int=2, int=2, int=2, int=16, int=128, int=2, int=1, bool=1, nvinfer1::ITiledPooling::PoolingMode, bool=0>(nvinfer1::TiledPoolingParams)",15,84
"Tesla V100-DGXS-16GB (0)","1","43","trt_volta_scudnn_128x64_relu_small_nn_v1",26,14776
"Tesla V100-DGXS-16GB (0)","1","43","trt_volta_scudnn_128x64_relu_small_nn_v1",9609,195621
"Tesla V100-DGXS-16GB (0)","1","43","trt_volta_scudnn_128x64_relu_xregs_large_nn_v1",2116,145987
"Tesla V100-DGXS-16GB (0)","1","43","trt_volta_scudnn_128x64_relu_small_nn_v1",64,5382
"Tesla V100-DGXS-16GB (0)","1","43","void gemv2T_kernel_val<float, float, float, int=128, int=16, int=2, int=4, bool=0>(int, int, float, float const *, int, float const *, int, float, float*, int)",2415,128201
"Tesla V100-DGXS-16GB (0)","1","43","void add_tensor_kernel_v3<int=2, float, float, int=16, int=16, int=1, int=16, int=4>(cudnnTensorStruct, float*, cudnnTensorStruct, float const *, float, float)",0,262
